
build/release/user/cat.elf:     file format elf32-littleriscv
build/release/user/cat.elf
architecture: riscv:rv32, flags 0x00000112:
EXEC_P, HAS_SYMS, D_PAGED
start address 0x80400000

Program Header:
0x70000003 off    0x00003288 vaddr 0x00000000 paddr 0x00000000 align 2**0
         filesz 0x0000004b memsz 0x00000000 flags r--
    LOAD off    0x00001000 vaddr 0x80400000 paddr 0x80400000 align 2**12
         filesz 0x000010d4 memsz 0x000010d4 flags r-x
    LOAD off    0x00003000 vaddr 0x80408000 paddr 0x80408000 align 2**12
         filesz 0x00000288 memsz 0x000007c4 flags rw-

Sections:
Idx Name              Size      VMA       LMA       File off  Algn  Flags
  0 .text             000010d4  80400000  80400000  00001000  2**3  CONTENTS, ALLOC, LOAD, READONLY, CODE
  1 .rodata           00000160  80408000  80408000  00003000  2**3  CONTENTS, ALLOC, LOAD, READONLY, DATA
  2 .data             00000128  80408160  80408160  00003160  2**3  CONTENTS, ALLOC, LOAD, DATA
  3 .bss              0000053c  80408288  80408288  00003288  2**3  ALLOC
  4 .riscv.attributes 0000004b  00000000  00000000  00003288  2**0  CONTENTS, READONLY
  5 .comment          00000032  00000000  00000000  000032d3  2**0  CONTENTS, READONLY
SYMBOL TABLE:
80400000 l    d  .text	00000000 .text
80408000 l    d  .rodata	00000000 .rodata
80408160 l    d  .data	00000000 .data
80408288 l    d  .bss	00000000 .bss
00000000 l    d  .riscv.attributes	00000000 .riscv.attributes
00000000 l    d  .comment	00000000 .comment
00000000 l    df *ABS*	00000000 ccncEAHJ.o
00000000 l    df *ABS*	00000000 cat.c
00000000 l    df *ABS*	00000000 print.c
00000000 l    df *ABS*	00000000 servers.c
80408288 l     O .bss	00000004 sender
8040828c l     O .bss	00000400 buf
00000000 l    df *ABS*	00000000 syscall.c
80408280 l     O .data	00000004 sc
00000000 l    df *ABS*	00000000 libc_a-atoi.o
00000000 l    df *ABS*	00000000 libc_a-itoa.o
00000000 l    df *ABS*	00000000 libc_a-strtol.o
804007b0 l     F .text	00000284 _strtol_l.isra.0
00000000 l    df *ABS*	00000000 libc_a-utoa.o
00000000 l    df *ABS*	00000000 libc_a-strcat.o
00000000 l    df *ABS*	00000000 libc_a-strncat.o
00000000 l    df *ABS*	00000000 libc_a-strncmp.o
00000000 l    df *ABS*	00000000 libc_a-errno.o
00000000 l    df *ABS*	00000000 libc_a-memcpy.o
00000000 l    df *ABS*	00000000 libc_a-strlen.o
00000000 l    df *ABS*	00000000 libc_a-strcpy.o
00000000 l    df *ABS*	00000000 muldi3.o
00000000 l    df *ABS*	00000000 div.o
804006a4 g     F .text	00000090 sys_recv
80400f58 g     F .text	000000a4 strcpy
80400258 g     F .text	00000098 my_printf
80400d98 g     F .text	0000000c __errno
80400000 g       .text	00000000 app_entry
80400da4 g     F .text	00000128 memcpy
80401028 g     F .text	00000048 .hidden __hidden___udivsi3
80401028 g     F .text	00000048 .hidden __udivsi3
80400740 g     F .text	00000070 itoa
80400a34 g     F .text	00000020 strtol
8040868c g     O .bss	00000138 __sf
80400634 g     F .text	00000070 sys_send
80400ba8 g     F .text	000000a0 strcat
80401070 g     F .text	00000010 .hidden __umodsi3
80400518 g     F .text	000000b4 file_read
8040010c g     F .text	0000014c format_to_str
80400cf4 g     F .text	000000a4 strncmp
80400ffc g     F .text	00000024 .hidden __mulsi3
80400c48 g     F .text	000000ac strncat
80400a54 g     F .text	00000154 __utoa
80400010 g     F .text	000000fc main
80401020 g     F .text	00000084 .hidden __divsi3
80600000 g       *ABS*	00000000 __heap_end
80408284 g     O .data	00000004 _impure_ptr
804087c8 g       .riscv.attributes	00000000 __heap_start
804005cc g     F .text	00000068 term_write
804003d4 g     F .text	00000034 exit
804010a4 g     F .text	00000030 .hidden __modsi3
80408160 g     O .data	00000120 _impure_data
80400734 g     F .text	0000000c atoi
8040805c g     O .rodata	00000101 _ctype_
80400408 g     F .text	00000110 dir_lookup
80400ecc g     F .text	0000008c strlen
804002f0 g     F .text	000000e4 INFO



Disassembly of section .text:

80400000 <app_entry>:
app_entry():
80400000:	00052503          	lw	a0,0(a0)
80400004:	80800137          	lui	sp,0x80800
80400008:	008000ef          	jal	80400010 <main>
8040000c:	3c8000ef          	jal	804003d4 <exit>

80400010 <main>:
main():
80400010:	dd010113          	addi	sp,sp,-560 # 807ffdd0 <__heap_end+0x1ffdd0>
80400014:	22112623          	sw	ra,556(sp)
80400018:	22812423          	sw	s0,552(sp)
8040001c:	23010413          	addi	s0,sp,560
80400020:	dca42e23          	sw	a0,-548(s0)
80400024:	dcb42c23          	sw	a1,-552(s0)
80400028:	ddc42703          	lw	a4,-548(s0)
8040002c:	00100793          	li	a5,1
80400030:	00f71c63          	bne	a4,a5,80400048 <main+0x38>
80400034:	804087b7          	lui	a5,0x80408
80400038:	00078513          	mv	a0,a5
8040003c:	2b4000ef          	jal	804002f0 <INFO>
80400040:	fff00793          	li	a5,-1
80400044:	0b40006f          	j	804000f8 <main+0xe8>
80400048:	806027b7          	lui	a5,0x80602
8040004c:	0007a703          	lw	a4,0(a5) # 80602000 <__heap_end+0x2000>
80400050:	dd842783          	lw	a5,-552(s0)
80400054:	00478793          	addi	a5,a5,4
80400058:	0007a783          	lw	a5,0(a5)
8040005c:	00078593          	mv	a1,a5
80400060:	00070513          	mv	a0,a4
80400064:	3a4000ef          	jal	80400408 <dir_lookup>
80400068:	fea42623          	sw	a0,-20(s0)
8040006c:	fec42783          	lw	a5,-20(s0)
80400070:	0207d463          	bgez	a5,80400098 <main+0x88>
80400074:	dd842783          	lw	a5,-552(s0)
80400078:	00478793          	addi	a5,a5,4
8040007c:	0007a783          	lw	a5,0(a5)
80400080:	00078593          	mv	a1,a5
80400084:	804087b7          	lui	a5,0x80408
80400088:	01478513          	addi	a0,a5,20 # 80408014 <__modsi3+0x6f70>
8040008c:	264000ef          	jal	804002f0 <INFO>
80400090:	fff00793          	li	a5,-1
80400094:	0640006f          	j	804000f8 <main+0xe8>
80400098:	dec40793          	addi	a5,s0,-532
8040009c:	00078613          	mv	a2,a5
804000a0:	00000593          	li	a1,0
804000a4:	fec42503          	lw	a0,-20(s0)
804000a8:	470000ef          	jal	80400518 <file_read>
804000ac:	dec40793          	addi	a5,s0,-532
804000b0:	00078593          	mv	a1,a5
804000b4:	804087b7          	lui	a5,0x80408
804000b8:	02c78513          	addi	a0,a5,44 # 8040802c <__modsi3+0x6f88>
804000bc:	19c000ef          	jal	80400258 <my_printf>
804000c0:	dec40793          	addi	a5,s0,-532
804000c4:	00078513          	mv	a0,a5
804000c8:	605000ef          	jal	80400ecc <strlen>
804000cc:	00050793          	mv	a5,a0
804000d0:	fff78793          	addi	a5,a5,-1
804000d4:	ff078793          	addi	a5,a5,-16
804000d8:	008787b3          	add	a5,a5,s0
804000dc:	dfc7c703          	lbu	a4,-516(a5)
804000e0:	00a00793          	li	a5,10
804000e4:	00f70863          	beq	a4,a5,804000f4 <main+0xe4>
804000e8:	804087b7          	lui	a5,0x80408
804000ec:	03078513          	addi	a0,a5,48 # 80408030 <__modsi3+0x6f8c>
804000f0:	168000ef          	jal	80400258 <my_printf>
804000f4:	00000793          	li	a5,0
804000f8:	00078513          	mv	a0,a5
804000fc:	22c12083          	lw	ra,556(sp)
80400100:	22812403          	lw	s0,552(sp)
80400104:	23010113          	addi	sp,sp,560
80400108:	00008067          	ret

8040010c <format_to_str>:
format_to_str():
8040010c:	fe010113          	addi	sp,sp,-32
80400110:	00112e23          	sw	ra,28(sp)
80400114:	00812c23          	sw	s0,24(sp)
80400118:	00912a23          	sw	s1,20(sp)
8040011c:	02010413          	addi	s0,sp,32
80400120:	fea42623          	sw	a0,-20(s0)
80400124:	feb42423          	sw	a1,-24(s0)
80400128:	fec42223          	sw	a2,-28(s0)
8040012c:	fec42783          	lw	a5,-20(s0)
80400130:	00078023          	sb	zero,0(a5)
80400134:	0fc0006f          	j	80400230 <format_to_str+0x124>
80400138:	fe842783          	lw	a5,-24(s0)
8040013c:	0007c703          	lbu	a4,0(a5)
80400140:	02500793          	li	a5,37
80400144:	00f70c63          	beq	a4,a5,8040015c <format_to_str+0x50>
80400148:	00100613          	li	a2,1
8040014c:	fe842583          	lw	a1,-24(s0)
80400150:	fec42503          	lw	a0,-20(s0)
80400154:	2f5000ef          	jal	80400c48 <strncat>
80400158:	0cc0006f          	j	80400224 <format_to_str+0x118>
8040015c:	fe842783          	lw	a5,-24(s0)
80400160:	00178793          	addi	a5,a5,1
80400164:	fef42423          	sw	a5,-24(s0)
80400168:	fe842783          	lw	a5,-24(s0)
8040016c:	0007c703          	lbu	a4,0(a5)
80400170:	07300793          	li	a5,115
80400174:	02f71263          	bne	a4,a5,80400198 <format_to_str+0x8c>
80400178:	fe442783          	lw	a5,-28(s0)
8040017c:	00478713          	addi	a4,a5,4
80400180:	fee42223          	sw	a4,-28(s0)
80400184:	0007a783          	lw	a5,0(a5)
80400188:	00078593          	mv	a1,a5
8040018c:	fec42503          	lw	a0,-20(s0)
80400190:	219000ef          	jal	80400ba8 <strcat>
80400194:	0900006f          	j	80400224 <format_to_str+0x118>
80400198:	fe842783          	lw	a5,-24(s0)
8040019c:	0007c703          	lbu	a4,0(a5)
804001a0:	06400793          	li	a5,100
804001a4:	02f71e63          	bne	a4,a5,804001e0 <format_to_str+0xd4>
804001a8:	fe442783          	lw	a5,-28(s0)
804001ac:	00478713          	addi	a4,a5,4
804001b0:	fee42223          	sw	a4,-28(s0)
804001b4:	0007a483          	lw	s1,0(a5)
804001b8:	fec42503          	lw	a0,-20(s0)
804001bc:	511000ef          	jal	80400ecc <strlen>
804001c0:	00050713          	mv	a4,a0
804001c4:	fec42783          	lw	a5,-20(s0)
804001c8:	00e787b3          	add	a5,a5,a4
804001cc:	00a00613          	li	a2,10
804001d0:	00078593          	mv	a1,a5
804001d4:	00048513          	mv	a0,s1
804001d8:	568000ef          	jal	80400740 <itoa>
804001dc:	0480006f          	j	80400224 <format_to_str+0x118>
804001e0:	fe842783          	lw	a5,-24(s0)
804001e4:	0007c703          	lbu	a4,0(a5)
804001e8:	07800793          	li	a5,120
804001ec:	02f71c63          	bne	a4,a5,80400224 <format_to_str+0x118>
804001f0:	fe442783          	lw	a5,-28(s0)
804001f4:	00478713          	addi	a4,a5,4
804001f8:	fee42223          	sw	a4,-28(s0)
804001fc:	0007a483          	lw	s1,0(a5)
80400200:	fec42503          	lw	a0,-20(s0)
80400204:	4c9000ef          	jal	80400ecc <strlen>
80400208:	00050713          	mv	a4,a0
8040020c:	fec42783          	lw	a5,-20(s0)
80400210:	00e787b3          	add	a5,a5,a4
80400214:	01000613          	li	a2,16
80400218:	00078593          	mv	a1,a5
8040021c:	00048513          	mv	a0,s1
80400220:	520000ef          	jal	80400740 <itoa>
80400224:	fe842783          	lw	a5,-24(s0)
80400228:	00178793          	addi	a5,a5,1
8040022c:	fef42423          	sw	a5,-24(s0)
80400230:	fe842783          	lw	a5,-24(s0)
80400234:	0007c783          	lbu	a5,0(a5)
80400238:	f00790e3          	bnez	a5,80400138 <format_to_str+0x2c>
8040023c:	00000013          	nop
80400240:	00000013          	nop
80400244:	01c12083          	lw	ra,28(sp)
80400248:	01812403          	lw	s0,24(sp)
8040024c:	01412483          	lw	s1,20(sp)
80400250:	02010113          	addi	sp,sp,32
80400254:	00008067          	ret

80400258 <my_printf>:
my_printf():
80400258:	db010113          	addi	sp,sp,-592
8040025c:	22112623          	sw	ra,556(sp)
80400260:	22812423          	sw	s0,552(sp)
80400264:	23010413          	addi	s0,sp,560
80400268:	dca42e23          	sw	a0,-548(s0)
8040026c:	00b42223          	sw	a1,4(s0)
80400270:	00c42423          	sw	a2,8(s0)
80400274:	00d42623          	sw	a3,12(s0)
80400278:	00e42823          	sw	a4,16(s0)
8040027c:	00f42a23          	sw	a5,20(s0)
80400280:	01042c23          	sw	a6,24(s0)
80400284:	01142e23          	sw	a7,28(s0)
80400288:	de040823          	sb	zero,-528(s0)
8040028c:	02040793          	addi	a5,s0,32
80400290:	dcf42c23          	sw	a5,-552(s0)
80400294:	dd842783          	lw	a5,-552(s0)
80400298:	fe478793          	addi	a5,a5,-28
8040029c:	def42623          	sw	a5,-532(s0)
804002a0:	dec42703          	lw	a4,-532(s0)
804002a4:	df040793          	addi	a5,s0,-528
804002a8:	00070613          	mv	a2,a4
804002ac:	ddc42583          	lw	a1,-548(s0)
804002b0:	00078513          	mv	a0,a5
804002b4:	e59ff0ef          	jal	8040010c <format_to_str>
804002b8:	df040793          	addi	a5,s0,-528
804002bc:	00078513          	mv	a0,a5
804002c0:	40d000ef          	jal	80400ecc <strlen>
804002c4:	00050713          	mv	a4,a0
804002c8:	df040793          	addi	a5,s0,-528
804002cc:	00070593          	mv	a1,a4
804002d0:	00078513          	mv	a0,a5
804002d4:	2f8000ef          	jal	804005cc <term_write>
804002d8:	00000013          	nop
804002dc:	00078513          	mv	a0,a5
804002e0:	22c12083          	lw	ra,556(sp)
804002e4:	22812403          	lw	s0,552(sp)
804002e8:	25010113          	addi	sp,sp,592
804002ec:	00008067          	ret

804002f0 <INFO>:
INFO():
804002f0:	db010113          	addi	sp,sp,-592
804002f4:	22112623          	sw	ra,556(sp)
804002f8:	22812423          	sw	s0,552(sp)
804002fc:	23010413          	addi	s0,sp,560
80400300:	dca42e23          	sw	a0,-548(s0)
80400304:	00b42223          	sw	a1,4(s0)
80400308:	00c42423          	sw	a2,8(s0)
8040030c:	00d42623          	sw	a3,12(s0)
80400310:	00e42823          	sw	a4,16(s0)
80400314:	00f42a23          	sw	a5,20(s0)
80400318:	01042c23          	sw	a6,24(s0)
8040031c:	01142e23          	sw	a7,28(s0)
80400320:	df040793          	addi	a5,s0,-528
80400324:	464e5737          	lui	a4,0x464e5
80400328:	95b70713          	addi	a4,a4,-1701 # 464e495b <app_entry-0x39f1b6a5>
8040032c:	00e7a023          	sw	a4,0(a5)
80400330:	00206737          	lui	a4,0x206
80400334:	d4f70713          	addi	a4,a4,-689 # 205d4f <app_entry-0x801fa2b1>
80400338:	00e7a223          	sw	a4,4(a5)
8040033c:	02040793          	addi	a5,s0,32
80400340:	dcf42c23          	sw	a5,-552(s0)
80400344:	dd842783          	lw	a5,-552(s0)
80400348:	fe478793          	addi	a5,a5,-28
8040034c:	def42623          	sw	a5,-532(s0)
80400350:	df040793          	addi	a5,s0,-528
80400354:	00778793          	addi	a5,a5,7
80400358:	dec42703          	lw	a4,-532(s0)
8040035c:	00070613          	mv	a2,a4
80400360:	ddc42583          	lw	a1,-548(s0)
80400364:	00078513          	mv	a0,a5
80400368:	da5ff0ef          	jal	8040010c <format_to_str>
8040036c:	df040793          	addi	a5,s0,-528
80400370:	00078513          	mv	a0,a5
80400374:	359000ef          	jal	80400ecc <strlen>
80400378:	00050793          	mv	a5,a0
8040037c:	00078713          	mv	a4,a5
80400380:	df040793          	addi	a5,s0,-528
80400384:	00e787b3          	add	a5,a5,a4
80400388:	00d00713          	li	a4,13
8040038c:	00e78023          	sb	a4,0(a5)
80400390:	00a00713          	li	a4,10
80400394:	00e780a3          	sb	a4,1(a5)
80400398:	00078123          	sb	zero,2(a5)
8040039c:	df040793          	addi	a5,s0,-528
804003a0:	00078513          	mv	a0,a5
804003a4:	329000ef          	jal	80400ecc <strlen>
804003a8:	00050713          	mv	a4,a0
804003ac:	df040793          	addi	a5,s0,-528
804003b0:	00070593          	mv	a1,a4
804003b4:	00078513          	mv	a0,a5
804003b8:	214000ef          	jal	804005cc <term_write>
804003bc:	00000013          	nop
804003c0:	00078513          	mv	a0,a5
804003c4:	22c12083          	lw	ra,556(sp)
804003c8:	22812403          	lw	s0,552(sp)
804003cc:	25010113          	addi	sp,sp,592
804003d0:	00008067          	ret

804003d4 <exit>:
exit():
804003d4:	dd010113          	addi	sp,sp,-560
804003d8:	22112623          	sw	ra,556(sp)
804003dc:	22812423          	sw	s0,552(sp)
804003e0:	23010413          	addi	s0,sp,560
804003e4:	dca42e23          	sw	a0,-548(s0)
804003e8:	00100793          	li	a5,1
804003ec:	def42423          	sw	a5,-536(s0)
804003f0:	de840793          	addi	a5,s0,-536
804003f4:	20800613          	li	a2,520
804003f8:	00078593          	mv	a1,a5
804003fc:	00100513          	li	a0,1
80400400:	234000ef          	jal	80400634 <sys_send>
80400404:	0000006f          	j	80400404 <exit+0x30>

80400408 <dir_lookup>:
dir_lookup():
80400408:	dd010113          	addi	sp,sp,-560
8040040c:	22112623          	sw	ra,556(sp)
80400410:	22812423          	sw	s0,552(sp)
80400414:	23010413          	addi	s0,sp,560
80400418:	dca42e23          	sw	a0,-548(s0)
8040041c:	dcb42c23          	sw	a1,-552(s0)
80400420:	de840793          	addi	a5,s0,-536
80400424:	00078613          	mv	a2,a5
80400428:	00000593          	li	a1,0
8040042c:	ddc42503          	lw	a0,-548(s0)
80400430:	0e8000ef          	jal	80400518 <file_read>
80400434:	fe042623          	sw	zero,-20(s0)
80400438:	dd842503          	lw	a0,-552(s0)
8040043c:	291000ef          	jal	80400ecc <strlen>
80400440:	fea42423          	sw	a0,-24(s0)
80400444:	09c0006f          	j	804004e0 <dir_lookup+0xd8>
80400448:	de840713          	addi	a4,s0,-536
8040044c:	fec42783          	lw	a5,-20(s0)
80400450:	00f707b3          	add	a5,a4,a5
80400454:	fe842603          	lw	a2,-24(s0)
80400458:	00078593          	mv	a1,a5
8040045c:	dd842503          	lw	a0,-552(s0)
80400460:	095000ef          	jal	80400cf4 <strncmp>
80400464:	00050793          	mv	a5,a0
80400468:	06079663          	bnez	a5,804004d4 <dir_lookup+0xcc>
8040046c:	fec42703          	lw	a4,-20(s0)
80400470:	fe842783          	lw	a5,-24(s0)
80400474:	00f707b3          	add	a5,a4,a5
80400478:	ff078793          	addi	a5,a5,-16
8040047c:	008787b3          	add	a5,a5,s0
80400480:	df87c703          	lbu	a4,-520(a5)
80400484:	02000793          	li	a5,32
80400488:	04f71663          	bne	a4,a5,804004d4 <dir_lookup+0xcc>
8040048c:	fec42783          	lw	a5,-20(s0)
80400490:	02078063          	beqz	a5,804004b0 <dir_lookup+0xa8>
80400494:	fec42783          	lw	a5,-20(s0)
80400498:	fff78793          	addi	a5,a5,-1
8040049c:	ff078793          	addi	a5,a5,-16
804004a0:	008787b3          	add	a5,a5,s0
804004a4:	df87c703          	lbu	a4,-520(a5)
804004a8:	02000793          	li	a5,32
804004ac:	02f71463          	bne	a4,a5,804004d4 <dir_lookup+0xcc>
804004b0:	fec42703          	lw	a4,-20(s0)
804004b4:	fe842783          	lw	a5,-24(s0)
804004b8:	00f707b3          	add	a5,a4,a5
804004bc:	de840713          	addi	a4,s0,-536
804004c0:	00f707b3          	add	a5,a4,a5
804004c4:	00078513          	mv	a0,a5
804004c8:	26c000ef          	jal	80400734 <atoi>
804004cc:	00050793          	mv	a5,a0
804004d0:	0340006f          	j	80400504 <dir_lookup+0xfc>
804004d4:	fec42783          	lw	a5,-20(s0)
804004d8:	00178793          	addi	a5,a5,1
804004dc:	fef42623          	sw	a5,-20(s0)
804004e0:	de840793          	addi	a5,s0,-536
804004e4:	00078513          	mv	a0,a5
804004e8:	1e5000ef          	jal	80400ecc <strlen>
804004ec:	00050713          	mv	a4,a0
804004f0:	fe842783          	lw	a5,-24(s0)
804004f4:	40f707b3          	sub	a5,a4,a5
804004f8:	fec42703          	lw	a4,-20(s0)
804004fc:	f4f766e3          	bltu	a4,a5,80400448 <dir_lookup+0x40>
80400500:	fff00793          	li	a5,-1
80400504:	00078513          	mv	a0,a5
80400508:	22c12083          	lw	ra,556(sp)
8040050c:	22812403          	lw	s0,552(sp)
80400510:	23010113          	addi	sp,sp,560
80400514:	00008067          	ret

80400518 <file_read>:
file_read():
80400518:	dd010113          	addi	sp,sp,-560
8040051c:	22112623          	sw	ra,556(sp)
80400520:	22812423          	sw	s0,552(sp)
80400524:	23010413          	addi	s0,sp,560
80400528:	dca42e23          	sw	a0,-548(s0)
8040052c:	dcb42c23          	sw	a1,-552(s0)
80400530:	dcc42a23          	sw	a2,-556(s0)
80400534:	00100793          	li	a5,1
80400538:	def42023          	sw	a5,-544(s0)
8040053c:	ddc42783          	lw	a5,-548(s0)
80400540:	def42223          	sw	a5,-540(s0)
80400544:	dd842783          	lw	a5,-552(s0)
80400548:	def42423          	sw	a5,-536(s0)
8040054c:	de040793          	addi	a5,s0,-544
80400550:	20c00613          	li	a2,524
80400554:	00078593          	mv	a1,a5
80400558:	00300513          	li	a0,3
8040055c:	0d8000ef          	jal	80400634 <sys_send>
80400560:	40000693          	li	a3,1024
80400564:	804087b7          	lui	a5,0x80408
80400568:	28c78613          	addi	a2,a5,652 # 8040828c <buf>
8040056c:	804087b7          	lui	a5,0x80408
80400570:	28878593          	addi	a1,a5,648 # 80408288 <sender>
80400574:	00300513          	li	a0,3
80400578:	12c000ef          	jal	804006a4 <sys_recv>
8040057c:	804087b7          	lui	a5,0x80408
80400580:	28c78793          	addi	a5,a5,652 # 8040828c <buf>
80400584:	fef42623          	sw	a5,-20(s0)
80400588:	fec42783          	lw	a5,-20(s0)
8040058c:	00478793          	addi	a5,a5,4
80400590:	20000613          	li	a2,512
80400594:	00078593          	mv	a1,a5
80400598:	dd442503          	lw	a0,-556(s0)
8040059c:	009000ef          	jal	80400da4 <memcpy>
804005a0:	fec42783          	lw	a5,-20(s0)
804005a4:	0007a783          	lw	a5,0(a5)
804005a8:	00079663          	bnez	a5,804005b4 <file_read+0x9c>
804005ac:	00000793          	li	a5,0
804005b0:	0080006f          	j	804005b8 <file_read+0xa0>
804005b4:	fff00793          	li	a5,-1
804005b8:	00078513          	mv	a0,a5
804005bc:	22c12083          	lw	ra,556(sp)
804005c0:	22812403          	lw	s0,552(sp)
804005c4:	23010113          	addi	sp,sp,560
804005c8:	00008067          	ret

804005cc <term_write>:
term_write():
804005cc:	dd010113          	addi	sp,sp,-560
804005d0:	22112623          	sw	ra,556(sp)
804005d4:	22812423          	sw	s0,552(sp)
804005d8:	23010413          	addi	s0,sp,560
804005dc:	dca42e23          	sw	a0,-548(s0)
804005e0:	dcb42c23          	sw	a1,-552(s0)
804005e4:	00100793          	li	a5,1
804005e8:	def42423          	sw	a5,-536(s0)
804005ec:	dd842783          	lw	a5,-552(s0)
804005f0:	def42623          	sw	a5,-532(s0)
804005f4:	de840793          	addi	a5,s0,-536
804005f8:	00878793          	addi	a5,a5,8
804005fc:	dd842603          	lw	a2,-552(s0)
80400600:	ddc42583          	lw	a1,-548(s0)
80400604:	00078513          	mv	a0,a5
80400608:	79c000ef          	jal	80400da4 <memcpy>
8040060c:	de840793          	addi	a5,s0,-536
80400610:	20800613          	li	a2,520
80400614:	00078593          	mv	a1,a5
80400618:	00200513          	li	a0,2
8040061c:	018000ef          	jal	80400634 <sys_send>
80400620:	00000013          	nop
80400624:	22c12083          	lw	ra,556(sp)
80400628:	22812403          	lw	s0,552(sp)
8040062c:	23010113          	addi	sp,sp,560
80400630:	00008067          	ret

80400634 <sys_send>:
sys_send():
80400634:	fe010113          	addi	sp,sp,-32
80400638:	00112e23          	sw	ra,28(sp)
8040063c:	00812c23          	sw	s0,24(sp)
80400640:	02010413          	addi	s0,sp,32
80400644:	fea42623          	sw	a0,-20(s0)
80400648:	feb42423          	sw	a1,-24(s0)
8040064c:	fec42223          	sw	a2,-28(s0)
80400650:	804087b7          	lui	a5,0x80408
80400654:	2807a783          	lw	a5,640(a5) # 80408280 <sc>
80400658:	00200713          	li	a4,2
8040065c:	00e7a023          	sw	a4,0(a5)
80400660:	804087b7          	lui	a5,0x80408
80400664:	2807a783          	lw	a5,640(a5) # 80408280 <sc>
80400668:	fec42703          	lw	a4,-20(s0)
8040066c:	00e7a423          	sw	a4,8(a5)
80400670:	804087b7          	lui	a5,0x80408
80400674:	2807a783          	lw	a5,640(a5) # 80408280 <sc>
80400678:	00c78793          	addi	a5,a5,12
8040067c:	fe442603          	lw	a2,-28(s0)
80400680:	fe842583          	lw	a1,-24(s0)
80400684:	00078513          	mv	a0,a5
80400688:	71c000ef          	jal	80400da4 <memcpy>
8040068c:	00000073          	ecall
80400690:	00000013          	nop
80400694:	01c12083          	lw	ra,28(sp)
80400698:	01812403          	lw	s0,24(sp)
8040069c:	02010113          	addi	sp,sp,32
804006a0:	00008067          	ret

804006a4 <sys_recv>:
sys_recv():
804006a4:	fe010113          	addi	sp,sp,-32
804006a8:	00112e23          	sw	ra,28(sp)
804006ac:	00812c23          	sw	s0,24(sp)
804006b0:	02010413          	addi	s0,sp,32
804006b4:	fea42623          	sw	a0,-20(s0)
804006b8:	feb42423          	sw	a1,-24(s0)
804006bc:	fec42223          	sw	a2,-28(s0)
804006c0:	fed42023          	sw	a3,-32(s0)
804006c4:	804087b7          	lui	a5,0x80408
804006c8:	2807a783          	lw	a5,640(a5) # 80408280 <sc>
804006cc:	fec42703          	lw	a4,-20(s0)
804006d0:	00e7a223          	sw	a4,4(a5)
804006d4:	804087b7          	lui	a5,0x80408
804006d8:	2807a783          	lw	a5,640(a5) # 80408280 <sc>
804006dc:	00100713          	li	a4,1
804006e0:	00e7a023          	sw	a4,0(a5)
804006e4:	00000073          	ecall
804006e8:	804087b7          	lui	a5,0x80408
804006ec:	2807a783          	lw	a5,640(a5) # 80408280 <sc>
804006f0:	00c78793          	addi	a5,a5,12
804006f4:	fe042603          	lw	a2,-32(s0)
804006f8:	00078593          	mv	a1,a5
804006fc:	fe442503          	lw	a0,-28(s0)
80400700:	6a4000ef          	jal	80400da4 <memcpy>
80400704:	fe842783          	lw	a5,-24(s0)
80400708:	00078c63          	beqz	a5,80400720 <sys_recv+0x7c>
8040070c:	804087b7          	lui	a5,0x80408
80400710:	2807a783          	lw	a5,640(a5) # 80408280 <sc>
80400714:	0047a703          	lw	a4,4(a5)
80400718:	fe842783          	lw	a5,-24(s0)
8040071c:	00e7a023          	sw	a4,0(a5)
80400720:	00000013          	nop
80400724:	01c12083          	lw	ra,28(sp)
80400728:	01812403          	lw	s0,24(sp)
8040072c:	02010113          	addi	sp,sp,32
80400730:	00008067          	ret

80400734 <atoi>:
atoi():
80400734:	00a00613          	li	a2,10
80400738:	00000593          	li	a1,0
8040073c:	2f80006f          	j	80400a34 <strtol>

80400740 <itoa>:
itoa():
80400740:	ff010113          	addi	sp,sp,-16
80400744:	00812423          	sw	s0,8(sp)
80400748:	00112623          	sw	ra,12(sp)
8040074c:	ffe60713          	addi	a4,a2,-2
80400750:	02200793          	li	a5,34
80400754:	00058413          	mv	s0,a1
80400758:	04e7e063          	bltu	a5,a4,80400798 <itoa+0x58>
8040075c:	00a00793          	li	a5,10
80400760:	02f60063          	beq	a2,a5,80400780 <itoa+0x40>
80400764:	00040593          	mv	a1,s0
80400768:	2ec000ef          	jal	80400a54 <__utoa>
8040076c:	00c12083          	lw	ra,12(sp)
80400770:	00040513          	mv	a0,s0
80400774:	00812403          	lw	s0,8(sp)
80400778:	01010113          	addi	sp,sp,16
8040077c:	00008067          	ret
80400780:	fe0552e3          	bgez	a0,80400764 <itoa+0x24>
80400784:	02d00793          	li	a5,45
80400788:	00f58023          	sb	a5,0(a1)
8040078c:	40a00533          	neg	a0,a0
80400790:	00158593          	addi	a1,a1,1
80400794:	fd5ff06f          	j	80400768 <itoa+0x28>
80400798:	00058023          	sb	zero,0(a1)
8040079c:	00c12083          	lw	ra,12(sp)
804007a0:	00812403          	lw	s0,8(sp)
804007a4:	00000513          	li	a0,0
804007a8:	01010113          	addi	sp,sp,16
804007ac:	00008067          	ret

804007b0 <_strtol_l.isra.0>:
_strtol_l.isra.0():
804007b0:	fb010113          	addi	sp,sp,-80
804007b4:	04112623          	sw	ra,76(sp)
804007b8:	02400793          	li	a5,36
804007bc:	00a12423          	sw	a0,8(sp)
804007c0:	18d7ec63          	bltu	a5,a3,80400958 <_strtol_l.isra.0+0x1a8>
804007c4:	04812423          	sw	s0,72(sp)
804007c8:	05212023          	sw	s2,64(sp)
804007cc:	03312e23          	sw	s3,60(sp)
804007d0:	03412c23          	sw	s4,56(sp)
804007d4:	03912223          	sw	s9,36(sp)
804007d8:	00100793          	li	a5,1
804007dc:	00068c93          	mv	s9,a3
804007e0:	00058913          	mv	s2,a1
804007e4:	00060a13          	mv	s4,a2
804007e8:	00068993          	mv	s3,a3
804007ec:	00058413          	mv	s0,a1
804007f0:	00008717          	auipc	a4,0x8
804007f4:	86d70713          	addi	a4,a4,-1939 # 8040805d <_ctype_+0x1>
804007f8:	14f68663          	beq	a3,a5,80400944 <_strtol_l.isra.0+0x194>
804007fc:	04912223          	sw	s1,68(sp)
80400800:	03512a23          	sw	s5,52(sp)
80400804:	03612823          	sw	s6,48(sp)
80400808:	03712623          	sw	s7,44(sp)
8040080c:	03812423          	sw	s8,40(sp)
80400810:	03a12023          	sw	s10,32(sp)
80400814:	01b12e23          	sw	s11,28(sp)
80400818:	00040693          	mv	a3,s0
8040081c:	00044483          	lbu	s1,0(s0)
80400820:	00140413          	addi	s0,s0,1
80400824:	009707b3          	add	a5,a4,s1
80400828:	0007c783          	lbu	a5,0(a5)
8040082c:	0087f793          	andi	a5,a5,8
80400830:	fe0794e3          	bnez	a5,80400818 <_strtol_l.isra.0+0x68>
80400834:	02d00793          	li	a5,45
80400838:	1af48063          	beq	s1,a5,804009d8 <_strtol_l.isra.0+0x228>
8040083c:	02b00793          	li	a5,43
80400840:	80000b37          	lui	s6,0x80000
80400844:	12f48863          	beq	s1,a5,80400974 <_strtol_l.isra.0+0x1c4>
80400848:	fffb0b13          	addi	s6,s6,-1 # 7fffffff <app_entry-0x400001>
8040084c:	00012623          	sw	zero,12(sp)
80400850:	120c9c63          	bnez	s9,80400988 <_strtol_l.isra.0+0x1d8>
80400854:	00a00993          	li	s3,10
80400858:	03000793          	li	a5,48
8040085c:	00098c93          	mv	s9,s3
80400860:	1af48863          	beq	s1,a5,80400a10 <_strtol_l.isra.0+0x260>
80400864:	00098593          	mv	a1,s3
80400868:	000b0513          	mv	a0,s6
8040086c:	005000ef          	jal	80401070 <__umodsi3>
80400870:	00050b93          	mv	s7,a0
80400874:	00098593          	mv	a1,s3
80400878:	000b0513          	mv	a0,s6
8040087c:	7ac000ef          	jal	80401028 <__hidden___udivsi3>
80400880:	00900d93          	li	s11,9
80400884:	fd048793          	addi	a5,s1,-48
80400888:	00050d13          	mv	s10,a0
8040088c:	00000713          	li	a4,0
80400890:	00000513          	li	a0,0
80400894:	01900a93          	li	s5,25
80400898:	fff00c13          	li	s8,-1
8040089c:	02fdee63          	bltu	s11,a5,804008d8 <_strtol_l.isra.0+0x128>
804008a0:	00078493          	mv	s1,a5
804008a4:	0594d263          	bge	s1,s9,804008e8 <_strtol_l.isra.0+0x138>
804008a8:	03870063          	beq	a4,s8,804008c8 <_strtol_l.isra.0+0x118>
804008ac:	fff00713          	li	a4,-1
804008b0:	00ad6c63          	bltu	s10,a0,804008c8 <_strtol_l.isra.0+0x118>
804008b4:	10ad0e63          	beq	s10,a0,804009d0 <_strtol_l.isra.0+0x220>
804008b8:	00098593          	mv	a1,s3
804008bc:	740000ef          	jal	80400ffc <__mulsi3>
804008c0:	00a48533          	add	a0,s1,a0
804008c4:	00100713          	li	a4,1
804008c8:	00044483          	lbu	s1,0(s0)
804008cc:	00140413          	addi	s0,s0,1
804008d0:	fd048793          	addi	a5,s1,-48
804008d4:	fcfdf6e3          	bgeu	s11,a5,804008a0 <_strtol_l.isra.0+0xf0>
804008d8:	fbf48793          	addi	a5,s1,-65
804008dc:	0efae263          	bltu	s5,a5,804009c0 <_strtol_l.isra.0+0x210>
804008e0:	fc948493          	addi	s1,s1,-55
804008e4:	fd94c2e3          	blt	s1,s9,804008a8 <_strtol_l.isra.0+0xf8>
804008e8:	fff00793          	li	a5,-1
804008ec:	10f70263          	beq	a4,a5,804009f0 <_strtol_l.isra.0+0x240>
804008f0:	00c12783          	lw	a5,12(sp)
804008f4:	00078463          	beqz	a5,804008fc <_strtol_l.isra.0+0x14c>
804008f8:	40a00533          	neg	a0,a0
804008fc:	000a0663          	beqz	s4,80400908 <_strtol_l.isra.0+0x158>
80400900:	12071663          	bnez	a4,80400a2c <_strtol_l.isra.0+0x27c>
80400904:	012a2023          	sw	s2,0(s4)
80400908:	04812403          	lw	s0,72(sp)
8040090c:	04c12083          	lw	ra,76(sp)
80400910:	04412483          	lw	s1,68(sp)
80400914:	04012903          	lw	s2,64(sp)
80400918:	03c12983          	lw	s3,60(sp)
8040091c:	03812a03          	lw	s4,56(sp)
80400920:	03412a83          	lw	s5,52(sp)
80400924:	03012b03          	lw	s6,48(sp)
80400928:	02c12b83          	lw	s7,44(sp)
8040092c:	02812c03          	lw	s8,40(sp)
80400930:	02412c83          	lw	s9,36(sp)
80400934:	02012d03          	lw	s10,32(sp)
80400938:	01c12d83          	lw	s11,28(sp)
8040093c:	05010113          	addi	sp,sp,80
80400940:	00008067          	ret
80400944:	04812403          	lw	s0,72(sp)
80400948:	04012903          	lw	s2,64(sp)
8040094c:	03c12983          	lw	s3,60(sp)
80400950:	03812a03          	lw	s4,56(sp)
80400954:	02412c83          	lw	s9,36(sp)
80400958:	440000ef          	jal	80400d98 <__errno>
8040095c:	04c12083          	lw	ra,76(sp)
80400960:	01600793          	li	a5,22
80400964:	00f52023          	sw	a5,0(a0)
80400968:	00000513          	li	a0,0
8040096c:	05010113          	addi	sp,sp,80
80400970:	00008067          	ret
80400974:	00012623          	sw	zero,12(sp)
80400978:	00044483          	lbu	s1,0(s0)
8040097c:	fffb0b13          	addi	s6,s6,-1
80400980:	00268413          	addi	s0,a3,2
80400984:	ec0c88e3          	beqz	s9,80400854 <_strtol_l.isra.0+0xa4>
80400988:	01000793          	li	a5,16
8040098c:	ecfc9ce3          	bne	s9,a5,80400864 <_strtol_l.isra.0+0xb4>
80400990:	03000793          	li	a5,48
80400994:	000c8993          	mv	s3,s9
80400998:	ecf496e3          	bne	s1,a5,80400864 <_strtol_l.isra.0+0xb4>
8040099c:	00044783          	lbu	a5,0(s0)
804009a0:	05800713          	li	a4,88
804009a4:	0df7f793          	andi	a5,a5,223
804009a8:	eae79ee3          	bne	a5,a4,80400864 <_strtol_l.isra.0+0xb4>
804009ac:	01000993          	li	s3,16
804009b0:	00144483          	lbu	s1,1(s0)
804009b4:	00098c93          	mv	s9,s3
804009b8:	00240413          	addi	s0,s0,2
804009bc:	ea9ff06f          	j	80400864 <_strtol_l.isra.0+0xb4>
804009c0:	f9f48793          	addi	a5,s1,-97
804009c4:	f2fae2e3          	bltu	s5,a5,804008e8 <_strtol_l.isra.0+0x138>
804009c8:	fa948493          	addi	s1,s1,-87
804009cc:	ed9ff06f          	j	804008a4 <_strtol_l.isra.0+0xf4>
804009d0:	ee9bcce3          	blt	s7,s1,804008c8 <_strtol_l.isra.0+0x118>
804009d4:	ee5ff06f          	j	804008b8 <_strtol_l.isra.0+0x108>
804009d8:	00100793          	li	a5,1
804009dc:	00044483          	lbu	s1,0(s0)
804009e0:	80000b37          	lui	s6,0x80000
804009e4:	00268413          	addi	s0,a3,2
804009e8:	00f12623          	sw	a5,12(sp)
804009ec:	e65ff06f          	j	80400850 <_strtol_l.isra.0+0xa0>
804009f0:	00812703          	lw	a4,8(sp)
804009f4:	02200793          	li	a5,34
804009f8:	000b0513          	mv	a0,s6
804009fc:	00f72023          	sw	a5,0(a4)
80400a00:	f00a04e3          	beqz	s4,80400908 <_strtol_l.isra.0+0x158>
80400a04:	fff40913          	addi	s2,s0,-1
80400a08:	000b0513          	mv	a0,s6
80400a0c:	ef9ff06f          	j	80400904 <_strtol_l.isra.0+0x154>
80400a10:	00044783          	lbu	a5,0(s0)
80400a14:	05800713          	li	a4,88
80400a18:	0df7f793          	andi	a5,a5,223
80400a1c:	f8e788e3          	beq	a5,a4,804009ac <_strtol_l.isra.0+0x1fc>
80400a20:	00800993          	li	s3,8
80400a24:	00098c93          	mv	s9,s3
80400a28:	e3dff06f          	j	80400864 <_strtol_l.isra.0+0xb4>
80400a2c:	00050b13          	mv	s6,a0
80400a30:	fd5ff06f          	j	80400a04 <_strtol_l.isra.0+0x254>

80400a34 <strtol>:
strtol():
80400a34:	00050713          	mv	a4,a0
80400a38:	00008517          	auipc	a0,0x8
80400a3c:	84c52503          	lw	a0,-1972(a0) # 80408284 <_impure_ptr>
80400a40:	00058793          	mv	a5,a1
80400a44:	00060693          	mv	a3,a2
80400a48:	00070593          	mv	a1,a4
80400a4c:	00078613          	mv	a2,a5
80400a50:	d61ff06f          	j	804007b0 <_strtol_l.isra.0>

80400a54 <__utoa>:
__utoa():
80400a54:	00007797          	auipc	a5,0x7
80400a58:	5e078793          	addi	a5,a5,1504 # 80408034 <__modsi3+0x6f90>
80400a5c:	0007a283          	lw	t0,0(a5)
80400a60:	0047af83          	lw	t6,4(a5)
80400a64:	0087af03          	lw	t5,8(a5)
80400a68:	00c7ae83          	lw	t4,12(a5)
80400a6c:	0107ae03          	lw	t3,16(a5)
80400a70:	0147a303          	lw	t1,20(a5)
80400a74:	0187a883          	lw	a7,24(a5)
80400a78:	01c7a803          	lw	a6,28(a5)
80400a7c:	0207a683          	lw	a3,32(a5)
80400a80:	00007797          	auipc	a5,0x7
80400a84:	5d87c783          	lbu	a5,1496(a5) # 80408058 <__modsi3+0x6fb4>
80400a88:	fb010113          	addi	sp,sp,-80
80400a8c:	03512a23          	sw	s5,52(sp)
80400a90:	02f10623          	sb	a5,44(sp)
80400a94:	04112623          	sw	ra,76(sp)
80400a98:	ffe60713          	addi	a4,a2,-2
80400a9c:	00512423          	sw	t0,8(sp)
80400aa0:	01f12623          	sw	t6,12(sp)
80400aa4:	01e12823          	sw	t5,16(sp)
80400aa8:	01d12a23          	sw	t4,20(sp)
80400aac:	01c12c23          	sw	t3,24(sp)
80400ab0:	00612e23          	sw	t1,28(sp)
80400ab4:	03112023          	sw	a7,32(sp)
80400ab8:	03012223          	sw	a6,36(sp)
80400abc:	02d12423          	sw	a3,40(sp)
80400ac0:	02200793          	li	a5,34
80400ac4:	00058a93          	mv	s5,a1
80400ac8:	0ce7e463          	bltu	a5,a4,80400b90 <__utoa+0x13c>
80400acc:	04812423          	sw	s0,72(sp)
80400ad0:	04912223          	sw	s1,68(sp)
80400ad4:	05212023          	sw	s2,64(sp)
80400ad8:	03312e23          	sw	s3,60(sp)
80400adc:	03412c23          	sw	s4,56(sp)
80400ae0:	03612823          	sw	s6,48(sp)
80400ae4:	00060493          	mv	s1,a2
80400ae8:	00050413          	mv	s0,a0
80400aec:	00000913          	li	s2,0
80400af0:	00048593          	mv	a1,s1
80400af4:	00040513          	mv	a0,s0
80400af8:	578000ef          	jal	80401070 <__umodsi3>
80400afc:	00250533          	add	a0,a0,sp
80400b00:	00854783          	lbu	a5,8(a0)
80400b04:	00090993          	mv	s3,s2
80400b08:	00190913          	addi	s2,s2,1
80400b0c:	012a8a33          	add	s4,s5,s2
80400b10:	00040513          	mv	a0,s0
80400b14:	00048593          	mv	a1,s1
80400b18:	fefa0fa3          	sb	a5,-1(s4)
80400b1c:	00040b13          	mv	s6,s0
80400b20:	508000ef          	jal	80401028 <__hidden___udivsi3>
80400b24:	00050413          	mv	s0,a0
80400b28:	fc9b74e3          	bgeu	s6,s1,80400af0 <__utoa+0x9c>
80400b2c:	000a0023          	sb	zero,0(s4)
80400b30:	02098a63          	beqz	s3,80400b64 <__utoa+0x110>
80400b34:	000a8693          	mv	a3,s5
80400b38:	013a8733          	add	a4,s5,s3
80400b3c:	00000793          	li	a5,0
80400b40:	00074583          	lbu	a1,0(a4)
80400b44:	0006c603          	lbu	a2,0(a3)
80400b48:	00178793          	addi	a5,a5,1
80400b4c:	00b68023          	sb	a1,0(a3)
80400b50:	00c70023          	sb	a2,0(a4)
80400b54:	40f98633          	sub	a2,s3,a5
80400b58:	00168693          	addi	a3,a3,1
80400b5c:	fff70713          	addi	a4,a4,-1
80400b60:	fec7c0e3          	blt	a5,a2,80400b40 <__utoa+0xec>
80400b64:	04812403          	lw	s0,72(sp)
80400b68:	04c12083          	lw	ra,76(sp)
80400b6c:	04412483          	lw	s1,68(sp)
80400b70:	04012903          	lw	s2,64(sp)
80400b74:	03c12983          	lw	s3,60(sp)
80400b78:	03812a03          	lw	s4,56(sp)
80400b7c:	03012b03          	lw	s6,48(sp)
80400b80:	000a8513          	mv	a0,s5
80400b84:	03412a83          	lw	s5,52(sp)
80400b88:	05010113          	addi	sp,sp,80
80400b8c:	00008067          	ret
80400b90:	00058023          	sb	zero,0(a1)
80400b94:	04c12083          	lw	ra,76(sp)
80400b98:	03412a83          	lw	s5,52(sp)
80400b9c:	00000513          	li	a0,0
80400ba0:	05010113          	addi	sp,sp,80
80400ba4:	00008067          	ret

80400ba8 <strcat>:
strcat():
80400ba8:	ff010113          	addi	sp,sp,-16
80400bac:	00812423          	sw	s0,8(sp)
80400bb0:	00112623          	sw	ra,12(sp)
80400bb4:	00357793          	andi	a5,a0,3
80400bb8:	00050413          	mv	s0,a0
80400bbc:	06079663          	bnez	a5,80400c28 <strcat+0x80>
80400bc0:	00052703          	lw	a4,0(a0)
80400bc4:	feff0637          	lui	a2,0xfeff0
80400bc8:	eff60613          	addi	a2,a2,-257 # fefefeff <__heap_end+0x7e9efeff>
80400bcc:	00c707b3          	add	a5,a4,a2
80400bd0:	808086b7          	lui	a3,0x80808
80400bd4:	fff74713          	not	a4,a4
80400bd8:	00e7f7b3          	and	a5,a5,a4
80400bdc:	08068693          	addi	a3,a3,128 # 80808080 <__heap_end+0x208080>
80400be0:	00d7f7b3          	and	a5,a5,a3
80400be4:	04079263          	bnez	a5,80400c28 <strcat+0x80>
80400be8:	00452703          	lw	a4,4(a0)
80400bec:	00450513          	addi	a0,a0,4
80400bf0:	00c707b3          	add	a5,a4,a2
80400bf4:	fff74713          	not	a4,a4
80400bf8:	00e7f7b3          	and	a5,a5,a4
80400bfc:	00d7f7b3          	and	a5,a5,a3
80400c00:	02079463          	bnez	a5,80400c28 <strcat+0x80>
80400c04:	00452703          	lw	a4,4(a0)
80400c08:	00450513          	addi	a0,a0,4
80400c0c:	00c707b3          	add	a5,a4,a2
80400c10:	fff74713          	not	a4,a4
80400c14:	00e7f7b3          	and	a5,a5,a4
80400c18:	00d7f7b3          	and	a5,a5,a3
80400c1c:	fc0786e3          	beqz	a5,80400be8 <strcat+0x40>
80400c20:	0080006f          	j	80400c28 <strcat+0x80>
80400c24:	00150513          	addi	a0,a0,1
80400c28:	00054783          	lbu	a5,0(a0)
80400c2c:	fe079ce3          	bnez	a5,80400c24 <strcat+0x7c>
80400c30:	328000ef          	jal	80400f58 <strcpy>
80400c34:	00c12083          	lw	ra,12(sp)
80400c38:	00040513          	mv	a0,s0
80400c3c:	00812403          	lw	s0,8(sp)
80400c40:	01010113          	addi	sp,sp,16
80400c44:	00008067          	ret

80400c48 <strncat>:
strncat():
80400c48:	00357713          	andi	a4,a0,3
80400c4c:	00050793          	mv	a5,a0
80400c50:	06071663          	bnez	a4,80400cbc <strncat+0x74>
80400c54:	00052683          	lw	a3,0(a0)
80400c58:	feff08b7          	lui	a7,0xfeff0
80400c5c:	eff88893          	addi	a7,a7,-257 # fefefeff <__heap_end+0x7e9efeff>
80400c60:	01168733          	add	a4,a3,a7
80400c64:	80808837          	lui	a6,0x80808
80400c68:	fff6c693          	not	a3,a3
80400c6c:	00d77733          	and	a4,a4,a3
80400c70:	08080813          	addi	a6,a6,128 # 80808080 <__heap_end+0x208080>
80400c74:	01077733          	and	a4,a4,a6
80400c78:	04071263          	bnez	a4,80400cbc <strncat+0x74>
80400c7c:	0047a683          	lw	a3,4(a5)
80400c80:	00478793          	addi	a5,a5,4
80400c84:	01168733          	add	a4,a3,a7
80400c88:	fff6c693          	not	a3,a3
80400c8c:	00d77733          	and	a4,a4,a3
80400c90:	01077733          	and	a4,a4,a6
80400c94:	02071463          	bnez	a4,80400cbc <strncat+0x74>
80400c98:	0047a683          	lw	a3,4(a5)
80400c9c:	00478793          	addi	a5,a5,4
80400ca0:	01168733          	add	a4,a3,a7
80400ca4:	fff6c693          	not	a3,a3
80400ca8:	00d77733          	and	a4,a4,a3
80400cac:	01077733          	and	a4,a4,a6
80400cb0:	fc0706e3          	beqz	a4,80400c7c <strncat+0x34>
80400cb4:	0080006f          	j	80400cbc <strncat+0x74>
80400cb8:	00178793          	addi	a5,a5,1
80400cbc:	0007c703          	lbu	a4,0(a5)
80400cc0:	fe071ce3          	bnez	a4,80400cb8 <strncat+0x70>
80400cc4:	00c786b3          	add	a3,a5,a2
80400cc8:	02060463          	beqz	a2,80400cf0 <strncat+0xa8>
80400ccc:	0005c703          	lbu	a4,0(a1)
80400cd0:	00178793          	addi	a5,a5,1
80400cd4:	00158593          	addi	a1,a1,1
80400cd8:	fee78fa3          	sb	a4,-1(a5)
80400cdc:	00070863          	beqz	a4,80400cec <strncat+0xa4>
80400ce0:	fef696e3          	bne	a3,a5,80400ccc <strncat+0x84>
80400ce4:	00068023          	sb	zero,0(a3)
80400ce8:	00008067          	ret
80400cec:	00008067          	ret
80400cf0:	00008067          	ret

80400cf4 <strncmp>:
strncmp():
80400cf4:	08060a63          	beqz	a2,80400d88 <strncmp+0x94>
80400cf8:	00b567b3          	or	a5,a0,a1
80400cfc:	0037f793          	andi	a5,a5,3
80400d00:	04079a63          	bnez	a5,80400d54 <strncmp+0x60>
80400d04:	feff0e37          	lui	t3,0xfeff0
80400d08:	80808337          	lui	t1,0x80808
80400d0c:	00300893          	li	a7,3
80400d10:	effe0e13          	addi	t3,t3,-257 # fefefeff <__heap_end+0x7e9efeff>
80400d14:	08030313          	addi	t1,t1,128 # 80808080 <__heap_end+0x208080>
80400d18:	02c8e063          	bltu	a7,a2,80400d38 <strncmp+0x44>
80400d1c:	0380006f          	j	80400d54 <strncmp+0x60>
80400d20:	ffc60613          	addi	a2,a2,-4
80400d24:	06060263          	beqz	a2,80400d88 <strncmp+0x94>
80400d28:	06079063          	bnez	a5,80400d88 <strncmp+0x94>
80400d2c:	00450513          	addi	a0,a0,4
80400d30:	00458593          	addi	a1,a1,4
80400d34:	02c8f063          	bgeu	a7,a2,80400d54 <strncmp+0x60>
80400d38:	00052703          	lw	a4,0(a0)
80400d3c:	0005a683          	lw	a3,0(a1)
80400d40:	01c707b3          	add	a5,a4,t3
80400d44:	fff74813          	not	a6,a4
80400d48:	0107f7b3          	and	a5,a5,a6
80400d4c:	0067f7b3          	and	a5,a5,t1
80400d50:	fcd708e3          	beq	a4,a3,80400d20 <strncmp+0x2c>
80400d54:	00054783          	lbu	a5,0(a0)
80400d58:	0005c703          	lbu	a4,0(a1)
80400d5c:	fff60613          	addi	a2,a2,-1
80400d60:	00c50633          	add	a2,a0,a2
80400d64:	00e78e63          	beq	a5,a4,80400d80 <strncmp+0x8c>
80400d68:	0280006f          	j	80400d90 <strncmp+0x9c>
80400d6c:	00150513          	addi	a0,a0,1
80400d70:	00078c63          	beqz	a5,80400d88 <strncmp+0x94>
80400d74:	00054783          	lbu	a5,0(a0)
80400d78:	0005c703          	lbu	a4,0(a1)
80400d7c:	00e79a63          	bne	a5,a4,80400d90 <strncmp+0x9c>
80400d80:	00158593          	addi	a1,a1,1
80400d84:	fea614e3          	bne	a2,a0,80400d6c <strncmp+0x78>
80400d88:	00000513          	li	a0,0
80400d8c:	00008067          	ret
80400d90:	40e78533          	sub	a0,a5,a4
80400d94:	00008067          	ret

80400d98 <__errno>:
__errno():
80400d98:	00007517          	auipc	a0,0x7
80400d9c:	4ec52503          	lw	a0,1260(a0) # 80408284 <_impure_ptr>
80400da0:	00008067          	ret

80400da4 <memcpy>:
memcpy():
80400da4:	00a5c7b3          	xor	a5,a1,a0
80400da8:	0037f793          	andi	a5,a5,3
80400dac:	00c508b3          	add	a7,a0,a2
80400db0:	06079663          	bnez	a5,80400e1c <memcpy+0x78>
80400db4:	00300793          	li	a5,3
80400db8:	06c7f263          	bgeu	a5,a2,80400e1c <memcpy+0x78>
80400dbc:	00357793          	andi	a5,a0,3
80400dc0:	00050713          	mv	a4,a0
80400dc4:	0c079a63          	bnez	a5,80400e98 <memcpy+0xf4>
80400dc8:	ffc8f613          	andi	a2,a7,-4
80400dcc:	40e606b3          	sub	a3,a2,a4
80400dd0:	02000793          	li	a5,32
80400dd4:	06d7c463          	blt	a5,a3,80400e3c <memcpy+0x98>
80400dd8:	00058693          	mv	a3,a1
80400ddc:	00070793          	mv	a5,a4
80400de0:	02c77a63          	bgeu	a4,a2,80400e14 <memcpy+0x70>
80400de4:	0006a803          	lw	a6,0(a3)
80400de8:	00478793          	addi	a5,a5,4
80400dec:	00468693          	addi	a3,a3,4
80400df0:	ff07ae23          	sw	a6,-4(a5)
80400df4:	fec7e8e3          	bltu	a5,a2,80400de4 <memcpy+0x40>
80400df8:	fff60613          	addi	a2,a2,-1
80400dfc:	40e60633          	sub	a2,a2,a4
80400e00:	ffc67613          	andi	a2,a2,-4
80400e04:	00458593          	addi	a1,a1,4
80400e08:	00470713          	addi	a4,a4,4
80400e0c:	00c585b3          	add	a1,a1,a2
80400e10:	00c70733          	add	a4,a4,a2
80400e14:	01176863          	bltu	a4,a7,80400e24 <memcpy+0x80>
80400e18:	00008067          	ret
80400e1c:	00050713          	mv	a4,a0
80400e20:	ff157ce3          	bgeu	a0,a7,80400e18 <memcpy+0x74>
80400e24:	0005c783          	lbu	a5,0(a1)
80400e28:	00170713          	addi	a4,a4,1
80400e2c:	00158593          	addi	a1,a1,1
80400e30:	fef70fa3          	sb	a5,-1(a4)
80400e34:	fee898e3          	bne	a7,a4,80400e24 <memcpy+0x80>
80400e38:	00008067          	ret
80400e3c:	0205a683          	lw	a3,32(a1)
80400e40:	0005a383          	lw	t2,0(a1)
80400e44:	0045a283          	lw	t0,4(a1)
80400e48:	0085af83          	lw	t6,8(a1)
80400e4c:	00c5af03          	lw	t5,12(a1)
80400e50:	0105ae83          	lw	t4,16(a1)
80400e54:	0145ae03          	lw	t3,20(a1)
80400e58:	0185a303          	lw	t1,24(a1)
80400e5c:	01c5a803          	lw	a6,28(a1)
80400e60:	02470713          	addi	a4,a4,36
80400e64:	fed72e23          	sw	a3,-4(a4)
80400e68:	fc772e23          	sw	t2,-36(a4)
80400e6c:	40e606b3          	sub	a3,a2,a4
80400e70:	fe572023          	sw	t0,-32(a4)
80400e74:	fff72223          	sw	t6,-28(a4)
80400e78:	ffe72423          	sw	t5,-24(a4)
80400e7c:	ffd72623          	sw	t4,-20(a4)
80400e80:	ffc72823          	sw	t3,-16(a4)
80400e84:	fe672a23          	sw	t1,-12(a4)
80400e88:	ff072c23          	sw	a6,-8(a4)
80400e8c:	02458593          	addi	a1,a1,36
80400e90:	fad7c6e3          	blt	a5,a3,80400e3c <memcpy+0x98>
80400e94:	f45ff06f          	j	80400dd8 <memcpy+0x34>
80400e98:	0005c683          	lbu	a3,0(a1)
80400e9c:	00170713          	addi	a4,a4,1
80400ea0:	00377793          	andi	a5,a4,3
80400ea4:	fed70fa3          	sb	a3,-1(a4)
80400ea8:	00158593          	addi	a1,a1,1
80400eac:	f0078ee3          	beqz	a5,80400dc8 <memcpy+0x24>
80400eb0:	0005c683          	lbu	a3,0(a1)
80400eb4:	00170713          	addi	a4,a4,1
80400eb8:	00377793          	andi	a5,a4,3
80400ebc:	fed70fa3          	sb	a3,-1(a4)
80400ec0:	00158593          	addi	a1,a1,1
80400ec4:	fc079ae3          	bnez	a5,80400e98 <memcpy+0xf4>
80400ec8:	f01ff06f          	j	80400dc8 <memcpy+0x24>

80400ecc <strlen>:
strlen():
80400ecc:	00357793          	andi	a5,a0,3
80400ed0:	00050713          	mv	a4,a0
80400ed4:	04079c63          	bnez	a5,80400f2c <strlen+0x60>
80400ed8:	7f7f86b7          	lui	a3,0x7f7f8
80400edc:	f7f68693          	addi	a3,a3,-129 # 7f7f7f7f <app_entry-0xc08081>
80400ee0:	fff00593          	li	a1,-1
80400ee4:	00072603          	lw	a2,0(a4)
80400ee8:	00470713          	addi	a4,a4,4
80400eec:	00d677b3          	and	a5,a2,a3
80400ef0:	00d787b3          	add	a5,a5,a3
80400ef4:	00c7e7b3          	or	a5,a5,a2
80400ef8:	00d7e7b3          	or	a5,a5,a3
80400efc:	feb784e3          	beq	a5,a1,80400ee4 <strlen+0x18>
80400f00:	ffc74683          	lbu	a3,-4(a4)
80400f04:	40a707b3          	sub	a5,a4,a0
80400f08:	04068463          	beqz	a3,80400f50 <strlen+0x84>
80400f0c:	ffd74683          	lbu	a3,-3(a4)
80400f10:	02068c63          	beqz	a3,80400f48 <strlen+0x7c>
80400f14:	ffe74503          	lbu	a0,-2(a4)
80400f18:	00a03533          	snez	a0,a0
80400f1c:	00f50533          	add	a0,a0,a5
80400f20:	ffe50513          	addi	a0,a0,-2
80400f24:	00008067          	ret
80400f28:	fa0688e3          	beqz	a3,80400ed8 <strlen+0xc>
80400f2c:	00074783          	lbu	a5,0(a4)
80400f30:	00170713          	addi	a4,a4,1
80400f34:	00377693          	andi	a3,a4,3
80400f38:	fe0798e3          	bnez	a5,80400f28 <strlen+0x5c>
80400f3c:	40a70733          	sub	a4,a4,a0
80400f40:	fff70513          	addi	a0,a4,-1
80400f44:	00008067          	ret
80400f48:	ffd78513          	addi	a0,a5,-3
80400f4c:	00008067          	ret
80400f50:	ffc78513          	addi	a0,a5,-4
80400f54:	00008067          	ret

80400f58 <strcpy>:
strcpy():
80400f58:	00b567b3          	or	a5,a0,a1
80400f5c:	0037f793          	andi	a5,a5,3
80400f60:	08079063          	bnez	a5,80400fe0 <strcpy+0x88>
80400f64:	0005a703          	lw	a4,0(a1)
80400f68:	7f7f86b7          	lui	a3,0x7f7f8
80400f6c:	f7f68693          	addi	a3,a3,-129 # 7f7f7f7f <app_entry-0xc08081>
80400f70:	00d77833          	and	a6,a4,a3
80400f74:	00d80833          	add	a6,a6,a3
80400f78:	00e86833          	or	a6,a6,a4
80400f7c:	00d86833          	or	a6,a6,a3
80400f80:	fff00793          	li	a5,-1
80400f84:	00050613          	mv	a2,a0
80400f88:	02f81463          	bne	a6,a5,80400fb0 <strcpy+0x58>
80400f8c:	00458593          	addi	a1,a1,4
80400f90:	00e62023          	sw	a4,0(a2)
80400f94:	0005a703          	lw	a4,0(a1)
80400f98:	00460613          	addi	a2,a2,4
80400f9c:	00d777b3          	and	a5,a4,a3
80400fa0:	00d787b3          	add	a5,a5,a3
80400fa4:	00e7e7b3          	or	a5,a5,a4
80400fa8:	00d7e7b3          	or	a5,a5,a3
80400fac:	ff0780e3          	beq	a5,a6,80400f8c <strcpy+0x34>
80400fb0:	0005c783          	lbu	a5,0(a1)
80400fb4:	0015c703          	lbu	a4,1(a1)
80400fb8:	0025c683          	lbu	a3,2(a1)
80400fbc:	00f60023          	sb	a5,0(a2)
80400fc0:	00078a63          	beqz	a5,80400fd4 <strcpy+0x7c>
80400fc4:	00e600a3          	sb	a4,1(a2)
80400fc8:	00070663          	beqz	a4,80400fd4 <strcpy+0x7c>
80400fcc:	00d60123          	sb	a3,2(a2)
80400fd0:	00069463          	bnez	a3,80400fd8 <strcpy+0x80>
80400fd4:	00008067          	ret
80400fd8:	000601a3          	sb	zero,3(a2)
80400fdc:	00008067          	ret
80400fe0:	00050793          	mv	a5,a0
80400fe4:	0005c703          	lbu	a4,0(a1)
80400fe8:	00178793          	addi	a5,a5,1
80400fec:	00158593          	addi	a1,a1,1
80400ff0:	fee78fa3          	sb	a4,-1(a5)
80400ff4:	fe0718e3          	bnez	a4,80400fe4 <strcpy+0x8c>
80400ff8:	00008067          	ret

80400ffc <__mulsi3>:
__mulsi3():
80400ffc:	00050613          	mv	a2,a0
80401000:	00000513          	li	a0,0
80401004:	0015f693          	andi	a3,a1,1
80401008:	00068463          	beqz	a3,80401010 <__mulsi3+0x14>
8040100c:	00c50533          	add	a0,a0,a2
80401010:	0015d593          	srli	a1,a1,0x1
80401014:	00161613          	slli	a2,a2,0x1
80401018:	fe0596e3          	bnez	a1,80401004 <__mulsi3+0x8>
8040101c:	00008067          	ret

80401020 <__divsi3>:
__divsi3():
80401020:	06054063          	bltz	a0,80401080 <__umodsi3+0x10>
80401024:	0605c663          	bltz	a1,80401090 <__umodsi3+0x20>

80401028 <__hidden___udivsi3>:
80401028:	00058613          	mv	a2,a1
8040102c:	00050593          	mv	a1,a0
80401030:	fff00513          	li	a0,-1
80401034:	02060c63          	beqz	a2,8040106c <__hidden___udivsi3+0x44>
80401038:	00100693          	li	a3,1
8040103c:	00b67a63          	bgeu	a2,a1,80401050 <__hidden___udivsi3+0x28>
80401040:	00c05863          	blez	a2,80401050 <__hidden___udivsi3+0x28>
80401044:	00161613          	slli	a2,a2,0x1
80401048:	00169693          	slli	a3,a3,0x1
8040104c:	feb66ae3          	bltu	a2,a1,80401040 <__hidden___udivsi3+0x18>
80401050:	00000513          	li	a0,0
80401054:	00c5e663          	bltu	a1,a2,80401060 <__hidden___udivsi3+0x38>
80401058:	40c585b3          	sub	a1,a1,a2
8040105c:	00d56533          	or	a0,a0,a3
80401060:	0016d693          	srli	a3,a3,0x1
80401064:	00165613          	srli	a2,a2,0x1
80401068:	fe0696e3          	bnez	a3,80401054 <__hidden___udivsi3+0x2c>
8040106c:	00008067          	ret

80401070 <__umodsi3>:
80401070:	00008293          	mv	t0,ra
80401074:	fb5ff0ef          	jal	80401028 <__hidden___udivsi3>
80401078:	00058513          	mv	a0,a1
8040107c:	00028067          	jr	t0
80401080:	40a00533          	neg	a0,a0
80401084:	00b04863          	bgtz	a1,80401094 <__umodsi3+0x24>
80401088:	40b005b3          	neg	a1,a1
8040108c:	f9dff06f          	j	80401028 <__hidden___udivsi3>
80401090:	40b005b3          	neg	a1,a1
80401094:	00008293          	mv	t0,ra
80401098:	f91ff0ef          	jal	80401028 <__hidden___udivsi3>
8040109c:	40a00533          	neg	a0,a0
804010a0:	00028067          	jr	t0

804010a4 <__modsi3>:
__modsi3():
804010a4:	00008293          	mv	t0,ra
804010a8:	0005ca63          	bltz	a1,804010bc <__modsi3+0x18>
804010ac:	00054c63          	bltz	a0,804010c4 <__modsi3+0x20>
804010b0:	f79ff0ef          	jal	80401028 <__hidden___udivsi3>
804010b4:	00058513          	mv	a0,a1
804010b8:	00028067          	jr	t0
804010bc:	40b005b3          	neg	a1,a1
804010c0:	fe0558e3          	bgez	a0,804010b0 <__modsi3+0xc>
804010c4:	40a00533          	neg	a0,a0
804010c8:	f61ff0ef          	jal	80401028 <__hidden___udivsi3>
804010cc:	40b00533          	neg	a0,a1
804010d0:	00028067          	jr	t0
