
build/release/user/cd.elf:     file format elf32-littleriscv
build/release/user/cd.elf
architecture: riscv:rv32, flags 0x00000112:
EXEC_P, HAS_SYMS, D_PAGED
start address 0x80400000

Program Header:
0x70000003 off    0x00003298 vaddr 0x00000000 paddr 0x00000000 align 2**0
         filesz 0x0000004b memsz 0x00000000 flags r--
    LOAD off    0x00001000 vaddr 0x80400000 paddr 0x80400000 align 2**12
         filesz 0x0000131c memsz 0x0000131c flags r-x
    LOAD off    0x00003000 vaddr 0x80408000 paddr 0x80408000 align 2**12
         filesz 0x00000298 memsz 0x000007d4 flags rw-

Sections:
Idx Name              Size      VMA       LMA       File off  Algn  Flags
  0 .text             0000131c  80400000  80400000  00001000  2**3  CONTENTS, ALLOC, LOAD, READONLY, CODE
  1 .rodata           00000170  80408000  80408000  00003000  2**3  CONTENTS, ALLOC, LOAD, READONLY, DATA
  2 .data             00000128  80408170  80408170  00003170  2**3  CONTENTS, ALLOC, LOAD, DATA
  3 .bss              0000053c  80408298  80408298  00003298  2**3  ALLOC
  4 .riscv.attributes 0000004b  00000000  00000000  00003298  2**0  CONTENTS, READONLY
  5 .comment          00000032  00000000  00000000  000032e3  2**0  CONTENTS, READONLY
SYMBOL TABLE:
80400000 l    d  .text	00000000 .text
80408000 l    d  .rodata	00000000 .rodata
80408170 l    d  .data	00000000 .data
80408298 l    d  .bss	00000000 .bss
00000000 l    d  .riscv.attributes	00000000 .riscv.attributes
00000000 l    d  .comment	00000000 .comment
00000000 l    df *ABS*	00000000 ccHXy1mA.o
00000000 l    df *ABS*	00000000 cd.c
00000000 l    df *ABS*	00000000 print.c
00000000 l    df *ABS*	00000000 servers.c
80408298 l     O .bss	00000004 sender
8040829c l     O .bss	00000400 buf
00000000 l    df *ABS*	00000000 syscall.c
80408290 l     O .data	00000004 sc
00000000 l    df *ABS*	00000000 libc_a-atoi.o
00000000 l    df *ABS*	00000000 libc_a-itoa.o
00000000 l    df *ABS*	00000000 libc_a-strtol.o
8040087c l     F .text	00000284 _strtol_l.isra.0
00000000 l    df *ABS*	00000000 libc_a-utoa.o
00000000 l    df *ABS*	00000000 libc_a-strcat.o
00000000 l    df *ABS*	00000000 libc_a-strncat.o
00000000 l    df *ABS*	00000000 libc_a-strncmp.o
00000000 l    df *ABS*	00000000 libc_a-errno.o
00000000 l    df *ABS*	00000000 libc_a-memcpy.o
00000000 l    df *ABS*	00000000 libc_a-strlen.o
00000000 l    df *ABS*	00000000 libc_a-strcpy.o
00000000 l    df *ABS*	00000000 libc_a-strcmp.o
00000000 l    df *ABS*	00000000 muldi3.o
00000000 l    df *ABS*	00000000 div.o
80400770 g     F .text	00000090 sys_recv
80401024 g     F .text	000000a4 strcpy
80400e64 g     F .text	0000000c __errno
80400000 g       .text	00000000 app_entry
80400e70 g     F .text	00000128 memcpy
80401270 g     F .text	00000048 .hidden __hidden___udivsi3
80401270 g     F .text	00000048 .hidden __udivsi3
8040080c g     F .text	00000070 itoa
80400b00 g     F .text	00000020 strtol
8040869c g     O .bss	00000138 __sf
80400700 g     F .text	00000070 sys_send
80400c74 g     F .text	000000a0 strcat
804012b8 g     F .text	00000010 .hidden __umodsi3
804005e4 g     F .text	000000b4 file_read
80400270 g     F .text	0000014c format_to_str
80400dc0 g     F .text	000000a4 strncmp
80401244 g     F .text	00000024 .hidden __mulsi3
80400d14 g     F .text	000000ac strncat
80400b20 g     F .text	00000154 __utoa
80400010 g     F .text	00000260 main
80401268 g     F .text	00000084 .hidden __divsi3
804010c8 g     F .text	0000017c strcmp
80600000 g       *ABS*	00000000 __heap_end
80408294 g     O .data	00000004 _impure_ptr
804087d8 g       .riscv.attributes	00000000 __heap_start
80400698 g     F .text	00000068 term_write
804004a0 g     F .text	00000034 exit
804012ec g     F .text	00000030 .hidden __modsi3
80408170 g     O .data	00000120 _impure_data
80400800 g     F .text	0000000c atoi
8040806c g     O .rodata	00000101 _ctype_
804004d4 g     F .text	00000110 dir_lookup
80400f98 g     F .text	0000008c strlen
804003bc g     F .text	000000e4 INFO



Disassembly of section .text:

80400000 <app_entry>:
app_entry():
80400000:	00052503          	lw	a0,0(a0)
80400004:	80800137          	lui	sp,0x80800
80400008:	008000ef          	jal	80400010 <main>
8040000c:	494000ef          	jal	804004a0 <exit>

80400010 <main>:
main():
80400010:	fd010113          	addi	sp,sp,-48 # 807fffd0 <__heap_end+0x1fffd0>
80400014:	02112623          	sw	ra,44(sp)
80400018:	02812423          	sw	s0,40(sp)
8040001c:	02912223          	sw	s1,36(sp)
80400020:	03010413          	addi	s0,sp,48
80400024:	fca42e23          	sw	a0,-36(s0)
80400028:	fcb42c23          	sw	a1,-40(s0)
8040002c:	fdc42703          	lw	a4,-36(s0)
80400030:	00100793          	li	a5,1
80400034:	06f71663          	bne	a4,a5,804000a0 <main+0x90>
80400038:	804087b7          	lui	a5,0x80408
8040003c:	00078593          	mv	a1,a5
80400040:	00000513          	li	a0,0
80400044:	490000ef          	jal	804004d4 <dir_lookup>
80400048:	fea42223          	sw	a0,-28(s0)
8040004c:	806024b7          	lui	s1,0x80602
80400050:	804087b7          	lui	a5,0x80408
80400054:	00878593          	addi	a1,a5,8 # 80408008 <__modsi3+0x6d1c>
80400058:	fe442503          	lw	a0,-28(s0)
8040005c:	478000ef          	jal	804004d4 <dir_lookup>
80400060:	00050793          	mv	a5,a0
80400064:	00f4a023          	sw	a5,0(s1) # 80602000 <__heap_end+0x2000>
80400068:	806027b7          	lui	a5,0x80602
8040006c:	00478793          	addi	a5,a5,4 # 80602004 <__heap_end+0x2004>
80400070:	80408737          	lui	a4,0x80408
80400074:	01070713          	addi	a4,a4,16 # 80408010 <__modsi3+0x6d24>
80400078:	00072583          	lw	a1,0(a4)
8040007c:	00472603          	lw	a2,4(a4)
80400080:	00872683          	lw	a3,8(a4)
80400084:	00b7a023          	sw	a1,0(a5)
80400088:	00c7a223          	sw	a2,4(a5)
8040008c:	00d7a423          	sw	a3,8(a5)
80400090:	00c74703          	lbu	a4,12(a4)
80400094:	00e78623          	sb	a4,12(a5)
80400098:	00000793          	li	a5,0
8040009c:	1bc0006f          	j	80400258 <main+0x248>
804000a0:	fd842783          	lw	a5,-40(s0)
804000a4:	00478793          	addi	a5,a5,4
804000a8:	0007a483          	lw	s1,0(a5)
804000ac:	00048513          	mv	a0,s1
804000b0:	6e9000ef          	jal	80400f98 <strlen>
804000b4:	00050793          	mv	a5,a0
804000b8:	00f487b3          	add	a5,s1,a5
804000bc:	02f00713          	li	a4,47
804000c0:	00e78023          	sb	a4,0(a5)
804000c4:	000780a3          	sb	zero,1(a5)
804000c8:	806027b7          	lui	a5,0x80602
804000cc:	0007a703          	lw	a4,0(a5) # 80602000 <__heap_end+0x2000>
804000d0:	fd842783          	lw	a5,-40(s0)
804000d4:	00478793          	addi	a5,a5,4
804000d8:	0007a783          	lw	a5,0(a5)
804000dc:	00078593          	mv	a1,a5
804000e0:	00070513          	mv	a0,a4
804000e4:	3f0000ef          	jal	804004d4 <dir_lookup>
804000e8:	fea42423          	sw	a0,-24(s0)
804000ec:	fe842703          	lw	a4,-24(s0)
804000f0:	fff00793          	li	a5,-1
804000f4:	02f71463          	bne	a4,a5,8040011c <main+0x10c>
804000f8:	fd842783          	lw	a5,-40(s0)
804000fc:	00478793          	addi	a5,a5,4
80400100:	0007a783          	lw	a5,0(a5)
80400104:	00078593          	mv	a1,a5
80400108:	804087b7          	lui	a5,0x80408
8040010c:	02078513          	addi	a0,a5,32 # 80408020 <__modsi3+0x6d34>
80400110:	2ac000ef          	jal	804003bc <INFO>
80400114:	fff00793          	li	a5,-1
80400118:	1400006f          	j	80400258 <main+0x248>
8040011c:	806027b7          	lui	a5,0x80602
80400120:	fe842703          	lw	a4,-24(s0)
80400124:	00e7a023          	sw	a4,0(a5) # 80602000 <__heap_end+0x2000>
80400128:	fd842783          	lw	a5,-40(s0)
8040012c:	00478793          	addi	a5,a5,4
80400130:	0007a783          	lw	a5,0(a5)
80400134:	00078593          	mv	a1,a5
80400138:	804087b7          	lui	a5,0x80408
8040013c:	03c78513          	addi	a0,a5,60 # 8040803c <__modsi3+0x6d50>
80400140:	789000ef          	jal	804010c8 <strcmp>
80400144:	00050793          	mv	a5,a0
80400148:	00079663          	bnez	a5,80400154 <main+0x144>
8040014c:	00000793          	li	a5,0
80400150:	1080006f          	j	80400258 <main+0x248>
80400154:	806027b7          	lui	a5,0x80602
80400158:	00478513          	addi	a0,a5,4 # 80602004 <__heap_end+0x2004>
8040015c:	63d000ef          	jal	80400f98 <strlen>
80400160:	fea42623          	sw	a0,-20(s0)
80400164:	fd842783          	lw	a5,-40(s0)
80400168:	00478793          	addi	a5,a5,4
8040016c:	0007a783          	lw	a5,0(a5)
80400170:	00078593          	mv	a1,a5
80400174:	804087b7          	lui	a5,0x80408
80400178:	04078513          	addi	a0,a5,64 # 80408040 <__modsi3+0x6d54>
8040017c:	74d000ef          	jal	804010c8 <strcmp>
80400180:	00050793          	mv	a5,a0
80400184:	08078c63          	beqz	a5,8040021c <main+0x20c>
80400188:	fec42703          	lw	a4,-20(s0)
8040018c:	00100793          	li	a5,1
80400190:	02e7f863          	bgeu	a5,a4,804001c0 <main+0x1b0>
80400194:	806027b7          	lui	a5,0x80602
80400198:	00478513          	addi	a0,a5,4 # 80602004 <__heap_end+0x2004>
8040019c:	5fd000ef          	jal	80400f98 <strlen>
804001a0:	00050793          	mv	a5,a0
804001a4:	00078713          	mv	a4,a5
804001a8:	806027b7          	lui	a5,0x80602
804001ac:	00478793          	addi	a5,a5,4 # 80602004 <__heap_end+0x2004>
804001b0:	00f707b3          	add	a5,a4,a5
804001b4:	02f00713          	li	a4,47
804001b8:	00e78023          	sb	a4,0(a5)
804001bc:	000780a3          	sb	zero,1(a5)
804001c0:	fd842783          	lw	a5,-40(s0)
804001c4:	00478793          	addi	a5,a5,4
804001c8:	0007a483          	lw	s1,0(a5)
804001cc:	fd842783          	lw	a5,-40(s0)
804001d0:	00478793          	addi	a5,a5,4
804001d4:	0007a783          	lw	a5,0(a5)
804001d8:	00078513          	mv	a0,a5
804001dc:	5bd000ef          	jal	80400f98 <strlen>
804001e0:	00050793          	mv	a5,a0
804001e4:	fff78793          	addi	a5,a5,-1
804001e8:	00078613          	mv	a2,a5
804001ec:	00048593          	mv	a1,s1
804001f0:	806027b7          	lui	a5,0x80602
804001f4:	00478513          	addi	a0,a5,4 # 80602004 <__heap_end+0x2004>
804001f8:	31d000ef          	jal	80400d14 <strncat>
804001fc:	0580006f          	j	80400254 <main+0x244>
80400200:	fec42783          	lw	a5,-20(s0)
80400204:	fff78713          	addi	a4,a5,-1
80400208:	fee42623          	sw	a4,-20(s0)
8040020c:	80602737          	lui	a4,0x80602
80400210:	00470713          	addi	a4,a4,4 # 80602004 <__heap_end+0x2004>
80400214:	00e787b3          	add	a5,a5,a4
80400218:	00078023          	sb	zero,0(a5)
8040021c:	fec42703          	lw	a4,-20(s0)
80400220:	806027b7          	lui	a5,0x80602
80400224:	00478793          	addi	a5,a5,4 # 80602004 <__heap_end+0x2004>
80400228:	00f707b3          	add	a5,a4,a5
8040022c:	0007c703          	lbu	a4,0(a5)
80400230:	02f00793          	li	a5,47
80400234:	fcf716e3          	bne	a4,a5,80400200 <main+0x1f0>
80400238:	fec42783          	lw	a5,-20(s0)
8040023c:	00078c63          	beqz	a5,80400254 <main+0x244>
80400240:	fec42703          	lw	a4,-20(s0)
80400244:	806027b7          	lui	a5,0x80602
80400248:	00478793          	addi	a5,a5,4 # 80602004 <__heap_end+0x2004>
8040024c:	00f707b3          	add	a5,a4,a5
80400250:	00078023          	sb	zero,0(a5)
80400254:	00000793          	li	a5,0
80400258:	00078513          	mv	a0,a5
8040025c:	02c12083          	lw	ra,44(sp)
80400260:	02812403          	lw	s0,40(sp)
80400264:	02412483          	lw	s1,36(sp)
80400268:	03010113          	addi	sp,sp,48
8040026c:	00008067          	ret

80400270 <format_to_str>:
format_to_str():
80400270:	fe010113          	addi	sp,sp,-32
80400274:	00112e23          	sw	ra,28(sp)
80400278:	00812c23          	sw	s0,24(sp)
8040027c:	00912a23          	sw	s1,20(sp)
80400280:	02010413          	addi	s0,sp,32
80400284:	fea42623          	sw	a0,-20(s0)
80400288:	feb42423          	sw	a1,-24(s0)
8040028c:	fec42223          	sw	a2,-28(s0)
80400290:	fec42783          	lw	a5,-20(s0)
80400294:	00078023          	sb	zero,0(a5)
80400298:	0fc0006f          	j	80400394 <format_to_str+0x124>
8040029c:	fe842783          	lw	a5,-24(s0)
804002a0:	0007c703          	lbu	a4,0(a5)
804002a4:	02500793          	li	a5,37
804002a8:	00f70c63          	beq	a4,a5,804002c0 <format_to_str+0x50>
804002ac:	00100613          	li	a2,1
804002b0:	fe842583          	lw	a1,-24(s0)
804002b4:	fec42503          	lw	a0,-20(s0)
804002b8:	25d000ef          	jal	80400d14 <strncat>
804002bc:	0cc0006f          	j	80400388 <format_to_str+0x118>
804002c0:	fe842783          	lw	a5,-24(s0)
804002c4:	00178793          	addi	a5,a5,1
804002c8:	fef42423          	sw	a5,-24(s0)
804002cc:	fe842783          	lw	a5,-24(s0)
804002d0:	0007c703          	lbu	a4,0(a5)
804002d4:	07300793          	li	a5,115
804002d8:	02f71263          	bne	a4,a5,804002fc <format_to_str+0x8c>
804002dc:	fe442783          	lw	a5,-28(s0)
804002e0:	00478713          	addi	a4,a5,4
804002e4:	fee42223          	sw	a4,-28(s0)
804002e8:	0007a783          	lw	a5,0(a5)
804002ec:	00078593          	mv	a1,a5
804002f0:	fec42503          	lw	a0,-20(s0)
804002f4:	181000ef          	jal	80400c74 <strcat>
804002f8:	0900006f          	j	80400388 <format_to_str+0x118>
804002fc:	fe842783          	lw	a5,-24(s0)
80400300:	0007c703          	lbu	a4,0(a5)
80400304:	06400793          	li	a5,100
80400308:	02f71e63          	bne	a4,a5,80400344 <format_to_str+0xd4>
8040030c:	fe442783          	lw	a5,-28(s0)
80400310:	00478713          	addi	a4,a5,4
80400314:	fee42223          	sw	a4,-28(s0)
80400318:	0007a483          	lw	s1,0(a5)
8040031c:	fec42503          	lw	a0,-20(s0)
80400320:	479000ef          	jal	80400f98 <strlen>
80400324:	00050713          	mv	a4,a0
80400328:	fec42783          	lw	a5,-20(s0)
8040032c:	00e787b3          	add	a5,a5,a4
80400330:	00a00613          	li	a2,10
80400334:	00078593          	mv	a1,a5
80400338:	00048513          	mv	a0,s1
8040033c:	4d0000ef          	jal	8040080c <itoa>
80400340:	0480006f          	j	80400388 <format_to_str+0x118>
80400344:	fe842783          	lw	a5,-24(s0)
80400348:	0007c703          	lbu	a4,0(a5)
8040034c:	07800793          	li	a5,120
80400350:	02f71c63          	bne	a4,a5,80400388 <format_to_str+0x118>
80400354:	fe442783          	lw	a5,-28(s0)
80400358:	00478713          	addi	a4,a5,4
8040035c:	fee42223          	sw	a4,-28(s0)
80400360:	0007a483          	lw	s1,0(a5)
80400364:	fec42503          	lw	a0,-20(s0)
80400368:	431000ef          	jal	80400f98 <strlen>
8040036c:	00050713          	mv	a4,a0
80400370:	fec42783          	lw	a5,-20(s0)
80400374:	00e787b3          	add	a5,a5,a4
80400378:	01000613          	li	a2,16
8040037c:	00078593          	mv	a1,a5
80400380:	00048513          	mv	a0,s1
80400384:	488000ef          	jal	8040080c <itoa>
80400388:	fe842783          	lw	a5,-24(s0)
8040038c:	00178793          	addi	a5,a5,1
80400390:	fef42423          	sw	a5,-24(s0)
80400394:	fe842783          	lw	a5,-24(s0)
80400398:	0007c783          	lbu	a5,0(a5)
8040039c:	f00790e3          	bnez	a5,8040029c <format_to_str+0x2c>
804003a0:	00000013          	nop
804003a4:	00000013          	nop
804003a8:	01c12083          	lw	ra,28(sp)
804003ac:	01812403          	lw	s0,24(sp)
804003b0:	01412483          	lw	s1,20(sp)
804003b4:	02010113          	addi	sp,sp,32
804003b8:	00008067          	ret

804003bc <INFO>:
INFO():
804003bc:	db010113          	addi	sp,sp,-592
804003c0:	22112623          	sw	ra,556(sp)
804003c4:	22812423          	sw	s0,552(sp)
804003c8:	23010413          	addi	s0,sp,560
804003cc:	dca42e23          	sw	a0,-548(s0)
804003d0:	00b42223          	sw	a1,4(s0)
804003d4:	00c42423          	sw	a2,8(s0)
804003d8:	00d42623          	sw	a3,12(s0)
804003dc:	00e42823          	sw	a4,16(s0)
804003e0:	00f42a23          	sw	a5,20(s0)
804003e4:	01042c23          	sw	a6,24(s0)
804003e8:	01142e23          	sw	a7,28(s0)
804003ec:	df040793          	addi	a5,s0,-528
804003f0:	464e5737          	lui	a4,0x464e5
804003f4:	95b70713          	addi	a4,a4,-1701 # 464e495b <app_entry-0x39f1b6a5>
804003f8:	00e7a023          	sw	a4,0(a5)
804003fc:	00206737          	lui	a4,0x206
80400400:	d4f70713          	addi	a4,a4,-689 # 205d4f <app_entry-0x801fa2b1>
80400404:	00e7a223          	sw	a4,4(a5)
80400408:	02040793          	addi	a5,s0,32
8040040c:	dcf42c23          	sw	a5,-552(s0)
80400410:	dd842783          	lw	a5,-552(s0)
80400414:	fe478793          	addi	a5,a5,-28
80400418:	def42623          	sw	a5,-532(s0)
8040041c:	df040793          	addi	a5,s0,-528
80400420:	00778793          	addi	a5,a5,7
80400424:	dec42703          	lw	a4,-532(s0)
80400428:	00070613          	mv	a2,a4
8040042c:	ddc42583          	lw	a1,-548(s0)
80400430:	00078513          	mv	a0,a5
80400434:	e3dff0ef          	jal	80400270 <format_to_str>
80400438:	df040793          	addi	a5,s0,-528
8040043c:	00078513          	mv	a0,a5
80400440:	359000ef          	jal	80400f98 <strlen>
80400444:	00050793          	mv	a5,a0
80400448:	00078713          	mv	a4,a5
8040044c:	df040793          	addi	a5,s0,-528
80400450:	00e787b3          	add	a5,a5,a4
80400454:	00d00713          	li	a4,13
80400458:	00e78023          	sb	a4,0(a5)
8040045c:	00a00713          	li	a4,10
80400460:	00e780a3          	sb	a4,1(a5)
80400464:	00078123          	sb	zero,2(a5)
80400468:	df040793          	addi	a5,s0,-528
8040046c:	00078513          	mv	a0,a5
80400470:	329000ef          	jal	80400f98 <strlen>
80400474:	00050713          	mv	a4,a0
80400478:	df040793          	addi	a5,s0,-528
8040047c:	00070593          	mv	a1,a4
80400480:	00078513          	mv	a0,a5
80400484:	214000ef          	jal	80400698 <term_write>
80400488:	00000013          	nop
8040048c:	00078513          	mv	a0,a5
80400490:	22c12083          	lw	ra,556(sp)
80400494:	22812403          	lw	s0,552(sp)
80400498:	25010113          	addi	sp,sp,592
8040049c:	00008067          	ret

804004a0 <exit>:
exit():
804004a0:	dd010113          	addi	sp,sp,-560
804004a4:	22112623          	sw	ra,556(sp)
804004a8:	22812423          	sw	s0,552(sp)
804004ac:	23010413          	addi	s0,sp,560
804004b0:	dca42e23          	sw	a0,-548(s0)
804004b4:	00100793          	li	a5,1
804004b8:	def42423          	sw	a5,-536(s0)
804004bc:	de840793          	addi	a5,s0,-536
804004c0:	20800613          	li	a2,520
804004c4:	00078593          	mv	a1,a5
804004c8:	00100513          	li	a0,1
804004cc:	234000ef          	jal	80400700 <sys_send>
804004d0:	0000006f          	j	804004d0 <exit+0x30>

804004d4 <dir_lookup>:
dir_lookup():
804004d4:	dd010113          	addi	sp,sp,-560
804004d8:	22112623          	sw	ra,556(sp)
804004dc:	22812423          	sw	s0,552(sp)
804004e0:	23010413          	addi	s0,sp,560
804004e4:	dca42e23          	sw	a0,-548(s0)
804004e8:	dcb42c23          	sw	a1,-552(s0)
804004ec:	de840793          	addi	a5,s0,-536
804004f0:	00078613          	mv	a2,a5
804004f4:	00000593          	li	a1,0
804004f8:	ddc42503          	lw	a0,-548(s0)
804004fc:	0e8000ef          	jal	804005e4 <file_read>
80400500:	fe042623          	sw	zero,-20(s0)
80400504:	dd842503          	lw	a0,-552(s0)
80400508:	291000ef          	jal	80400f98 <strlen>
8040050c:	fea42423          	sw	a0,-24(s0)
80400510:	09c0006f          	j	804005ac <dir_lookup+0xd8>
80400514:	de840713          	addi	a4,s0,-536
80400518:	fec42783          	lw	a5,-20(s0)
8040051c:	00f707b3          	add	a5,a4,a5
80400520:	fe842603          	lw	a2,-24(s0)
80400524:	00078593          	mv	a1,a5
80400528:	dd842503          	lw	a0,-552(s0)
8040052c:	095000ef          	jal	80400dc0 <strncmp>
80400530:	00050793          	mv	a5,a0
80400534:	06079663          	bnez	a5,804005a0 <dir_lookup+0xcc>
80400538:	fec42703          	lw	a4,-20(s0)
8040053c:	fe842783          	lw	a5,-24(s0)
80400540:	00f707b3          	add	a5,a4,a5
80400544:	ff078793          	addi	a5,a5,-16
80400548:	008787b3          	add	a5,a5,s0
8040054c:	df87c703          	lbu	a4,-520(a5)
80400550:	02000793          	li	a5,32
80400554:	04f71663          	bne	a4,a5,804005a0 <dir_lookup+0xcc>
80400558:	fec42783          	lw	a5,-20(s0)
8040055c:	02078063          	beqz	a5,8040057c <dir_lookup+0xa8>
80400560:	fec42783          	lw	a5,-20(s0)
80400564:	fff78793          	addi	a5,a5,-1
80400568:	ff078793          	addi	a5,a5,-16
8040056c:	008787b3          	add	a5,a5,s0
80400570:	df87c703          	lbu	a4,-520(a5)
80400574:	02000793          	li	a5,32
80400578:	02f71463          	bne	a4,a5,804005a0 <dir_lookup+0xcc>
8040057c:	fec42703          	lw	a4,-20(s0)
80400580:	fe842783          	lw	a5,-24(s0)
80400584:	00f707b3          	add	a5,a4,a5
80400588:	de840713          	addi	a4,s0,-536
8040058c:	00f707b3          	add	a5,a4,a5
80400590:	00078513          	mv	a0,a5
80400594:	26c000ef          	jal	80400800 <atoi>
80400598:	00050793          	mv	a5,a0
8040059c:	0340006f          	j	804005d0 <dir_lookup+0xfc>
804005a0:	fec42783          	lw	a5,-20(s0)
804005a4:	00178793          	addi	a5,a5,1
804005a8:	fef42623          	sw	a5,-20(s0)
804005ac:	de840793          	addi	a5,s0,-536
804005b0:	00078513          	mv	a0,a5
804005b4:	1e5000ef          	jal	80400f98 <strlen>
804005b8:	00050713          	mv	a4,a0
804005bc:	fe842783          	lw	a5,-24(s0)
804005c0:	40f707b3          	sub	a5,a4,a5
804005c4:	fec42703          	lw	a4,-20(s0)
804005c8:	f4f766e3          	bltu	a4,a5,80400514 <dir_lookup+0x40>
804005cc:	fff00793          	li	a5,-1
804005d0:	00078513          	mv	a0,a5
804005d4:	22c12083          	lw	ra,556(sp)
804005d8:	22812403          	lw	s0,552(sp)
804005dc:	23010113          	addi	sp,sp,560
804005e0:	00008067          	ret

804005e4 <file_read>:
file_read():
804005e4:	dd010113          	addi	sp,sp,-560
804005e8:	22112623          	sw	ra,556(sp)
804005ec:	22812423          	sw	s0,552(sp)
804005f0:	23010413          	addi	s0,sp,560
804005f4:	dca42e23          	sw	a0,-548(s0)
804005f8:	dcb42c23          	sw	a1,-552(s0)
804005fc:	dcc42a23          	sw	a2,-556(s0)
80400600:	00100793          	li	a5,1
80400604:	def42023          	sw	a5,-544(s0)
80400608:	ddc42783          	lw	a5,-548(s0)
8040060c:	def42223          	sw	a5,-540(s0)
80400610:	dd842783          	lw	a5,-552(s0)
80400614:	def42423          	sw	a5,-536(s0)
80400618:	de040793          	addi	a5,s0,-544
8040061c:	20c00613          	li	a2,524
80400620:	00078593          	mv	a1,a5
80400624:	00300513          	li	a0,3
80400628:	0d8000ef          	jal	80400700 <sys_send>
8040062c:	40000693          	li	a3,1024
80400630:	804087b7          	lui	a5,0x80408
80400634:	29c78613          	addi	a2,a5,668 # 8040829c <buf>
80400638:	804087b7          	lui	a5,0x80408
8040063c:	29878593          	addi	a1,a5,664 # 80408298 <sender>
80400640:	00300513          	li	a0,3
80400644:	12c000ef          	jal	80400770 <sys_recv>
80400648:	804087b7          	lui	a5,0x80408
8040064c:	29c78793          	addi	a5,a5,668 # 8040829c <buf>
80400650:	fef42623          	sw	a5,-20(s0)
80400654:	fec42783          	lw	a5,-20(s0)
80400658:	00478793          	addi	a5,a5,4
8040065c:	20000613          	li	a2,512
80400660:	00078593          	mv	a1,a5
80400664:	dd442503          	lw	a0,-556(s0)
80400668:	009000ef          	jal	80400e70 <memcpy>
8040066c:	fec42783          	lw	a5,-20(s0)
80400670:	0007a783          	lw	a5,0(a5)
80400674:	00079663          	bnez	a5,80400680 <file_read+0x9c>
80400678:	00000793          	li	a5,0
8040067c:	0080006f          	j	80400684 <file_read+0xa0>
80400680:	fff00793          	li	a5,-1
80400684:	00078513          	mv	a0,a5
80400688:	22c12083          	lw	ra,556(sp)
8040068c:	22812403          	lw	s0,552(sp)
80400690:	23010113          	addi	sp,sp,560
80400694:	00008067          	ret

80400698 <term_write>:
term_write():
80400698:	dd010113          	addi	sp,sp,-560
8040069c:	22112623          	sw	ra,556(sp)
804006a0:	22812423          	sw	s0,552(sp)
804006a4:	23010413          	addi	s0,sp,560
804006a8:	dca42e23          	sw	a0,-548(s0)
804006ac:	dcb42c23          	sw	a1,-552(s0)
804006b0:	00100793          	li	a5,1
804006b4:	def42423          	sw	a5,-536(s0)
804006b8:	dd842783          	lw	a5,-552(s0)
804006bc:	def42623          	sw	a5,-532(s0)
804006c0:	de840793          	addi	a5,s0,-536
804006c4:	00878793          	addi	a5,a5,8
804006c8:	dd842603          	lw	a2,-552(s0)
804006cc:	ddc42583          	lw	a1,-548(s0)
804006d0:	00078513          	mv	a0,a5
804006d4:	79c000ef          	jal	80400e70 <memcpy>
804006d8:	de840793          	addi	a5,s0,-536
804006dc:	20800613          	li	a2,520
804006e0:	00078593          	mv	a1,a5
804006e4:	00200513          	li	a0,2
804006e8:	018000ef          	jal	80400700 <sys_send>
804006ec:	00000013          	nop
804006f0:	22c12083          	lw	ra,556(sp)
804006f4:	22812403          	lw	s0,552(sp)
804006f8:	23010113          	addi	sp,sp,560
804006fc:	00008067          	ret

80400700 <sys_send>:
sys_send():
80400700:	fe010113          	addi	sp,sp,-32
80400704:	00112e23          	sw	ra,28(sp)
80400708:	00812c23          	sw	s0,24(sp)
8040070c:	02010413          	addi	s0,sp,32
80400710:	fea42623          	sw	a0,-20(s0)
80400714:	feb42423          	sw	a1,-24(s0)
80400718:	fec42223          	sw	a2,-28(s0)
8040071c:	804087b7          	lui	a5,0x80408
80400720:	2907a783          	lw	a5,656(a5) # 80408290 <sc>
80400724:	00200713          	li	a4,2
80400728:	00e7a023          	sw	a4,0(a5)
8040072c:	804087b7          	lui	a5,0x80408
80400730:	2907a783          	lw	a5,656(a5) # 80408290 <sc>
80400734:	fec42703          	lw	a4,-20(s0)
80400738:	00e7a423          	sw	a4,8(a5)
8040073c:	804087b7          	lui	a5,0x80408
80400740:	2907a783          	lw	a5,656(a5) # 80408290 <sc>
80400744:	00c78793          	addi	a5,a5,12
80400748:	fe442603          	lw	a2,-28(s0)
8040074c:	fe842583          	lw	a1,-24(s0)
80400750:	00078513          	mv	a0,a5
80400754:	71c000ef          	jal	80400e70 <memcpy>
80400758:	00000073          	ecall
8040075c:	00000013          	nop
80400760:	01c12083          	lw	ra,28(sp)
80400764:	01812403          	lw	s0,24(sp)
80400768:	02010113          	addi	sp,sp,32
8040076c:	00008067          	ret

80400770 <sys_recv>:
sys_recv():
80400770:	fe010113          	addi	sp,sp,-32
80400774:	00112e23          	sw	ra,28(sp)
80400778:	00812c23          	sw	s0,24(sp)
8040077c:	02010413          	addi	s0,sp,32
80400780:	fea42623          	sw	a0,-20(s0)
80400784:	feb42423          	sw	a1,-24(s0)
80400788:	fec42223          	sw	a2,-28(s0)
8040078c:	fed42023          	sw	a3,-32(s0)
80400790:	804087b7          	lui	a5,0x80408
80400794:	2907a783          	lw	a5,656(a5) # 80408290 <sc>
80400798:	fec42703          	lw	a4,-20(s0)
8040079c:	00e7a223          	sw	a4,4(a5)
804007a0:	804087b7          	lui	a5,0x80408
804007a4:	2907a783          	lw	a5,656(a5) # 80408290 <sc>
804007a8:	00100713          	li	a4,1
804007ac:	00e7a023          	sw	a4,0(a5)
804007b0:	00000073          	ecall
804007b4:	804087b7          	lui	a5,0x80408
804007b8:	2907a783          	lw	a5,656(a5) # 80408290 <sc>
804007bc:	00c78793          	addi	a5,a5,12
804007c0:	fe042603          	lw	a2,-32(s0)
804007c4:	00078593          	mv	a1,a5
804007c8:	fe442503          	lw	a0,-28(s0)
804007cc:	6a4000ef          	jal	80400e70 <memcpy>
804007d0:	fe842783          	lw	a5,-24(s0)
804007d4:	00078c63          	beqz	a5,804007ec <sys_recv+0x7c>
804007d8:	804087b7          	lui	a5,0x80408
804007dc:	2907a783          	lw	a5,656(a5) # 80408290 <sc>
804007e0:	0047a703          	lw	a4,4(a5)
804007e4:	fe842783          	lw	a5,-24(s0)
804007e8:	00e7a023          	sw	a4,0(a5)
804007ec:	00000013          	nop
804007f0:	01c12083          	lw	ra,28(sp)
804007f4:	01812403          	lw	s0,24(sp)
804007f8:	02010113          	addi	sp,sp,32
804007fc:	00008067          	ret

80400800 <atoi>:
atoi():
80400800:	00a00613          	li	a2,10
80400804:	00000593          	li	a1,0
80400808:	2f80006f          	j	80400b00 <strtol>

8040080c <itoa>:
itoa():
8040080c:	ff010113          	addi	sp,sp,-16
80400810:	00812423          	sw	s0,8(sp)
80400814:	00112623          	sw	ra,12(sp)
80400818:	ffe60713          	addi	a4,a2,-2
8040081c:	02200793          	li	a5,34
80400820:	00058413          	mv	s0,a1
80400824:	04e7e063          	bltu	a5,a4,80400864 <itoa+0x58>
80400828:	00a00793          	li	a5,10
8040082c:	02f60063          	beq	a2,a5,8040084c <itoa+0x40>
80400830:	00040593          	mv	a1,s0
80400834:	2ec000ef          	jal	80400b20 <__utoa>
80400838:	00c12083          	lw	ra,12(sp)
8040083c:	00040513          	mv	a0,s0
80400840:	00812403          	lw	s0,8(sp)
80400844:	01010113          	addi	sp,sp,16
80400848:	00008067          	ret
8040084c:	fe0552e3          	bgez	a0,80400830 <itoa+0x24>
80400850:	02d00793          	li	a5,45
80400854:	00f58023          	sb	a5,0(a1)
80400858:	40a00533          	neg	a0,a0
8040085c:	00158593          	addi	a1,a1,1
80400860:	fd5ff06f          	j	80400834 <itoa+0x28>
80400864:	00058023          	sb	zero,0(a1)
80400868:	00c12083          	lw	ra,12(sp)
8040086c:	00812403          	lw	s0,8(sp)
80400870:	00000513          	li	a0,0
80400874:	01010113          	addi	sp,sp,16
80400878:	00008067          	ret

8040087c <_strtol_l.isra.0>:
_strtol_l.isra.0():
8040087c:	fb010113          	addi	sp,sp,-80
80400880:	04112623          	sw	ra,76(sp)
80400884:	02400793          	li	a5,36
80400888:	00a12423          	sw	a0,8(sp)
8040088c:	18d7ec63          	bltu	a5,a3,80400a24 <_strtol_l.isra.0+0x1a8>
80400890:	04812423          	sw	s0,72(sp)
80400894:	05212023          	sw	s2,64(sp)
80400898:	03312e23          	sw	s3,60(sp)
8040089c:	03412c23          	sw	s4,56(sp)
804008a0:	03912223          	sw	s9,36(sp)
804008a4:	00100793          	li	a5,1
804008a8:	00068c93          	mv	s9,a3
804008ac:	00058913          	mv	s2,a1
804008b0:	00060a13          	mv	s4,a2
804008b4:	00068993          	mv	s3,a3
804008b8:	00058413          	mv	s0,a1
804008bc:	00007717          	auipc	a4,0x7
804008c0:	7b170713          	addi	a4,a4,1969 # 8040806d <_ctype_+0x1>
804008c4:	14f68663          	beq	a3,a5,80400a10 <_strtol_l.isra.0+0x194>
804008c8:	04912223          	sw	s1,68(sp)
804008cc:	03512a23          	sw	s5,52(sp)
804008d0:	03612823          	sw	s6,48(sp)
804008d4:	03712623          	sw	s7,44(sp)
804008d8:	03812423          	sw	s8,40(sp)
804008dc:	03a12023          	sw	s10,32(sp)
804008e0:	01b12e23          	sw	s11,28(sp)
804008e4:	00040693          	mv	a3,s0
804008e8:	00044483          	lbu	s1,0(s0)
804008ec:	00140413          	addi	s0,s0,1
804008f0:	009707b3          	add	a5,a4,s1
804008f4:	0007c783          	lbu	a5,0(a5)
804008f8:	0087f793          	andi	a5,a5,8
804008fc:	fe0794e3          	bnez	a5,804008e4 <_strtol_l.isra.0+0x68>
80400900:	02d00793          	li	a5,45
80400904:	1af48063          	beq	s1,a5,80400aa4 <_strtol_l.isra.0+0x228>
80400908:	02b00793          	li	a5,43
8040090c:	80000b37          	lui	s6,0x80000
80400910:	12f48863          	beq	s1,a5,80400a40 <_strtol_l.isra.0+0x1c4>
80400914:	fffb0b13          	addi	s6,s6,-1 # 7fffffff <app_entry-0x400001>
80400918:	00012623          	sw	zero,12(sp)
8040091c:	120c9c63          	bnez	s9,80400a54 <_strtol_l.isra.0+0x1d8>
80400920:	00a00993          	li	s3,10
80400924:	03000793          	li	a5,48
80400928:	00098c93          	mv	s9,s3
8040092c:	1af48863          	beq	s1,a5,80400adc <_strtol_l.isra.0+0x260>
80400930:	00098593          	mv	a1,s3
80400934:	000b0513          	mv	a0,s6
80400938:	181000ef          	jal	804012b8 <__umodsi3>
8040093c:	00050b93          	mv	s7,a0
80400940:	00098593          	mv	a1,s3
80400944:	000b0513          	mv	a0,s6
80400948:	129000ef          	jal	80401270 <__hidden___udivsi3>
8040094c:	00900d93          	li	s11,9
80400950:	fd048793          	addi	a5,s1,-48
80400954:	00050d13          	mv	s10,a0
80400958:	00000713          	li	a4,0
8040095c:	00000513          	li	a0,0
80400960:	01900a93          	li	s5,25
80400964:	fff00c13          	li	s8,-1
80400968:	02fdee63          	bltu	s11,a5,804009a4 <_strtol_l.isra.0+0x128>
8040096c:	00078493          	mv	s1,a5
80400970:	0594d263          	bge	s1,s9,804009b4 <_strtol_l.isra.0+0x138>
80400974:	03870063          	beq	a4,s8,80400994 <_strtol_l.isra.0+0x118>
80400978:	fff00713          	li	a4,-1
8040097c:	00ad6c63          	bltu	s10,a0,80400994 <_strtol_l.isra.0+0x118>
80400980:	10ad0e63          	beq	s10,a0,80400a9c <_strtol_l.isra.0+0x220>
80400984:	00098593          	mv	a1,s3
80400988:	0bd000ef          	jal	80401244 <__mulsi3>
8040098c:	00a48533          	add	a0,s1,a0
80400990:	00100713          	li	a4,1
80400994:	00044483          	lbu	s1,0(s0)
80400998:	00140413          	addi	s0,s0,1
8040099c:	fd048793          	addi	a5,s1,-48
804009a0:	fcfdf6e3          	bgeu	s11,a5,8040096c <_strtol_l.isra.0+0xf0>
804009a4:	fbf48793          	addi	a5,s1,-65
804009a8:	0efae263          	bltu	s5,a5,80400a8c <_strtol_l.isra.0+0x210>
804009ac:	fc948493          	addi	s1,s1,-55
804009b0:	fd94c2e3          	blt	s1,s9,80400974 <_strtol_l.isra.0+0xf8>
804009b4:	fff00793          	li	a5,-1
804009b8:	10f70263          	beq	a4,a5,80400abc <_strtol_l.isra.0+0x240>
804009bc:	00c12783          	lw	a5,12(sp)
804009c0:	00078463          	beqz	a5,804009c8 <_strtol_l.isra.0+0x14c>
804009c4:	40a00533          	neg	a0,a0
804009c8:	000a0663          	beqz	s4,804009d4 <_strtol_l.isra.0+0x158>
804009cc:	12071663          	bnez	a4,80400af8 <_strtol_l.isra.0+0x27c>
804009d0:	012a2023          	sw	s2,0(s4)
804009d4:	04812403          	lw	s0,72(sp)
804009d8:	04c12083          	lw	ra,76(sp)
804009dc:	04412483          	lw	s1,68(sp)
804009e0:	04012903          	lw	s2,64(sp)
804009e4:	03c12983          	lw	s3,60(sp)
804009e8:	03812a03          	lw	s4,56(sp)
804009ec:	03412a83          	lw	s5,52(sp)
804009f0:	03012b03          	lw	s6,48(sp)
804009f4:	02c12b83          	lw	s7,44(sp)
804009f8:	02812c03          	lw	s8,40(sp)
804009fc:	02412c83          	lw	s9,36(sp)
80400a00:	02012d03          	lw	s10,32(sp)
80400a04:	01c12d83          	lw	s11,28(sp)
80400a08:	05010113          	addi	sp,sp,80
80400a0c:	00008067          	ret
80400a10:	04812403          	lw	s0,72(sp)
80400a14:	04012903          	lw	s2,64(sp)
80400a18:	03c12983          	lw	s3,60(sp)
80400a1c:	03812a03          	lw	s4,56(sp)
80400a20:	02412c83          	lw	s9,36(sp)
80400a24:	440000ef          	jal	80400e64 <__errno>
80400a28:	04c12083          	lw	ra,76(sp)
80400a2c:	01600793          	li	a5,22
80400a30:	00f52023          	sw	a5,0(a0)
80400a34:	00000513          	li	a0,0
80400a38:	05010113          	addi	sp,sp,80
80400a3c:	00008067          	ret
80400a40:	00012623          	sw	zero,12(sp)
80400a44:	00044483          	lbu	s1,0(s0)
80400a48:	fffb0b13          	addi	s6,s6,-1
80400a4c:	00268413          	addi	s0,a3,2
80400a50:	ec0c88e3          	beqz	s9,80400920 <_strtol_l.isra.0+0xa4>
80400a54:	01000793          	li	a5,16
80400a58:	ecfc9ce3          	bne	s9,a5,80400930 <_strtol_l.isra.0+0xb4>
80400a5c:	03000793          	li	a5,48
80400a60:	000c8993          	mv	s3,s9
80400a64:	ecf496e3          	bne	s1,a5,80400930 <_strtol_l.isra.0+0xb4>
80400a68:	00044783          	lbu	a5,0(s0)
80400a6c:	05800713          	li	a4,88
80400a70:	0df7f793          	andi	a5,a5,223
80400a74:	eae79ee3          	bne	a5,a4,80400930 <_strtol_l.isra.0+0xb4>
80400a78:	01000993          	li	s3,16
80400a7c:	00144483          	lbu	s1,1(s0)
80400a80:	00098c93          	mv	s9,s3
80400a84:	00240413          	addi	s0,s0,2
80400a88:	ea9ff06f          	j	80400930 <_strtol_l.isra.0+0xb4>
80400a8c:	f9f48793          	addi	a5,s1,-97
80400a90:	f2fae2e3          	bltu	s5,a5,804009b4 <_strtol_l.isra.0+0x138>
80400a94:	fa948493          	addi	s1,s1,-87
80400a98:	ed9ff06f          	j	80400970 <_strtol_l.isra.0+0xf4>
80400a9c:	ee9bcce3          	blt	s7,s1,80400994 <_strtol_l.isra.0+0x118>
80400aa0:	ee5ff06f          	j	80400984 <_strtol_l.isra.0+0x108>
80400aa4:	00100793          	li	a5,1
80400aa8:	00044483          	lbu	s1,0(s0)
80400aac:	80000b37          	lui	s6,0x80000
80400ab0:	00268413          	addi	s0,a3,2
80400ab4:	00f12623          	sw	a5,12(sp)
80400ab8:	e65ff06f          	j	8040091c <_strtol_l.isra.0+0xa0>
80400abc:	00812703          	lw	a4,8(sp)
80400ac0:	02200793          	li	a5,34
80400ac4:	000b0513          	mv	a0,s6
80400ac8:	00f72023          	sw	a5,0(a4)
80400acc:	f00a04e3          	beqz	s4,804009d4 <_strtol_l.isra.0+0x158>
80400ad0:	fff40913          	addi	s2,s0,-1
80400ad4:	000b0513          	mv	a0,s6
80400ad8:	ef9ff06f          	j	804009d0 <_strtol_l.isra.0+0x154>
80400adc:	00044783          	lbu	a5,0(s0)
80400ae0:	05800713          	li	a4,88
80400ae4:	0df7f793          	andi	a5,a5,223
80400ae8:	f8e788e3          	beq	a5,a4,80400a78 <_strtol_l.isra.0+0x1fc>
80400aec:	00800993          	li	s3,8
80400af0:	00098c93          	mv	s9,s3
80400af4:	e3dff06f          	j	80400930 <_strtol_l.isra.0+0xb4>
80400af8:	00050b13          	mv	s6,a0
80400afc:	fd5ff06f          	j	80400ad0 <_strtol_l.isra.0+0x254>

80400b00 <strtol>:
strtol():
80400b00:	00050713          	mv	a4,a0
80400b04:	00007517          	auipc	a0,0x7
80400b08:	79052503          	lw	a0,1936(a0) # 80408294 <_impure_ptr>
80400b0c:	00058793          	mv	a5,a1
80400b10:	00060693          	mv	a3,a2
80400b14:	00070593          	mv	a1,a4
80400b18:	00078613          	mv	a2,a5
80400b1c:	d61ff06f          	j	8040087c <_strtol_l.isra.0>

80400b20 <__utoa>:
__utoa():
80400b20:	00007797          	auipc	a5,0x7
80400b24:	52478793          	addi	a5,a5,1316 # 80408044 <__modsi3+0x6d58>
80400b28:	0007a283          	lw	t0,0(a5)
80400b2c:	0047af83          	lw	t6,4(a5)
80400b30:	0087af03          	lw	t5,8(a5)
80400b34:	00c7ae83          	lw	t4,12(a5)
80400b38:	0107ae03          	lw	t3,16(a5)
80400b3c:	0147a303          	lw	t1,20(a5)
80400b40:	0187a883          	lw	a7,24(a5)
80400b44:	01c7a803          	lw	a6,28(a5)
80400b48:	0207a683          	lw	a3,32(a5)
80400b4c:	00007797          	auipc	a5,0x7
80400b50:	51c7c783          	lbu	a5,1308(a5) # 80408068 <__modsi3+0x6d7c>
80400b54:	fb010113          	addi	sp,sp,-80
80400b58:	03512a23          	sw	s5,52(sp)
80400b5c:	02f10623          	sb	a5,44(sp)
80400b60:	04112623          	sw	ra,76(sp)
80400b64:	ffe60713          	addi	a4,a2,-2
80400b68:	00512423          	sw	t0,8(sp)
80400b6c:	01f12623          	sw	t6,12(sp)
80400b70:	01e12823          	sw	t5,16(sp)
80400b74:	01d12a23          	sw	t4,20(sp)
80400b78:	01c12c23          	sw	t3,24(sp)
80400b7c:	00612e23          	sw	t1,28(sp)
80400b80:	03112023          	sw	a7,32(sp)
80400b84:	03012223          	sw	a6,36(sp)
80400b88:	02d12423          	sw	a3,40(sp)
80400b8c:	02200793          	li	a5,34
80400b90:	00058a93          	mv	s5,a1
80400b94:	0ce7e463          	bltu	a5,a4,80400c5c <__utoa+0x13c>
80400b98:	04812423          	sw	s0,72(sp)
80400b9c:	04912223          	sw	s1,68(sp)
80400ba0:	05212023          	sw	s2,64(sp)
80400ba4:	03312e23          	sw	s3,60(sp)
80400ba8:	03412c23          	sw	s4,56(sp)
80400bac:	03612823          	sw	s6,48(sp)
80400bb0:	00060493          	mv	s1,a2
80400bb4:	00050413          	mv	s0,a0
80400bb8:	00000913          	li	s2,0
80400bbc:	00048593          	mv	a1,s1
80400bc0:	00040513          	mv	a0,s0
80400bc4:	6f4000ef          	jal	804012b8 <__umodsi3>
80400bc8:	00250533          	add	a0,a0,sp
80400bcc:	00854783          	lbu	a5,8(a0)
80400bd0:	00090993          	mv	s3,s2
80400bd4:	00190913          	addi	s2,s2,1
80400bd8:	012a8a33          	add	s4,s5,s2
80400bdc:	00040513          	mv	a0,s0
80400be0:	00048593          	mv	a1,s1
80400be4:	fefa0fa3          	sb	a5,-1(s4)
80400be8:	00040b13          	mv	s6,s0
80400bec:	684000ef          	jal	80401270 <__hidden___udivsi3>
80400bf0:	00050413          	mv	s0,a0
80400bf4:	fc9b74e3          	bgeu	s6,s1,80400bbc <__utoa+0x9c>
80400bf8:	000a0023          	sb	zero,0(s4)
80400bfc:	02098a63          	beqz	s3,80400c30 <__utoa+0x110>
80400c00:	000a8693          	mv	a3,s5
80400c04:	013a8733          	add	a4,s5,s3
80400c08:	00000793          	li	a5,0
80400c0c:	00074583          	lbu	a1,0(a4)
80400c10:	0006c603          	lbu	a2,0(a3)
80400c14:	00178793          	addi	a5,a5,1
80400c18:	00b68023          	sb	a1,0(a3)
80400c1c:	00c70023          	sb	a2,0(a4)
80400c20:	40f98633          	sub	a2,s3,a5
80400c24:	00168693          	addi	a3,a3,1
80400c28:	fff70713          	addi	a4,a4,-1
80400c2c:	fec7c0e3          	blt	a5,a2,80400c0c <__utoa+0xec>
80400c30:	04812403          	lw	s0,72(sp)
80400c34:	04c12083          	lw	ra,76(sp)
80400c38:	04412483          	lw	s1,68(sp)
80400c3c:	04012903          	lw	s2,64(sp)
80400c40:	03c12983          	lw	s3,60(sp)
80400c44:	03812a03          	lw	s4,56(sp)
80400c48:	03012b03          	lw	s6,48(sp)
80400c4c:	000a8513          	mv	a0,s5
80400c50:	03412a83          	lw	s5,52(sp)
80400c54:	05010113          	addi	sp,sp,80
80400c58:	00008067          	ret
80400c5c:	00058023          	sb	zero,0(a1)
80400c60:	04c12083          	lw	ra,76(sp)
80400c64:	03412a83          	lw	s5,52(sp)
80400c68:	00000513          	li	a0,0
80400c6c:	05010113          	addi	sp,sp,80
80400c70:	00008067          	ret

80400c74 <strcat>:
strcat():
80400c74:	ff010113          	addi	sp,sp,-16
80400c78:	00812423          	sw	s0,8(sp)
80400c7c:	00112623          	sw	ra,12(sp)
80400c80:	00357793          	andi	a5,a0,3
80400c84:	00050413          	mv	s0,a0
80400c88:	06079663          	bnez	a5,80400cf4 <strcat+0x80>
80400c8c:	00052703          	lw	a4,0(a0)
80400c90:	feff0637          	lui	a2,0xfeff0
80400c94:	eff60613          	addi	a2,a2,-257 # fefefeff <__heap_end+0x7e9efeff>
80400c98:	00c707b3          	add	a5,a4,a2
80400c9c:	808086b7          	lui	a3,0x80808
80400ca0:	fff74713          	not	a4,a4
80400ca4:	00e7f7b3          	and	a5,a5,a4
80400ca8:	08068693          	addi	a3,a3,128 # 80808080 <__heap_end+0x208080>
80400cac:	00d7f7b3          	and	a5,a5,a3
80400cb0:	04079263          	bnez	a5,80400cf4 <strcat+0x80>
80400cb4:	00452703          	lw	a4,4(a0)
80400cb8:	00450513          	addi	a0,a0,4
80400cbc:	00c707b3          	add	a5,a4,a2
80400cc0:	fff74713          	not	a4,a4
80400cc4:	00e7f7b3          	and	a5,a5,a4
80400cc8:	00d7f7b3          	and	a5,a5,a3
80400ccc:	02079463          	bnez	a5,80400cf4 <strcat+0x80>
80400cd0:	00452703          	lw	a4,4(a0)
80400cd4:	00450513          	addi	a0,a0,4
80400cd8:	00c707b3          	add	a5,a4,a2
80400cdc:	fff74713          	not	a4,a4
80400ce0:	00e7f7b3          	and	a5,a5,a4
80400ce4:	00d7f7b3          	and	a5,a5,a3
80400ce8:	fc0786e3          	beqz	a5,80400cb4 <strcat+0x40>
80400cec:	0080006f          	j	80400cf4 <strcat+0x80>
80400cf0:	00150513          	addi	a0,a0,1
80400cf4:	00054783          	lbu	a5,0(a0)
80400cf8:	fe079ce3          	bnez	a5,80400cf0 <strcat+0x7c>
80400cfc:	328000ef          	jal	80401024 <strcpy>
80400d00:	00c12083          	lw	ra,12(sp)
80400d04:	00040513          	mv	a0,s0
80400d08:	00812403          	lw	s0,8(sp)
80400d0c:	01010113          	addi	sp,sp,16
80400d10:	00008067          	ret

80400d14 <strncat>:
strncat():
80400d14:	00357713          	andi	a4,a0,3
80400d18:	00050793          	mv	a5,a0
80400d1c:	06071663          	bnez	a4,80400d88 <strncat+0x74>
80400d20:	00052683          	lw	a3,0(a0)
80400d24:	feff08b7          	lui	a7,0xfeff0
80400d28:	eff88893          	addi	a7,a7,-257 # fefefeff <__heap_end+0x7e9efeff>
80400d2c:	01168733          	add	a4,a3,a7
80400d30:	80808837          	lui	a6,0x80808
80400d34:	fff6c693          	not	a3,a3
80400d38:	00d77733          	and	a4,a4,a3
80400d3c:	08080813          	addi	a6,a6,128 # 80808080 <__heap_end+0x208080>
80400d40:	01077733          	and	a4,a4,a6
80400d44:	04071263          	bnez	a4,80400d88 <strncat+0x74>
80400d48:	0047a683          	lw	a3,4(a5)
80400d4c:	00478793          	addi	a5,a5,4
80400d50:	01168733          	add	a4,a3,a7
80400d54:	fff6c693          	not	a3,a3
80400d58:	00d77733          	and	a4,a4,a3
80400d5c:	01077733          	and	a4,a4,a6
80400d60:	02071463          	bnez	a4,80400d88 <strncat+0x74>
80400d64:	0047a683          	lw	a3,4(a5)
80400d68:	00478793          	addi	a5,a5,4
80400d6c:	01168733          	add	a4,a3,a7
80400d70:	fff6c693          	not	a3,a3
80400d74:	00d77733          	and	a4,a4,a3
80400d78:	01077733          	and	a4,a4,a6
80400d7c:	fc0706e3          	beqz	a4,80400d48 <strncat+0x34>
80400d80:	0080006f          	j	80400d88 <strncat+0x74>
80400d84:	00178793          	addi	a5,a5,1
80400d88:	0007c703          	lbu	a4,0(a5)
80400d8c:	fe071ce3          	bnez	a4,80400d84 <strncat+0x70>
80400d90:	00c786b3          	add	a3,a5,a2
80400d94:	02060463          	beqz	a2,80400dbc <strncat+0xa8>
80400d98:	0005c703          	lbu	a4,0(a1)
80400d9c:	00178793          	addi	a5,a5,1
80400da0:	00158593          	addi	a1,a1,1
80400da4:	fee78fa3          	sb	a4,-1(a5)
80400da8:	00070863          	beqz	a4,80400db8 <strncat+0xa4>
80400dac:	fef696e3          	bne	a3,a5,80400d98 <strncat+0x84>
80400db0:	00068023          	sb	zero,0(a3)
80400db4:	00008067          	ret
80400db8:	00008067          	ret
80400dbc:	00008067          	ret

80400dc0 <strncmp>:
strncmp():
80400dc0:	08060a63          	beqz	a2,80400e54 <strncmp+0x94>
80400dc4:	00b567b3          	or	a5,a0,a1
80400dc8:	0037f793          	andi	a5,a5,3
80400dcc:	04079a63          	bnez	a5,80400e20 <strncmp+0x60>
80400dd0:	feff0e37          	lui	t3,0xfeff0
80400dd4:	80808337          	lui	t1,0x80808
80400dd8:	00300893          	li	a7,3
80400ddc:	effe0e13          	addi	t3,t3,-257 # fefefeff <__heap_end+0x7e9efeff>
80400de0:	08030313          	addi	t1,t1,128 # 80808080 <__heap_end+0x208080>
80400de4:	02c8e063          	bltu	a7,a2,80400e04 <strncmp+0x44>
80400de8:	0380006f          	j	80400e20 <strncmp+0x60>
80400dec:	ffc60613          	addi	a2,a2,-4
80400df0:	06060263          	beqz	a2,80400e54 <strncmp+0x94>
80400df4:	06079063          	bnez	a5,80400e54 <strncmp+0x94>
80400df8:	00450513          	addi	a0,a0,4
80400dfc:	00458593          	addi	a1,a1,4
80400e00:	02c8f063          	bgeu	a7,a2,80400e20 <strncmp+0x60>
80400e04:	00052703          	lw	a4,0(a0)
80400e08:	0005a683          	lw	a3,0(a1)
80400e0c:	01c707b3          	add	a5,a4,t3
80400e10:	fff74813          	not	a6,a4
80400e14:	0107f7b3          	and	a5,a5,a6
80400e18:	0067f7b3          	and	a5,a5,t1
80400e1c:	fcd708e3          	beq	a4,a3,80400dec <strncmp+0x2c>
80400e20:	00054783          	lbu	a5,0(a0)
80400e24:	0005c703          	lbu	a4,0(a1)
80400e28:	fff60613          	addi	a2,a2,-1
80400e2c:	00c50633          	add	a2,a0,a2
80400e30:	00e78e63          	beq	a5,a4,80400e4c <strncmp+0x8c>
80400e34:	0280006f          	j	80400e5c <strncmp+0x9c>
80400e38:	00150513          	addi	a0,a0,1
80400e3c:	00078c63          	beqz	a5,80400e54 <strncmp+0x94>
80400e40:	00054783          	lbu	a5,0(a0)
80400e44:	0005c703          	lbu	a4,0(a1)
80400e48:	00e79a63          	bne	a5,a4,80400e5c <strncmp+0x9c>
80400e4c:	00158593          	addi	a1,a1,1
80400e50:	fea614e3          	bne	a2,a0,80400e38 <strncmp+0x78>
80400e54:	00000513          	li	a0,0
80400e58:	00008067          	ret
80400e5c:	40e78533          	sub	a0,a5,a4
80400e60:	00008067          	ret

80400e64 <__errno>:
__errno():
80400e64:	00007517          	auipc	a0,0x7
80400e68:	43052503          	lw	a0,1072(a0) # 80408294 <_impure_ptr>
80400e6c:	00008067          	ret

80400e70 <memcpy>:
memcpy():
80400e70:	00a5c7b3          	xor	a5,a1,a0
80400e74:	0037f793          	andi	a5,a5,3
80400e78:	00c508b3          	add	a7,a0,a2
80400e7c:	06079663          	bnez	a5,80400ee8 <memcpy+0x78>
80400e80:	00300793          	li	a5,3
80400e84:	06c7f263          	bgeu	a5,a2,80400ee8 <memcpy+0x78>
80400e88:	00357793          	andi	a5,a0,3
80400e8c:	00050713          	mv	a4,a0
80400e90:	0c079a63          	bnez	a5,80400f64 <memcpy+0xf4>
80400e94:	ffc8f613          	andi	a2,a7,-4
80400e98:	40e606b3          	sub	a3,a2,a4
80400e9c:	02000793          	li	a5,32
80400ea0:	06d7c463          	blt	a5,a3,80400f08 <memcpy+0x98>
80400ea4:	00058693          	mv	a3,a1
80400ea8:	00070793          	mv	a5,a4
80400eac:	02c77a63          	bgeu	a4,a2,80400ee0 <memcpy+0x70>
80400eb0:	0006a803          	lw	a6,0(a3)
80400eb4:	00478793          	addi	a5,a5,4
80400eb8:	00468693          	addi	a3,a3,4
80400ebc:	ff07ae23          	sw	a6,-4(a5)
80400ec0:	fec7e8e3          	bltu	a5,a2,80400eb0 <memcpy+0x40>
80400ec4:	fff60613          	addi	a2,a2,-1
80400ec8:	40e60633          	sub	a2,a2,a4
80400ecc:	ffc67613          	andi	a2,a2,-4
80400ed0:	00458593          	addi	a1,a1,4
80400ed4:	00470713          	addi	a4,a4,4
80400ed8:	00c585b3          	add	a1,a1,a2
80400edc:	00c70733          	add	a4,a4,a2
80400ee0:	01176863          	bltu	a4,a7,80400ef0 <memcpy+0x80>
80400ee4:	00008067          	ret
80400ee8:	00050713          	mv	a4,a0
80400eec:	ff157ce3          	bgeu	a0,a7,80400ee4 <memcpy+0x74>
80400ef0:	0005c783          	lbu	a5,0(a1)
80400ef4:	00170713          	addi	a4,a4,1
80400ef8:	00158593          	addi	a1,a1,1
80400efc:	fef70fa3          	sb	a5,-1(a4)
80400f00:	fee898e3          	bne	a7,a4,80400ef0 <memcpy+0x80>
80400f04:	00008067          	ret
80400f08:	0205a683          	lw	a3,32(a1)
80400f0c:	0005a383          	lw	t2,0(a1)
80400f10:	0045a283          	lw	t0,4(a1)
80400f14:	0085af83          	lw	t6,8(a1)
80400f18:	00c5af03          	lw	t5,12(a1)
80400f1c:	0105ae83          	lw	t4,16(a1)
80400f20:	0145ae03          	lw	t3,20(a1)
80400f24:	0185a303          	lw	t1,24(a1)
80400f28:	01c5a803          	lw	a6,28(a1)
80400f2c:	02470713          	addi	a4,a4,36
80400f30:	fed72e23          	sw	a3,-4(a4)
80400f34:	fc772e23          	sw	t2,-36(a4)
80400f38:	40e606b3          	sub	a3,a2,a4
80400f3c:	fe572023          	sw	t0,-32(a4)
80400f40:	fff72223          	sw	t6,-28(a4)
80400f44:	ffe72423          	sw	t5,-24(a4)
80400f48:	ffd72623          	sw	t4,-20(a4)
80400f4c:	ffc72823          	sw	t3,-16(a4)
80400f50:	fe672a23          	sw	t1,-12(a4)
80400f54:	ff072c23          	sw	a6,-8(a4)
80400f58:	02458593          	addi	a1,a1,36
80400f5c:	fad7c6e3          	blt	a5,a3,80400f08 <memcpy+0x98>
80400f60:	f45ff06f          	j	80400ea4 <memcpy+0x34>
80400f64:	0005c683          	lbu	a3,0(a1)
80400f68:	00170713          	addi	a4,a4,1
80400f6c:	00377793          	andi	a5,a4,3
80400f70:	fed70fa3          	sb	a3,-1(a4)
80400f74:	00158593          	addi	a1,a1,1
80400f78:	f0078ee3          	beqz	a5,80400e94 <memcpy+0x24>
80400f7c:	0005c683          	lbu	a3,0(a1)
80400f80:	00170713          	addi	a4,a4,1
80400f84:	00377793          	andi	a5,a4,3
80400f88:	fed70fa3          	sb	a3,-1(a4)
80400f8c:	00158593          	addi	a1,a1,1
80400f90:	fc079ae3          	bnez	a5,80400f64 <memcpy+0xf4>
80400f94:	f01ff06f          	j	80400e94 <memcpy+0x24>

80400f98 <strlen>:
strlen():
80400f98:	00357793          	andi	a5,a0,3
80400f9c:	00050713          	mv	a4,a0
80400fa0:	04079c63          	bnez	a5,80400ff8 <strlen+0x60>
80400fa4:	7f7f86b7          	lui	a3,0x7f7f8
80400fa8:	f7f68693          	addi	a3,a3,-129 # 7f7f7f7f <app_entry-0xc08081>
80400fac:	fff00593          	li	a1,-1
80400fb0:	00072603          	lw	a2,0(a4)
80400fb4:	00470713          	addi	a4,a4,4
80400fb8:	00d677b3          	and	a5,a2,a3
80400fbc:	00d787b3          	add	a5,a5,a3
80400fc0:	00c7e7b3          	or	a5,a5,a2
80400fc4:	00d7e7b3          	or	a5,a5,a3
80400fc8:	feb784e3          	beq	a5,a1,80400fb0 <strlen+0x18>
80400fcc:	ffc74683          	lbu	a3,-4(a4)
80400fd0:	40a707b3          	sub	a5,a4,a0
80400fd4:	04068463          	beqz	a3,8040101c <strlen+0x84>
80400fd8:	ffd74683          	lbu	a3,-3(a4)
80400fdc:	02068c63          	beqz	a3,80401014 <strlen+0x7c>
80400fe0:	ffe74503          	lbu	a0,-2(a4)
80400fe4:	00a03533          	snez	a0,a0
80400fe8:	00f50533          	add	a0,a0,a5
80400fec:	ffe50513          	addi	a0,a0,-2
80400ff0:	00008067          	ret
80400ff4:	fa0688e3          	beqz	a3,80400fa4 <strlen+0xc>
80400ff8:	00074783          	lbu	a5,0(a4)
80400ffc:	00170713          	addi	a4,a4,1
80401000:	00377693          	andi	a3,a4,3
80401004:	fe0798e3          	bnez	a5,80400ff4 <strlen+0x5c>
80401008:	40a70733          	sub	a4,a4,a0
8040100c:	fff70513          	addi	a0,a4,-1
80401010:	00008067          	ret
80401014:	ffd78513          	addi	a0,a5,-3
80401018:	00008067          	ret
8040101c:	ffc78513          	addi	a0,a5,-4
80401020:	00008067          	ret

80401024 <strcpy>:
strcpy():
80401024:	00b567b3          	or	a5,a0,a1
80401028:	0037f793          	andi	a5,a5,3
8040102c:	08079063          	bnez	a5,804010ac <strcpy+0x88>
80401030:	0005a703          	lw	a4,0(a1)
80401034:	7f7f86b7          	lui	a3,0x7f7f8
80401038:	f7f68693          	addi	a3,a3,-129 # 7f7f7f7f <app_entry-0xc08081>
8040103c:	00d77833          	and	a6,a4,a3
80401040:	00d80833          	add	a6,a6,a3
80401044:	00e86833          	or	a6,a6,a4
80401048:	00d86833          	or	a6,a6,a3
8040104c:	fff00793          	li	a5,-1
80401050:	00050613          	mv	a2,a0
80401054:	02f81463          	bne	a6,a5,8040107c <strcpy+0x58>
80401058:	00458593          	addi	a1,a1,4
8040105c:	00e62023          	sw	a4,0(a2)
80401060:	0005a703          	lw	a4,0(a1)
80401064:	00460613          	addi	a2,a2,4
80401068:	00d777b3          	and	a5,a4,a3
8040106c:	00d787b3          	add	a5,a5,a3
80401070:	00e7e7b3          	or	a5,a5,a4
80401074:	00d7e7b3          	or	a5,a5,a3
80401078:	ff0780e3          	beq	a5,a6,80401058 <strcpy+0x34>
8040107c:	0005c783          	lbu	a5,0(a1)
80401080:	0015c703          	lbu	a4,1(a1)
80401084:	0025c683          	lbu	a3,2(a1)
80401088:	00f60023          	sb	a5,0(a2)
8040108c:	00078a63          	beqz	a5,804010a0 <strcpy+0x7c>
80401090:	00e600a3          	sb	a4,1(a2)
80401094:	00070663          	beqz	a4,804010a0 <strcpy+0x7c>
80401098:	00d60123          	sb	a3,2(a2)
8040109c:	00069463          	bnez	a3,804010a4 <strcpy+0x80>
804010a0:	00008067          	ret
804010a4:	000601a3          	sb	zero,3(a2)
804010a8:	00008067          	ret
804010ac:	00050793          	mv	a5,a0
804010b0:	0005c703          	lbu	a4,0(a1)
804010b4:	00178793          	addi	a5,a5,1
804010b8:	00158593          	addi	a1,a1,1
804010bc:	fee78fa3          	sb	a4,-1(a5)
804010c0:	fe0718e3          	bnez	a4,804010b0 <strcpy+0x8c>
804010c4:	00008067          	ret

804010c8 <strcmp>:
strcmp():
804010c8:	00b56733          	or	a4,a0,a1
804010cc:	fff00393          	li	t2,-1
804010d0:	00377713          	andi	a4,a4,3
804010d4:	10071063          	bnez	a4,804011d4 <strcmp+0x10c>
804010d8:	7f7f87b7          	lui	a5,0x7f7f8
804010dc:	f7f78793          	addi	a5,a5,-129 # 7f7f7f7f <app_entry-0xc08081>
804010e0:	00052603          	lw	a2,0(a0)
804010e4:	0005a683          	lw	a3,0(a1)
804010e8:	00f672b3          	and	t0,a2,a5
804010ec:	00f66333          	or	t1,a2,a5
804010f0:	00f282b3          	add	t0,t0,a5
804010f4:	0062e2b3          	or	t0,t0,t1
804010f8:	10729263          	bne	t0,t2,804011fc <strcmp+0x134>
804010fc:	08d61663          	bne	a2,a3,80401188 <strcmp+0xc0>
80401100:	00452603          	lw	a2,4(a0)
80401104:	0045a683          	lw	a3,4(a1)
80401108:	00f672b3          	and	t0,a2,a5
8040110c:	00f66333          	or	t1,a2,a5
80401110:	00f282b3          	add	t0,t0,a5
80401114:	0062e2b3          	or	t0,t0,t1
80401118:	0c729e63          	bne	t0,t2,804011f4 <strcmp+0x12c>
8040111c:	06d61663          	bne	a2,a3,80401188 <strcmp+0xc0>
80401120:	00852603          	lw	a2,8(a0)
80401124:	0085a683          	lw	a3,8(a1)
80401128:	00f672b3          	and	t0,a2,a5
8040112c:	00f66333          	or	t1,a2,a5
80401130:	00f282b3          	add	t0,t0,a5
80401134:	0062e2b3          	or	t0,t0,t1
80401138:	0c729863          	bne	t0,t2,80401208 <strcmp+0x140>
8040113c:	04d61663          	bne	a2,a3,80401188 <strcmp+0xc0>
80401140:	00c52603          	lw	a2,12(a0)
80401144:	00c5a683          	lw	a3,12(a1)
80401148:	00f672b3          	and	t0,a2,a5
8040114c:	00f66333          	or	t1,a2,a5
80401150:	00f282b3          	add	t0,t0,a5
80401154:	0062e2b3          	or	t0,t0,t1
80401158:	0c729263          	bne	t0,t2,8040121c <strcmp+0x154>
8040115c:	02d61663          	bne	a2,a3,80401188 <strcmp+0xc0>
80401160:	01052603          	lw	a2,16(a0)
80401164:	0105a683          	lw	a3,16(a1)
80401168:	00f672b3          	and	t0,a2,a5
8040116c:	00f66333          	or	t1,a2,a5
80401170:	00f282b3          	add	t0,t0,a5
80401174:	0062e2b3          	or	t0,t0,t1
80401178:	0a729c63          	bne	t0,t2,80401230 <strcmp+0x168>
8040117c:	01450513          	addi	a0,a0,20
80401180:	01458593          	addi	a1,a1,20
80401184:	f4d60ee3          	beq	a2,a3,804010e0 <strcmp+0x18>
80401188:	01061713          	slli	a4,a2,0x10
8040118c:	01069793          	slli	a5,a3,0x10
80401190:	00f71e63          	bne	a4,a5,804011ac <strcmp+0xe4>
80401194:	01065713          	srli	a4,a2,0x10
80401198:	0106d793          	srli	a5,a3,0x10
8040119c:	40f70533          	sub	a0,a4,a5
804011a0:	0ff57593          	zext.b	a1,a0
804011a4:	02059063          	bnez	a1,804011c4 <strcmp+0xfc>
804011a8:	00008067          	ret
804011ac:	01075713          	srli	a4,a4,0x10
804011b0:	0107d793          	srli	a5,a5,0x10
804011b4:	40f70533          	sub	a0,a4,a5
804011b8:	0ff57593          	zext.b	a1,a0
804011bc:	00059463          	bnez	a1,804011c4 <strcmp+0xfc>
804011c0:	00008067          	ret
804011c4:	0ff77713          	zext.b	a4,a4
804011c8:	0ff7f793          	zext.b	a5,a5
804011cc:	40f70533          	sub	a0,a4,a5
804011d0:	00008067          	ret
804011d4:	00054603          	lbu	a2,0(a0)
804011d8:	0005c683          	lbu	a3,0(a1)
804011dc:	00150513          	addi	a0,a0,1
804011e0:	00158593          	addi	a1,a1,1
804011e4:	00d61463          	bne	a2,a3,804011ec <strcmp+0x124>
804011e8:	fe0616e3          	bnez	a2,804011d4 <strcmp+0x10c>
804011ec:	40d60533          	sub	a0,a2,a3
804011f0:	00008067          	ret
804011f4:	00450513          	addi	a0,a0,4
804011f8:	00458593          	addi	a1,a1,4
804011fc:	fcd61ce3          	bne	a2,a3,804011d4 <strcmp+0x10c>
80401200:	00000513          	li	a0,0
80401204:	00008067          	ret
80401208:	00850513          	addi	a0,a0,8
8040120c:	00858593          	addi	a1,a1,8
80401210:	fcd612e3          	bne	a2,a3,804011d4 <strcmp+0x10c>
80401214:	00000513          	li	a0,0
80401218:	00008067          	ret
8040121c:	00c50513          	addi	a0,a0,12
80401220:	00c58593          	addi	a1,a1,12
80401224:	fad618e3          	bne	a2,a3,804011d4 <strcmp+0x10c>
80401228:	00000513          	li	a0,0
8040122c:	00008067          	ret
80401230:	01050513          	addi	a0,a0,16
80401234:	01058593          	addi	a1,a1,16
80401238:	f8d61ee3          	bne	a2,a3,804011d4 <strcmp+0x10c>
8040123c:	00000513          	li	a0,0
80401240:	00008067          	ret

80401244 <__mulsi3>:
__mulsi3():
80401244:	00050613          	mv	a2,a0
80401248:	00000513          	li	a0,0
8040124c:	0015f693          	andi	a3,a1,1
80401250:	00068463          	beqz	a3,80401258 <__mulsi3+0x14>
80401254:	00c50533          	add	a0,a0,a2
80401258:	0015d593          	srli	a1,a1,0x1
8040125c:	00161613          	slli	a2,a2,0x1
80401260:	fe0596e3          	bnez	a1,8040124c <__mulsi3+0x8>
80401264:	00008067          	ret

80401268 <__divsi3>:
__divsi3():
80401268:	06054063          	bltz	a0,804012c8 <__umodsi3+0x10>
8040126c:	0605c663          	bltz	a1,804012d8 <__umodsi3+0x20>

80401270 <__hidden___udivsi3>:
80401270:	00058613          	mv	a2,a1
80401274:	00050593          	mv	a1,a0
80401278:	fff00513          	li	a0,-1
8040127c:	02060c63          	beqz	a2,804012b4 <__hidden___udivsi3+0x44>
80401280:	00100693          	li	a3,1
80401284:	00b67a63          	bgeu	a2,a1,80401298 <__hidden___udivsi3+0x28>
80401288:	00c05863          	blez	a2,80401298 <__hidden___udivsi3+0x28>
8040128c:	00161613          	slli	a2,a2,0x1
80401290:	00169693          	slli	a3,a3,0x1
80401294:	feb66ae3          	bltu	a2,a1,80401288 <__hidden___udivsi3+0x18>
80401298:	00000513          	li	a0,0
8040129c:	00c5e663          	bltu	a1,a2,804012a8 <__hidden___udivsi3+0x38>
804012a0:	40c585b3          	sub	a1,a1,a2
804012a4:	00d56533          	or	a0,a0,a3
804012a8:	0016d693          	srli	a3,a3,0x1
804012ac:	00165613          	srli	a2,a2,0x1
804012b0:	fe0696e3          	bnez	a3,8040129c <__hidden___udivsi3+0x2c>
804012b4:	00008067          	ret

804012b8 <__umodsi3>:
804012b8:	00008293          	mv	t0,ra
804012bc:	fb5ff0ef          	jal	80401270 <__hidden___udivsi3>
804012c0:	00058513          	mv	a0,a1
804012c4:	00028067          	jr	t0
804012c8:	40a00533          	neg	a0,a0
804012cc:	00b04863          	bgtz	a1,804012dc <__umodsi3+0x24>
804012d0:	40b005b3          	neg	a1,a1
804012d4:	f9dff06f          	j	80401270 <__hidden___udivsi3>
804012d8:	40b005b3          	neg	a1,a1
804012dc:	00008293          	mv	t0,ra
804012e0:	f91ff0ef          	jal	80401270 <__hidden___udivsi3>
804012e4:	40a00533          	neg	a0,a0
804012e8:	00028067          	jr	t0

804012ec <__modsi3>:
__modsi3():
804012ec:	00008293          	mv	t0,ra
804012f0:	0005ca63          	bltz	a1,80401304 <__modsi3+0x18>
804012f4:	00054c63          	bltz	a0,8040130c <__modsi3+0x20>
804012f8:	f79ff0ef          	jal	80401270 <__hidden___udivsi3>
804012fc:	00058513          	mv	a0,a1
80401300:	00028067          	jr	t0
80401304:	40b005b3          	neg	a1,a1
80401308:	fe0558e3          	bgez	a0,804012f8 <__modsi3+0xc>
8040130c:	40a00533          	neg	a0,a0
80401310:	f61ff0ef          	jal	80401270 <__hidden___udivsi3>
80401314:	40b00533          	neg	a0,a1
80401318:	00028067          	jr	t0
