
build/release/user/clock.elf:     file format elf32-littleriscv
build/release/user/clock.elf
architecture: riscv:rv32, flags 0x00000112:
EXEC_P, HAS_SYMS, D_PAGED
start address 0x80400000

Program Header:
0x70000003 off    0x0000204c vaddr 0x00000000 paddr 0x00000000 align 2**0
         filesz 0x0000004b memsz 0x00000000 flags r--
    LOAD off    0x00001000 vaddr 0x80400000 paddr 0x80400000 align 2**12
         filesz 0x00000b40 memsz 0x00000b40 flags r-x
    LOAD off    0x00002000 vaddr 0x80408000 paddr 0x80408000 align 2**12
         filesz 0x0000004c memsz 0x0000004c flags rw-

Sections:
Idx Name              Size      VMA       LMA       File off  Algn  Flags
  0 .text             00000b40  80400000  80400000  00001000  2**3  CONTENTS, ALLOC, LOAD, READONLY, CODE
  1 .rodata           00000048  80408000  80408000  00002000  2**3  CONTENTS, ALLOC, LOAD, READONLY, DATA
  2 .data             00000004  80408048  80408048  00002048  2**3  CONTENTS, ALLOC, LOAD, DATA
  3 .riscv.attributes 0000004b  00000000  00000000  0000204c  2**0  CONTENTS, READONLY
  4 .comment          00000032  00000000  00000000  00002097  2**0  CONTENTS, READONLY
SYMBOL TABLE:
80400000 l    d  .text	00000000 .text
80408000 l    d  .rodata	00000000 .rodata
80408048 l    d  .data	00000000 .data
00000000 l    d  .riscv.attributes	00000000 .riscv.attributes
00000000 l    d  .comment	00000000 .comment
00000000 l    df *ABS*	00000000 cczHPM7i.o
00000000 l    df *ABS*	00000000 clock.c
00000000 l    df *ABS*	00000000 print.c
00000000 l    df *ABS*	00000000 servers.c
00000000 l    df *ABS*	00000000 syscall.c
80408048 l     O .data	00000004 sc
00000000 l    df *ABS*	00000000 libc_a-itoa.o
00000000 l    df *ABS*	00000000 libc_a-utoa.o
00000000 l    df *ABS*	00000000 libc_a-strcat.o
00000000 l    df *ABS*	00000000 libc_a-strncat.o
00000000 l    df *ABS*	00000000 libc_a-memcpy.o
00000000 l    df *ABS*	00000000 libc_a-strlen.o
00000000 l    df *ABS*	00000000 libc_a-strcpy.o
00000000 l    df *ABS*	00000000 libc_a-strcmp.o
00000000 l    df *ABS*	00000000 div.o
8040086c g     F .text	000000a4 strcpy
80400204 g     F .text	00000098 my_printf
80400000 g       .text	00000000 app_entry
804006b8 g     F .text	00000128 memcpy
80400a94 g     F .text	00000048 .hidden __hidden___udivsi3
80400a94 g     F .text	00000048 .hidden __udivsi3
804003a8 g     F .text	00000070 itoa
80400338 g     F .text	00000070 sys_send
8040056c g     F .text	000000a0 strcat
80400adc g     F .text	00000010 .hidden __umodsi3
804000b8 g     F .text	0000014c format_to_str
8040060c g     F .text	000000ac strncat
80400418 g     F .text	00000154 __utoa
80400010 g     F .text	000000a8 main
80400a8c g     F .text	00000084 .hidden __divsi3
80400910 g     F .text	0000017c strcmp
80600000 g       *ABS*	00000000 __heap_end
80408050 g       .data	00000000 __heap_start
804002d0 g     F .text	00000068 term_write
8040029c g     F .text	00000034 exit
80400b10 g     F .text	00000030 .hidden __modsi3
804007e0 g     F .text	0000008c strlen



Disassembly of section .text:

80400000 <app_entry>:
app_entry():
80400000:	00052503          	lw	a0,0(a0)
80400004:	80800137          	lui	sp,0x80800
80400008:	008000ef          	jal	80400010 <main>
8040000c:	290000ef          	jal	8040029c <exit>

80400010 <main>:
main():
80400010:	fd010113          	addi	sp,sp,-48 # 807fffd0 <__heap_end+0x1fffd0>
80400014:	02112623          	sw	ra,44(sp)
80400018:	02812423          	sw	s0,40(sp)
8040001c:	03010413          	addi	s0,sp,48
80400020:	fca42e23          	sw	a0,-36(s0)
80400024:	fcb42c23          	sw	a1,-40(s0)
80400028:	fdc42703          	lw	a4,-36(s0)
8040002c:	00200793          	li	a5,2
80400030:	02f71863          	bne	a4,a5,80400060 <main+0x50>
80400034:	fd842783          	lw	a5,-40(s0)
80400038:	00478793          	addi	a5,a5,4
8040003c:	0007a703          	lw	a4,0(a5)
80400040:	804087b7          	lui	a5,0x80408
80400044:	00078593          	mv	a1,a5
80400048:	00070513          	mv	a0,a4
8040004c:	0c5000ef          	jal	80400910 <strcmp>
80400050:	00050793          	mv	a5,a0
80400054:	00079663          	bnez	a5,80400060 <main+0x50>
80400058:	00100793          	li	a5,1
8040005c:	0080006f          	j	80400064 <main+0x54>
80400060:	00000793          	li	a5,0
80400064:	fef42223          	sw	a5,-28(s0)
80400068:	fe042623          	sw	zero,-20(s0)
8040006c:	fe042423          	sw	zero,-24(s0)
80400070:	0100006f          	j	80400080 <main+0x70>
80400074:	fe842783          	lw	a5,-24(s0)
80400078:	00178793          	addi	a5,a5,1 # 80408001 <__modsi3+0x74f1>
8040007c:	fef42423          	sw	a5,-24(s0)
80400080:	fe842703          	lw	a4,-24(s0)
80400084:	004c57b7          	lui	a5,0x4c5
80400088:	b3f78793          	addi	a5,a5,-1217 # 4c4b3f <app_entry-0x7ff3b4c1>
8040008c:	fee7f4e3          	bgeu	a5,a4,80400074 <main+0x64>
80400090:	fe442783          	lw	a5,-28(s0)
80400094:	00079a63          	bnez	a5,804000a8 <main+0x98>
80400098:	fec42583          	lw	a1,-20(s0)
8040009c:	804087b7          	lui	a5,0x80408
804000a0:	00c78513          	addi	a0,a5,12 # 8040800c <__modsi3+0x74fc>
804000a4:	160000ef          	jal	80400204 <my_printf>
804000a8:	fec42783          	lw	a5,-20(s0)
804000ac:	00178793          	addi	a5,a5,1
804000b0:	fef42623          	sw	a5,-20(s0)
804000b4:	fb9ff06f          	j	8040006c <main+0x5c>

804000b8 <format_to_str>:
format_to_str():
804000b8:	fe010113          	addi	sp,sp,-32
804000bc:	00112e23          	sw	ra,28(sp)
804000c0:	00812c23          	sw	s0,24(sp)
804000c4:	00912a23          	sw	s1,20(sp)
804000c8:	02010413          	addi	s0,sp,32
804000cc:	fea42623          	sw	a0,-20(s0)
804000d0:	feb42423          	sw	a1,-24(s0)
804000d4:	fec42223          	sw	a2,-28(s0)
804000d8:	fec42783          	lw	a5,-20(s0)
804000dc:	00078023          	sb	zero,0(a5)
804000e0:	0fc0006f          	j	804001dc <format_to_str+0x124>
804000e4:	fe842783          	lw	a5,-24(s0)
804000e8:	0007c703          	lbu	a4,0(a5)
804000ec:	02500793          	li	a5,37
804000f0:	00f70c63          	beq	a4,a5,80400108 <format_to_str+0x50>
804000f4:	00100613          	li	a2,1
804000f8:	fe842583          	lw	a1,-24(s0)
804000fc:	fec42503          	lw	a0,-20(s0)
80400100:	50c000ef          	jal	8040060c <strncat>
80400104:	0cc0006f          	j	804001d0 <format_to_str+0x118>
80400108:	fe842783          	lw	a5,-24(s0)
8040010c:	00178793          	addi	a5,a5,1
80400110:	fef42423          	sw	a5,-24(s0)
80400114:	fe842783          	lw	a5,-24(s0)
80400118:	0007c703          	lbu	a4,0(a5)
8040011c:	07300793          	li	a5,115
80400120:	02f71263          	bne	a4,a5,80400144 <format_to_str+0x8c>
80400124:	fe442783          	lw	a5,-28(s0)
80400128:	00478713          	addi	a4,a5,4
8040012c:	fee42223          	sw	a4,-28(s0)
80400130:	0007a783          	lw	a5,0(a5)
80400134:	00078593          	mv	a1,a5
80400138:	fec42503          	lw	a0,-20(s0)
8040013c:	430000ef          	jal	8040056c <strcat>
80400140:	0900006f          	j	804001d0 <format_to_str+0x118>
80400144:	fe842783          	lw	a5,-24(s0)
80400148:	0007c703          	lbu	a4,0(a5)
8040014c:	06400793          	li	a5,100
80400150:	02f71e63          	bne	a4,a5,8040018c <format_to_str+0xd4>
80400154:	fe442783          	lw	a5,-28(s0)
80400158:	00478713          	addi	a4,a5,4
8040015c:	fee42223          	sw	a4,-28(s0)
80400160:	0007a483          	lw	s1,0(a5)
80400164:	fec42503          	lw	a0,-20(s0)
80400168:	678000ef          	jal	804007e0 <strlen>
8040016c:	00050713          	mv	a4,a0
80400170:	fec42783          	lw	a5,-20(s0)
80400174:	00e787b3          	add	a5,a5,a4
80400178:	00a00613          	li	a2,10
8040017c:	00078593          	mv	a1,a5
80400180:	00048513          	mv	a0,s1
80400184:	224000ef          	jal	804003a8 <itoa>
80400188:	0480006f          	j	804001d0 <format_to_str+0x118>
8040018c:	fe842783          	lw	a5,-24(s0)
80400190:	0007c703          	lbu	a4,0(a5)
80400194:	07800793          	li	a5,120
80400198:	02f71c63          	bne	a4,a5,804001d0 <format_to_str+0x118>
8040019c:	fe442783          	lw	a5,-28(s0)
804001a0:	00478713          	addi	a4,a5,4
804001a4:	fee42223          	sw	a4,-28(s0)
804001a8:	0007a483          	lw	s1,0(a5)
804001ac:	fec42503          	lw	a0,-20(s0)
804001b0:	630000ef          	jal	804007e0 <strlen>
804001b4:	00050713          	mv	a4,a0
804001b8:	fec42783          	lw	a5,-20(s0)
804001bc:	00e787b3          	add	a5,a5,a4
804001c0:	01000613          	li	a2,16
804001c4:	00078593          	mv	a1,a5
804001c8:	00048513          	mv	a0,s1
804001cc:	1dc000ef          	jal	804003a8 <itoa>
804001d0:	fe842783          	lw	a5,-24(s0)
804001d4:	00178793          	addi	a5,a5,1
804001d8:	fef42423          	sw	a5,-24(s0)
804001dc:	fe842783          	lw	a5,-24(s0)
804001e0:	0007c783          	lbu	a5,0(a5)
804001e4:	f00790e3          	bnez	a5,804000e4 <format_to_str+0x2c>
804001e8:	00000013          	nop
804001ec:	00000013          	nop
804001f0:	01c12083          	lw	ra,28(sp)
804001f4:	01812403          	lw	s0,24(sp)
804001f8:	01412483          	lw	s1,20(sp)
804001fc:	02010113          	addi	sp,sp,32
80400200:	00008067          	ret

80400204 <my_printf>:
my_printf():
80400204:	db010113          	addi	sp,sp,-592
80400208:	22112623          	sw	ra,556(sp)
8040020c:	22812423          	sw	s0,552(sp)
80400210:	23010413          	addi	s0,sp,560
80400214:	dca42e23          	sw	a0,-548(s0)
80400218:	00b42223          	sw	a1,4(s0)
8040021c:	00c42423          	sw	a2,8(s0)
80400220:	00d42623          	sw	a3,12(s0)
80400224:	00e42823          	sw	a4,16(s0)
80400228:	00f42a23          	sw	a5,20(s0)
8040022c:	01042c23          	sw	a6,24(s0)
80400230:	01142e23          	sw	a7,28(s0)
80400234:	de040823          	sb	zero,-528(s0)
80400238:	02040793          	addi	a5,s0,32
8040023c:	dcf42c23          	sw	a5,-552(s0)
80400240:	dd842783          	lw	a5,-552(s0)
80400244:	fe478793          	addi	a5,a5,-28
80400248:	def42623          	sw	a5,-532(s0)
8040024c:	dec42703          	lw	a4,-532(s0)
80400250:	df040793          	addi	a5,s0,-528
80400254:	00070613          	mv	a2,a4
80400258:	ddc42583          	lw	a1,-548(s0)
8040025c:	00078513          	mv	a0,a5
80400260:	e59ff0ef          	jal	804000b8 <format_to_str>
80400264:	df040793          	addi	a5,s0,-528
80400268:	00078513          	mv	a0,a5
8040026c:	574000ef          	jal	804007e0 <strlen>
80400270:	00050713          	mv	a4,a0
80400274:	df040793          	addi	a5,s0,-528
80400278:	00070593          	mv	a1,a4
8040027c:	00078513          	mv	a0,a5
80400280:	050000ef          	jal	804002d0 <term_write>
80400284:	00000013          	nop
80400288:	00078513          	mv	a0,a5
8040028c:	22c12083          	lw	ra,556(sp)
80400290:	22812403          	lw	s0,552(sp)
80400294:	25010113          	addi	sp,sp,592
80400298:	00008067          	ret

8040029c <exit>:
exit():
8040029c:	dd010113          	addi	sp,sp,-560
804002a0:	22112623          	sw	ra,556(sp)
804002a4:	22812423          	sw	s0,552(sp)
804002a8:	23010413          	addi	s0,sp,560
804002ac:	dca42e23          	sw	a0,-548(s0)
804002b0:	00100793          	li	a5,1
804002b4:	def42423          	sw	a5,-536(s0)
804002b8:	de840793          	addi	a5,s0,-536
804002bc:	20800613          	li	a2,520
804002c0:	00078593          	mv	a1,a5
804002c4:	00100513          	li	a0,1
804002c8:	070000ef          	jal	80400338 <sys_send>
804002cc:	0000006f          	j	804002cc <exit+0x30>

804002d0 <term_write>:
term_write():
804002d0:	dd010113          	addi	sp,sp,-560
804002d4:	22112623          	sw	ra,556(sp)
804002d8:	22812423          	sw	s0,552(sp)
804002dc:	23010413          	addi	s0,sp,560
804002e0:	dca42e23          	sw	a0,-548(s0)
804002e4:	dcb42c23          	sw	a1,-552(s0)
804002e8:	00100793          	li	a5,1
804002ec:	def42423          	sw	a5,-536(s0)
804002f0:	dd842783          	lw	a5,-552(s0)
804002f4:	def42623          	sw	a5,-532(s0)
804002f8:	de840793          	addi	a5,s0,-536
804002fc:	00878793          	addi	a5,a5,8
80400300:	dd842603          	lw	a2,-552(s0)
80400304:	ddc42583          	lw	a1,-548(s0)
80400308:	00078513          	mv	a0,a5
8040030c:	3ac000ef          	jal	804006b8 <memcpy>
80400310:	de840793          	addi	a5,s0,-536
80400314:	20800613          	li	a2,520
80400318:	00078593          	mv	a1,a5
8040031c:	00200513          	li	a0,2
80400320:	018000ef          	jal	80400338 <sys_send>
80400324:	00000013          	nop
80400328:	22c12083          	lw	ra,556(sp)
8040032c:	22812403          	lw	s0,552(sp)
80400330:	23010113          	addi	sp,sp,560
80400334:	00008067          	ret

80400338 <sys_send>:
sys_send():
80400338:	fe010113          	addi	sp,sp,-32
8040033c:	00112e23          	sw	ra,28(sp)
80400340:	00812c23          	sw	s0,24(sp)
80400344:	02010413          	addi	s0,sp,32
80400348:	fea42623          	sw	a0,-20(s0)
8040034c:	feb42423          	sw	a1,-24(s0)
80400350:	fec42223          	sw	a2,-28(s0)
80400354:	804087b7          	lui	a5,0x80408
80400358:	0487a783          	lw	a5,72(a5) # 80408048 <sc>
8040035c:	00200713          	li	a4,2
80400360:	00e7a023          	sw	a4,0(a5)
80400364:	804087b7          	lui	a5,0x80408
80400368:	0487a783          	lw	a5,72(a5) # 80408048 <sc>
8040036c:	fec42703          	lw	a4,-20(s0)
80400370:	00e7a423          	sw	a4,8(a5)
80400374:	804087b7          	lui	a5,0x80408
80400378:	0487a783          	lw	a5,72(a5) # 80408048 <sc>
8040037c:	00c78793          	addi	a5,a5,12
80400380:	fe442603          	lw	a2,-28(s0)
80400384:	fe842583          	lw	a1,-24(s0)
80400388:	00078513          	mv	a0,a5
8040038c:	32c000ef          	jal	804006b8 <memcpy>
80400390:	00000073          	ecall
80400394:	00000013          	nop
80400398:	01c12083          	lw	ra,28(sp)
8040039c:	01812403          	lw	s0,24(sp)
804003a0:	02010113          	addi	sp,sp,32
804003a4:	00008067          	ret

804003a8 <itoa>:
itoa():
804003a8:	ff010113          	addi	sp,sp,-16
804003ac:	00812423          	sw	s0,8(sp)
804003b0:	00112623          	sw	ra,12(sp)
804003b4:	ffe60713          	addi	a4,a2,-2
804003b8:	02200793          	li	a5,34
804003bc:	00058413          	mv	s0,a1
804003c0:	04e7e063          	bltu	a5,a4,80400400 <itoa+0x58>
804003c4:	00a00793          	li	a5,10
804003c8:	02f60063          	beq	a2,a5,804003e8 <itoa+0x40>
804003cc:	00040593          	mv	a1,s0
804003d0:	048000ef          	jal	80400418 <__utoa>
804003d4:	00c12083          	lw	ra,12(sp)
804003d8:	00040513          	mv	a0,s0
804003dc:	00812403          	lw	s0,8(sp)
804003e0:	01010113          	addi	sp,sp,16
804003e4:	00008067          	ret
804003e8:	fe0552e3          	bgez	a0,804003cc <itoa+0x24>
804003ec:	02d00793          	li	a5,45
804003f0:	00f58023          	sb	a5,0(a1)
804003f4:	40a00533          	neg	a0,a0
804003f8:	00158593          	addi	a1,a1,1
804003fc:	fd5ff06f          	j	804003d0 <itoa+0x28>
80400400:	00058023          	sb	zero,0(a1)
80400404:	00c12083          	lw	ra,12(sp)
80400408:	00812403          	lw	s0,8(sp)
8040040c:	00000513          	li	a0,0
80400410:	01010113          	addi	sp,sp,16
80400414:	00008067          	ret

80400418 <__utoa>:
__utoa():
80400418:	00008797          	auipc	a5,0x8
8040041c:	c0878793          	addi	a5,a5,-1016 # 80408020 <__modsi3+0x7510>
80400420:	0007a283          	lw	t0,0(a5)
80400424:	0047af83          	lw	t6,4(a5)
80400428:	0087af03          	lw	t5,8(a5)
8040042c:	00c7ae83          	lw	t4,12(a5)
80400430:	0107ae03          	lw	t3,16(a5)
80400434:	0147a303          	lw	t1,20(a5)
80400438:	0187a883          	lw	a7,24(a5)
8040043c:	01c7a803          	lw	a6,28(a5)
80400440:	0207a683          	lw	a3,32(a5)
80400444:	00008797          	auipc	a5,0x8
80400448:	c007c783          	lbu	a5,-1024(a5) # 80408044 <__modsi3+0x7534>
8040044c:	fb010113          	addi	sp,sp,-80
80400450:	03512a23          	sw	s5,52(sp)
80400454:	02f10623          	sb	a5,44(sp)
80400458:	04112623          	sw	ra,76(sp)
8040045c:	ffe60713          	addi	a4,a2,-2
80400460:	00512423          	sw	t0,8(sp)
80400464:	01f12623          	sw	t6,12(sp)
80400468:	01e12823          	sw	t5,16(sp)
8040046c:	01d12a23          	sw	t4,20(sp)
80400470:	01c12c23          	sw	t3,24(sp)
80400474:	00612e23          	sw	t1,28(sp)
80400478:	03112023          	sw	a7,32(sp)
8040047c:	03012223          	sw	a6,36(sp)
80400480:	02d12423          	sw	a3,40(sp)
80400484:	02200793          	li	a5,34
80400488:	00058a93          	mv	s5,a1
8040048c:	0ce7e463          	bltu	a5,a4,80400554 <__utoa+0x13c>
80400490:	04812423          	sw	s0,72(sp)
80400494:	04912223          	sw	s1,68(sp)
80400498:	05212023          	sw	s2,64(sp)
8040049c:	03312e23          	sw	s3,60(sp)
804004a0:	03412c23          	sw	s4,56(sp)
804004a4:	03612823          	sw	s6,48(sp)
804004a8:	00060493          	mv	s1,a2
804004ac:	00050413          	mv	s0,a0
804004b0:	00000913          	li	s2,0
804004b4:	00048593          	mv	a1,s1
804004b8:	00040513          	mv	a0,s0
804004bc:	620000ef          	jal	80400adc <__umodsi3>
804004c0:	00250533          	add	a0,a0,sp
804004c4:	00854783          	lbu	a5,8(a0)
804004c8:	00090993          	mv	s3,s2
804004cc:	00190913          	addi	s2,s2,1
804004d0:	012a8a33          	add	s4,s5,s2
804004d4:	00040513          	mv	a0,s0
804004d8:	00048593          	mv	a1,s1
804004dc:	fefa0fa3          	sb	a5,-1(s4)
804004e0:	00040b13          	mv	s6,s0
804004e4:	5b0000ef          	jal	80400a94 <__hidden___udivsi3>
804004e8:	00050413          	mv	s0,a0
804004ec:	fc9b74e3          	bgeu	s6,s1,804004b4 <__utoa+0x9c>
804004f0:	000a0023          	sb	zero,0(s4)
804004f4:	02098a63          	beqz	s3,80400528 <__utoa+0x110>
804004f8:	000a8693          	mv	a3,s5
804004fc:	013a8733          	add	a4,s5,s3
80400500:	00000793          	li	a5,0
80400504:	00074583          	lbu	a1,0(a4)
80400508:	0006c603          	lbu	a2,0(a3)
8040050c:	00178793          	addi	a5,a5,1
80400510:	00b68023          	sb	a1,0(a3)
80400514:	00c70023          	sb	a2,0(a4)
80400518:	40f98633          	sub	a2,s3,a5
8040051c:	00168693          	addi	a3,a3,1
80400520:	fff70713          	addi	a4,a4,-1
80400524:	fec7c0e3          	blt	a5,a2,80400504 <__utoa+0xec>
80400528:	04812403          	lw	s0,72(sp)
8040052c:	04c12083          	lw	ra,76(sp)
80400530:	04412483          	lw	s1,68(sp)
80400534:	04012903          	lw	s2,64(sp)
80400538:	03c12983          	lw	s3,60(sp)
8040053c:	03812a03          	lw	s4,56(sp)
80400540:	03012b03          	lw	s6,48(sp)
80400544:	000a8513          	mv	a0,s5
80400548:	03412a83          	lw	s5,52(sp)
8040054c:	05010113          	addi	sp,sp,80
80400550:	00008067          	ret
80400554:	00058023          	sb	zero,0(a1)
80400558:	04c12083          	lw	ra,76(sp)
8040055c:	03412a83          	lw	s5,52(sp)
80400560:	00000513          	li	a0,0
80400564:	05010113          	addi	sp,sp,80
80400568:	00008067          	ret

8040056c <strcat>:
strcat():
8040056c:	ff010113          	addi	sp,sp,-16
80400570:	00812423          	sw	s0,8(sp)
80400574:	00112623          	sw	ra,12(sp)
80400578:	00357793          	andi	a5,a0,3
8040057c:	00050413          	mv	s0,a0
80400580:	06079663          	bnez	a5,804005ec <strcat+0x80>
80400584:	00052703          	lw	a4,0(a0)
80400588:	feff0637          	lui	a2,0xfeff0
8040058c:	eff60613          	addi	a2,a2,-257 # fefefeff <__heap_end+0x7e9efeff>
80400590:	00c707b3          	add	a5,a4,a2
80400594:	808086b7          	lui	a3,0x80808
80400598:	fff74713          	not	a4,a4
8040059c:	00e7f7b3          	and	a5,a5,a4
804005a0:	08068693          	addi	a3,a3,128 # 80808080 <__heap_end+0x208080>
804005a4:	00d7f7b3          	and	a5,a5,a3
804005a8:	04079263          	bnez	a5,804005ec <strcat+0x80>
804005ac:	00452703          	lw	a4,4(a0)
804005b0:	00450513          	addi	a0,a0,4
804005b4:	00c707b3          	add	a5,a4,a2
804005b8:	fff74713          	not	a4,a4
804005bc:	00e7f7b3          	and	a5,a5,a4
804005c0:	00d7f7b3          	and	a5,a5,a3
804005c4:	02079463          	bnez	a5,804005ec <strcat+0x80>
804005c8:	00452703          	lw	a4,4(a0)
804005cc:	00450513          	addi	a0,a0,4
804005d0:	00c707b3          	add	a5,a4,a2
804005d4:	fff74713          	not	a4,a4
804005d8:	00e7f7b3          	and	a5,a5,a4
804005dc:	00d7f7b3          	and	a5,a5,a3
804005e0:	fc0786e3          	beqz	a5,804005ac <strcat+0x40>
804005e4:	0080006f          	j	804005ec <strcat+0x80>
804005e8:	00150513          	addi	a0,a0,1
804005ec:	00054783          	lbu	a5,0(a0)
804005f0:	fe079ce3          	bnez	a5,804005e8 <strcat+0x7c>
804005f4:	278000ef          	jal	8040086c <strcpy>
804005f8:	00c12083          	lw	ra,12(sp)
804005fc:	00040513          	mv	a0,s0
80400600:	00812403          	lw	s0,8(sp)
80400604:	01010113          	addi	sp,sp,16
80400608:	00008067          	ret

8040060c <strncat>:
strncat():
8040060c:	00357713          	andi	a4,a0,3
80400610:	00050793          	mv	a5,a0
80400614:	06071663          	bnez	a4,80400680 <strncat+0x74>
80400618:	00052683          	lw	a3,0(a0)
8040061c:	feff08b7          	lui	a7,0xfeff0
80400620:	eff88893          	addi	a7,a7,-257 # fefefeff <__heap_end+0x7e9efeff>
80400624:	01168733          	add	a4,a3,a7
80400628:	80808837          	lui	a6,0x80808
8040062c:	fff6c693          	not	a3,a3
80400630:	00d77733          	and	a4,a4,a3
80400634:	08080813          	addi	a6,a6,128 # 80808080 <__heap_end+0x208080>
80400638:	01077733          	and	a4,a4,a6
8040063c:	04071263          	bnez	a4,80400680 <strncat+0x74>
80400640:	0047a683          	lw	a3,4(a5)
80400644:	00478793          	addi	a5,a5,4
80400648:	01168733          	add	a4,a3,a7
8040064c:	fff6c693          	not	a3,a3
80400650:	00d77733          	and	a4,a4,a3
80400654:	01077733          	and	a4,a4,a6
80400658:	02071463          	bnez	a4,80400680 <strncat+0x74>
8040065c:	0047a683          	lw	a3,4(a5)
80400660:	00478793          	addi	a5,a5,4
80400664:	01168733          	add	a4,a3,a7
80400668:	fff6c693          	not	a3,a3
8040066c:	00d77733          	and	a4,a4,a3
80400670:	01077733          	and	a4,a4,a6
80400674:	fc0706e3          	beqz	a4,80400640 <strncat+0x34>
80400678:	0080006f          	j	80400680 <strncat+0x74>
8040067c:	00178793          	addi	a5,a5,1
80400680:	0007c703          	lbu	a4,0(a5)
80400684:	fe071ce3          	bnez	a4,8040067c <strncat+0x70>
80400688:	00c786b3          	add	a3,a5,a2
8040068c:	02060463          	beqz	a2,804006b4 <strncat+0xa8>
80400690:	0005c703          	lbu	a4,0(a1)
80400694:	00178793          	addi	a5,a5,1
80400698:	00158593          	addi	a1,a1,1
8040069c:	fee78fa3          	sb	a4,-1(a5)
804006a0:	00070863          	beqz	a4,804006b0 <strncat+0xa4>
804006a4:	fef696e3          	bne	a3,a5,80400690 <strncat+0x84>
804006a8:	00068023          	sb	zero,0(a3)
804006ac:	00008067          	ret
804006b0:	00008067          	ret
804006b4:	00008067          	ret

804006b8 <memcpy>:
memcpy():
804006b8:	00a5c7b3          	xor	a5,a1,a0
804006bc:	0037f793          	andi	a5,a5,3
804006c0:	00c508b3          	add	a7,a0,a2
804006c4:	06079663          	bnez	a5,80400730 <memcpy+0x78>
804006c8:	00300793          	li	a5,3
804006cc:	06c7f263          	bgeu	a5,a2,80400730 <memcpy+0x78>
804006d0:	00357793          	andi	a5,a0,3
804006d4:	00050713          	mv	a4,a0
804006d8:	0c079a63          	bnez	a5,804007ac <memcpy+0xf4>
804006dc:	ffc8f613          	andi	a2,a7,-4
804006e0:	40e606b3          	sub	a3,a2,a4
804006e4:	02000793          	li	a5,32
804006e8:	06d7c463          	blt	a5,a3,80400750 <memcpy+0x98>
804006ec:	00058693          	mv	a3,a1
804006f0:	00070793          	mv	a5,a4
804006f4:	02c77a63          	bgeu	a4,a2,80400728 <memcpy+0x70>
804006f8:	0006a803          	lw	a6,0(a3)
804006fc:	00478793          	addi	a5,a5,4
80400700:	00468693          	addi	a3,a3,4
80400704:	ff07ae23          	sw	a6,-4(a5)
80400708:	fec7e8e3          	bltu	a5,a2,804006f8 <memcpy+0x40>
8040070c:	fff60613          	addi	a2,a2,-1
80400710:	40e60633          	sub	a2,a2,a4
80400714:	ffc67613          	andi	a2,a2,-4
80400718:	00458593          	addi	a1,a1,4
8040071c:	00470713          	addi	a4,a4,4
80400720:	00c585b3          	add	a1,a1,a2
80400724:	00c70733          	add	a4,a4,a2
80400728:	01176863          	bltu	a4,a7,80400738 <memcpy+0x80>
8040072c:	00008067          	ret
80400730:	00050713          	mv	a4,a0
80400734:	ff157ce3          	bgeu	a0,a7,8040072c <memcpy+0x74>
80400738:	0005c783          	lbu	a5,0(a1)
8040073c:	00170713          	addi	a4,a4,1
80400740:	00158593          	addi	a1,a1,1
80400744:	fef70fa3          	sb	a5,-1(a4)
80400748:	fee898e3          	bne	a7,a4,80400738 <memcpy+0x80>
8040074c:	00008067          	ret
80400750:	0205a683          	lw	a3,32(a1)
80400754:	0005a383          	lw	t2,0(a1)
80400758:	0045a283          	lw	t0,4(a1)
8040075c:	0085af83          	lw	t6,8(a1)
80400760:	00c5af03          	lw	t5,12(a1)
80400764:	0105ae83          	lw	t4,16(a1)
80400768:	0145ae03          	lw	t3,20(a1)
8040076c:	0185a303          	lw	t1,24(a1)
80400770:	01c5a803          	lw	a6,28(a1)
80400774:	02470713          	addi	a4,a4,36
80400778:	fed72e23          	sw	a3,-4(a4)
8040077c:	fc772e23          	sw	t2,-36(a4)
80400780:	40e606b3          	sub	a3,a2,a4
80400784:	fe572023          	sw	t0,-32(a4)
80400788:	fff72223          	sw	t6,-28(a4)
8040078c:	ffe72423          	sw	t5,-24(a4)
80400790:	ffd72623          	sw	t4,-20(a4)
80400794:	ffc72823          	sw	t3,-16(a4)
80400798:	fe672a23          	sw	t1,-12(a4)
8040079c:	ff072c23          	sw	a6,-8(a4)
804007a0:	02458593          	addi	a1,a1,36
804007a4:	fad7c6e3          	blt	a5,a3,80400750 <memcpy+0x98>
804007a8:	f45ff06f          	j	804006ec <memcpy+0x34>
804007ac:	0005c683          	lbu	a3,0(a1)
804007b0:	00170713          	addi	a4,a4,1
804007b4:	00377793          	andi	a5,a4,3
804007b8:	fed70fa3          	sb	a3,-1(a4)
804007bc:	00158593          	addi	a1,a1,1
804007c0:	f0078ee3          	beqz	a5,804006dc <memcpy+0x24>
804007c4:	0005c683          	lbu	a3,0(a1)
804007c8:	00170713          	addi	a4,a4,1
804007cc:	00377793          	andi	a5,a4,3
804007d0:	fed70fa3          	sb	a3,-1(a4)
804007d4:	00158593          	addi	a1,a1,1
804007d8:	fc079ae3          	bnez	a5,804007ac <memcpy+0xf4>
804007dc:	f01ff06f          	j	804006dc <memcpy+0x24>

804007e0 <strlen>:
strlen():
804007e0:	00357793          	andi	a5,a0,3
804007e4:	00050713          	mv	a4,a0
804007e8:	04079c63          	bnez	a5,80400840 <strlen+0x60>
804007ec:	7f7f86b7          	lui	a3,0x7f7f8
804007f0:	f7f68693          	addi	a3,a3,-129 # 7f7f7f7f <app_entry-0xc08081>
804007f4:	fff00593          	li	a1,-1
804007f8:	00072603          	lw	a2,0(a4)
804007fc:	00470713          	addi	a4,a4,4
80400800:	00d677b3          	and	a5,a2,a3
80400804:	00d787b3          	add	a5,a5,a3
80400808:	00c7e7b3          	or	a5,a5,a2
8040080c:	00d7e7b3          	or	a5,a5,a3
80400810:	feb784e3          	beq	a5,a1,804007f8 <strlen+0x18>
80400814:	ffc74683          	lbu	a3,-4(a4)
80400818:	40a707b3          	sub	a5,a4,a0
8040081c:	04068463          	beqz	a3,80400864 <strlen+0x84>
80400820:	ffd74683          	lbu	a3,-3(a4)
80400824:	02068c63          	beqz	a3,8040085c <strlen+0x7c>
80400828:	ffe74503          	lbu	a0,-2(a4)
8040082c:	00a03533          	snez	a0,a0
80400830:	00f50533          	add	a0,a0,a5
80400834:	ffe50513          	addi	a0,a0,-2
80400838:	00008067          	ret
8040083c:	fa0688e3          	beqz	a3,804007ec <strlen+0xc>
80400840:	00074783          	lbu	a5,0(a4)
80400844:	00170713          	addi	a4,a4,1
80400848:	00377693          	andi	a3,a4,3
8040084c:	fe0798e3          	bnez	a5,8040083c <strlen+0x5c>
80400850:	40a70733          	sub	a4,a4,a0
80400854:	fff70513          	addi	a0,a4,-1
80400858:	00008067          	ret
8040085c:	ffd78513          	addi	a0,a5,-3
80400860:	00008067          	ret
80400864:	ffc78513          	addi	a0,a5,-4
80400868:	00008067          	ret

8040086c <strcpy>:
strcpy():
8040086c:	00b567b3          	or	a5,a0,a1
80400870:	0037f793          	andi	a5,a5,3
80400874:	08079063          	bnez	a5,804008f4 <strcpy+0x88>
80400878:	0005a703          	lw	a4,0(a1)
8040087c:	7f7f86b7          	lui	a3,0x7f7f8
80400880:	f7f68693          	addi	a3,a3,-129 # 7f7f7f7f <app_entry-0xc08081>
80400884:	00d77833          	and	a6,a4,a3
80400888:	00d80833          	add	a6,a6,a3
8040088c:	00e86833          	or	a6,a6,a4
80400890:	00d86833          	or	a6,a6,a3
80400894:	fff00793          	li	a5,-1
80400898:	00050613          	mv	a2,a0
8040089c:	02f81463          	bne	a6,a5,804008c4 <strcpy+0x58>
804008a0:	00458593          	addi	a1,a1,4
804008a4:	00e62023          	sw	a4,0(a2)
804008a8:	0005a703          	lw	a4,0(a1)
804008ac:	00460613          	addi	a2,a2,4
804008b0:	00d777b3          	and	a5,a4,a3
804008b4:	00d787b3          	add	a5,a5,a3
804008b8:	00e7e7b3          	or	a5,a5,a4
804008bc:	00d7e7b3          	or	a5,a5,a3
804008c0:	ff0780e3          	beq	a5,a6,804008a0 <strcpy+0x34>
804008c4:	0005c783          	lbu	a5,0(a1)
804008c8:	0015c703          	lbu	a4,1(a1)
804008cc:	0025c683          	lbu	a3,2(a1)
804008d0:	00f60023          	sb	a5,0(a2)
804008d4:	00078a63          	beqz	a5,804008e8 <strcpy+0x7c>
804008d8:	00e600a3          	sb	a4,1(a2)
804008dc:	00070663          	beqz	a4,804008e8 <strcpy+0x7c>
804008e0:	00d60123          	sb	a3,2(a2)
804008e4:	00069463          	bnez	a3,804008ec <strcpy+0x80>
804008e8:	00008067          	ret
804008ec:	000601a3          	sb	zero,3(a2)
804008f0:	00008067          	ret
804008f4:	00050793          	mv	a5,a0
804008f8:	0005c703          	lbu	a4,0(a1)
804008fc:	00178793          	addi	a5,a5,1
80400900:	00158593          	addi	a1,a1,1
80400904:	fee78fa3          	sb	a4,-1(a5)
80400908:	fe0718e3          	bnez	a4,804008f8 <strcpy+0x8c>
8040090c:	00008067          	ret

80400910 <strcmp>:
strcmp():
80400910:	00b56733          	or	a4,a0,a1
80400914:	fff00393          	li	t2,-1
80400918:	00377713          	andi	a4,a4,3
8040091c:	10071063          	bnez	a4,80400a1c <strcmp+0x10c>
80400920:	7f7f87b7          	lui	a5,0x7f7f8
80400924:	f7f78793          	addi	a5,a5,-129 # 7f7f7f7f <app_entry-0xc08081>
80400928:	00052603          	lw	a2,0(a0)
8040092c:	0005a683          	lw	a3,0(a1)
80400930:	00f672b3          	and	t0,a2,a5
80400934:	00f66333          	or	t1,a2,a5
80400938:	00f282b3          	add	t0,t0,a5
8040093c:	0062e2b3          	or	t0,t0,t1
80400940:	10729263          	bne	t0,t2,80400a44 <strcmp+0x134>
80400944:	08d61663          	bne	a2,a3,804009d0 <strcmp+0xc0>
80400948:	00452603          	lw	a2,4(a0)
8040094c:	0045a683          	lw	a3,4(a1)
80400950:	00f672b3          	and	t0,a2,a5
80400954:	00f66333          	or	t1,a2,a5
80400958:	00f282b3          	add	t0,t0,a5
8040095c:	0062e2b3          	or	t0,t0,t1
80400960:	0c729e63          	bne	t0,t2,80400a3c <strcmp+0x12c>
80400964:	06d61663          	bne	a2,a3,804009d0 <strcmp+0xc0>
80400968:	00852603          	lw	a2,8(a0)
8040096c:	0085a683          	lw	a3,8(a1)
80400970:	00f672b3          	and	t0,a2,a5
80400974:	00f66333          	or	t1,a2,a5
80400978:	00f282b3          	add	t0,t0,a5
8040097c:	0062e2b3          	or	t0,t0,t1
80400980:	0c729863          	bne	t0,t2,80400a50 <strcmp+0x140>
80400984:	04d61663          	bne	a2,a3,804009d0 <strcmp+0xc0>
80400988:	00c52603          	lw	a2,12(a0)
8040098c:	00c5a683          	lw	a3,12(a1)
80400990:	00f672b3          	and	t0,a2,a5
80400994:	00f66333          	or	t1,a2,a5
80400998:	00f282b3          	add	t0,t0,a5
8040099c:	0062e2b3          	or	t0,t0,t1
804009a0:	0c729263          	bne	t0,t2,80400a64 <strcmp+0x154>
804009a4:	02d61663          	bne	a2,a3,804009d0 <strcmp+0xc0>
804009a8:	01052603          	lw	a2,16(a0)
804009ac:	0105a683          	lw	a3,16(a1)
804009b0:	00f672b3          	and	t0,a2,a5
804009b4:	00f66333          	or	t1,a2,a5
804009b8:	00f282b3          	add	t0,t0,a5
804009bc:	0062e2b3          	or	t0,t0,t1
804009c0:	0a729c63          	bne	t0,t2,80400a78 <strcmp+0x168>
804009c4:	01450513          	addi	a0,a0,20
804009c8:	01458593          	addi	a1,a1,20
804009cc:	f4d60ee3          	beq	a2,a3,80400928 <strcmp+0x18>
804009d0:	01061713          	slli	a4,a2,0x10
804009d4:	01069793          	slli	a5,a3,0x10
804009d8:	00f71e63          	bne	a4,a5,804009f4 <strcmp+0xe4>
804009dc:	01065713          	srli	a4,a2,0x10
804009e0:	0106d793          	srli	a5,a3,0x10
804009e4:	40f70533          	sub	a0,a4,a5
804009e8:	0ff57593          	zext.b	a1,a0
804009ec:	02059063          	bnez	a1,80400a0c <strcmp+0xfc>
804009f0:	00008067          	ret
804009f4:	01075713          	srli	a4,a4,0x10
804009f8:	0107d793          	srli	a5,a5,0x10
804009fc:	40f70533          	sub	a0,a4,a5
80400a00:	0ff57593          	zext.b	a1,a0
80400a04:	00059463          	bnez	a1,80400a0c <strcmp+0xfc>
80400a08:	00008067          	ret
80400a0c:	0ff77713          	zext.b	a4,a4
80400a10:	0ff7f793          	zext.b	a5,a5
80400a14:	40f70533          	sub	a0,a4,a5
80400a18:	00008067          	ret
80400a1c:	00054603          	lbu	a2,0(a0)
80400a20:	0005c683          	lbu	a3,0(a1)
80400a24:	00150513          	addi	a0,a0,1
80400a28:	00158593          	addi	a1,a1,1
80400a2c:	00d61463          	bne	a2,a3,80400a34 <strcmp+0x124>
80400a30:	fe0616e3          	bnez	a2,80400a1c <strcmp+0x10c>
80400a34:	40d60533          	sub	a0,a2,a3
80400a38:	00008067          	ret
80400a3c:	00450513          	addi	a0,a0,4
80400a40:	00458593          	addi	a1,a1,4
80400a44:	fcd61ce3          	bne	a2,a3,80400a1c <strcmp+0x10c>
80400a48:	00000513          	li	a0,0
80400a4c:	00008067          	ret
80400a50:	00850513          	addi	a0,a0,8
80400a54:	00858593          	addi	a1,a1,8
80400a58:	fcd612e3          	bne	a2,a3,80400a1c <strcmp+0x10c>
80400a5c:	00000513          	li	a0,0
80400a60:	00008067          	ret
80400a64:	00c50513          	addi	a0,a0,12
80400a68:	00c58593          	addi	a1,a1,12
80400a6c:	fad618e3          	bne	a2,a3,80400a1c <strcmp+0x10c>
80400a70:	00000513          	li	a0,0
80400a74:	00008067          	ret
80400a78:	01050513          	addi	a0,a0,16
80400a7c:	01058593          	addi	a1,a1,16
80400a80:	f8d61ee3          	bne	a2,a3,80400a1c <strcmp+0x10c>
80400a84:	00000513          	li	a0,0
80400a88:	00008067          	ret

80400a8c <__divsi3>:
__divsi3():
80400a8c:	06054063          	bltz	a0,80400aec <__umodsi3+0x10>
80400a90:	0605c663          	bltz	a1,80400afc <__umodsi3+0x20>

80400a94 <__hidden___udivsi3>:
80400a94:	00058613          	mv	a2,a1
80400a98:	00050593          	mv	a1,a0
80400a9c:	fff00513          	li	a0,-1
80400aa0:	02060c63          	beqz	a2,80400ad8 <__hidden___udivsi3+0x44>
80400aa4:	00100693          	li	a3,1
80400aa8:	00b67a63          	bgeu	a2,a1,80400abc <__hidden___udivsi3+0x28>
80400aac:	00c05863          	blez	a2,80400abc <__hidden___udivsi3+0x28>
80400ab0:	00161613          	slli	a2,a2,0x1
80400ab4:	00169693          	slli	a3,a3,0x1
80400ab8:	feb66ae3          	bltu	a2,a1,80400aac <__hidden___udivsi3+0x18>
80400abc:	00000513          	li	a0,0
80400ac0:	00c5e663          	bltu	a1,a2,80400acc <__hidden___udivsi3+0x38>
80400ac4:	40c585b3          	sub	a1,a1,a2
80400ac8:	00d56533          	or	a0,a0,a3
80400acc:	0016d693          	srli	a3,a3,0x1
80400ad0:	00165613          	srli	a2,a2,0x1
80400ad4:	fe0696e3          	bnez	a3,80400ac0 <__hidden___udivsi3+0x2c>
80400ad8:	00008067          	ret

80400adc <__umodsi3>:
80400adc:	00008293          	mv	t0,ra
80400ae0:	fb5ff0ef          	jal	80400a94 <__hidden___udivsi3>
80400ae4:	00058513          	mv	a0,a1
80400ae8:	00028067          	jr	t0
80400aec:	40a00533          	neg	a0,a0
80400af0:	00b04863          	bgtz	a1,80400b00 <__umodsi3+0x24>
80400af4:	40b005b3          	neg	a1,a1
80400af8:	f9dff06f          	j	80400a94 <__hidden___udivsi3>
80400afc:	40b005b3          	neg	a1,a1
80400b00:	00008293          	mv	t0,ra
80400b04:	f91ff0ef          	jal	80400a94 <__hidden___udivsi3>
80400b08:	40a00533          	neg	a0,a0
80400b0c:	00028067          	jr	t0

80400b10 <__modsi3>:
__modsi3():
80400b10:	00008293          	mv	t0,ra
80400b14:	0005ca63          	bltz	a1,80400b28 <__modsi3+0x18>
80400b18:	00054c63          	bltz	a0,80400b30 <__modsi3+0x20>
80400b1c:	f79ff0ef          	jal	80400a94 <__hidden___udivsi3>
80400b20:	00058513          	mv	a0,a1
80400b24:	00028067          	jr	t0
80400b28:	40b005b3          	neg	a1,a1
80400b2c:	fe0558e3          	bgez	a0,80400b1c <__modsi3+0xc>
80400b30:	40a00533          	neg	a0,a0
80400b34:	f61ff0ef          	jal	80400a94 <__hidden___udivsi3>
80400b38:	40b00533          	neg	a0,a1
80400b3c:	00028067          	jr	t0
