
build/release/user/crash1.elf:     file format elf32-littleriscv
build/release/user/crash1.elf
architecture: riscv:rv32, flags 0x00000112:
EXEC_P, HAS_SYMS, D_PAGED
start address 0x80400000

Program Header:
0x70000003 off    0x00003584 vaddr 0x00000000 paddr 0x00000000 align 2**0
         filesz 0x0000004b memsz 0x00000000 flags r--
    LOAD off    0x00001000 vaddr 0x80400000 paddr 0x80400000 align 2**12
         filesz 0x000016e8 memsz 0x000016e8 flags r-x
    LOAD off    0x00003000 vaddr 0x80408000 paddr 0x80408000 align 2**12
         filesz 0x00000584 memsz 0x000006fc flags rw-

Sections:
Idx Name              Size      VMA       LMA       File off  Algn  Flags
  0 .text             000016e8  80400000  80400000  00001000  2**3  CONTENTS, ALLOC, LOAD, READONLY, CODE
  1 .rodata           00000048  80408000  80408000  00003000  2**3  CONTENTS, ALLOC, LOAD, READONLY, DATA
  2 .data             0000053c  80408048  80408048  00003048  2**3  CONTENTS, ALLOC, LOAD, DATA
  3 .bss              00000174  80408588  80408588  00003584  2**3  ALLOC
  4 .riscv.attributes 0000004b  00000000  00000000  00003584  2**0  CONTENTS, READONLY
  5 .comment          00000032  00000000  00000000  000035cf  2**0  CONTENTS, READONLY
SYMBOL TABLE:
80400000 l    d  .text	00000000 .text
80408000 l    d  .rodata	00000000 .rodata
80408048 l    d  .data	00000000 .data
80408588 l    d  .bss	00000000 .bss
00000000 l    d  .riscv.attributes	00000000 .riscv.attributes
00000000 l    d  .comment	00000000 .comment
00000000 l    df *ABS*	00000000 ccunUij4.o
00000000 l    df *ABS*	00000000 crash1.c
00000000 l    df *ABS*	00000000 malloc.c
80408570 l     O .data	00000004 brk
00000000 l    df *ABS*	00000000 print.c
00000000 l    df *ABS*	00000000 servers.c
00000000 l    df *ABS*	00000000 syscall.c
80408574 l     O .data	00000004 sc
00000000 l    df *ABS*	00000000 libc_a-itoa.o
00000000 l    df *ABS*	00000000 libc_a-malloc.o
00000000 l    df *ABS*	00000000 libc_a-mallocr.o
00000000 l    df *ABS*	00000000 libc_a-mlock.o
00000000 l    df *ABS*	00000000 libc_a-utoa.o
00000000 l    df *ABS*	00000000 libc_a-strcat.o
00000000 l    df *ABS*	00000000 libc_a-strncat.o
00000000 l    df *ABS*	00000000 libc_a-sbrkr.o
00000000 l    df *ABS*	00000000 libc_a-memcpy.o
00000000 l    df *ABS*	00000000 libc_a-strlen.o
00000000 l    df *ABS*	00000000 libc_a-strcpy.o
00000000 l    df *ABS*	00000000 libc_a-lock.o
00000000 l    df *ABS*	00000000 libc_a-freer.o
00000000 l    df *ABS*	00000000 div.o
8040114c g     F .text	000000a4 strcpy
80400218 g     F .text	00000098 my_printf
80400c74 g     F .text	0000000c __malloc_unlock
80408598 g     O .bss	00000004 errno
80400000 g       .text	00000000 app_entry
80400f98 g     F .text	00000128 memcpy
8040163c g     F .text	00000048 .hidden __hidden___udivsi3
8040042c g     F .text	00000010 malloc
8040163c g     F .text	00000048 .hidden __udivsi3
80408590 g     O .bss	00000004 __malloc_top_pad
804003bc g     F .text	00000070 itoa
80400f20 g     F .text	00000078 _sbrk_r
8040858c g     O .bss	00000004 __malloc_max_sbrked_mem
80400048 g     F .text	00000084 _sbrk
80408594 g     O .bss	00000001 __lock___malloc_recursive_mutex
804085c4 g     O .bss	00000138 __sf
8040034c g     F .text	00000070 sys_send
80400dd4 g     F .text	000000a0 strcat
80401684 g     F .text	00000010 .hidden __umodsi3
804011f4 g     F .text	00000004 __retarget_lock_release_recursive
8040133c g     F .text	000002f8 _free_r
804000cc g     F .text	0000014c format_to_str
80408578 g     O .data	00000004 __malloc_sbrk_base
8040859c g     O .bss	00000028 __malloc_current_mallinfo
80400e74 g     F .text	000000ac strncat
80408048 g     O .data	00000408 __malloc_av_
80400c68 g     F .text	0000000c __malloc_lock
80400c80 g     F .text	00000154 __utoa
804011f0 g     F .text	00000004 __retarget_lock_acquire_recursive
80400010 g     F .text	00000038 main
80408588 g     O .bss	00000004 __malloc_max_total_mem
8040043c g     F .text	0000082c _malloc_r
80401634 g     F .text	00000084 .hidden __divsi3
804011f8 g     F .text	00000144 _malloc_trim_r
80600000 g       *ABS*	00000000 __heap_end
80408580 g     O .data	00000004 _impure_ptr
80408700 g       .riscv.attributes	00000000 __heap_start
804002e4 g     F .text	00000068 term_write
8040857c g     O .data	00000004 __malloc_trim_threshold
804002b0 g     F .text	00000034 exit
804016b8 g     F .text	00000030 .hidden __modsi3
80408450 g     O .data	00000120 _impure_data
804010c0 g     F .text	0000008c strlen



Disassembly of section .text:

80400000 <app_entry>:
app_entry():
80400000:	00052503          	lw	a0,0(a0)
80400004:	80800137          	lui	sp,0x80800
80400008:	008000ef          	jal	80400010 <main>
8040000c:	2a4000ef          	jal	804002b0 <exit>

80400010 <main>:
main():
80400010:	fe010113          	addi	sp,sp,-32 # 807fffe0 <__heap_end+0x1fffe0>
80400014:	00112e23          	sw	ra,28(sp)
80400018:	00812c23          	sw	s0,24(sp)
8040001c:	02010413          	addi	s0,sp,32
80400020:	02000537          	lui	a0,0x2000
80400024:	408000ef          	jal	8040042c <malloc>
80400028:	00050793          	mv	a5,a0
8040002c:	fef42623          	sw	a5,-20(s0)
80400030:	00000793          	li	a5,0
80400034:	00078513          	mv	a0,a5
80400038:	01c12083          	lw	ra,28(sp)
8040003c:	01812403          	lw	s0,24(sp)
80400040:	02010113          	addi	sp,sp,32
80400044:	00008067          	ret

80400048 <_sbrk>:
_sbrk():
80400048:	fd010113          	addi	sp,sp,-48
8040004c:	02112623          	sw	ra,44(sp)
80400050:	02812423          	sw	s0,40(sp)
80400054:	03010413          	addi	s0,sp,48
80400058:	fca42e23          	sw	a0,-36(s0)
8040005c:	804087b7          	lui	a5,0x80408
80400060:	5707a703          	lw	a4,1392(a5) # 80408570 <brk>
80400064:	fdc42783          	lw	a5,-36(s0)
80400068:	00f70733          	add	a4,a4,a5
8040006c:	806007b7          	lui	a5,0x80600
80400070:	00078793          	mv	a5,a5
80400074:	00e7fe63          	bgeu	a5,a4,80400090 <_sbrk+0x48>
80400078:	804087b7          	lui	a5,0x80408
8040007c:	00078513          	mv	a0,a5
80400080:	198000ef          	jal	80400218 <my_printf>
80400084:	00000713          	li	a4,0
80400088:	00100793          	li	a5,1
8040008c:	00f72023          	sw	a5,0(a4)
80400090:	804087b7          	lui	a5,0x80408
80400094:	5707a783          	lw	a5,1392(a5) # 80408570 <brk>
80400098:	fef42623          	sw	a5,-20(s0)
8040009c:	804087b7          	lui	a5,0x80408
804000a0:	5707a703          	lw	a4,1392(a5) # 80408570 <brk>
804000a4:	fdc42783          	lw	a5,-36(s0)
804000a8:	00f70733          	add	a4,a4,a5
804000ac:	804087b7          	lui	a5,0x80408
804000b0:	56e7a823          	sw	a4,1392(a5) # 80408570 <brk>
804000b4:	fec42783          	lw	a5,-20(s0)
804000b8:	00078513          	mv	a0,a5
804000bc:	02c12083          	lw	ra,44(sp)
804000c0:	02812403          	lw	s0,40(sp)
804000c4:	03010113          	addi	sp,sp,48
804000c8:	00008067          	ret

804000cc <format_to_str>:
format_to_str():
804000cc:	fe010113          	addi	sp,sp,-32
804000d0:	00112e23          	sw	ra,28(sp)
804000d4:	00812c23          	sw	s0,24(sp)
804000d8:	00912a23          	sw	s1,20(sp)
804000dc:	02010413          	addi	s0,sp,32
804000e0:	fea42623          	sw	a0,-20(s0)
804000e4:	feb42423          	sw	a1,-24(s0)
804000e8:	fec42223          	sw	a2,-28(s0)
804000ec:	fec42783          	lw	a5,-20(s0)
804000f0:	00078023          	sb	zero,0(a5)
804000f4:	0fc0006f          	j	804001f0 <format_to_str+0x124>
804000f8:	fe842783          	lw	a5,-24(s0)
804000fc:	0007c703          	lbu	a4,0(a5)
80400100:	02500793          	li	a5,37
80400104:	00f70c63          	beq	a4,a5,8040011c <format_to_str+0x50>
80400108:	00100613          	li	a2,1
8040010c:	fe842583          	lw	a1,-24(s0)
80400110:	fec42503          	lw	a0,-20(s0)
80400114:	561000ef          	jal	80400e74 <strncat>
80400118:	0cc0006f          	j	804001e4 <format_to_str+0x118>
8040011c:	fe842783          	lw	a5,-24(s0)
80400120:	00178793          	addi	a5,a5,1
80400124:	fef42423          	sw	a5,-24(s0)
80400128:	fe842783          	lw	a5,-24(s0)
8040012c:	0007c703          	lbu	a4,0(a5)
80400130:	07300793          	li	a5,115
80400134:	02f71263          	bne	a4,a5,80400158 <format_to_str+0x8c>
80400138:	fe442783          	lw	a5,-28(s0)
8040013c:	00478713          	addi	a4,a5,4
80400140:	fee42223          	sw	a4,-28(s0)
80400144:	0007a783          	lw	a5,0(a5)
80400148:	00078593          	mv	a1,a5
8040014c:	fec42503          	lw	a0,-20(s0)
80400150:	485000ef          	jal	80400dd4 <strcat>
80400154:	0900006f          	j	804001e4 <format_to_str+0x118>
80400158:	fe842783          	lw	a5,-24(s0)
8040015c:	0007c703          	lbu	a4,0(a5)
80400160:	06400793          	li	a5,100
80400164:	02f71e63          	bne	a4,a5,804001a0 <format_to_str+0xd4>
80400168:	fe442783          	lw	a5,-28(s0)
8040016c:	00478713          	addi	a4,a5,4
80400170:	fee42223          	sw	a4,-28(s0)
80400174:	0007a483          	lw	s1,0(a5)
80400178:	fec42503          	lw	a0,-20(s0)
8040017c:	745000ef          	jal	804010c0 <strlen>
80400180:	00050713          	mv	a4,a0
80400184:	fec42783          	lw	a5,-20(s0)
80400188:	00e787b3          	add	a5,a5,a4
8040018c:	00a00613          	li	a2,10
80400190:	00078593          	mv	a1,a5
80400194:	00048513          	mv	a0,s1
80400198:	224000ef          	jal	804003bc <itoa>
8040019c:	0480006f          	j	804001e4 <format_to_str+0x118>
804001a0:	fe842783          	lw	a5,-24(s0)
804001a4:	0007c703          	lbu	a4,0(a5)
804001a8:	07800793          	li	a5,120
804001ac:	02f71c63          	bne	a4,a5,804001e4 <format_to_str+0x118>
804001b0:	fe442783          	lw	a5,-28(s0)
804001b4:	00478713          	addi	a4,a5,4
804001b8:	fee42223          	sw	a4,-28(s0)
804001bc:	0007a483          	lw	s1,0(a5)
804001c0:	fec42503          	lw	a0,-20(s0)
804001c4:	6fd000ef          	jal	804010c0 <strlen>
804001c8:	00050713          	mv	a4,a0
804001cc:	fec42783          	lw	a5,-20(s0)
804001d0:	00e787b3          	add	a5,a5,a4
804001d4:	01000613          	li	a2,16
804001d8:	00078593          	mv	a1,a5
804001dc:	00048513          	mv	a0,s1
804001e0:	1dc000ef          	jal	804003bc <itoa>
804001e4:	fe842783          	lw	a5,-24(s0)
804001e8:	00178793          	addi	a5,a5,1
804001ec:	fef42423          	sw	a5,-24(s0)
804001f0:	fe842783          	lw	a5,-24(s0)
804001f4:	0007c783          	lbu	a5,0(a5)
804001f8:	f00790e3          	bnez	a5,804000f8 <format_to_str+0x2c>
804001fc:	00000013          	nop
80400200:	00000013          	nop
80400204:	01c12083          	lw	ra,28(sp)
80400208:	01812403          	lw	s0,24(sp)
8040020c:	01412483          	lw	s1,20(sp)
80400210:	02010113          	addi	sp,sp,32
80400214:	00008067          	ret

80400218 <my_printf>:
my_printf():
80400218:	db010113          	addi	sp,sp,-592
8040021c:	22112623          	sw	ra,556(sp)
80400220:	22812423          	sw	s0,552(sp)
80400224:	23010413          	addi	s0,sp,560
80400228:	dca42e23          	sw	a0,-548(s0)
8040022c:	00b42223          	sw	a1,4(s0)
80400230:	00c42423          	sw	a2,8(s0)
80400234:	00d42623          	sw	a3,12(s0)
80400238:	00e42823          	sw	a4,16(s0)
8040023c:	00f42a23          	sw	a5,20(s0)
80400240:	01042c23          	sw	a6,24(s0)
80400244:	01142e23          	sw	a7,28(s0)
80400248:	de040823          	sb	zero,-528(s0)
8040024c:	02040793          	addi	a5,s0,32
80400250:	dcf42c23          	sw	a5,-552(s0)
80400254:	dd842783          	lw	a5,-552(s0)
80400258:	fe478793          	addi	a5,a5,-28
8040025c:	def42623          	sw	a5,-532(s0)
80400260:	dec42703          	lw	a4,-532(s0)
80400264:	df040793          	addi	a5,s0,-528
80400268:	00070613          	mv	a2,a4
8040026c:	ddc42583          	lw	a1,-548(s0)
80400270:	00078513          	mv	a0,a5
80400274:	e59ff0ef          	jal	804000cc <format_to_str>
80400278:	df040793          	addi	a5,s0,-528
8040027c:	00078513          	mv	a0,a5
80400280:	641000ef          	jal	804010c0 <strlen>
80400284:	00050713          	mv	a4,a0
80400288:	df040793          	addi	a5,s0,-528
8040028c:	00070593          	mv	a1,a4
80400290:	00078513          	mv	a0,a5
80400294:	050000ef          	jal	804002e4 <term_write>
80400298:	00000013          	nop
8040029c:	00078513          	mv	a0,a5
804002a0:	22c12083          	lw	ra,556(sp)
804002a4:	22812403          	lw	s0,552(sp)
804002a8:	25010113          	addi	sp,sp,592
804002ac:	00008067          	ret

804002b0 <exit>:
exit():
804002b0:	dd010113          	addi	sp,sp,-560
804002b4:	22112623          	sw	ra,556(sp)
804002b8:	22812423          	sw	s0,552(sp)
804002bc:	23010413          	addi	s0,sp,560
804002c0:	dca42e23          	sw	a0,-548(s0)
804002c4:	00100793          	li	a5,1
804002c8:	def42423          	sw	a5,-536(s0)
804002cc:	de840793          	addi	a5,s0,-536
804002d0:	20800613          	li	a2,520
804002d4:	00078593          	mv	a1,a5
804002d8:	00100513          	li	a0,1
804002dc:	070000ef          	jal	8040034c <sys_send>
804002e0:	0000006f          	j	804002e0 <exit+0x30>

804002e4 <term_write>:
term_write():
804002e4:	dd010113          	addi	sp,sp,-560
804002e8:	22112623          	sw	ra,556(sp)
804002ec:	22812423          	sw	s0,552(sp)
804002f0:	23010413          	addi	s0,sp,560
804002f4:	dca42e23          	sw	a0,-548(s0)
804002f8:	dcb42c23          	sw	a1,-552(s0)
804002fc:	00100793          	li	a5,1
80400300:	def42423          	sw	a5,-536(s0)
80400304:	dd842783          	lw	a5,-552(s0)
80400308:	def42623          	sw	a5,-532(s0)
8040030c:	de840793          	addi	a5,s0,-536
80400310:	00878793          	addi	a5,a5,8
80400314:	dd842603          	lw	a2,-552(s0)
80400318:	ddc42583          	lw	a1,-548(s0)
8040031c:	00078513          	mv	a0,a5
80400320:	479000ef          	jal	80400f98 <memcpy>
80400324:	de840793          	addi	a5,s0,-536
80400328:	20800613          	li	a2,520
8040032c:	00078593          	mv	a1,a5
80400330:	00200513          	li	a0,2
80400334:	018000ef          	jal	8040034c <sys_send>
80400338:	00000013          	nop
8040033c:	22c12083          	lw	ra,556(sp)
80400340:	22812403          	lw	s0,552(sp)
80400344:	23010113          	addi	sp,sp,560
80400348:	00008067          	ret

8040034c <sys_send>:
sys_send():
8040034c:	fe010113          	addi	sp,sp,-32
80400350:	00112e23          	sw	ra,28(sp)
80400354:	00812c23          	sw	s0,24(sp)
80400358:	02010413          	addi	s0,sp,32
8040035c:	fea42623          	sw	a0,-20(s0)
80400360:	feb42423          	sw	a1,-24(s0)
80400364:	fec42223          	sw	a2,-28(s0)
80400368:	804087b7          	lui	a5,0x80408
8040036c:	5747a783          	lw	a5,1396(a5) # 80408574 <sc>
80400370:	00200713          	li	a4,2
80400374:	00e7a023          	sw	a4,0(a5)
80400378:	804087b7          	lui	a5,0x80408
8040037c:	5747a783          	lw	a5,1396(a5) # 80408574 <sc>
80400380:	fec42703          	lw	a4,-20(s0)
80400384:	00e7a423          	sw	a4,8(a5)
80400388:	804087b7          	lui	a5,0x80408
8040038c:	5747a783          	lw	a5,1396(a5) # 80408574 <sc>
80400390:	00c78793          	addi	a5,a5,12
80400394:	fe442603          	lw	a2,-28(s0)
80400398:	fe842583          	lw	a1,-24(s0)
8040039c:	00078513          	mv	a0,a5
804003a0:	3f9000ef          	jal	80400f98 <memcpy>
804003a4:	00000073          	ecall
804003a8:	00000013          	nop
804003ac:	01c12083          	lw	ra,28(sp)
804003b0:	01812403          	lw	s0,24(sp)
804003b4:	02010113          	addi	sp,sp,32
804003b8:	00008067          	ret

804003bc <itoa>:
itoa():
804003bc:	ff010113          	addi	sp,sp,-16
804003c0:	00812423          	sw	s0,8(sp)
804003c4:	00112623          	sw	ra,12(sp)
804003c8:	ffe60713          	addi	a4,a2,-2
804003cc:	02200793          	li	a5,34
804003d0:	00058413          	mv	s0,a1
804003d4:	04e7e063          	bltu	a5,a4,80400414 <itoa+0x58>
804003d8:	00a00793          	li	a5,10
804003dc:	02f60063          	beq	a2,a5,804003fc <itoa+0x40>
804003e0:	00040593          	mv	a1,s0
804003e4:	09d000ef          	jal	80400c80 <__utoa>
804003e8:	00c12083          	lw	ra,12(sp)
804003ec:	00040513          	mv	a0,s0
804003f0:	00812403          	lw	s0,8(sp)
804003f4:	01010113          	addi	sp,sp,16
804003f8:	00008067          	ret
804003fc:	fe0552e3          	bgez	a0,804003e0 <itoa+0x24>
80400400:	02d00793          	li	a5,45
80400404:	00f58023          	sb	a5,0(a1)
80400408:	40a00533          	neg	a0,a0
8040040c:	00158593          	addi	a1,a1,1
80400410:	fd5ff06f          	j	804003e4 <itoa+0x28>
80400414:	00058023          	sb	zero,0(a1)
80400418:	00c12083          	lw	ra,12(sp)
8040041c:	00812403          	lw	s0,8(sp)
80400420:	00000513          	li	a0,0
80400424:	01010113          	addi	sp,sp,16
80400428:	00008067          	ret

8040042c <malloc>:
malloc():
8040042c:	00050593          	mv	a1,a0
80400430:	00008517          	auipc	a0,0x8
80400434:	15052503          	lw	a0,336(a0) # 80408580 <_impure_ptr>
80400438:	0040006f          	j	8040043c <_malloc_r>

8040043c <_malloc_r>:
_malloc_r():
8040043c:	fd010113          	addi	sp,sp,-48
80400440:	03212023          	sw	s2,32(sp)
80400444:	02112623          	sw	ra,44(sp)
80400448:	02812423          	sw	s0,40(sp)
8040044c:	02912223          	sw	s1,36(sp)
80400450:	01312e23          	sw	s3,28(sp)
80400454:	00b58793          	addi	a5,a1,11
80400458:	01600713          	li	a4,22
8040045c:	00050913          	mv	s2,a0
80400460:	08f76063          	bltu	a4,a5,804004e0 <_malloc_r+0xa4>
80400464:	01000493          	li	s1,16
80400468:	20b4e463          	bltu	s1,a1,80400670 <_malloc_r+0x234>
8040046c:	7fc000ef          	jal	80400c68 <__malloc_lock>
80400470:	01800793          	li	a5,24
80400474:	00200593          	li	a1,2
80400478:	00008997          	auipc	s3,0x8
8040047c:	bd098993          	addi	s3,s3,-1072 # 80408048 <__malloc_av_>
80400480:	00f987b3          	add	a5,s3,a5
80400484:	0047a403          	lw	s0,4(a5)
80400488:	ff878713          	addi	a4,a5,-8
8040048c:	46e40663          	beq	s0,a4,804008f8 <_malloc_r+0x4bc>
80400490:	00442783          	lw	a5,4(s0)
80400494:	00c42683          	lw	a3,12(s0)
80400498:	00842603          	lw	a2,8(s0)
8040049c:	ffc7f793          	andi	a5,a5,-4
804004a0:	00f407b3          	add	a5,s0,a5
804004a4:	0047a703          	lw	a4,4(a5)
804004a8:	00d62623          	sw	a3,12(a2)
804004ac:	00c6a423          	sw	a2,8(a3)
804004b0:	00176713          	ori	a4,a4,1
804004b4:	00090513          	mv	a0,s2
804004b8:	00e7a223          	sw	a4,4(a5)
804004bc:	7b8000ef          	jal	80400c74 <__malloc_unlock>
804004c0:	02c12083          	lw	ra,44(sp)
804004c4:	00840513          	addi	a0,s0,8
804004c8:	02812403          	lw	s0,40(sp)
804004cc:	02412483          	lw	s1,36(sp)
804004d0:	02012903          	lw	s2,32(sp)
804004d4:	01c12983          	lw	s3,28(sp)
804004d8:	03010113          	addi	sp,sp,48
804004dc:	00008067          	ret
804004e0:	ff87f493          	andi	s1,a5,-8
804004e4:	1807c663          	bltz	a5,80400670 <_malloc_r+0x234>
804004e8:	18b4e463          	bltu	s1,a1,80400670 <_malloc_r+0x234>
804004ec:	77c000ef          	jal	80400c68 <__malloc_lock>
804004f0:	1f700793          	li	a5,503
804004f4:	5097fc63          	bgeu	a5,s1,80400a0c <_malloc_r+0x5d0>
804004f8:	0094d793          	srli	a5,s1,0x9
804004fc:	18078e63          	beqz	a5,80400698 <_malloc_r+0x25c>
80400500:	00400713          	li	a4,4
80400504:	46f76263          	bltu	a4,a5,80400968 <_malloc_r+0x52c>
80400508:	0064d793          	srli	a5,s1,0x6
8040050c:	03978593          	addi	a1,a5,57
80400510:	03878813          	addi	a6,a5,56
80400514:	00359613          	slli	a2,a1,0x3
80400518:	00008997          	auipc	s3,0x8
8040051c:	b3098993          	addi	s3,s3,-1232 # 80408048 <__malloc_av_>
80400520:	00c98633          	add	a2,s3,a2
80400524:	00462403          	lw	s0,4(a2)
80400528:	ff860613          	addi	a2,a2,-8
8040052c:	02860863          	beq	a2,s0,8040055c <_malloc_r+0x120>
80400530:	00f00513          	li	a0,15
80400534:	0140006f          	j	80400548 <_malloc_r+0x10c>
80400538:	00c42683          	lw	a3,12(s0)
8040053c:	36075c63          	bgez	a4,804008b4 <_malloc_r+0x478>
80400540:	00d60e63          	beq	a2,a3,8040055c <_malloc_r+0x120>
80400544:	00068413          	mv	s0,a3
80400548:	00442783          	lw	a5,4(s0)
8040054c:	ffc7f793          	andi	a5,a5,-4
80400550:	40978733          	sub	a4,a5,s1
80400554:	fee552e3          	bge	a0,a4,80400538 <_malloc_r+0xfc>
80400558:	00080593          	mv	a1,a6
8040055c:	0109a403          	lw	s0,16(s3)
80400560:	00008897          	auipc	a7,0x8
80400564:	af088893          	addi	a7,a7,-1296 # 80408050 <__malloc_av_+0x8>
80400568:	2d140663          	beq	s0,a7,80400834 <_malloc_r+0x3f8>
8040056c:	00442783          	lw	a5,4(s0)
80400570:	00f00693          	li	a3,15
80400574:	ffc7f793          	andi	a5,a5,-4
80400578:	40978733          	sub	a4,a5,s1
8040057c:	48e6ce63          	blt	a3,a4,80400a18 <_malloc_r+0x5dc>
80400580:	0119aa23          	sw	a7,20(s3)
80400584:	0119a823          	sw	a7,16(s3)
80400588:	46075263          	bgez	a4,804009ec <_malloc_r+0x5b0>
8040058c:	1ff00713          	li	a4,511
80400590:	0049a503          	lw	a0,4(s3)
80400594:	36f76a63          	bltu	a4,a5,80400908 <_malloc_r+0x4cc>
80400598:	ff87f713          	andi	a4,a5,-8
8040059c:	00870713          	addi	a4,a4,8
804005a0:	00e98733          	add	a4,s3,a4
804005a4:	00072683          	lw	a3,0(a4)
804005a8:	0057d613          	srli	a2,a5,0x5
804005ac:	00100793          	li	a5,1
804005b0:	00c797b3          	sll	a5,a5,a2
804005b4:	00f56533          	or	a0,a0,a5
804005b8:	ff870793          	addi	a5,a4,-8
804005bc:	00d42423          	sw	a3,8(s0)
804005c0:	00f42623          	sw	a5,12(s0)
804005c4:	00a9a223          	sw	a0,4(s3)
804005c8:	00872023          	sw	s0,0(a4)
804005cc:	0086a623          	sw	s0,12(a3)
804005d0:	4025d793          	srai	a5,a1,0x2
804005d4:	00100613          	li	a2,1
804005d8:	00f61633          	sll	a2,a2,a5
804005dc:	0cc56663          	bltu	a0,a2,804006a8 <_malloc_r+0x26c>
804005e0:	00a677b3          	and	a5,a2,a0
804005e4:	02079463          	bnez	a5,8040060c <_malloc_r+0x1d0>
804005e8:	00161613          	slli	a2,a2,0x1
804005ec:	ffc5f593          	andi	a1,a1,-4
804005f0:	00a677b3          	and	a5,a2,a0
804005f4:	00458593          	addi	a1,a1,4
804005f8:	00079a63          	bnez	a5,8040060c <_malloc_r+0x1d0>
804005fc:	00161613          	slli	a2,a2,0x1
80400600:	00a677b3          	and	a5,a2,a0
80400604:	00458593          	addi	a1,a1,4
80400608:	fe078ae3          	beqz	a5,804005fc <_malloc_r+0x1c0>
8040060c:	00f00813          	li	a6,15
80400610:	00359313          	slli	t1,a1,0x3
80400614:	00698333          	add	t1,s3,t1
80400618:	00030513          	mv	a0,t1
8040061c:	00c52783          	lw	a5,12(a0)
80400620:	00058e13          	mv	t3,a1
80400624:	36f50463          	beq	a0,a5,8040098c <_malloc_r+0x550>
80400628:	0047a703          	lw	a4,4(a5)
8040062c:	00078413          	mv	s0,a5
80400630:	00c7a783          	lw	a5,12(a5)
80400634:	ffc77713          	andi	a4,a4,-4
80400638:	409706b3          	sub	a3,a4,s1
8040063c:	36d84463          	blt	a6,a3,804009a4 <_malloc_r+0x568>
80400640:	fe06c2e3          	bltz	a3,80400624 <_malloc_r+0x1e8>
80400644:	00e40733          	add	a4,s0,a4
80400648:	00472683          	lw	a3,4(a4)
8040064c:	00842603          	lw	a2,8(s0)
80400650:	00090513          	mv	a0,s2
80400654:	0016e693          	ori	a3,a3,1
80400658:	00d72223          	sw	a3,4(a4)
8040065c:	00f62623          	sw	a5,12(a2)
80400660:	00c7a423          	sw	a2,8(a5)
80400664:	610000ef          	jal	80400c74 <__malloc_unlock>
80400668:	00840513          	addi	a0,s0,8
8040066c:	0100006f          	j	8040067c <_malloc_r+0x240>
80400670:	00c00793          	li	a5,12
80400674:	00f92023          	sw	a5,0(s2)
80400678:	00000513          	li	a0,0
8040067c:	02c12083          	lw	ra,44(sp)
80400680:	02812403          	lw	s0,40(sp)
80400684:	02412483          	lw	s1,36(sp)
80400688:	02012903          	lw	s2,32(sp)
8040068c:	01c12983          	lw	s3,28(sp)
80400690:	03010113          	addi	sp,sp,48
80400694:	00008067          	ret
80400698:	20000613          	li	a2,512
8040069c:	04000593          	li	a1,64
804006a0:	03f00813          	li	a6,63
804006a4:	e75ff06f          	j	80400518 <_malloc_r+0xdc>
804006a8:	0089a403          	lw	s0,8(s3)
804006ac:	01612823          	sw	s6,16(sp)
804006b0:	00442783          	lw	a5,4(s0)
804006b4:	ffc7fb13          	andi	s6,a5,-4
804006b8:	009b6863          	bltu	s6,s1,804006c8 <_malloc_r+0x28c>
804006bc:	409b0733          	sub	a4,s6,s1
804006c0:	00f00793          	li	a5,15
804006c4:	1ae7c663          	blt	a5,a4,80400870 <_malloc_r+0x434>
804006c8:	01912223          	sw	s9,4(sp)
804006cc:	00008c97          	auipc	s9,0x8
804006d0:	eacc8c93          	addi	s9,s9,-340 # 80408578 <__malloc_sbrk_base>
804006d4:	01512a23          	sw	s5,20(sp)
804006d8:	000ca703          	lw	a4,0(s9)
804006dc:	00008a97          	auipc	s5,0x8
804006e0:	eb4aaa83          	lw	s5,-332(s5) # 80408590 <__malloc_top_pad>
804006e4:	01412c23          	sw	s4,24(sp)
804006e8:	01712623          	sw	s7,12(sp)
804006ec:	fff00793          	li	a5,-1
804006f0:	01640a33          	add	s4,s0,s6
804006f4:	01548ab3          	add	s5,s1,s5
804006f8:	3ef70663          	beq	a4,a5,80400ae4 <_malloc_r+0x6a8>
804006fc:	000017b7          	lui	a5,0x1
80400700:	00f78793          	addi	a5,a5,15 # 100f <app_entry-0x803feff1>
80400704:	00fa8ab3          	add	s5,s5,a5
80400708:	fffff7b7          	lui	a5,0xfffff
8040070c:	00fafab3          	and	s5,s5,a5
80400710:	000a8593          	mv	a1,s5
80400714:	00090513          	mv	a0,s2
80400718:	009000ef          	jal	80400f20 <_sbrk_r>
8040071c:	fff00793          	li	a5,-1
80400720:	00050b93          	mv	s7,a0
80400724:	48f50463          	beq	a0,a5,80400bac <_malloc_r+0x770>
80400728:	01812423          	sw	s8,8(sp)
8040072c:	11456863          	bltu	a0,s4,8040083c <_malloc_r+0x400>
80400730:	00008c17          	auipc	s8,0x8
80400734:	e6cc0c13          	addi	s8,s8,-404 # 8040859c <__malloc_current_mallinfo>
80400738:	000c2583          	lw	a1,0(s8)
8040073c:	00ba85b3          	add	a1,s5,a1
80400740:	00bc2023          	sw	a1,0(s8)
80400744:	00058713          	mv	a4,a1
80400748:	46aa0863          	beq	s4,a0,80400bb8 <_malloc_r+0x77c>
8040074c:	000ca683          	lw	a3,0(s9)
80400750:	fff00793          	li	a5,-1
80400754:	48f68063          	beq	a3,a5,80400bd4 <_malloc_r+0x798>
80400758:	414b87b3          	sub	a5,s7,s4
8040075c:	00e787b3          	add	a5,a5,a4
80400760:	00fc2023          	sw	a5,0(s8)
80400764:	007bfc93          	andi	s9,s7,7
80400768:	380c8e63          	beqz	s9,80400b04 <_malloc_r+0x6c8>
8040076c:	419b8bb3          	sub	s7,s7,s9
80400770:	000015b7          	lui	a1,0x1
80400774:	008b8b93          	addi	s7,s7,8
80400778:	00858593          	addi	a1,a1,8 # 1008 <app_entry-0x803feff8>
8040077c:	015b8ab3          	add	s5,s7,s5
80400780:	419585b3          	sub	a1,a1,s9
80400784:	415585b3          	sub	a1,a1,s5
80400788:	01459593          	slli	a1,a1,0x14
8040078c:	0145da13          	srli	s4,a1,0x14
80400790:	000a0593          	mv	a1,s4
80400794:	00090513          	mv	a0,s2
80400798:	788000ef          	jal	80400f20 <_sbrk_r>
8040079c:	fff00793          	li	a5,-1
804007a0:	46f50a63          	beq	a0,a5,80400c14 <_malloc_r+0x7d8>
804007a4:	41750533          	sub	a0,a0,s7
804007a8:	01450ab3          	add	s5,a0,s4
804007ac:	000c2703          	lw	a4,0(s8)
804007b0:	0179a423          	sw	s7,8(s3)
804007b4:	001ae793          	ori	a5,s5,1
804007b8:	00ea05b3          	add	a1,s4,a4
804007bc:	00fba223          	sw	a5,4(s7)
804007c0:	00bc2023          	sw	a1,0(s8)
804007c4:	03340e63          	beq	s0,s3,80400800 <_malloc_r+0x3c4>
804007c8:	00f00693          	li	a3,15
804007cc:	3766f263          	bgeu	a3,s6,80400b30 <_malloc_r+0x6f4>
804007d0:	00442703          	lw	a4,4(s0)
804007d4:	ff4b0793          	addi	a5,s6,-12
804007d8:	ff87f793          	andi	a5,a5,-8
804007dc:	00177713          	andi	a4,a4,1
804007e0:	00f76733          	or	a4,a4,a5
804007e4:	00e42223          	sw	a4,4(s0)
804007e8:	00500613          	li	a2,5
804007ec:	00f40733          	add	a4,s0,a5
804007f0:	00c72223          	sw	a2,4(a4)
804007f4:	00c72423          	sw	a2,8(a4)
804007f8:	2cf6ea63          	bltu	a3,a5,80400acc <_malloc_r+0x690>
804007fc:	004ba783          	lw	a5,4(s7)
80400800:	00008717          	auipc	a4,0x8
80400804:	d8c70713          	addi	a4,a4,-628 # 8040858c <__malloc_max_sbrked_mem>
80400808:	00072683          	lw	a3,0(a4)
8040080c:	00b6f463          	bgeu	a3,a1,80400814 <_malloc_r+0x3d8>
80400810:	00b72023          	sw	a1,0(a4)
80400814:	00008717          	auipc	a4,0x8
80400818:	d7470713          	addi	a4,a4,-652 # 80408588 <__malloc_max_total_mem>
8040081c:	00072683          	lw	a3,0(a4)
80400820:	00b6f463          	bgeu	a3,a1,80400828 <_malloc_r+0x3ec>
80400824:	00b72023          	sw	a1,0(a4)
80400828:	00812c03          	lw	s8,8(sp)
8040082c:	000b8413          	mv	s0,s7
80400830:	01c0006f          	j	8040084c <_malloc_r+0x410>
80400834:	0049a503          	lw	a0,4(s3)
80400838:	d99ff06f          	j	804005d0 <_malloc_r+0x194>
8040083c:	35340c63          	beq	s0,s3,80400b94 <_malloc_r+0x758>
80400840:	0089a403          	lw	s0,8(s3)
80400844:	00812c03          	lw	s8,8(sp)
80400848:	00442783          	lw	a5,4(s0)
8040084c:	ffc7f793          	andi	a5,a5,-4
80400850:	40978733          	sub	a4,a5,s1
80400854:	2e97e463          	bltu	a5,s1,80400b3c <_malloc_r+0x700>
80400858:	00f00793          	li	a5,15
8040085c:	2ee7d063          	bge	a5,a4,80400b3c <_malloc_r+0x700>
80400860:	01812a03          	lw	s4,24(sp)
80400864:	01412a83          	lw	s5,20(sp)
80400868:	00c12b83          	lw	s7,12(sp)
8040086c:	00412c83          	lw	s9,4(sp)
80400870:	0014e793          	ori	a5,s1,1
80400874:	00f42223          	sw	a5,4(s0)
80400878:	009404b3          	add	s1,s0,s1
8040087c:	0099a423          	sw	s1,8(s3)
80400880:	00176713          	ori	a4,a4,1
80400884:	00090513          	mv	a0,s2
80400888:	00e4a223          	sw	a4,4(s1)
8040088c:	3e8000ef          	jal	80400c74 <__malloc_unlock>
80400890:	02c12083          	lw	ra,44(sp)
80400894:	00840513          	addi	a0,s0,8
80400898:	02812403          	lw	s0,40(sp)
8040089c:	01012b03          	lw	s6,16(sp)
804008a0:	02412483          	lw	s1,36(sp)
804008a4:	02012903          	lw	s2,32(sp)
804008a8:	01c12983          	lw	s3,28(sp)
804008ac:	03010113          	addi	sp,sp,48
804008b0:	00008067          	ret
804008b4:	00842603          	lw	a2,8(s0)
804008b8:	00f407b3          	add	a5,s0,a5
804008bc:	0047a703          	lw	a4,4(a5) # fffff004 <__heap_end+0x7f9ff004>
804008c0:	00d62623          	sw	a3,12(a2)
804008c4:	00c6a423          	sw	a2,8(a3)
804008c8:	00176713          	ori	a4,a4,1
804008cc:	00090513          	mv	a0,s2
804008d0:	00e7a223          	sw	a4,4(a5)
804008d4:	3a0000ef          	jal	80400c74 <__malloc_unlock>
804008d8:	02c12083          	lw	ra,44(sp)
804008dc:	00840513          	addi	a0,s0,8
804008e0:	02812403          	lw	s0,40(sp)
804008e4:	02412483          	lw	s1,36(sp)
804008e8:	02012903          	lw	s2,32(sp)
804008ec:	01c12983          	lw	s3,28(sp)
804008f0:	03010113          	addi	sp,sp,48
804008f4:	00008067          	ret
804008f8:	00c7a403          	lw	s0,12(a5)
804008fc:	00258593          	addi	a1,a1,2
80400900:	c4878ee3          	beq	a5,s0,8040055c <_malloc_r+0x120>
80400904:	b8dff06f          	j	80400490 <_malloc_r+0x54>
80400908:	0097d713          	srli	a4,a5,0x9
8040090c:	00400693          	li	a3,4
80400910:	14e6f263          	bgeu	a3,a4,80400a54 <_malloc_r+0x618>
80400914:	01400693          	li	a3,20
80400918:	24e6e263          	bltu	a3,a4,80400b5c <_malloc_r+0x720>
8040091c:	05c70613          	addi	a2,a4,92
80400920:	00361613          	slli	a2,a2,0x3
80400924:	05b70693          	addi	a3,a4,91
80400928:	00c98633          	add	a2,s3,a2
8040092c:	00062703          	lw	a4,0(a2)
80400930:	ff860613          	addi	a2,a2,-8
80400934:	00e61863          	bne	a2,a4,80400944 <_malloc_r+0x508>
80400938:	1b40006f          	j	80400aec <_malloc_r+0x6b0>
8040093c:	00872703          	lw	a4,8(a4)
80400940:	00e60863          	beq	a2,a4,80400950 <_malloc_r+0x514>
80400944:	00472683          	lw	a3,4(a4)
80400948:	ffc6f693          	andi	a3,a3,-4
8040094c:	fed7e8e3          	bltu	a5,a3,8040093c <_malloc_r+0x500>
80400950:	00c72603          	lw	a2,12(a4)
80400954:	00c42623          	sw	a2,12(s0)
80400958:	00e42423          	sw	a4,8(s0)
8040095c:	00862423          	sw	s0,8(a2)
80400960:	00872623          	sw	s0,12(a4)
80400964:	c6dff06f          	j	804005d0 <_malloc_r+0x194>
80400968:	01400713          	li	a4,20
8040096c:	0ef77e63          	bgeu	a4,a5,80400a68 <_malloc_r+0x62c>
80400970:	05400713          	li	a4,84
80400974:	20f76263          	bltu	a4,a5,80400b78 <_malloc_r+0x73c>
80400978:	00c4d793          	srli	a5,s1,0xc
8040097c:	06f78593          	addi	a1,a5,111
80400980:	06e78813          	addi	a6,a5,110
80400984:	00359613          	slli	a2,a1,0x3
80400988:	b91ff06f          	j	80400518 <_malloc_r+0xdc>
8040098c:	001e0e13          	addi	t3,t3,1
80400990:	003e7793          	andi	a5,t3,3
80400994:	00850513          	addi	a0,a0,8
80400998:	0e078663          	beqz	a5,80400a84 <_malloc_r+0x648>
8040099c:	00c52783          	lw	a5,12(a0)
804009a0:	c85ff06f          	j	80400624 <_malloc_r+0x1e8>
804009a4:	00842603          	lw	a2,8(s0)
804009a8:	0014e593          	ori	a1,s1,1
804009ac:	00b42223          	sw	a1,4(s0)
804009b0:	00f62623          	sw	a5,12(a2)
804009b4:	00c7a423          	sw	a2,8(a5)
804009b8:	009404b3          	add	s1,s0,s1
804009bc:	0099aa23          	sw	s1,20(s3)
804009c0:	0099a823          	sw	s1,16(s3)
804009c4:	0016e793          	ori	a5,a3,1
804009c8:	00e40733          	add	a4,s0,a4
804009cc:	0114a623          	sw	a7,12(s1)
804009d0:	0114a423          	sw	a7,8(s1)
804009d4:	00f4a223          	sw	a5,4(s1)
804009d8:	00090513          	mv	a0,s2
804009dc:	00d72023          	sw	a3,0(a4)
804009e0:	294000ef          	jal	80400c74 <__malloc_unlock>
804009e4:	00840513          	addi	a0,s0,8
804009e8:	c95ff06f          	j	8040067c <_malloc_r+0x240>
804009ec:	00f407b3          	add	a5,s0,a5
804009f0:	0047a703          	lw	a4,4(a5)
804009f4:	00090513          	mv	a0,s2
804009f8:	00176713          	ori	a4,a4,1
804009fc:	00e7a223          	sw	a4,4(a5)
80400a00:	274000ef          	jal	80400c74 <__malloc_unlock>
80400a04:	00840513          	addi	a0,s0,8
80400a08:	c75ff06f          	j	8040067c <_malloc_r+0x240>
80400a0c:	0034d593          	srli	a1,s1,0x3
80400a10:	00848793          	addi	a5,s1,8
80400a14:	a65ff06f          	j	80400478 <_malloc_r+0x3c>
80400a18:	0014e693          	ori	a3,s1,1
80400a1c:	00d42223          	sw	a3,4(s0)
80400a20:	009404b3          	add	s1,s0,s1
80400a24:	0099aa23          	sw	s1,20(s3)
80400a28:	0099a823          	sw	s1,16(s3)
80400a2c:	00176693          	ori	a3,a4,1
80400a30:	00f407b3          	add	a5,s0,a5
80400a34:	0114a623          	sw	a7,12(s1)
80400a38:	0114a423          	sw	a7,8(s1)
80400a3c:	00d4a223          	sw	a3,4(s1)
80400a40:	00090513          	mv	a0,s2
80400a44:	00e7a023          	sw	a4,0(a5)
80400a48:	22c000ef          	jal	80400c74 <__malloc_unlock>
80400a4c:	00840513          	addi	a0,s0,8
80400a50:	c2dff06f          	j	8040067c <_malloc_r+0x240>
80400a54:	0067d713          	srli	a4,a5,0x6
80400a58:	03970613          	addi	a2,a4,57
80400a5c:	00361613          	slli	a2,a2,0x3
80400a60:	03870693          	addi	a3,a4,56
80400a64:	ec5ff06f          	j	80400928 <_malloc_r+0x4ec>
80400a68:	05c78593          	addi	a1,a5,92
80400a6c:	05b78813          	addi	a6,a5,91
80400a70:	00359613          	slli	a2,a1,0x3
80400a74:	aa5ff06f          	j	80400518 <_malloc_r+0xdc>
80400a78:	00832783          	lw	a5,8(t1)
80400a7c:	fff58593          	addi	a1,a1,-1
80400a80:	1e679063          	bne	a5,t1,80400c60 <_malloc_r+0x824>
80400a84:	0035f793          	andi	a5,a1,3
80400a88:	ff830313          	addi	t1,t1,-8
80400a8c:	fe0796e3          	bnez	a5,80400a78 <_malloc_r+0x63c>
80400a90:	0049a703          	lw	a4,4(s3)
80400a94:	fff64793          	not	a5,a2
80400a98:	00e7f7b3          	and	a5,a5,a4
80400a9c:	00f9a223          	sw	a5,4(s3)
80400aa0:	00161613          	slli	a2,a2,0x1
80400aa4:	c0c7e2e3          	bltu	a5,a2,804006a8 <_malloc_r+0x26c>
80400aa8:	c00600e3          	beqz	a2,804006a8 <_malloc_r+0x26c>
80400aac:	00f67733          	and	a4,a2,a5
80400ab0:	00071a63          	bnez	a4,80400ac4 <_malloc_r+0x688>
80400ab4:	00161613          	slli	a2,a2,0x1
80400ab8:	00f67733          	and	a4,a2,a5
80400abc:	004e0e13          	addi	t3,t3,4
80400ac0:	fe070ae3          	beqz	a4,80400ab4 <_malloc_r+0x678>
80400ac4:	000e0593          	mv	a1,t3
80400ac8:	b49ff06f          	j	80400610 <_malloc_r+0x1d4>
80400acc:	00840593          	addi	a1,s0,8
80400ad0:	00090513          	mv	a0,s2
80400ad4:	069000ef          	jal	8040133c <_free_r>
80400ad8:	000c2583          	lw	a1,0(s8)
80400adc:	0089ab83          	lw	s7,8(s3)
80400ae0:	d1dff06f          	j	804007fc <_malloc_r+0x3c0>
80400ae4:	010a8a93          	addi	s5,s5,16
80400ae8:	c29ff06f          	j	80400710 <_malloc_r+0x2d4>
80400aec:	4026d693          	srai	a3,a3,0x2
80400af0:	00100793          	li	a5,1
80400af4:	00d797b3          	sll	a5,a5,a3
80400af8:	00f56533          	or	a0,a0,a5
80400afc:	00a9a223          	sw	a0,4(s3)
80400b00:	e55ff06f          	j	80400954 <_malloc_r+0x518>
80400b04:	015b85b3          	add	a1,s7,s5
80400b08:	40b005b3          	neg	a1,a1
80400b0c:	01459593          	slli	a1,a1,0x14
80400b10:	0145da13          	srli	s4,a1,0x14
80400b14:	000a0593          	mv	a1,s4
80400b18:	00090513          	mv	a0,s2
80400b1c:	404000ef          	jal	80400f20 <_sbrk_r>
80400b20:	fff00793          	li	a5,-1
80400b24:	c8f510e3          	bne	a0,a5,804007a4 <_malloc_r+0x368>
80400b28:	00000a13          	li	s4,0
80400b2c:	c81ff06f          	j	804007ac <_malloc_r+0x370>
80400b30:	00812c03          	lw	s8,8(sp)
80400b34:	00100793          	li	a5,1
80400b38:	00fba223          	sw	a5,4(s7)
80400b3c:	00090513          	mv	a0,s2
80400b40:	134000ef          	jal	80400c74 <__malloc_unlock>
80400b44:	01812a03          	lw	s4,24(sp)
80400b48:	01412a83          	lw	s5,20(sp)
80400b4c:	01012b03          	lw	s6,16(sp)
80400b50:	00c12b83          	lw	s7,12(sp)
80400b54:	00412c83          	lw	s9,4(sp)
80400b58:	b21ff06f          	j	80400678 <_malloc_r+0x23c>
80400b5c:	05400693          	li	a3,84
80400b60:	06e6ee63          	bltu	a3,a4,80400bdc <_malloc_r+0x7a0>
80400b64:	00c7d713          	srli	a4,a5,0xc
80400b68:	06f70613          	addi	a2,a4,111
80400b6c:	00361613          	slli	a2,a2,0x3
80400b70:	06e70693          	addi	a3,a4,110
80400b74:	db5ff06f          	j	80400928 <_malloc_r+0x4ec>
80400b78:	15400713          	li	a4,340
80400b7c:	06f76e63          	bltu	a4,a5,80400bf8 <_malloc_r+0x7bc>
80400b80:	00f4d793          	srli	a5,s1,0xf
80400b84:	07878593          	addi	a1,a5,120
80400b88:	07778813          	addi	a6,a5,119
80400b8c:	00359613          	slli	a2,a1,0x3
80400b90:	989ff06f          	j	80400518 <_malloc_r+0xdc>
80400b94:	00008c17          	auipc	s8,0x8
80400b98:	a08c0c13          	addi	s8,s8,-1528 # 8040859c <__malloc_current_mallinfo>
80400b9c:	000c2703          	lw	a4,0(s8)
80400ba0:	00ea8733          	add	a4,s5,a4
80400ba4:	00ec2023          	sw	a4,0(s8)
80400ba8:	ba5ff06f          	j	8040074c <_malloc_r+0x310>
80400bac:	0089a403          	lw	s0,8(s3)
80400bb0:	00442783          	lw	a5,4(s0)
80400bb4:	c99ff06f          	j	8040084c <_malloc_r+0x410>
80400bb8:	01451793          	slli	a5,a0,0x14
80400bbc:	b80798e3          	bnez	a5,8040074c <_malloc_r+0x310>
80400bc0:	0089ab83          	lw	s7,8(s3)
80400bc4:	015b07b3          	add	a5,s6,s5
80400bc8:	0017e793          	ori	a5,a5,1
80400bcc:	00fba223          	sw	a5,4(s7)
80400bd0:	c31ff06f          	j	80400800 <_malloc_r+0x3c4>
80400bd4:	017ca023          	sw	s7,0(s9)
80400bd8:	b8dff06f          	j	80400764 <_malloc_r+0x328>
80400bdc:	15400693          	li	a3,340
80400be0:	04e6e463          	bltu	a3,a4,80400c28 <_malloc_r+0x7ec>
80400be4:	00f7d713          	srli	a4,a5,0xf
80400be8:	07870613          	addi	a2,a4,120
80400bec:	00361613          	slli	a2,a2,0x3
80400bf0:	07770693          	addi	a3,a4,119
80400bf4:	d35ff06f          	j	80400928 <_malloc_r+0x4ec>
80400bf8:	55400713          	li	a4,1364
80400bfc:	04f76463          	bltu	a4,a5,80400c44 <_malloc_r+0x808>
80400c00:	0124d793          	srli	a5,s1,0x12
80400c04:	07d78593          	addi	a1,a5,125
80400c08:	07c78813          	addi	a6,a5,124
80400c0c:	00359613          	slli	a2,a1,0x3
80400c10:	909ff06f          	j	80400518 <_malloc_r+0xdc>
80400c14:	ff8c8c93          	addi	s9,s9,-8
80400c18:	019a8ab3          	add	s5,s5,s9
80400c1c:	417a8ab3          	sub	s5,s5,s7
80400c20:	00000a13          	li	s4,0
80400c24:	b89ff06f          	j	804007ac <_malloc_r+0x370>
80400c28:	55400693          	li	a3,1364
80400c2c:	02e6e463          	bltu	a3,a4,80400c54 <_malloc_r+0x818>
80400c30:	0127d713          	srli	a4,a5,0x12
80400c34:	07d70613          	addi	a2,a4,125
80400c38:	00361613          	slli	a2,a2,0x3
80400c3c:	07c70693          	addi	a3,a4,124
80400c40:	ce9ff06f          	j	80400928 <_malloc_r+0x4ec>
80400c44:	3f800613          	li	a2,1016
80400c48:	07f00593          	li	a1,127
80400c4c:	07e00813          	li	a6,126
80400c50:	8c9ff06f          	j	80400518 <_malloc_r+0xdc>
80400c54:	3f800613          	li	a2,1016
80400c58:	07e00693          	li	a3,126
80400c5c:	ccdff06f          	j	80400928 <_malloc_r+0x4ec>
80400c60:	0049a783          	lw	a5,4(s3)
80400c64:	e3dff06f          	j	80400aa0 <_malloc_r+0x664>

80400c68 <__malloc_lock>:
__malloc_lock():
80400c68:	00008517          	auipc	a0,0x8
80400c6c:	92c50513          	addi	a0,a0,-1748 # 80408594 <__lock___malloc_recursive_mutex>
80400c70:	5800006f          	j	804011f0 <__retarget_lock_acquire_recursive>

80400c74 <__malloc_unlock>:
__malloc_unlock():
80400c74:	00008517          	auipc	a0,0x8
80400c78:	92050513          	addi	a0,a0,-1760 # 80408594 <__lock___malloc_recursive_mutex>
80400c7c:	5780006f          	j	804011f4 <__retarget_lock_release_recursive>

80400c80 <__utoa>:
__utoa():
80400c80:	00007797          	auipc	a5,0x7
80400c84:	3a078793          	addi	a5,a5,928 # 80408020 <__modsi3+0x6968>
80400c88:	0007a283          	lw	t0,0(a5)
80400c8c:	0047af83          	lw	t6,4(a5)
80400c90:	0087af03          	lw	t5,8(a5)
80400c94:	00c7ae83          	lw	t4,12(a5)
80400c98:	0107ae03          	lw	t3,16(a5)
80400c9c:	0147a303          	lw	t1,20(a5)
80400ca0:	0187a883          	lw	a7,24(a5)
80400ca4:	01c7a803          	lw	a6,28(a5)
80400ca8:	0207a683          	lw	a3,32(a5)
80400cac:	00007797          	auipc	a5,0x7
80400cb0:	3987c783          	lbu	a5,920(a5) # 80408044 <__modsi3+0x698c>
80400cb4:	fb010113          	addi	sp,sp,-80
80400cb8:	03512a23          	sw	s5,52(sp)
80400cbc:	02f10623          	sb	a5,44(sp)
80400cc0:	04112623          	sw	ra,76(sp)
80400cc4:	ffe60713          	addi	a4,a2,-2
80400cc8:	00512423          	sw	t0,8(sp)
80400ccc:	01f12623          	sw	t6,12(sp)
80400cd0:	01e12823          	sw	t5,16(sp)
80400cd4:	01d12a23          	sw	t4,20(sp)
80400cd8:	01c12c23          	sw	t3,24(sp)
80400cdc:	00612e23          	sw	t1,28(sp)
80400ce0:	03112023          	sw	a7,32(sp)
80400ce4:	03012223          	sw	a6,36(sp)
80400ce8:	02d12423          	sw	a3,40(sp)
80400cec:	02200793          	li	a5,34
80400cf0:	00058a93          	mv	s5,a1
80400cf4:	0ce7e463          	bltu	a5,a4,80400dbc <__utoa+0x13c>
80400cf8:	04812423          	sw	s0,72(sp)
80400cfc:	04912223          	sw	s1,68(sp)
80400d00:	05212023          	sw	s2,64(sp)
80400d04:	03312e23          	sw	s3,60(sp)
80400d08:	03412c23          	sw	s4,56(sp)
80400d0c:	03612823          	sw	s6,48(sp)
80400d10:	00060493          	mv	s1,a2
80400d14:	00050413          	mv	s0,a0
80400d18:	00000913          	li	s2,0
80400d1c:	00048593          	mv	a1,s1
80400d20:	00040513          	mv	a0,s0
80400d24:	161000ef          	jal	80401684 <__umodsi3>
80400d28:	00250533          	add	a0,a0,sp
80400d2c:	00854783          	lbu	a5,8(a0)
80400d30:	00090993          	mv	s3,s2
80400d34:	00190913          	addi	s2,s2,1
80400d38:	012a8a33          	add	s4,s5,s2
80400d3c:	00040513          	mv	a0,s0
80400d40:	00048593          	mv	a1,s1
80400d44:	fefa0fa3          	sb	a5,-1(s4)
80400d48:	00040b13          	mv	s6,s0
80400d4c:	0f1000ef          	jal	8040163c <__hidden___udivsi3>
80400d50:	00050413          	mv	s0,a0
80400d54:	fc9b74e3          	bgeu	s6,s1,80400d1c <__utoa+0x9c>
80400d58:	000a0023          	sb	zero,0(s4)
80400d5c:	02098a63          	beqz	s3,80400d90 <__utoa+0x110>
80400d60:	000a8693          	mv	a3,s5
80400d64:	013a8733          	add	a4,s5,s3
80400d68:	00000793          	li	a5,0
80400d6c:	00074583          	lbu	a1,0(a4)
80400d70:	0006c603          	lbu	a2,0(a3)
80400d74:	00178793          	addi	a5,a5,1
80400d78:	00b68023          	sb	a1,0(a3)
80400d7c:	00c70023          	sb	a2,0(a4)
80400d80:	40f98633          	sub	a2,s3,a5
80400d84:	00168693          	addi	a3,a3,1
80400d88:	fff70713          	addi	a4,a4,-1
80400d8c:	fec7c0e3          	blt	a5,a2,80400d6c <__utoa+0xec>
80400d90:	04812403          	lw	s0,72(sp)
80400d94:	04c12083          	lw	ra,76(sp)
80400d98:	04412483          	lw	s1,68(sp)
80400d9c:	04012903          	lw	s2,64(sp)
80400da0:	03c12983          	lw	s3,60(sp)
80400da4:	03812a03          	lw	s4,56(sp)
80400da8:	03012b03          	lw	s6,48(sp)
80400dac:	000a8513          	mv	a0,s5
80400db0:	03412a83          	lw	s5,52(sp)
80400db4:	05010113          	addi	sp,sp,80
80400db8:	00008067          	ret
80400dbc:	00058023          	sb	zero,0(a1)
80400dc0:	04c12083          	lw	ra,76(sp)
80400dc4:	03412a83          	lw	s5,52(sp)
80400dc8:	00000513          	li	a0,0
80400dcc:	05010113          	addi	sp,sp,80
80400dd0:	00008067          	ret

80400dd4 <strcat>:
strcat():
80400dd4:	ff010113          	addi	sp,sp,-16
80400dd8:	00812423          	sw	s0,8(sp)
80400ddc:	00112623          	sw	ra,12(sp)
80400de0:	00357793          	andi	a5,a0,3
80400de4:	00050413          	mv	s0,a0
80400de8:	06079663          	bnez	a5,80400e54 <strcat+0x80>
80400dec:	00052703          	lw	a4,0(a0)
80400df0:	feff0637          	lui	a2,0xfeff0
80400df4:	eff60613          	addi	a2,a2,-257 # fefefeff <__heap_end+0x7e9efeff>
80400df8:	00c707b3          	add	a5,a4,a2
80400dfc:	808086b7          	lui	a3,0x80808
80400e00:	fff74713          	not	a4,a4
80400e04:	00e7f7b3          	and	a5,a5,a4
80400e08:	08068693          	addi	a3,a3,128 # 80808080 <__heap_end+0x208080>
80400e0c:	00d7f7b3          	and	a5,a5,a3
80400e10:	04079263          	bnez	a5,80400e54 <strcat+0x80>
80400e14:	00452703          	lw	a4,4(a0)
80400e18:	00450513          	addi	a0,a0,4
80400e1c:	00c707b3          	add	a5,a4,a2
80400e20:	fff74713          	not	a4,a4
80400e24:	00e7f7b3          	and	a5,a5,a4
80400e28:	00d7f7b3          	and	a5,a5,a3
80400e2c:	02079463          	bnez	a5,80400e54 <strcat+0x80>
80400e30:	00452703          	lw	a4,4(a0)
80400e34:	00450513          	addi	a0,a0,4
80400e38:	00c707b3          	add	a5,a4,a2
80400e3c:	fff74713          	not	a4,a4
80400e40:	00e7f7b3          	and	a5,a5,a4
80400e44:	00d7f7b3          	and	a5,a5,a3
80400e48:	fc0786e3          	beqz	a5,80400e14 <strcat+0x40>
80400e4c:	0080006f          	j	80400e54 <strcat+0x80>
80400e50:	00150513          	addi	a0,a0,1
80400e54:	00054783          	lbu	a5,0(a0)
80400e58:	fe079ce3          	bnez	a5,80400e50 <strcat+0x7c>
80400e5c:	2f0000ef          	jal	8040114c <strcpy>
80400e60:	00c12083          	lw	ra,12(sp)
80400e64:	00040513          	mv	a0,s0
80400e68:	00812403          	lw	s0,8(sp)
80400e6c:	01010113          	addi	sp,sp,16
80400e70:	00008067          	ret

80400e74 <strncat>:
strncat():
80400e74:	00357713          	andi	a4,a0,3
80400e78:	00050793          	mv	a5,a0
80400e7c:	06071663          	bnez	a4,80400ee8 <strncat+0x74>
80400e80:	00052683          	lw	a3,0(a0)
80400e84:	feff08b7          	lui	a7,0xfeff0
80400e88:	eff88893          	addi	a7,a7,-257 # fefefeff <__heap_end+0x7e9efeff>
80400e8c:	01168733          	add	a4,a3,a7
80400e90:	80808837          	lui	a6,0x80808
80400e94:	fff6c693          	not	a3,a3
80400e98:	00d77733          	and	a4,a4,a3
80400e9c:	08080813          	addi	a6,a6,128 # 80808080 <__heap_end+0x208080>
80400ea0:	01077733          	and	a4,a4,a6
80400ea4:	04071263          	bnez	a4,80400ee8 <strncat+0x74>
80400ea8:	0047a683          	lw	a3,4(a5)
80400eac:	00478793          	addi	a5,a5,4
80400eb0:	01168733          	add	a4,a3,a7
80400eb4:	fff6c693          	not	a3,a3
80400eb8:	00d77733          	and	a4,a4,a3
80400ebc:	01077733          	and	a4,a4,a6
80400ec0:	02071463          	bnez	a4,80400ee8 <strncat+0x74>
80400ec4:	0047a683          	lw	a3,4(a5)
80400ec8:	00478793          	addi	a5,a5,4
80400ecc:	01168733          	add	a4,a3,a7
80400ed0:	fff6c693          	not	a3,a3
80400ed4:	00d77733          	and	a4,a4,a3
80400ed8:	01077733          	and	a4,a4,a6
80400edc:	fc0706e3          	beqz	a4,80400ea8 <strncat+0x34>
80400ee0:	0080006f          	j	80400ee8 <strncat+0x74>
80400ee4:	00178793          	addi	a5,a5,1
80400ee8:	0007c703          	lbu	a4,0(a5)
80400eec:	fe071ce3          	bnez	a4,80400ee4 <strncat+0x70>
80400ef0:	00c786b3          	add	a3,a5,a2
80400ef4:	02060463          	beqz	a2,80400f1c <strncat+0xa8>
80400ef8:	0005c703          	lbu	a4,0(a1)
80400efc:	00178793          	addi	a5,a5,1
80400f00:	00158593          	addi	a1,a1,1
80400f04:	fee78fa3          	sb	a4,-1(a5)
80400f08:	00070863          	beqz	a4,80400f18 <strncat+0xa4>
80400f0c:	fef696e3          	bne	a3,a5,80400ef8 <strncat+0x84>
80400f10:	00068023          	sb	zero,0(a3)
80400f14:	00008067          	ret
80400f18:	00008067          	ret
80400f1c:	00008067          	ret

80400f20 <_sbrk_r>:
_sbrk_r():
80400f20:	ff010113          	addi	sp,sp,-16
80400f24:	00812423          	sw	s0,8(sp)
80400f28:	00050413          	mv	s0,a0
80400f2c:	00058513          	mv	a0,a1
80400f30:	00007797          	auipc	a5,0x7
80400f34:	6607a423          	sw	zero,1640(a5) # 80408598 <errno>
80400f38:	00112623          	sw	ra,12(sp)
80400f3c:	90cff0ef          	jal	80400048 <_sbrk>
80400f40:	fff00793          	li	a5,-1
80400f44:	00f50a63          	beq	a0,a5,80400f58 <_sbrk_r+0x38>
80400f48:	00c12083          	lw	ra,12(sp)
80400f4c:	00812403          	lw	s0,8(sp)
80400f50:	01010113          	addi	sp,sp,16
80400f54:	00008067          	ret
80400f58:	00912223          	sw	s1,4(sp)
80400f5c:	00007497          	auipc	s1,0x7
80400f60:	63c48493          	addi	s1,s1,1596 # 80408598 <errno>
80400f64:	0004a783          	lw	a5,0(s1)
80400f68:	00078e63          	beqz	a5,80400f84 <_sbrk_r+0x64>
80400f6c:	00c12083          	lw	ra,12(sp)
80400f70:	00f42023          	sw	a5,0(s0)
80400f74:	00812403          	lw	s0,8(sp)
80400f78:	00412483          	lw	s1,4(sp)
80400f7c:	01010113          	addi	sp,sp,16
80400f80:	00008067          	ret
80400f84:	00c12083          	lw	ra,12(sp)
80400f88:	00812403          	lw	s0,8(sp)
80400f8c:	00412483          	lw	s1,4(sp)
80400f90:	01010113          	addi	sp,sp,16
80400f94:	00008067          	ret

80400f98 <memcpy>:
memcpy():
80400f98:	00a5c7b3          	xor	a5,a1,a0
80400f9c:	0037f793          	andi	a5,a5,3
80400fa0:	00c508b3          	add	a7,a0,a2
80400fa4:	06079663          	bnez	a5,80401010 <memcpy+0x78>
80400fa8:	00300793          	li	a5,3
80400fac:	06c7f263          	bgeu	a5,a2,80401010 <memcpy+0x78>
80400fb0:	00357793          	andi	a5,a0,3
80400fb4:	00050713          	mv	a4,a0
80400fb8:	0c079a63          	bnez	a5,8040108c <memcpy+0xf4>
80400fbc:	ffc8f613          	andi	a2,a7,-4
80400fc0:	40e606b3          	sub	a3,a2,a4
80400fc4:	02000793          	li	a5,32
80400fc8:	06d7c463          	blt	a5,a3,80401030 <memcpy+0x98>
80400fcc:	00058693          	mv	a3,a1
80400fd0:	00070793          	mv	a5,a4
80400fd4:	02c77a63          	bgeu	a4,a2,80401008 <memcpy+0x70>
80400fd8:	0006a803          	lw	a6,0(a3)
80400fdc:	00478793          	addi	a5,a5,4
80400fe0:	00468693          	addi	a3,a3,4
80400fe4:	ff07ae23          	sw	a6,-4(a5)
80400fe8:	fec7e8e3          	bltu	a5,a2,80400fd8 <memcpy+0x40>
80400fec:	fff60613          	addi	a2,a2,-1
80400ff0:	40e60633          	sub	a2,a2,a4
80400ff4:	ffc67613          	andi	a2,a2,-4
80400ff8:	00458593          	addi	a1,a1,4
80400ffc:	00470713          	addi	a4,a4,4
80401000:	00c585b3          	add	a1,a1,a2
80401004:	00c70733          	add	a4,a4,a2
80401008:	01176863          	bltu	a4,a7,80401018 <memcpy+0x80>
8040100c:	00008067          	ret
80401010:	00050713          	mv	a4,a0
80401014:	ff157ce3          	bgeu	a0,a7,8040100c <memcpy+0x74>
80401018:	0005c783          	lbu	a5,0(a1)
8040101c:	00170713          	addi	a4,a4,1
80401020:	00158593          	addi	a1,a1,1
80401024:	fef70fa3          	sb	a5,-1(a4)
80401028:	fee898e3          	bne	a7,a4,80401018 <memcpy+0x80>
8040102c:	00008067          	ret
80401030:	0205a683          	lw	a3,32(a1)
80401034:	0005a383          	lw	t2,0(a1)
80401038:	0045a283          	lw	t0,4(a1)
8040103c:	0085af83          	lw	t6,8(a1)
80401040:	00c5af03          	lw	t5,12(a1)
80401044:	0105ae83          	lw	t4,16(a1)
80401048:	0145ae03          	lw	t3,20(a1)
8040104c:	0185a303          	lw	t1,24(a1)
80401050:	01c5a803          	lw	a6,28(a1)
80401054:	02470713          	addi	a4,a4,36
80401058:	fed72e23          	sw	a3,-4(a4)
8040105c:	fc772e23          	sw	t2,-36(a4)
80401060:	40e606b3          	sub	a3,a2,a4
80401064:	fe572023          	sw	t0,-32(a4)
80401068:	fff72223          	sw	t6,-28(a4)
8040106c:	ffe72423          	sw	t5,-24(a4)
80401070:	ffd72623          	sw	t4,-20(a4)
80401074:	ffc72823          	sw	t3,-16(a4)
80401078:	fe672a23          	sw	t1,-12(a4)
8040107c:	ff072c23          	sw	a6,-8(a4)
80401080:	02458593          	addi	a1,a1,36
80401084:	fad7c6e3          	blt	a5,a3,80401030 <memcpy+0x98>
80401088:	f45ff06f          	j	80400fcc <memcpy+0x34>
8040108c:	0005c683          	lbu	a3,0(a1)
80401090:	00170713          	addi	a4,a4,1
80401094:	00377793          	andi	a5,a4,3
80401098:	fed70fa3          	sb	a3,-1(a4)
8040109c:	00158593          	addi	a1,a1,1
804010a0:	f0078ee3          	beqz	a5,80400fbc <memcpy+0x24>
804010a4:	0005c683          	lbu	a3,0(a1)
804010a8:	00170713          	addi	a4,a4,1
804010ac:	00377793          	andi	a5,a4,3
804010b0:	fed70fa3          	sb	a3,-1(a4)
804010b4:	00158593          	addi	a1,a1,1
804010b8:	fc079ae3          	bnez	a5,8040108c <memcpy+0xf4>
804010bc:	f01ff06f          	j	80400fbc <memcpy+0x24>

804010c0 <strlen>:
strlen():
804010c0:	00357793          	andi	a5,a0,3
804010c4:	00050713          	mv	a4,a0
804010c8:	04079c63          	bnez	a5,80401120 <strlen+0x60>
804010cc:	7f7f86b7          	lui	a3,0x7f7f8
804010d0:	f7f68693          	addi	a3,a3,-129 # 7f7f7f7f <app_entry-0xc08081>
804010d4:	fff00593          	li	a1,-1
804010d8:	00072603          	lw	a2,0(a4)
804010dc:	00470713          	addi	a4,a4,4
804010e0:	00d677b3          	and	a5,a2,a3
804010e4:	00d787b3          	add	a5,a5,a3
804010e8:	00c7e7b3          	or	a5,a5,a2
804010ec:	00d7e7b3          	or	a5,a5,a3
804010f0:	feb784e3          	beq	a5,a1,804010d8 <strlen+0x18>
804010f4:	ffc74683          	lbu	a3,-4(a4)
804010f8:	40a707b3          	sub	a5,a4,a0
804010fc:	04068463          	beqz	a3,80401144 <strlen+0x84>
80401100:	ffd74683          	lbu	a3,-3(a4)
80401104:	02068c63          	beqz	a3,8040113c <strlen+0x7c>
80401108:	ffe74503          	lbu	a0,-2(a4)
8040110c:	00a03533          	snez	a0,a0
80401110:	00f50533          	add	a0,a0,a5
80401114:	ffe50513          	addi	a0,a0,-2
80401118:	00008067          	ret
8040111c:	fa0688e3          	beqz	a3,804010cc <strlen+0xc>
80401120:	00074783          	lbu	a5,0(a4)
80401124:	00170713          	addi	a4,a4,1
80401128:	00377693          	andi	a3,a4,3
8040112c:	fe0798e3          	bnez	a5,8040111c <strlen+0x5c>
80401130:	40a70733          	sub	a4,a4,a0
80401134:	fff70513          	addi	a0,a4,-1
80401138:	00008067          	ret
8040113c:	ffd78513          	addi	a0,a5,-3
80401140:	00008067          	ret
80401144:	ffc78513          	addi	a0,a5,-4
80401148:	00008067          	ret

8040114c <strcpy>:
strcpy():
8040114c:	00b567b3          	or	a5,a0,a1
80401150:	0037f793          	andi	a5,a5,3
80401154:	08079063          	bnez	a5,804011d4 <strcpy+0x88>
80401158:	0005a703          	lw	a4,0(a1)
8040115c:	7f7f86b7          	lui	a3,0x7f7f8
80401160:	f7f68693          	addi	a3,a3,-129 # 7f7f7f7f <app_entry-0xc08081>
80401164:	00d77833          	and	a6,a4,a3
80401168:	00d80833          	add	a6,a6,a3
8040116c:	00e86833          	or	a6,a6,a4
80401170:	00d86833          	or	a6,a6,a3
80401174:	fff00793          	li	a5,-1
80401178:	00050613          	mv	a2,a0
8040117c:	02f81463          	bne	a6,a5,804011a4 <strcpy+0x58>
80401180:	00458593          	addi	a1,a1,4
80401184:	00e62023          	sw	a4,0(a2)
80401188:	0005a703          	lw	a4,0(a1)
8040118c:	00460613          	addi	a2,a2,4
80401190:	00d777b3          	and	a5,a4,a3
80401194:	00d787b3          	add	a5,a5,a3
80401198:	00e7e7b3          	or	a5,a5,a4
8040119c:	00d7e7b3          	or	a5,a5,a3
804011a0:	ff0780e3          	beq	a5,a6,80401180 <strcpy+0x34>
804011a4:	0005c783          	lbu	a5,0(a1)
804011a8:	0015c703          	lbu	a4,1(a1)
804011ac:	0025c683          	lbu	a3,2(a1)
804011b0:	00f60023          	sb	a5,0(a2)
804011b4:	00078a63          	beqz	a5,804011c8 <strcpy+0x7c>
804011b8:	00e600a3          	sb	a4,1(a2)
804011bc:	00070663          	beqz	a4,804011c8 <strcpy+0x7c>
804011c0:	00d60123          	sb	a3,2(a2)
804011c4:	00069463          	bnez	a3,804011cc <strcpy+0x80>
804011c8:	00008067          	ret
804011cc:	000601a3          	sb	zero,3(a2)
804011d0:	00008067          	ret
804011d4:	00050793          	mv	a5,a0
804011d8:	0005c703          	lbu	a4,0(a1)
804011dc:	00178793          	addi	a5,a5,1
804011e0:	00158593          	addi	a1,a1,1
804011e4:	fee78fa3          	sb	a4,-1(a5)
804011e8:	fe0718e3          	bnez	a4,804011d8 <strcpy+0x8c>
804011ec:	00008067          	ret

804011f0 <__retarget_lock_acquire_recursive>:
__retarget_lock_acquire_recursive():
804011f0:	00008067          	ret

804011f4 <__retarget_lock_release_recursive>:
__retarget_lock_release_recursive():
804011f4:	00008067          	ret

804011f8 <_malloc_trim_r>:
_malloc_trim_r():
804011f8:	fe010113          	addi	sp,sp,-32
804011fc:	00812c23          	sw	s0,24(sp)
80401200:	00912a23          	sw	s1,20(sp)
80401204:	01212823          	sw	s2,16(sp)
80401208:	01312623          	sw	s3,12(sp)
8040120c:	01412423          	sw	s4,8(sp)
80401210:	00058993          	mv	s3,a1
80401214:	00112e23          	sw	ra,28(sp)
80401218:	00050913          	mv	s2,a0
8040121c:	00007a17          	auipc	s4,0x7
80401220:	e2ca0a13          	addi	s4,s4,-468 # 80408048 <__malloc_av_>
80401224:	a45ff0ef          	jal	80400c68 <__malloc_lock>
80401228:	008a2783          	lw	a5,8(s4)
8040122c:	00001437          	lui	s0,0x1
80401230:	fef40413          	addi	s0,s0,-17 # fef <app_entry-0x803ff011>
80401234:	0047a483          	lw	s1,4(a5)
80401238:	000017b7          	lui	a5,0x1
8040123c:	ffc4f493          	andi	s1,s1,-4
80401240:	00848433          	add	s0,s1,s0
80401244:	41340433          	sub	s0,s0,s3
80401248:	00c45413          	srli	s0,s0,0xc
8040124c:	fff40413          	addi	s0,s0,-1
80401250:	00c41413          	slli	s0,s0,0xc
80401254:	00f44e63          	blt	s0,a5,80401270 <_malloc_trim_r+0x78>
80401258:	00000593          	li	a1,0
8040125c:	00090513          	mv	a0,s2
80401260:	cc1ff0ef          	jal	80400f20 <_sbrk_r>
80401264:	008a2783          	lw	a5,8(s4)
80401268:	009787b3          	add	a5,a5,s1
8040126c:	02f50863          	beq	a0,a5,8040129c <_malloc_trim_r+0xa4>
80401270:	00090513          	mv	a0,s2
80401274:	a01ff0ef          	jal	80400c74 <__malloc_unlock>
80401278:	01c12083          	lw	ra,28(sp)
8040127c:	01812403          	lw	s0,24(sp)
80401280:	01412483          	lw	s1,20(sp)
80401284:	01012903          	lw	s2,16(sp)
80401288:	00c12983          	lw	s3,12(sp)
8040128c:	00812a03          	lw	s4,8(sp)
80401290:	00000513          	li	a0,0
80401294:	02010113          	addi	sp,sp,32
80401298:	00008067          	ret
8040129c:	408005b3          	neg	a1,s0
804012a0:	00090513          	mv	a0,s2
804012a4:	c7dff0ef          	jal	80400f20 <_sbrk_r>
804012a8:	fff00793          	li	a5,-1
804012ac:	04f50a63          	beq	a0,a5,80401300 <_malloc_trim_r+0x108>
804012b0:	00007717          	auipc	a4,0x7
804012b4:	2ec70713          	addi	a4,a4,748 # 8040859c <__malloc_current_mallinfo>
804012b8:	008a2683          	lw	a3,8(s4)
804012bc:	00072783          	lw	a5,0(a4)
804012c0:	408484b3          	sub	s1,s1,s0
804012c4:	0014e493          	ori	s1,s1,1
804012c8:	00090513          	mv	a0,s2
804012cc:	408787b3          	sub	a5,a5,s0
804012d0:	0096a223          	sw	s1,4(a3)
804012d4:	00f72023          	sw	a5,0(a4)
804012d8:	99dff0ef          	jal	80400c74 <__malloc_unlock>
804012dc:	01c12083          	lw	ra,28(sp)
804012e0:	01812403          	lw	s0,24(sp)
804012e4:	01412483          	lw	s1,20(sp)
804012e8:	01012903          	lw	s2,16(sp)
804012ec:	00c12983          	lw	s3,12(sp)
804012f0:	00812a03          	lw	s4,8(sp)
804012f4:	00100513          	li	a0,1
804012f8:	02010113          	addi	sp,sp,32
804012fc:	00008067          	ret
80401300:	00000593          	li	a1,0
80401304:	00090513          	mv	a0,s2
80401308:	c19ff0ef          	jal	80400f20 <_sbrk_r>
8040130c:	008a2703          	lw	a4,8(s4)
80401310:	00f00693          	li	a3,15
80401314:	40e507b3          	sub	a5,a0,a4
80401318:	f4f6dce3          	bge	a3,a5,80401270 <_malloc_trim_r+0x78>
8040131c:	00007697          	auipc	a3,0x7
80401320:	25c6a683          	lw	a3,604(a3) # 80408578 <__malloc_sbrk_base>
80401324:	0017e793          	ori	a5,a5,1
80401328:	00f72223          	sw	a5,4(a4)
8040132c:	40d50533          	sub	a0,a0,a3
80401330:	00007797          	auipc	a5,0x7
80401334:	26a7a623          	sw	a0,620(a5) # 8040859c <__malloc_current_mallinfo>
80401338:	f39ff06f          	j	80401270 <_malloc_trim_r+0x78>

8040133c <_free_r>:
_free_r():
8040133c:	12058663          	beqz	a1,80401468 <_free_r+0x12c>
80401340:	ff010113          	addi	sp,sp,-16
80401344:	00812423          	sw	s0,8(sp)
80401348:	00912223          	sw	s1,4(sp)
8040134c:	00058413          	mv	s0,a1
80401350:	00050493          	mv	s1,a0
80401354:	00112623          	sw	ra,12(sp)
80401358:	911ff0ef          	jal	80400c68 <__malloc_lock>
8040135c:	ffc42583          	lw	a1,-4(s0)
80401360:	ff840713          	addi	a4,s0,-8
80401364:	00007817          	auipc	a6,0x7
80401368:	ce480813          	addi	a6,a6,-796 # 80408048 <__malloc_av_>
8040136c:	ffe5f793          	andi	a5,a1,-2
80401370:	00f70633          	add	a2,a4,a5
80401374:	00462683          	lw	a3,4(a2)
80401378:	00882503          	lw	a0,8(a6)
8040137c:	0015f893          	andi	a7,a1,1
80401380:	ffc6f693          	andi	a3,a3,-4
80401384:	18c50c63          	beq	a0,a2,8040151c <_free_r+0x1e0>
80401388:	00d62223          	sw	a3,4(a2)
8040138c:	00d60533          	add	a0,a2,a3
80401390:	00452503          	lw	a0,4(a0)
80401394:	00157513          	andi	a0,a0,1
80401398:	08089c63          	bnez	a7,80401430 <_free_r+0xf4>
8040139c:	ff842303          	lw	t1,-8(s0)
804013a0:	00007897          	auipc	a7,0x7
804013a4:	cb088893          	addi	a7,a7,-848 # 80408050 <__malloc_av_+0x8>
804013a8:	40670733          	sub	a4,a4,t1
804013ac:	00872583          	lw	a1,8(a4)
804013b0:	006787b3          	add	a5,a5,t1
804013b4:	13158e63          	beq	a1,a7,804014f0 <_free_r+0x1b4>
804013b8:	00c72303          	lw	t1,12(a4)
804013bc:	0065a623          	sw	t1,12(a1)
804013c0:	00b32423          	sw	a1,8(t1)
804013c4:	1a050463          	beqz	a0,8040156c <_free_r+0x230>
804013c8:	0017e693          	ori	a3,a5,1
804013cc:	00d72223          	sw	a3,4(a4)
804013d0:	00f62023          	sw	a5,0(a2)
804013d4:	1ff00693          	li	a3,511
804013d8:	0af6e463          	bltu	a3,a5,80401480 <_free_r+0x144>
804013dc:	ff87f693          	andi	a3,a5,-8
804013e0:	00868693          	addi	a3,a3,8
804013e4:	00482583          	lw	a1,4(a6)
804013e8:	00d806b3          	add	a3,a6,a3
804013ec:	0006a603          	lw	a2,0(a3)
804013f0:	0057d513          	srli	a0,a5,0x5
804013f4:	00100793          	li	a5,1
804013f8:	00a797b3          	sll	a5,a5,a0
804013fc:	00b7e7b3          	or	a5,a5,a1
80401400:	ff868593          	addi	a1,a3,-8
80401404:	00c72423          	sw	a2,8(a4)
80401408:	00b72623          	sw	a1,12(a4)
8040140c:	00f82223          	sw	a5,4(a6)
80401410:	00e6a023          	sw	a4,0(a3)
80401414:	00e62623          	sw	a4,12(a2)
80401418:	00812403          	lw	s0,8(sp)
8040141c:	00c12083          	lw	ra,12(sp)
80401420:	00048513          	mv	a0,s1
80401424:	00412483          	lw	s1,4(sp)
80401428:	01010113          	addi	sp,sp,16
8040142c:	849ff06f          	j	80400c74 <__malloc_unlock>
80401430:	02051e63          	bnez	a0,8040146c <_free_r+0x130>
80401434:	00d787b3          	add	a5,a5,a3
80401438:	00007897          	auipc	a7,0x7
8040143c:	c1888893          	addi	a7,a7,-1000 # 80408050 <__malloc_av_+0x8>
80401440:	00862683          	lw	a3,8(a2)
80401444:	0017e513          	ori	a0,a5,1
80401448:	00f705b3          	add	a1,a4,a5
8040144c:	17168663          	beq	a3,a7,804015b8 <_free_r+0x27c>
80401450:	00c62603          	lw	a2,12(a2)
80401454:	00c6a623          	sw	a2,12(a3)
80401458:	00d62423          	sw	a3,8(a2)
8040145c:	00a72223          	sw	a0,4(a4)
80401460:	00f5a023          	sw	a5,0(a1)
80401464:	f71ff06f          	j	804013d4 <_free_r+0x98>
80401468:	00008067          	ret
8040146c:	0015e593          	ori	a1,a1,1
80401470:	feb42e23          	sw	a1,-4(s0)
80401474:	00f62023          	sw	a5,0(a2)
80401478:	1ff00693          	li	a3,511
8040147c:	f6f6f0e3          	bgeu	a3,a5,804013dc <_free_r+0xa0>
80401480:	0097d693          	srli	a3,a5,0x9
80401484:	00400613          	li	a2,4
80401488:	0ed66663          	bltu	a2,a3,80401574 <_free_r+0x238>
8040148c:	0067d693          	srli	a3,a5,0x6
80401490:	03968593          	addi	a1,a3,57
80401494:	00359593          	slli	a1,a1,0x3
80401498:	03868613          	addi	a2,a3,56
8040149c:	00b805b3          	add	a1,a6,a1
804014a0:	0005a683          	lw	a3,0(a1)
804014a4:	ff858593          	addi	a1,a1,-8
804014a8:	00d59863          	bne	a1,a3,804014b8 <_free_r+0x17c>
804014ac:	1280006f          	j	804015d4 <_free_r+0x298>
804014b0:	0086a683          	lw	a3,8(a3)
804014b4:	00d58863          	beq	a1,a3,804014c4 <_free_r+0x188>
804014b8:	0046a603          	lw	a2,4(a3)
804014bc:	ffc67613          	andi	a2,a2,-4
804014c0:	fec7e8e3          	bltu	a5,a2,804014b0 <_free_r+0x174>
804014c4:	00c6a583          	lw	a1,12(a3)
804014c8:	00b72623          	sw	a1,12(a4)
804014cc:	00d72423          	sw	a3,8(a4)
804014d0:	00812403          	lw	s0,8(sp)
804014d4:	00c12083          	lw	ra,12(sp)
804014d8:	00e5a423          	sw	a4,8(a1)
804014dc:	00048513          	mv	a0,s1
804014e0:	00412483          	lw	s1,4(sp)
804014e4:	00e6a623          	sw	a4,12(a3)
804014e8:	01010113          	addi	sp,sp,16
804014ec:	f88ff06f          	j	80400c74 <__malloc_unlock>
804014f0:	0a051463          	bnez	a0,80401598 <_free_r+0x25c>
804014f4:	00c62583          	lw	a1,12(a2)
804014f8:	00862603          	lw	a2,8(a2)
804014fc:	00f686b3          	add	a3,a3,a5
80401500:	0016e793          	ori	a5,a3,1
80401504:	00b62623          	sw	a1,12(a2)
80401508:	00c5a423          	sw	a2,8(a1)
8040150c:	00f72223          	sw	a5,4(a4)
80401510:	00d70733          	add	a4,a4,a3
80401514:	00d72023          	sw	a3,0(a4)
80401518:	f01ff06f          	j	80401418 <_free_r+0xdc>
8040151c:	00d786b3          	add	a3,a5,a3
80401520:	02089063          	bnez	a7,80401540 <_free_r+0x204>
80401524:	ff842583          	lw	a1,-8(s0)
80401528:	40b70733          	sub	a4,a4,a1
8040152c:	00c72783          	lw	a5,12(a4)
80401530:	00872603          	lw	a2,8(a4)
80401534:	00b686b3          	add	a3,a3,a1
80401538:	00f62623          	sw	a5,12(a2)
8040153c:	00c7a423          	sw	a2,8(a5)
80401540:	0016e613          	ori	a2,a3,1
80401544:	00007797          	auipc	a5,0x7
80401548:	0387a783          	lw	a5,56(a5) # 8040857c <__malloc_trim_threshold>
8040154c:	00c72223          	sw	a2,4(a4)
80401550:	00e82423          	sw	a4,8(a6)
80401554:	ecf6e2e3          	bltu	a3,a5,80401418 <_free_r+0xdc>
80401558:	00007597          	auipc	a1,0x7
8040155c:	0385a583          	lw	a1,56(a1) # 80408590 <__malloc_top_pad>
80401560:	00048513          	mv	a0,s1
80401564:	c95ff0ef          	jal	804011f8 <_malloc_trim_r>
80401568:	eb1ff06f          	j	80401418 <_free_r+0xdc>
8040156c:	00d787b3          	add	a5,a5,a3
80401570:	ed1ff06f          	j	80401440 <_free_r+0x104>
80401574:	01400613          	li	a2,20
80401578:	02d67863          	bgeu	a2,a3,804015a8 <_free_r+0x26c>
8040157c:	05400613          	li	a2,84
80401580:	06d66863          	bltu	a2,a3,804015f0 <_free_r+0x2b4>
80401584:	00c7d693          	srli	a3,a5,0xc
80401588:	06f68593          	addi	a1,a3,111
8040158c:	00359593          	slli	a1,a1,0x3
80401590:	06e68613          	addi	a2,a3,110
80401594:	f09ff06f          	j	8040149c <_free_r+0x160>
80401598:	0017e693          	ori	a3,a5,1
8040159c:	00d72223          	sw	a3,4(a4)
804015a0:	00f62023          	sw	a5,0(a2)
804015a4:	e75ff06f          	j	80401418 <_free_r+0xdc>
804015a8:	05c68593          	addi	a1,a3,92
804015ac:	00359593          	slli	a1,a1,0x3
804015b0:	05b68613          	addi	a2,a3,91
804015b4:	ee9ff06f          	j	8040149c <_free_r+0x160>
804015b8:	00e82a23          	sw	a4,20(a6)
804015bc:	00e82823          	sw	a4,16(a6)
804015c0:	01172623          	sw	a7,12(a4)
804015c4:	01172423          	sw	a7,8(a4)
804015c8:	00a72223          	sw	a0,4(a4)
804015cc:	00f5a023          	sw	a5,0(a1)
804015d0:	e49ff06f          	j	80401418 <_free_r+0xdc>
804015d4:	00482503          	lw	a0,4(a6)
804015d8:	40265613          	srai	a2,a2,0x2
804015dc:	00100793          	li	a5,1
804015e0:	00c797b3          	sll	a5,a5,a2
804015e4:	00a7e7b3          	or	a5,a5,a0
804015e8:	00f82223          	sw	a5,4(a6)
804015ec:	eddff06f          	j	804014c8 <_free_r+0x18c>
804015f0:	15400613          	li	a2,340
804015f4:	00d66c63          	bltu	a2,a3,8040160c <_free_r+0x2d0>
804015f8:	00f7d693          	srli	a3,a5,0xf
804015fc:	07868593          	addi	a1,a3,120
80401600:	00359593          	slli	a1,a1,0x3
80401604:	07768613          	addi	a2,a3,119
80401608:	e95ff06f          	j	8040149c <_free_r+0x160>
8040160c:	55400613          	li	a2,1364
80401610:	00d66c63          	bltu	a2,a3,80401628 <_free_r+0x2ec>
80401614:	0127d693          	srli	a3,a5,0x12
80401618:	07d68593          	addi	a1,a3,125
8040161c:	00359593          	slli	a1,a1,0x3
80401620:	07c68613          	addi	a2,a3,124
80401624:	e79ff06f          	j	8040149c <_free_r+0x160>
80401628:	3f800593          	li	a1,1016
8040162c:	07e00613          	li	a2,126
80401630:	e6dff06f          	j	8040149c <_free_r+0x160>

80401634 <__divsi3>:
__divsi3():
80401634:	06054063          	bltz	a0,80401694 <__umodsi3+0x10>
80401638:	0605c663          	bltz	a1,804016a4 <__umodsi3+0x20>

8040163c <__hidden___udivsi3>:
8040163c:	00058613          	mv	a2,a1
80401640:	00050593          	mv	a1,a0
80401644:	fff00513          	li	a0,-1
80401648:	02060c63          	beqz	a2,80401680 <__hidden___udivsi3+0x44>
8040164c:	00100693          	li	a3,1
80401650:	00b67a63          	bgeu	a2,a1,80401664 <__hidden___udivsi3+0x28>
80401654:	00c05863          	blez	a2,80401664 <__hidden___udivsi3+0x28>
80401658:	00161613          	slli	a2,a2,0x1
8040165c:	00169693          	slli	a3,a3,0x1
80401660:	feb66ae3          	bltu	a2,a1,80401654 <__hidden___udivsi3+0x18>
80401664:	00000513          	li	a0,0
80401668:	00c5e663          	bltu	a1,a2,80401674 <__hidden___udivsi3+0x38>
8040166c:	40c585b3          	sub	a1,a1,a2
80401670:	00d56533          	or	a0,a0,a3
80401674:	0016d693          	srli	a3,a3,0x1
80401678:	00165613          	srli	a2,a2,0x1
8040167c:	fe0696e3          	bnez	a3,80401668 <__hidden___udivsi3+0x2c>
80401680:	00008067          	ret

80401684 <__umodsi3>:
80401684:	00008293          	mv	t0,ra
80401688:	fb5ff0ef          	jal	8040163c <__hidden___udivsi3>
8040168c:	00058513          	mv	a0,a1
80401690:	00028067          	jr	t0
80401694:	40a00533          	neg	a0,a0
80401698:	00b04863          	bgtz	a1,804016a8 <__umodsi3+0x24>
8040169c:	40b005b3          	neg	a1,a1
804016a0:	f9dff06f          	j	8040163c <__hidden___udivsi3>
804016a4:	40b005b3          	neg	a1,a1
804016a8:	00008293          	mv	t0,ra
804016ac:	f91ff0ef          	jal	8040163c <__hidden___udivsi3>
804016b0:	40a00533          	neg	a0,a0
804016b4:	00028067          	jr	t0

804016b8 <__modsi3>:
__modsi3():
804016b8:	00008293          	mv	t0,ra
804016bc:	0005ca63          	bltz	a1,804016d0 <__modsi3+0x18>
804016c0:	00054c63          	bltz	a0,804016d8 <__modsi3+0x20>
804016c4:	f79ff0ef          	jal	8040163c <__hidden___udivsi3>
804016c8:	00058513          	mv	a0,a1
804016cc:	00028067          	jr	t0
804016d0:	40b005b3          	neg	a1,a1
804016d4:	fe0558e3          	bgez	a0,804016c4 <__modsi3+0xc>
804016d8:	40a00533          	neg	a0,a0
804016dc:	f61ff0ef          	jal	8040163c <__hidden___udivsi3>
804016e0:	40b00533          	neg	a0,a1
804016e4:	00028067          	jr	t0
