
build/release/user/crash2.elf:     file format elf32-littleriscv
build/release/user/crash2.elf
architecture: riscv:rv32, flags 0x00000112:
EXEC_P, HAS_SYMS, D_PAGED
start address 0x80400000

Program Header:
0x70000003 off    0x000020ac vaddr 0x00000000 paddr 0x00000000 align 2**0
         filesz 0x0000004b memsz 0x00000000 flags r--
    LOAD off    0x00001000 vaddr 0x80400000 paddr 0x80400000 align 2**12
         filesz 0x00000af8 memsz 0x00000af8 flags r-x
    LOAD off    0x00002000 vaddr 0x80408000 paddr 0x80408000 align 2**12
         filesz 0x000000ac memsz 0x000000ac flags rw-

Sections:
Idx Name              Size      VMA       LMA       File off  Algn  Flags
  0 .text             00000af8  80400000  80400000  00001000  2**3  CONTENTS, ALLOC, LOAD, READONLY, CODE
  1 .rodata           000000a8  80408000  80408000  00002000  2**3  CONTENTS, ALLOC, LOAD, READONLY, DATA
  2 .data             00000004  804080a8  804080a8  000020a8  2**3  CONTENTS, ALLOC, LOAD, DATA
  3 .riscv.attributes 0000004b  00000000  00000000  000020ac  2**0  CONTENTS, READONLY
  4 .comment          00000032  00000000  00000000  000020f7  2**0  CONTENTS, READONLY
SYMBOL TABLE:
80400000 l    d  .text	00000000 .text
80408000 l    d  .rodata	00000000 .rodata
804080a8 l    d  .data	00000000 .data
00000000 l    d  .riscv.attributes	00000000 .riscv.attributes
00000000 l    d  .comment	00000000 .comment
00000000 l    df *ABS*	00000000 ccclPX3d.o
00000000 l    df *ABS*	00000000 crash2.c
00000000 l    df *ABS*	00000000 print.c
00000000 l    df *ABS*	00000000 servers.c
00000000 l    df *ABS*	00000000 syscall.c
804080a8 l     O .data	00000004 sc
00000000 l    df *ABS*	00000000 libc_a-itoa.o
00000000 l    df *ABS*	00000000 libc_a-utoa.o
00000000 l    df *ABS*	00000000 libc_a-strcat.o
00000000 l    df *ABS*	00000000 libc_a-strncat.o
00000000 l    df *ABS*	00000000 libc_a-memset.o
00000000 l    df *ABS*	00000000 libc_a-memcpy.o
00000000 l    df *ABS*	00000000 libc_a-strlen.o
00000000 l    df *ABS*	00000000 libc_a-strcpy.o
00000000 l    df *ABS*	00000000 div.o
804009a0 g     F .text	000000a4 strcpy
80400000 g       .text	00000000 app_entry
804007ec g     F .text	00000128 memcpy
80400a4c g     F .text	00000048 .hidden __hidden___udivsi3
80400a4c g     F .text	00000048 .hidden __udivsi3
80400400 g     F .text	00000070 itoa
80400390 g     F .text	00000070 sys_send
804005c4 g     F .text	000000a0 strcat
80400a94 g     F .text	00000010 .hidden __umodsi3
80400054 g     F .text	0000014c format_to_str
804001a0 g     F .text	00000154 SUCCESS
80400664 g     F .text	000000ac strncat
80400470 g     F .text	00000154 __utoa
80400710 g     F .text	000000dc memset
80400010 g     F .text	00000044 main
80400a44 g     F .text	00000084 .hidden __divsi3
80600000 g       *ABS*	00000000 __heap_end
804080b0 g       .data	00000000 __heap_start
80400328 g     F .text	00000068 term_write
804002f4 g     F .text	00000034 exit
80400ac8 g     F .text	00000030 .hidden __modsi3
80400914 g     F .text	0000008c strlen



Disassembly of section .text:

80400000 <app_entry>:
app_entry():
80400000:	00052503          	lw	a0,0(a0)
80400004:	80800137          	lui	sp,0x80800
80400008:	008000ef          	jal	80400010 <main>
8040000c:	2e8000ef          	jal	804002f4 <exit>

80400010 <main>:
main():
80400010:	ff010113          	addi	sp,sp,-16 # 807ffff0 <__heap_end+0x1ffff0>
80400014:	00112623          	sw	ra,12(sp)
80400018:	00812423          	sw	s0,8(sp)
8040001c:	01010413          	addi	s0,sp,16
80400020:	00800637          	lui	a2,0x800
80400024:	00000593          	li	a1,0
80400028:	80800537          	lui	a0,0x80800
8040002c:	6e4000ef          	jal	80400710 <memset>
80400030:	804087b7          	lui	a5,0x80408
80400034:	00078513          	mv	a0,a5
80400038:	168000ef          	jal	804001a0 <SUCCESS>
8040003c:	00000793          	li	a5,0
80400040:	00078513          	mv	a0,a5
80400044:	00c12083          	lw	ra,12(sp)
80400048:	00812403          	lw	s0,8(sp)
8040004c:	01010113          	addi	sp,sp,16
80400050:	00008067          	ret

80400054 <format_to_str>:
format_to_str():
80400054:	fe010113          	addi	sp,sp,-32
80400058:	00112e23          	sw	ra,28(sp)
8040005c:	00812c23          	sw	s0,24(sp)
80400060:	00912a23          	sw	s1,20(sp)
80400064:	02010413          	addi	s0,sp,32
80400068:	fea42623          	sw	a0,-20(s0)
8040006c:	feb42423          	sw	a1,-24(s0)
80400070:	fec42223          	sw	a2,-28(s0)
80400074:	fec42783          	lw	a5,-20(s0)
80400078:	00078023          	sb	zero,0(a5) # 80408000 <__modsi3+0x7538>
8040007c:	0fc0006f          	j	80400178 <format_to_str+0x124>
80400080:	fe842783          	lw	a5,-24(s0)
80400084:	0007c703          	lbu	a4,0(a5)
80400088:	02500793          	li	a5,37
8040008c:	00f70c63          	beq	a4,a5,804000a4 <format_to_str+0x50>
80400090:	00100613          	li	a2,1
80400094:	fe842583          	lw	a1,-24(s0)
80400098:	fec42503          	lw	a0,-20(s0)
8040009c:	5c8000ef          	jal	80400664 <strncat>
804000a0:	0cc0006f          	j	8040016c <format_to_str+0x118>
804000a4:	fe842783          	lw	a5,-24(s0)
804000a8:	00178793          	addi	a5,a5,1
804000ac:	fef42423          	sw	a5,-24(s0)
804000b0:	fe842783          	lw	a5,-24(s0)
804000b4:	0007c703          	lbu	a4,0(a5)
804000b8:	07300793          	li	a5,115
804000bc:	02f71263          	bne	a4,a5,804000e0 <format_to_str+0x8c>
804000c0:	fe442783          	lw	a5,-28(s0)
804000c4:	00478713          	addi	a4,a5,4
804000c8:	fee42223          	sw	a4,-28(s0)
804000cc:	0007a783          	lw	a5,0(a5)
804000d0:	00078593          	mv	a1,a5
804000d4:	fec42503          	lw	a0,-20(s0)
804000d8:	4ec000ef          	jal	804005c4 <strcat>
804000dc:	0900006f          	j	8040016c <format_to_str+0x118>
804000e0:	fe842783          	lw	a5,-24(s0)
804000e4:	0007c703          	lbu	a4,0(a5)
804000e8:	06400793          	li	a5,100
804000ec:	02f71e63          	bne	a4,a5,80400128 <format_to_str+0xd4>
804000f0:	fe442783          	lw	a5,-28(s0)
804000f4:	00478713          	addi	a4,a5,4
804000f8:	fee42223          	sw	a4,-28(s0)
804000fc:	0007a483          	lw	s1,0(a5)
80400100:	fec42503          	lw	a0,-20(s0)
80400104:	011000ef          	jal	80400914 <strlen>
80400108:	00050713          	mv	a4,a0
8040010c:	fec42783          	lw	a5,-20(s0)
80400110:	00e787b3          	add	a5,a5,a4
80400114:	00a00613          	li	a2,10
80400118:	00078593          	mv	a1,a5
8040011c:	00048513          	mv	a0,s1
80400120:	2e0000ef          	jal	80400400 <itoa>
80400124:	0480006f          	j	8040016c <format_to_str+0x118>
80400128:	fe842783          	lw	a5,-24(s0)
8040012c:	0007c703          	lbu	a4,0(a5)
80400130:	07800793          	li	a5,120
80400134:	02f71c63          	bne	a4,a5,8040016c <format_to_str+0x118>
80400138:	fe442783          	lw	a5,-28(s0)
8040013c:	00478713          	addi	a4,a5,4
80400140:	fee42223          	sw	a4,-28(s0)
80400144:	0007a483          	lw	s1,0(a5)
80400148:	fec42503          	lw	a0,-20(s0)
8040014c:	7c8000ef          	jal	80400914 <strlen>
80400150:	00050713          	mv	a4,a0
80400154:	fec42783          	lw	a5,-20(s0)
80400158:	00e787b3          	add	a5,a5,a4
8040015c:	01000613          	li	a2,16
80400160:	00078593          	mv	a1,a5
80400164:	00048513          	mv	a0,s1
80400168:	298000ef          	jal	80400400 <itoa>
8040016c:	fe842783          	lw	a5,-24(s0)
80400170:	00178793          	addi	a5,a5,1
80400174:	fef42423          	sw	a5,-24(s0)
80400178:	fe842783          	lw	a5,-24(s0)
8040017c:	0007c783          	lbu	a5,0(a5)
80400180:	f00790e3          	bnez	a5,80400080 <format_to_str+0x2c>
80400184:	00000013          	nop
80400188:	00000013          	nop
8040018c:	01c12083          	lw	ra,28(sp)
80400190:	01812403          	lw	s0,24(sp)
80400194:	01412483          	lw	s1,20(sp)
80400198:	02010113          	addi	sp,sp,32
8040019c:	00008067          	ret

804001a0 <SUCCESS>:
SUCCESS():
804001a0:	db010113          	addi	sp,sp,-592
804001a4:	22112623          	sw	ra,556(sp)
804001a8:	22812423          	sw	s0,552(sp)
804001ac:	23010413          	addi	s0,sp,560
804001b0:	dca42e23          	sw	a0,-548(s0)
804001b4:	00b42223          	sw	a1,4(s0)
804001b8:	00c42423          	sw	a2,8(s0)
804001bc:	00d42623          	sw	a3,12(s0)
804001c0:	00e42823          	sw	a4,16(s0)
804001c4:	00f42a23          	sw	a5,20(s0)
804001c8:	01042c23          	sw	a6,24(s0)
804001cc:	01142e23          	sw	a7,28(s0)
804001d0:	df040793          	addi	a5,s0,-528
804001d4:	80408737          	lui	a4,0x80408
804001d8:	05870713          	addi	a4,a4,88 # 80408058 <__modsi3+0x7590>
804001dc:	00072503          	lw	a0,0(a4)
804001e0:	00472583          	lw	a1,4(a4)
804001e4:	00872603          	lw	a2,8(a4)
804001e8:	00c72683          	lw	a3,12(a4)
804001ec:	00a7a023          	sw	a0,0(a5)
804001f0:	00b7a223          	sw	a1,4(a5)
804001f4:	00c7a423          	sw	a2,8(a5)
804001f8:	00d7a623          	sw	a3,12(a5)
804001fc:	01075703          	lhu	a4,16(a4)
80400200:	00e79823          	sh	a4,16(a5)
80400204:	02040793          	addi	a5,s0,32
80400208:	dcf42c23          	sw	a5,-552(s0)
8040020c:	dd842783          	lw	a5,-552(s0)
80400210:	fe478793          	addi	a5,a5,-28
80400214:	def42623          	sw	a5,-532(s0)
80400218:	df040793          	addi	a5,s0,-528
8040021c:	01178793          	addi	a5,a5,17
80400220:	dec42703          	lw	a4,-532(s0)
80400224:	00070613          	mv	a2,a4
80400228:	ddc42583          	lw	a1,-548(s0)
8040022c:	00078513          	mv	a0,a5
80400230:	e25ff0ef          	jal	80400054 <format_to_str>
80400234:	df040793          	addi	a5,s0,-528
80400238:	00078513          	mv	a0,a5
8040023c:	6d8000ef          	jal	80400914 <strlen>
80400240:	00050793          	mv	a5,a0
80400244:	00078713          	mv	a4,a5
80400248:	df040793          	addi	a5,s0,-528
8040024c:	00e787b3          	add	a5,a5,a4
80400250:	80408737          	lui	a4,0x80408
80400254:	04c70713          	addi	a4,a4,76 # 8040804c <__modsi3+0x7584>
80400258:	00074683          	lbu	a3,0(a4)
8040025c:	00068e13          	mv	t3,a3
80400260:	00174683          	lbu	a3,1(a4)
80400264:	00068313          	mv	t1,a3
80400268:	00274683          	lbu	a3,2(a4)
8040026c:	00068893          	mv	a7,a3
80400270:	00374683          	lbu	a3,3(a4)
80400274:	00068813          	mv	a6,a3
80400278:	00474683          	lbu	a3,4(a4)
8040027c:	00068513          	mv	a0,a3
80400280:	00574683          	lbu	a3,5(a4)
80400284:	00068593          	mv	a1,a3
80400288:	00674683          	lbu	a3,6(a4)
8040028c:	00068613          	mv	a2,a3
80400290:	00774683          	lbu	a3,7(a4)
80400294:	00874703          	lbu	a4,8(a4)
80400298:	01c78023          	sb	t3,0(a5)
8040029c:	006780a3          	sb	t1,1(a5)
804002a0:	01178123          	sb	a7,2(a5)
804002a4:	010781a3          	sb	a6,3(a5)
804002a8:	00a78223          	sb	a0,4(a5)
804002ac:	00b782a3          	sb	a1,5(a5)
804002b0:	00c78323          	sb	a2,6(a5)
804002b4:	00d783a3          	sb	a3,7(a5)
804002b8:	00e78423          	sb	a4,8(a5)
804002bc:	df040793          	addi	a5,s0,-528
804002c0:	00078513          	mv	a0,a5
804002c4:	650000ef          	jal	80400914 <strlen>
804002c8:	00050713          	mv	a4,a0
804002cc:	df040793          	addi	a5,s0,-528
804002d0:	00070593          	mv	a1,a4
804002d4:	00078513          	mv	a0,a5
804002d8:	050000ef          	jal	80400328 <term_write>
804002dc:	00000013          	nop
804002e0:	00078513          	mv	a0,a5
804002e4:	22c12083          	lw	ra,556(sp)
804002e8:	22812403          	lw	s0,552(sp)
804002ec:	25010113          	addi	sp,sp,592
804002f0:	00008067          	ret

804002f4 <exit>:
exit():
804002f4:	dd010113          	addi	sp,sp,-560
804002f8:	22112623          	sw	ra,556(sp)
804002fc:	22812423          	sw	s0,552(sp)
80400300:	23010413          	addi	s0,sp,560
80400304:	dca42e23          	sw	a0,-548(s0)
80400308:	00100793          	li	a5,1
8040030c:	def42423          	sw	a5,-536(s0)
80400310:	de840793          	addi	a5,s0,-536
80400314:	20800613          	li	a2,520
80400318:	00078593          	mv	a1,a5
8040031c:	00100513          	li	a0,1
80400320:	070000ef          	jal	80400390 <sys_send>
80400324:	0000006f          	j	80400324 <exit+0x30>

80400328 <term_write>:
term_write():
80400328:	dd010113          	addi	sp,sp,-560
8040032c:	22112623          	sw	ra,556(sp)
80400330:	22812423          	sw	s0,552(sp)
80400334:	23010413          	addi	s0,sp,560
80400338:	dca42e23          	sw	a0,-548(s0)
8040033c:	dcb42c23          	sw	a1,-552(s0)
80400340:	00100793          	li	a5,1
80400344:	def42423          	sw	a5,-536(s0)
80400348:	dd842783          	lw	a5,-552(s0)
8040034c:	def42623          	sw	a5,-532(s0)
80400350:	de840793          	addi	a5,s0,-536
80400354:	00878793          	addi	a5,a5,8
80400358:	dd842603          	lw	a2,-552(s0)
8040035c:	ddc42583          	lw	a1,-548(s0)
80400360:	00078513          	mv	a0,a5
80400364:	488000ef          	jal	804007ec <memcpy>
80400368:	de840793          	addi	a5,s0,-536
8040036c:	20800613          	li	a2,520
80400370:	00078593          	mv	a1,a5
80400374:	00200513          	li	a0,2
80400378:	018000ef          	jal	80400390 <sys_send>
8040037c:	00000013          	nop
80400380:	22c12083          	lw	ra,556(sp)
80400384:	22812403          	lw	s0,552(sp)
80400388:	23010113          	addi	sp,sp,560
8040038c:	00008067          	ret

80400390 <sys_send>:
sys_send():
80400390:	fe010113          	addi	sp,sp,-32
80400394:	00112e23          	sw	ra,28(sp)
80400398:	00812c23          	sw	s0,24(sp)
8040039c:	02010413          	addi	s0,sp,32
804003a0:	fea42623          	sw	a0,-20(s0)
804003a4:	feb42423          	sw	a1,-24(s0)
804003a8:	fec42223          	sw	a2,-28(s0)
804003ac:	804087b7          	lui	a5,0x80408
804003b0:	0a87a783          	lw	a5,168(a5) # 804080a8 <sc>
804003b4:	00200713          	li	a4,2
804003b8:	00e7a023          	sw	a4,0(a5)
804003bc:	804087b7          	lui	a5,0x80408
804003c0:	0a87a783          	lw	a5,168(a5) # 804080a8 <sc>
804003c4:	fec42703          	lw	a4,-20(s0)
804003c8:	00e7a423          	sw	a4,8(a5)
804003cc:	804087b7          	lui	a5,0x80408
804003d0:	0a87a783          	lw	a5,168(a5) # 804080a8 <sc>
804003d4:	00c78793          	addi	a5,a5,12
804003d8:	fe442603          	lw	a2,-28(s0)
804003dc:	fe842583          	lw	a1,-24(s0)
804003e0:	00078513          	mv	a0,a5
804003e4:	408000ef          	jal	804007ec <memcpy>
804003e8:	00000073          	ecall
804003ec:	00000013          	nop
804003f0:	01c12083          	lw	ra,28(sp)
804003f4:	01812403          	lw	s0,24(sp)
804003f8:	02010113          	addi	sp,sp,32
804003fc:	00008067          	ret

80400400 <itoa>:
itoa():
80400400:	ff010113          	addi	sp,sp,-16
80400404:	00812423          	sw	s0,8(sp)
80400408:	00112623          	sw	ra,12(sp)
8040040c:	ffe60713          	addi	a4,a2,-2 # 7ffffe <app_entry-0x7fc00002>
80400410:	02200793          	li	a5,34
80400414:	00058413          	mv	s0,a1
80400418:	04e7e063          	bltu	a5,a4,80400458 <itoa+0x58>
8040041c:	00a00793          	li	a5,10
80400420:	02f60063          	beq	a2,a5,80400440 <itoa+0x40>
80400424:	00040593          	mv	a1,s0
80400428:	048000ef          	jal	80400470 <__utoa>
8040042c:	00c12083          	lw	ra,12(sp)
80400430:	00040513          	mv	a0,s0
80400434:	00812403          	lw	s0,8(sp)
80400438:	01010113          	addi	sp,sp,16
8040043c:	00008067          	ret
80400440:	fe0552e3          	bgez	a0,80400424 <itoa+0x24>
80400444:	02d00793          	li	a5,45
80400448:	00f58023          	sb	a5,0(a1)
8040044c:	40a00533          	neg	a0,a0
80400450:	00158593          	addi	a1,a1,1
80400454:	fd5ff06f          	j	80400428 <itoa+0x28>
80400458:	00058023          	sb	zero,0(a1)
8040045c:	00c12083          	lw	ra,12(sp)
80400460:	00812403          	lw	s0,8(sp)
80400464:	00000513          	li	a0,0
80400468:	01010113          	addi	sp,sp,16
8040046c:	00008067          	ret

80400470 <__utoa>:
__utoa():
80400470:	00008797          	auipc	a5,0x8
80400474:	c1078793          	addi	a5,a5,-1008 # 80408080 <__modsi3+0x75b8>
80400478:	0007a283          	lw	t0,0(a5)
8040047c:	0047af83          	lw	t6,4(a5)
80400480:	0087af03          	lw	t5,8(a5)
80400484:	00c7ae83          	lw	t4,12(a5)
80400488:	0107ae03          	lw	t3,16(a5)
8040048c:	0147a303          	lw	t1,20(a5)
80400490:	0187a883          	lw	a7,24(a5)
80400494:	01c7a803          	lw	a6,28(a5)
80400498:	0207a683          	lw	a3,32(a5)
8040049c:	00008797          	auipc	a5,0x8
804004a0:	c087c783          	lbu	a5,-1016(a5) # 804080a4 <__modsi3+0x75dc>
804004a4:	fb010113          	addi	sp,sp,-80
804004a8:	03512a23          	sw	s5,52(sp)
804004ac:	02f10623          	sb	a5,44(sp)
804004b0:	04112623          	sw	ra,76(sp)
804004b4:	ffe60713          	addi	a4,a2,-2
804004b8:	00512423          	sw	t0,8(sp)
804004bc:	01f12623          	sw	t6,12(sp)
804004c0:	01e12823          	sw	t5,16(sp)
804004c4:	01d12a23          	sw	t4,20(sp)
804004c8:	01c12c23          	sw	t3,24(sp)
804004cc:	00612e23          	sw	t1,28(sp)
804004d0:	03112023          	sw	a7,32(sp)
804004d4:	03012223          	sw	a6,36(sp)
804004d8:	02d12423          	sw	a3,40(sp)
804004dc:	02200793          	li	a5,34
804004e0:	00058a93          	mv	s5,a1
804004e4:	0ce7e463          	bltu	a5,a4,804005ac <__utoa+0x13c>
804004e8:	04812423          	sw	s0,72(sp)
804004ec:	04912223          	sw	s1,68(sp)
804004f0:	05212023          	sw	s2,64(sp)
804004f4:	03312e23          	sw	s3,60(sp)
804004f8:	03412c23          	sw	s4,56(sp)
804004fc:	03612823          	sw	s6,48(sp)
80400500:	00060493          	mv	s1,a2
80400504:	00050413          	mv	s0,a0
80400508:	00000913          	li	s2,0
8040050c:	00048593          	mv	a1,s1
80400510:	00040513          	mv	a0,s0
80400514:	580000ef          	jal	80400a94 <__umodsi3>
80400518:	00250533          	add	a0,a0,sp
8040051c:	00854783          	lbu	a5,8(a0) # 80800008 <__heap_end+0x200008>
80400520:	00090993          	mv	s3,s2
80400524:	00190913          	addi	s2,s2,1
80400528:	012a8a33          	add	s4,s5,s2
8040052c:	00040513          	mv	a0,s0
80400530:	00048593          	mv	a1,s1
80400534:	fefa0fa3          	sb	a5,-1(s4)
80400538:	00040b13          	mv	s6,s0
8040053c:	510000ef          	jal	80400a4c <__hidden___udivsi3>
80400540:	00050413          	mv	s0,a0
80400544:	fc9b74e3          	bgeu	s6,s1,8040050c <__utoa+0x9c>
80400548:	000a0023          	sb	zero,0(s4)
8040054c:	02098a63          	beqz	s3,80400580 <__utoa+0x110>
80400550:	000a8693          	mv	a3,s5
80400554:	013a8733          	add	a4,s5,s3
80400558:	00000793          	li	a5,0
8040055c:	00074583          	lbu	a1,0(a4)
80400560:	0006c603          	lbu	a2,0(a3)
80400564:	00178793          	addi	a5,a5,1
80400568:	00b68023          	sb	a1,0(a3)
8040056c:	00c70023          	sb	a2,0(a4)
80400570:	40f98633          	sub	a2,s3,a5
80400574:	00168693          	addi	a3,a3,1
80400578:	fff70713          	addi	a4,a4,-1
8040057c:	fec7c0e3          	blt	a5,a2,8040055c <__utoa+0xec>
80400580:	04812403          	lw	s0,72(sp)
80400584:	04c12083          	lw	ra,76(sp)
80400588:	04412483          	lw	s1,68(sp)
8040058c:	04012903          	lw	s2,64(sp)
80400590:	03c12983          	lw	s3,60(sp)
80400594:	03812a03          	lw	s4,56(sp)
80400598:	03012b03          	lw	s6,48(sp)
8040059c:	000a8513          	mv	a0,s5
804005a0:	03412a83          	lw	s5,52(sp)
804005a4:	05010113          	addi	sp,sp,80
804005a8:	00008067          	ret
804005ac:	00058023          	sb	zero,0(a1)
804005b0:	04c12083          	lw	ra,76(sp)
804005b4:	03412a83          	lw	s5,52(sp)
804005b8:	00000513          	li	a0,0
804005bc:	05010113          	addi	sp,sp,80
804005c0:	00008067          	ret

804005c4 <strcat>:
strcat():
804005c4:	ff010113          	addi	sp,sp,-16
804005c8:	00812423          	sw	s0,8(sp)
804005cc:	00112623          	sw	ra,12(sp)
804005d0:	00357793          	andi	a5,a0,3
804005d4:	00050413          	mv	s0,a0
804005d8:	06079663          	bnez	a5,80400644 <strcat+0x80>
804005dc:	00052703          	lw	a4,0(a0)
804005e0:	feff0637          	lui	a2,0xfeff0
804005e4:	eff60613          	addi	a2,a2,-257 # fefefeff <__heap_end+0x7e9efeff>
804005e8:	00c707b3          	add	a5,a4,a2
804005ec:	808086b7          	lui	a3,0x80808
804005f0:	fff74713          	not	a4,a4
804005f4:	00e7f7b3          	and	a5,a5,a4
804005f8:	08068693          	addi	a3,a3,128 # 80808080 <__heap_end+0x208080>
804005fc:	00d7f7b3          	and	a5,a5,a3
80400600:	04079263          	bnez	a5,80400644 <strcat+0x80>
80400604:	00452703          	lw	a4,4(a0)
80400608:	00450513          	addi	a0,a0,4
8040060c:	00c707b3          	add	a5,a4,a2
80400610:	fff74713          	not	a4,a4
80400614:	00e7f7b3          	and	a5,a5,a4
80400618:	00d7f7b3          	and	a5,a5,a3
8040061c:	02079463          	bnez	a5,80400644 <strcat+0x80>
80400620:	00452703          	lw	a4,4(a0)
80400624:	00450513          	addi	a0,a0,4
80400628:	00c707b3          	add	a5,a4,a2
8040062c:	fff74713          	not	a4,a4
80400630:	00e7f7b3          	and	a5,a5,a4
80400634:	00d7f7b3          	and	a5,a5,a3
80400638:	fc0786e3          	beqz	a5,80400604 <strcat+0x40>
8040063c:	0080006f          	j	80400644 <strcat+0x80>
80400640:	00150513          	addi	a0,a0,1
80400644:	00054783          	lbu	a5,0(a0)
80400648:	fe079ce3          	bnez	a5,80400640 <strcat+0x7c>
8040064c:	354000ef          	jal	804009a0 <strcpy>
80400650:	00c12083          	lw	ra,12(sp)
80400654:	00040513          	mv	a0,s0
80400658:	00812403          	lw	s0,8(sp)
8040065c:	01010113          	addi	sp,sp,16
80400660:	00008067          	ret

80400664 <strncat>:
strncat():
80400664:	00357713          	andi	a4,a0,3
80400668:	00050793          	mv	a5,a0
8040066c:	06071663          	bnez	a4,804006d8 <strncat+0x74>
80400670:	00052683          	lw	a3,0(a0)
80400674:	feff08b7          	lui	a7,0xfeff0
80400678:	eff88893          	addi	a7,a7,-257 # fefefeff <__heap_end+0x7e9efeff>
8040067c:	01168733          	add	a4,a3,a7
80400680:	80808837          	lui	a6,0x80808
80400684:	fff6c693          	not	a3,a3
80400688:	00d77733          	and	a4,a4,a3
8040068c:	08080813          	addi	a6,a6,128 # 80808080 <__heap_end+0x208080>
80400690:	01077733          	and	a4,a4,a6
80400694:	04071263          	bnez	a4,804006d8 <strncat+0x74>
80400698:	0047a683          	lw	a3,4(a5)
8040069c:	00478793          	addi	a5,a5,4
804006a0:	01168733          	add	a4,a3,a7
804006a4:	fff6c693          	not	a3,a3
804006a8:	00d77733          	and	a4,a4,a3
804006ac:	01077733          	and	a4,a4,a6
804006b0:	02071463          	bnez	a4,804006d8 <strncat+0x74>
804006b4:	0047a683          	lw	a3,4(a5)
804006b8:	00478793          	addi	a5,a5,4
804006bc:	01168733          	add	a4,a3,a7
804006c0:	fff6c693          	not	a3,a3
804006c4:	00d77733          	and	a4,a4,a3
804006c8:	01077733          	and	a4,a4,a6
804006cc:	fc0706e3          	beqz	a4,80400698 <strncat+0x34>
804006d0:	0080006f          	j	804006d8 <strncat+0x74>
804006d4:	00178793          	addi	a5,a5,1
804006d8:	0007c703          	lbu	a4,0(a5)
804006dc:	fe071ce3          	bnez	a4,804006d4 <strncat+0x70>
804006e0:	00c786b3          	add	a3,a5,a2
804006e4:	02060463          	beqz	a2,8040070c <strncat+0xa8>
804006e8:	0005c703          	lbu	a4,0(a1)
804006ec:	00178793          	addi	a5,a5,1
804006f0:	00158593          	addi	a1,a1,1
804006f4:	fee78fa3          	sb	a4,-1(a5)
804006f8:	00070863          	beqz	a4,80400708 <strncat+0xa4>
804006fc:	fef696e3          	bne	a3,a5,804006e8 <strncat+0x84>
80400700:	00068023          	sb	zero,0(a3)
80400704:	00008067          	ret
80400708:	00008067          	ret
8040070c:	00008067          	ret

80400710 <memset>:
memset():
80400710:	00f00313          	li	t1,15
80400714:	00050713          	mv	a4,a0
80400718:	02c37e63          	bgeu	t1,a2,80400754 <memset+0x44>
8040071c:	00f77793          	andi	a5,a4,15
80400720:	0a079063          	bnez	a5,804007c0 <memset+0xb0>
80400724:	08059263          	bnez	a1,804007a8 <memset+0x98>
80400728:	ff067693          	andi	a3,a2,-16
8040072c:	00f67613          	andi	a2,a2,15
80400730:	00e686b3          	add	a3,a3,a4
80400734:	00b72023          	sw	a1,0(a4)
80400738:	00b72223          	sw	a1,4(a4)
8040073c:	00b72423          	sw	a1,8(a4)
80400740:	00b72623          	sw	a1,12(a4)
80400744:	01070713          	addi	a4,a4,16
80400748:	fed766e3          	bltu	a4,a3,80400734 <memset+0x24>
8040074c:	00061463          	bnez	a2,80400754 <memset+0x44>
80400750:	00008067          	ret
80400754:	40c306b3          	sub	a3,t1,a2
80400758:	00269693          	slli	a3,a3,0x2
8040075c:	00000297          	auipc	t0,0x0
80400760:	005686b3          	add	a3,a3,t0
80400764:	00c68067          	jr	12(a3)
80400768:	00b70723          	sb	a1,14(a4)
8040076c:	00b706a3          	sb	a1,13(a4)
80400770:	00b70623          	sb	a1,12(a4)
80400774:	00b705a3          	sb	a1,11(a4)
80400778:	00b70523          	sb	a1,10(a4)
8040077c:	00b704a3          	sb	a1,9(a4)
80400780:	00b70423          	sb	a1,8(a4)
80400784:	00b703a3          	sb	a1,7(a4)
80400788:	00b70323          	sb	a1,6(a4)
8040078c:	00b702a3          	sb	a1,5(a4)
80400790:	00b70223          	sb	a1,4(a4)
80400794:	00b701a3          	sb	a1,3(a4)
80400798:	00b70123          	sb	a1,2(a4)
8040079c:	00b700a3          	sb	a1,1(a4)
804007a0:	00b70023          	sb	a1,0(a4)
804007a4:	00008067          	ret
804007a8:	0ff5f593          	zext.b	a1,a1
804007ac:	00859693          	slli	a3,a1,0x8
804007b0:	00d5e5b3          	or	a1,a1,a3
804007b4:	01059693          	slli	a3,a1,0x10
804007b8:	00d5e5b3          	or	a1,a1,a3
804007bc:	f6dff06f          	j	80400728 <memset+0x18>
804007c0:	00279693          	slli	a3,a5,0x2
804007c4:	00000297          	auipc	t0,0x0
804007c8:	005686b3          	add	a3,a3,t0
804007cc:	00008293          	mv	t0,ra
804007d0:	fa0680e7          	jalr	-96(a3)
804007d4:	00028093          	mv	ra,t0
804007d8:	ff078793          	addi	a5,a5,-16
804007dc:	40f70733          	sub	a4,a4,a5
804007e0:	00f60633          	add	a2,a2,a5
804007e4:	f6c378e3          	bgeu	t1,a2,80400754 <memset+0x44>
804007e8:	f3dff06f          	j	80400724 <memset+0x14>

804007ec <memcpy>:
memcpy():
804007ec:	00a5c7b3          	xor	a5,a1,a0
804007f0:	0037f793          	andi	a5,a5,3
804007f4:	00c508b3          	add	a7,a0,a2
804007f8:	06079663          	bnez	a5,80400864 <memcpy+0x78>
804007fc:	00300793          	li	a5,3
80400800:	06c7f263          	bgeu	a5,a2,80400864 <memcpy+0x78>
80400804:	00357793          	andi	a5,a0,3
80400808:	00050713          	mv	a4,a0
8040080c:	0c079a63          	bnez	a5,804008e0 <memcpy+0xf4>
80400810:	ffc8f613          	andi	a2,a7,-4
80400814:	40e606b3          	sub	a3,a2,a4
80400818:	02000793          	li	a5,32
8040081c:	06d7c463          	blt	a5,a3,80400884 <memcpy+0x98>
80400820:	00058693          	mv	a3,a1
80400824:	00070793          	mv	a5,a4
80400828:	02c77a63          	bgeu	a4,a2,8040085c <memcpy+0x70>
8040082c:	0006a803          	lw	a6,0(a3)
80400830:	00478793          	addi	a5,a5,4
80400834:	00468693          	addi	a3,a3,4
80400838:	ff07ae23          	sw	a6,-4(a5)
8040083c:	fec7e8e3          	bltu	a5,a2,8040082c <memcpy+0x40>
80400840:	fff60613          	addi	a2,a2,-1
80400844:	40e60633          	sub	a2,a2,a4
80400848:	ffc67613          	andi	a2,a2,-4
8040084c:	00458593          	addi	a1,a1,4
80400850:	00470713          	addi	a4,a4,4
80400854:	00c585b3          	add	a1,a1,a2
80400858:	00c70733          	add	a4,a4,a2
8040085c:	01176863          	bltu	a4,a7,8040086c <memcpy+0x80>
80400860:	00008067          	ret
80400864:	00050713          	mv	a4,a0
80400868:	ff157ce3          	bgeu	a0,a7,80400860 <memcpy+0x74>
8040086c:	0005c783          	lbu	a5,0(a1)
80400870:	00170713          	addi	a4,a4,1
80400874:	00158593          	addi	a1,a1,1
80400878:	fef70fa3          	sb	a5,-1(a4)
8040087c:	fee898e3          	bne	a7,a4,8040086c <memcpy+0x80>
80400880:	00008067          	ret
80400884:	0205a683          	lw	a3,32(a1)
80400888:	0005a383          	lw	t2,0(a1)
8040088c:	0045a283          	lw	t0,4(a1)
80400890:	0085af83          	lw	t6,8(a1)
80400894:	00c5af03          	lw	t5,12(a1)
80400898:	0105ae83          	lw	t4,16(a1)
8040089c:	0145ae03          	lw	t3,20(a1)
804008a0:	0185a303          	lw	t1,24(a1)
804008a4:	01c5a803          	lw	a6,28(a1)
804008a8:	02470713          	addi	a4,a4,36
804008ac:	fed72e23          	sw	a3,-4(a4)
804008b0:	fc772e23          	sw	t2,-36(a4)
804008b4:	40e606b3          	sub	a3,a2,a4
804008b8:	fe572023          	sw	t0,-32(a4)
804008bc:	fff72223          	sw	t6,-28(a4)
804008c0:	ffe72423          	sw	t5,-24(a4)
804008c4:	ffd72623          	sw	t4,-20(a4)
804008c8:	ffc72823          	sw	t3,-16(a4)
804008cc:	fe672a23          	sw	t1,-12(a4)
804008d0:	ff072c23          	sw	a6,-8(a4)
804008d4:	02458593          	addi	a1,a1,36
804008d8:	fad7c6e3          	blt	a5,a3,80400884 <memcpy+0x98>
804008dc:	f45ff06f          	j	80400820 <memcpy+0x34>
804008e0:	0005c683          	lbu	a3,0(a1)
804008e4:	00170713          	addi	a4,a4,1
804008e8:	00377793          	andi	a5,a4,3
804008ec:	fed70fa3          	sb	a3,-1(a4)
804008f0:	00158593          	addi	a1,a1,1
804008f4:	f0078ee3          	beqz	a5,80400810 <memcpy+0x24>
804008f8:	0005c683          	lbu	a3,0(a1)
804008fc:	00170713          	addi	a4,a4,1
80400900:	00377793          	andi	a5,a4,3
80400904:	fed70fa3          	sb	a3,-1(a4)
80400908:	00158593          	addi	a1,a1,1
8040090c:	fc079ae3          	bnez	a5,804008e0 <memcpy+0xf4>
80400910:	f01ff06f          	j	80400810 <memcpy+0x24>

80400914 <strlen>:
strlen():
80400914:	00357793          	andi	a5,a0,3
80400918:	00050713          	mv	a4,a0
8040091c:	04079c63          	bnez	a5,80400974 <strlen+0x60>
80400920:	7f7f86b7          	lui	a3,0x7f7f8
80400924:	f7f68693          	addi	a3,a3,-129 # 7f7f7f7f <app_entry-0xc08081>
80400928:	fff00593          	li	a1,-1
8040092c:	00072603          	lw	a2,0(a4)
80400930:	00470713          	addi	a4,a4,4
80400934:	00d677b3          	and	a5,a2,a3
80400938:	00d787b3          	add	a5,a5,a3
8040093c:	00c7e7b3          	or	a5,a5,a2
80400940:	00d7e7b3          	or	a5,a5,a3
80400944:	feb784e3          	beq	a5,a1,8040092c <strlen+0x18>
80400948:	ffc74683          	lbu	a3,-4(a4)
8040094c:	40a707b3          	sub	a5,a4,a0
80400950:	04068463          	beqz	a3,80400998 <strlen+0x84>
80400954:	ffd74683          	lbu	a3,-3(a4)
80400958:	02068c63          	beqz	a3,80400990 <strlen+0x7c>
8040095c:	ffe74503          	lbu	a0,-2(a4)
80400960:	00a03533          	snez	a0,a0
80400964:	00f50533          	add	a0,a0,a5
80400968:	ffe50513          	addi	a0,a0,-2
8040096c:	00008067          	ret
80400970:	fa0688e3          	beqz	a3,80400920 <strlen+0xc>
80400974:	00074783          	lbu	a5,0(a4)
80400978:	00170713          	addi	a4,a4,1
8040097c:	00377693          	andi	a3,a4,3
80400980:	fe0798e3          	bnez	a5,80400970 <strlen+0x5c>
80400984:	40a70733          	sub	a4,a4,a0
80400988:	fff70513          	addi	a0,a4,-1
8040098c:	00008067          	ret
80400990:	ffd78513          	addi	a0,a5,-3
80400994:	00008067          	ret
80400998:	ffc78513          	addi	a0,a5,-4
8040099c:	00008067          	ret

804009a0 <strcpy>:
strcpy():
804009a0:	00b567b3          	or	a5,a0,a1
804009a4:	0037f793          	andi	a5,a5,3
804009a8:	08079063          	bnez	a5,80400a28 <strcpy+0x88>
804009ac:	0005a703          	lw	a4,0(a1)
804009b0:	7f7f86b7          	lui	a3,0x7f7f8
804009b4:	f7f68693          	addi	a3,a3,-129 # 7f7f7f7f <app_entry-0xc08081>
804009b8:	00d77833          	and	a6,a4,a3
804009bc:	00d80833          	add	a6,a6,a3
804009c0:	00e86833          	or	a6,a6,a4
804009c4:	00d86833          	or	a6,a6,a3
804009c8:	fff00793          	li	a5,-1
804009cc:	00050613          	mv	a2,a0
804009d0:	02f81463          	bne	a6,a5,804009f8 <strcpy+0x58>
804009d4:	00458593          	addi	a1,a1,4
804009d8:	00e62023          	sw	a4,0(a2)
804009dc:	0005a703          	lw	a4,0(a1)
804009e0:	00460613          	addi	a2,a2,4
804009e4:	00d777b3          	and	a5,a4,a3
804009e8:	00d787b3          	add	a5,a5,a3
804009ec:	00e7e7b3          	or	a5,a5,a4
804009f0:	00d7e7b3          	or	a5,a5,a3
804009f4:	ff0780e3          	beq	a5,a6,804009d4 <strcpy+0x34>
804009f8:	0005c783          	lbu	a5,0(a1)
804009fc:	0015c703          	lbu	a4,1(a1)
80400a00:	0025c683          	lbu	a3,2(a1)
80400a04:	00f60023          	sb	a5,0(a2)
80400a08:	00078a63          	beqz	a5,80400a1c <strcpy+0x7c>
80400a0c:	00e600a3          	sb	a4,1(a2)
80400a10:	00070663          	beqz	a4,80400a1c <strcpy+0x7c>
80400a14:	00d60123          	sb	a3,2(a2)
80400a18:	00069463          	bnez	a3,80400a20 <strcpy+0x80>
80400a1c:	00008067          	ret
80400a20:	000601a3          	sb	zero,3(a2)
80400a24:	00008067          	ret
80400a28:	00050793          	mv	a5,a0
80400a2c:	0005c703          	lbu	a4,0(a1)
80400a30:	00178793          	addi	a5,a5,1
80400a34:	00158593          	addi	a1,a1,1
80400a38:	fee78fa3          	sb	a4,-1(a5)
80400a3c:	fe0718e3          	bnez	a4,80400a2c <strcpy+0x8c>
80400a40:	00008067          	ret

80400a44 <__divsi3>:
__divsi3():
80400a44:	06054063          	bltz	a0,80400aa4 <__umodsi3+0x10>
80400a48:	0605c663          	bltz	a1,80400ab4 <__umodsi3+0x20>

80400a4c <__hidden___udivsi3>:
80400a4c:	00058613          	mv	a2,a1
80400a50:	00050593          	mv	a1,a0
80400a54:	fff00513          	li	a0,-1
80400a58:	02060c63          	beqz	a2,80400a90 <__hidden___udivsi3+0x44>
80400a5c:	00100693          	li	a3,1
80400a60:	00b67a63          	bgeu	a2,a1,80400a74 <__hidden___udivsi3+0x28>
80400a64:	00c05863          	blez	a2,80400a74 <__hidden___udivsi3+0x28>
80400a68:	00161613          	slli	a2,a2,0x1
80400a6c:	00169693          	slli	a3,a3,0x1
80400a70:	feb66ae3          	bltu	a2,a1,80400a64 <__hidden___udivsi3+0x18>
80400a74:	00000513          	li	a0,0
80400a78:	00c5e663          	bltu	a1,a2,80400a84 <__hidden___udivsi3+0x38>
80400a7c:	40c585b3          	sub	a1,a1,a2
80400a80:	00d56533          	or	a0,a0,a3
80400a84:	0016d693          	srli	a3,a3,0x1
80400a88:	00165613          	srli	a2,a2,0x1
80400a8c:	fe0696e3          	bnez	a3,80400a78 <__hidden___udivsi3+0x2c>
80400a90:	00008067          	ret

80400a94 <__umodsi3>:
80400a94:	00008293          	mv	t0,ra
80400a98:	fb5ff0ef          	jal	80400a4c <__hidden___udivsi3>
80400a9c:	00058513          	mv	a0,a1
80400aa0:	00028067          	jr	t0 # 804007c4 <memset+0xb4>
80400aa4:	40a00533          	neg	a0,a0
80400aa8:	00b04863          	bgtz	a1,80400ab8 <__umodsi3+0x24>
80400aac:	40b005b3          	neg	a1,a1
80400ab0:	f9dff06f          	j	80400a4c <__hidden___udivsi3>
80400ab4:	40b005b3          	neg	a1,a1
80400ab8:	00008293          	mv	t0,ra
80400abc:	f91ff0ef          	jal	80400a4c <__hidden___udivsi3>
80400ac0:	40a00533          	neg	a0,a0
80400ac4:	00028067          	jr	t0

80400ac8 <__modsi3>:
__modsi3():
80400ac8:	00008293          	mv	t0,ra
80400acc:	0005ca63          	bltz	a1,80400ae0 <__modsi3+0x18>
80400ad0:	00054c63          	bltz	a0,80400ae8 <__modsi3+0x20>
80400ad4:	f79ff0ef          	jal	80400a4c <__hidden___udivsi3>
80400ad8:	00058513          	mv	a0,a1
80400adc:	00028067          	jr	t0
80400ae0:	40b005b3          	neg	a1,a1
80400ae4:	fe0558e3          	bgez	a0,80400ad4 <__modsi3+0xc>
80400ae8:	40a00533          	neg	a0,a0
80400aec:	f61ff0ef          	jal	80400a4c <__hidden___udivsi3>
80400af0:	40b00533          	neg	a0,a1
80400af4:	00028067          	jr	t0
