
build/release/user/echo.elf:     file format elf32-littleriscv
build/release/user/echo.elf
architecture: riscv:rv32, flags 0x00000112:
EXEC_P, HAS_SYMS, D_PAGED
start address 0x80400000

Program Header:
0x70000003 off    0x00002034 vaddr 0x00000000 paddr 0x00000000 align 2**0
         filesz 0x0000004b memsz 0x00000000 flags r--
    LOAD off    0x00001000 vaddr 0x80400000 paddr 0x80400000 align 2**12
         filesz 0x000009a0 memsz 0x000009a0 flags r-x
    LOAD off    0x00002000 vaddr 0x80408000 paddr 0x80408000 align 2**12
         filesz 0x00000034 memsz 0x00000034 flags rw-

Sections:
Idx Name              Size      VMA       LMA       File off  Algn  Flags
  0 .text             000009a0  80400000  80400000  00001000  2**3  CONTENTS, ALLOC, LOAD, READONLY, CODE
  1 .rodata           00000030  80408000  80408000  00002000  2**3  CONTENTS, ALLOC, LOAD, READONLY, DATA
  2 .data             00000004  80408030  80408030  00002030  2**3  CONTENTS, ALLOC, LOAD, DATA
  3 .riscv.attributes 0000004b  00000000  00000000  00002034  2**0  CONTENTS, READONLY
  4 .comment          00000032  00000000  00000000  0000207f  2**0  CONTENTS, READONLY
SYMBOL TABLE:
80400000 l    d  .text	00000000 .text
80408000 l    d  .rodata	00000000 .rodata
80408030 l    d  .data	00000000 .data
00000000 l    d  .riscv.attributes	00000000 .riscv.attributes
00000000 l    d  .comment	00000000 .comment
00000000 l    df *ABS*	00000000 ccTVZ6xy.o
00000000 l    df *ABS*	00000000 echo.c
00000000 l    df *ABS*	00000000 print.c
00000000 l    df *ABS*	00000000 servers.c
00000000 l    df *ABS*	00000000 syscall.c
80408030 l     O .data	00000004 sc
00000000 l    df *ABS*	00000000 libc_a-itoa.o
00000000 l    df *ABS*	00000000 libc_a-utoa.o
00000000 l    df *ABS*	00000000 libc_a-strcat.o
00000000 l    df *ABS*	00000000 libc_a-strncat.o
00000000 l    df *ABS*	00000000 libc_a-memcpy.o
00000000 l    df *ABS*	00000000 libc_a-strlen.o
00000000 l    df *ABS*	00000000 libc_a-strcpy.o
00000000 l    df *ABS*	00000000 div.o
80400848 g     F .text	000000a4 strcpy
804001e0 g     F .text	00000098 my_printf
80400000 g       .text	00000000 app_entry
80400694 g     F .text	00000128 memcpy
804008f4 g     F .text	00000048 .hidden __hidden___udivsi3
804008f4 g     F .text	00000048 .hidden __udivsi3
80400384 g     F .text	00000070 itoa
80400314 g     F .text	00000070 sys_send
80400548 g     F .text	000000a0 strcat
8040093c g     F .text	00000010 .hidden __umodsi3
80400094 g     F .text	0000014c format_to_str
804005e8 g     F .text	000000ac strncat
804003f4 g     F .text	00000154 __utoa
80400010 g     F .text	00000084 main
804008ec g     F .text	00000084 .hidden __divsi3
80600000 g       *ABS*	00000000 __heap_end
80408038 g       .data	00000000 __heap_start
804002ac g     F .text	00000068 term_write
80400278 g     F .text	00000034 exit
80400970 g     F .text	00000030 .hidden __modsi3
804007bc g     F .text	0000008c strlen



Disassembly of section .text:

80400000 <app_entry>:
app_entry():
80400000:	00052503          	lw	a0,0(a0)
80400004:	80800137          	lui	sp,0x80800
80400008:	008000ef          	jal	80400010 <main>
8040000c:	26c000ef          	jal	80400278 <exit>

80400010 <main>:
main():
80400010:	fd010113          	addi	sp,sp,-48 # 807fffd0 <__heap_end+0x1fffd0>
80400014:	02112623          	sw	ra,44(sp)
80400018:	02812423          	sw	s0,40(sp)
8040001c:	03010413          	addi	s0,sp,48
80400020:	fca42e23          	sw	a0,-36(s0)
80400024:	fcb42c23          	sw	a1,-40(s0)
80400028:	00100793          	li	a5,1
8040002c:	fef42623          	sw	a5,-20(s0)
80400030:	0340006f          	j	80400064 <main+0x54>
80400034:	fec42783          	lw	a5,-20(s0)
80400038:	00279793          	slli	a5,a5,0x2
8040003c:	fd842703          	lw	a4,-40(s0)
80400040:	00f707b3          	add	a5,a4,a5
80400044:	0007a783          	lw	a5,0(a5)
80400048:	00078593          	mv	a1,a5
8040004c:	804087b7          	lui	a5,0x80408
80400050:	00078513          	mv	a0,a5
80400054:	18c000ef          	jal	804001e0 <my_printf>
80400058:	fec42783          	lw	a5,-20(s0)
8040005c:	00178793          	addi	a5,a5,1 # 80408001 <__modsi3+0x7691>
80400060:	fef42623          	sw	a5,-20(s0)
80400064:	fdc42783          	lw	a5,-36(s0)
80400068:	fec42703          	lw	a4,-20(s0)
8040006c:	fcf764e3          	bltu	a4,a5,80400034 <main+0x24>
80400070:	804087b7          	lui	a5,0x80408
80400074:	00478513          	addi	a0,a5,4 # 80408004 <__modsi3+0x7694>
80400078:	168000ef          	jal	804001e0 <my_printf>
8040007c:	00000793          	li	a5,0
80400080:	00078513          	mv	a0,a5
80400084:	02c12083          	lw	ra,44(sp)
80400088:	02812403          	lw	s0,40(sp)
8040008c:	03010113          	addi	sp,sp,48
80400090:	00008067          	ret

80400094 <format_to_str>:
format_to_str():
80400094:	fe010113          	addi	sp,sp,-32
80400098:	00112e23          	sw	ra,28(sp)
8040009c:	00812c23          	sw	s0,24(sp)
804000a0:	00912a23          	sw	s1,20(sp)
804000a4:	02010413          	addi	s0,sp,32
804000a8:	fea42623          	sw	a0,-20(s0)
804000ac:	feb42423          	sw	a1,-24(s0)
804000b0:	fec42223          	sw	a2,-28(s0)
804000b4:	fec42783          	lw	a5,-20(s0)
804000b8:	00078023          	sb	zero,0(a5)
804000bc:	0fc0006f          	j	804001b8 <format_to_str+0x124>
804000c0:	fe842783          	lw	a5,-24(s0)
804000c4:	0007c703          	lbu	a4,0(a5)
804000c8:	02500793          	li	a5,37
804000cc:	00f70c63          	beq	a4,a5,804000e4 <format_to_str+0x50>
804000d0:	00100613          	li	a2,1
804000d4:	fe842583          	lw	a1,-24(s0)
804000d8:	fec42503          	lw	a0,-20(s0)
804000dc:	50c000ef          	jal	804005e8 <strncat>
804000e0:	0cc0006f          	j	804001ac <format_to_str+0x118>
804000e4:	fe842783          	lw	a5,-24(s0)
804000e8:	00178793          	addi	a5,a5,1
804000ec:	fef42423          	sw	a5,-24(s0)
804000f0:	fe842783          	lw	a5,-24(s0)
804000f4:	0007c703          	lbu	a4,0(a5)
804000f8:	07300793          	li	a5,115
804000fc:	02f71263          	bne	a4,a5,80400120 <format_to_str+0x8c>
80400100:	fe442783          	lw	a5,-28(s0)
80400104:	00478713          	addi	a4,a5,4
80400108:	fee42223          	sw	a4,-28(s0)
8040010c:	0007a783          	lw	a5,0(a5)
80400110:	00078593          	mv	a1,a5
80400114:	fec42503          	lw	a0,-20(s0)
80400118:	430000ef          	jal	80400548 <strcat>
8040011c:	0900006f          	j	804001ac <format_to_str+0x118>
80400120:	fe842783          	lw	a5,-24(s0)
80400124:	0007c703          	lbu	a4,0(a5)
80400128:	06400793          	li	a5,100
8040012c:	02f71e63          	bne	a4,a5,80400168 <format_to_str+0xd4>
80400130:	fe442783          	lw	a5,-28(s0)
80400134:	00478713          	addi	a4,a5,4
80400138:	fee42223          	sw	a4,-28(s0)
8040013c:	0007a483          	lw	s1,0(a5)
80400140:	fec42503          	lw	a0,-20(s0)
80400144:	678000ef          	jal	804007bc <strlen>
80400148:	00050713          	mv	a4,a0
8040014c:	fec42783          	lw	a5,-20(s0)
80400150:	00e787b3          	add	a5,a5,a4
80400154:	00a00613          	li	a2,10
80400158:	00078593          	mv	a1,a5
8040015c:	00048513          	mv	a0,s1
80400160:	224000ef          	jal	80400384 <itoa>
80400164:	0480006f          	j	804001ac <format_to_str+0x118>
80400168:	fe842783          	lw	a5,-24(s0)
8040016c:	0007c703          	lbu	a4,0(a5)
80400170:	07800793          	li	a5,120
80400174:	02f71c63          	bne	a4,a5,804001ac <format_to_str+0x118>
80400178:	fe442783          	lw	a5,-28(s0)
8040017c:	00478713          	addi	a4,a5,4
80400180:	fee42223          	sw	a4,-28(s0)
80400184:	0007a483          	lw	s1,0(a5)
80400188:	fec42503          	lw	a0,-20(s0)
8040018c:	630000ef          	jal	804007bc <strlen>
80400190:	00050713          	mv	a4,a0
80400194:	fec42783          	lw	a5,-20(s0)
80400198:	00e787b3          	add	a5,a5,a4
8040019c:	01000613          	li	a2,16
804001a0:	00078593          	mv	a1,a5
804001a4:	00048513          	mv	a0,s1
804001a8:	1dc000ef          	jal	80400384 <itoa>
804001ac:	fe842783          	lw	a5,-24(s0)
804001b0:	00178793          	addi	a5,a5,1
804001b4:	fef42423          	sw	a5,-24(s0)
804001b8:	fe842783          	lw	a5,-24(s0)
804001bc:	0007c783          	lbu	a5,0(a5)
804001c0:	f00790e3          	bnez	a5,804000c0 <format_to_str+0x2c>
804001c4:	00000013          	nop
804001c8:	00000013          	nop
804001cc:	01c12083          	lw	ra,28(sp)
804001d0:	01812403          	lw	s0,24(sp)
804001d4:	01412483          	lw	s1,20(sp)
804001d8:	02010113          	addi	sp,sp,32
804001dc:	00008067          	ret

804001e0 <my_printf>:
my_printf():
804001e0:	db010113          	addi	sp,sp,-592
804001e4:	22112623          	sw	ra,556(sp)
804001e8:	22812423          	sw	s0,552(sp)
804001ec:	23010413          	addi	s0,sp,560
804001f0:	dca42e23          	sw	a0,-548(s0)
804001f4:	00b42223          	sw	a1,4(s0)
804001f8:	00c42423          	sw	a2,8(s0)
804001fc:	00d42623          	sw	a3,12(s0)
80400200:	00e42823          	sw	a4,16(s0)
80400204:	00f42a23          	sw	a5,20(s0)
80400208:	01042c23          	sw	a6,24(s0)
8040020c:	01142e23          	sw	a7,28(s0)
80400210:	de040823          	sb	zero,-528(s0)
80400214:	02040793          	addi	a5,s0,32
80400218:	dcf42c23          	sw	a5,-552(s0)
8040021c:	dd842783          	lw	a5,-552(s0)
80400220:	fe478793          	addi	a5,a5,-28
80400224:	def42623          	sw	a5,-532(s0)
80400228:	dec42703          	lw	a4,-532(s0)
8040022c:	df040793          	addi	a5,s0,-528
80400230:	00070613          	mv	a2,a4
80400234:	ddc42583          	lw	a1,-548(s0)
80400238:	00078513          	mv	a0,a5
8040023c:	e59ff0ef          	jal	80400094 <format_to_str>
80400240:	df040793          	addi	a5,s0,-528
80400244:	00078513          	mv	a0,a5
80400248:	574000ef          	jal	804007bc <strlen>
8040024c:	00050713          	mv	a4,a0
80400250:	df040793          	addi	a5,s0,-528
80400254:	00070593          	mv	a1,a4
80400258:	00078513          	mv	a0,a5
8040025c:	050000ef          	jal	804002ac <term_write>
80400260:	00000013          	nop
80400264:	00078513          	mv	a0,a5
80400268:	22c12083          	lw	ra,556(sp)
8040026c:	22812403          	lw	s0,552(sp)
80400270:	25010113          	addi	sp,sp,592
80400274:	00008067          	ret

80400278 <exit>:
exit():
80400278:	dd010113          	addi	sp,sp,-560
8040027c:	22112623          	sw	ra,556(sp)
80400280:	22812423          	sw	s0,552(sp)
80400284:	23010413          	addi	s0,sp,560
80400288:	dca42e23          	sw	a0,-548(s0)
8040028c:	00100793          	li	a5,1
80400290:	def42423          	sw	a5,-536(s0)
80400294:	de840793          	addi	a5,s0,-536
80400298:	20800613          	li	a2,520
8040029c:	00078593          	mv	a1,a5
804002a0:	00100513          	li	a0,1
804002a4:	070000ef          	jal	80400314 <sys_send>
804002a8:	0000006f          	j	804002a8 <exit+0x30>

804002ac <term_write>:
term_write():
804002ac:	dd010113          	addi	sp,sp,-560
804002b0:	22112623          	sw	ra,556(sp)
804002b4:	22812423          	sw	s0,552(sp)
804002b8:	23010413          	addi	s0,sp,560
804002bc:	dca42e23          	sw	a0,-548(s0)
804002c0:	dcb42c23          	sw	a1,-552(s0)
804002c4:	00100793          	li	a5,1
804002c8:	def42423          	sw	a5,-536(s0)
804002cc:	dd842783          	lw	a5,-552(s0)
804002d0:	def42623          	sw	a5,-532(s0)
804002d4:	de840793          	addi	a5,s0,-536
804002d8:	00878793          	addi	a5,a5,8
804002dc:	dd842603          	lw	a2,-552(s0)
804002e0:	ddc42583          	lw	a1,-548(s0)
804002e4:	00078513          	mv	a0,a5
804002e8:	3ac000ef          	jal	80400694 <memcpy>
804002ec:	de840793          	addi	a5,s0,-536
804002f0:	20800613          	li	a2,520
804002f4:	00078593          	mv	a1,a5
804002f8:	00200513          	li	a0,2
804002fc:	018000ef          	jal	80400314 <sys_send>
80400300:	00000013          	nop
80400304:	22c12083          	lw	ra,556(sp)
80400308:	22812403          	lw	s0,552(sp)
8040030c:	23010113          	addi	sp,sp,560
80400310:	00008067          	ret

80400314 <sys_send>:
sys_send():
80400314:	fe010113          	addi	sp,sp,-32
80400318:	00112e23          	sw	ra,28(sp)
8040031c:	00812c23          	sw	s0,24(sp)
80400320:	02010413          	addi	s0,sp,32
80400324:	fea42623          	sw	a0,-20(s0)
80400328:	feb42423          	sw	a1,-24(s0)
8040032c:	fec42223          	sw	a2,-28(s0)
80400330:	804087b7          	lui	a5,0x80408
80400334:	0307a783          	lw	a5,48(a5) # 80408030 <sc>
80400338:	00200713          	li	a4,2
8040033c:	00e7a023          	sw	a4,0(a5)
80400340:	804087b7          	lui	a5,0x80408
80400344:	0307a783          	lw	a5,48(a5) # 80408030 <sc>
80400348:	fec42703          	lw	a4,-20(s0)
8040034c:	00e7a423          	sw	a4,8(a5)
80400350:	804087b7          	lui	a5,0x80408
80400354:	0307a783          	lw	a5,48(a5) # 80408030 <sc>
80400358:	00c78793          	addi	a5,a5,12
8040035c:	fe442603          	lw	a2,-28(s0)
80400360:	fe842583          	lw	a1,-24(s0)
80400364:	00078513          	mv	a0,a5
80400368:	32c000ef          	jal	80400694 <memcpy>
8040036c:	00000073          	ecall
80400370:	00000013          	nop
80400374:	01c12083          	lw	ra,28(sp)
80400378:	01812403          	lw	s0,24(sp)
8040037c:	02010113          	addi	sp,sp,32
80400380:	00008067          	ret

80400384 <itoa>:
itoa():
80400384:	ff010113          	addi	sp,sp,-16
80400388:	00812423          	sw	s0,8(sp)
8040038c:	00112623          	sw	ra,12(sp)
80400390:	ffe60713          	addi	a4,a2,-2
80400394:	02200793          	li	a5,34
80400398:	00058413          	mv	s0,a1
8040039c:	04e7e063          	bltu	a5,a4,804003dc <itoa+0x58>
804003a0:	00a00793          	li	a5,10
804003a4:	02f60063          	beq	a2,a5,804003c4 <itoa+0x40>
804003a8:	00040593          	mv	a1,s0
804003ac:	048000ef          	jal	804003f4 <__utoa>
804003b0:	00c12083          	lw	ra,12(sp)
804003b4:	00040513          	mv	a0,s0
804003b8:	00812403          	lw	s0,8(sp)
804003bc:	01010113          	addi	sp,sp,16
804003c0:	00008067          	ret
804003c4:	fe0552e3          	bgez	a0,804003a8 <itoa+0x24>
804003c8:	02d00793          	li	a5,45
804003cc:	00f58023          	sb	a5,0(a1)
804003d0:	40a00533          	neg	a0,a0
804003d4:	00158593          	addi	a1,a1,1
804003d8:	fd5ff06f          	j	804003ac <itoa+0x28>
804003dc:	00058023          	sb	zero,0(a1)
804003e0:	00c12083          	lw	ra,12(sp)
804003e4:	00812403          	lw	s0,8(sp)
804003e8:	00000513          	li	a0,0
804003ec:	01010113          	addi	sp,sp,16
804003f0:	00008067          	ret

804003f4 <__utoa>:
__utoa():
804003f4:	00008797          	auipc	a5,0x8
804003f8:	c1478793          	addi	a5,a5,-1004 # 80408008 <__modsi3+0x7698>
804003fc:	0007a283          	lw	t0,0(a5)
80400400:	0047af83          	lw	t6,4(a5)
80400404:	0087af03          	lw	t5,8(a5)
80400408:	00c7ae83          	lw	t4,12(a5)
8040040c:	0107ae03          	lw	t3,16(a5)
80400410:	0147a303          	lw	t1,20(a5)
80400414:	0187a883          	lw	a7,24(a5)
80400418:	01c7a803          	lw	a6,28(a5)
8040041c:	0207a683          	lw	a3,32(a5)
80400420:	00008797          	auipc	a5,0x8
80400424:	c0c7c783          	lbu	a5,-1012(a5) # 8040802c <__modsi3+0x76bc>
80400428:	fb010113          	addi	sp,sp,-80
8040042c:	03512a23          	sw	s5,52(sp)
80400430:	02f10623          	sb	a5,44(sp)
80400434:	04112623          	sw	ra,76(sp)
80400438:	ffe60713          	addi	a4,a2,-2
8040043c:	00512423          	sw	t0,8(sp)
80400440:	01f12623          	sw	t6,12(sp)
80400444:	01e12823          	sw	t5,16(sp)
80400448:	01d12a23          	sw	t4,20(sp)
8040044c:	01c12c23          	sw	t3,24(sp)
80400450:	00612e23          	sw	t1,28(sp)
80400454:	03112023          	sw	a7,32(sp)
80400458:	03012223          	sw	a6,36(sp)
8040045c:	02d12423          	sw	a3,40(sp)
80400460:	02200793          	li	a5,34
80400464:	00058a93          	mv	s5,a1
80400468:	0ce7e463          	bltu	a5,a4,80400530 <__utoa+0x13c>
8040046c:	04812423          	sw	s0,72(sp)
80400470:	04912223          	sw	s1,68(sp)
80400474:	05212023          	sw	s2,64(sp)
80400478:	03312e23          	sw	s3,60(sp)
8040047c:	03412c23          	sw	s4,56(sp)
80400480:	03612823          	sw	s6,48(sp)
80400484:	00060493          	mv	s1,a2
80400488:	00050413          	mv	s0,a0
8040048c:	00000913          	li	s2,0
80400490:	00048593          	mv	a1,s1
80400494:	00040513          	mv	a0,s0
80400498:	4a4000ef          	jal	8040093c <__umodsi3>
8040049c:	00250533          	add	a0,a0,sp
804004a0:	00854783          	lbu	a5,8(a0)
804004a4:	00090993          	mv	s3,s2
804004a8:	00190913          	addi	s2,s2,1
804004ac:	012a8a33          	add	s4,s5,s2
804004b0:	00040513          	mv	a0,s0
804004b4:	00048593          	mv	a1,s1
804004b8:	fefa0fa3          	sb	a5,-1(s4)
804004bc:	00040b13          	mv	s6,s0
804004c0:	434000ef          	jal	804008f4 <__hidden___udivsi3>
804004c4:	00050413          	mv	s0,a0
804004c8:	fc9b74e3          	bgeu	s6,s1,80400490 <__utoa+0x9c>
804004cc:	000a0023          	sb	zero,0(s4)
804004d0:	02098a63          	beqz	s3,80400504 <__utoa+0x110>
804004d4:	000a8693          	mv	a3,s5
804004d8:	013a8733          	add	a4,s5,s3
804004dc:	00000793          	li	a5,0
804004e0:	00074583          	lbu	a1,0(a4)
804004e4:	0006c603          	lbu	a2,0(a3)
804004e8:	00178793          	addi	a5,a5,1
804004ec:	00b68023          	sb	a1,0(a3)
804004f0:	00c70023          	sb	a2,0(a4)
804004f4:	40f98633          	sub	a2,s3,a5
804004f8:	00168693          	addi	a3,a3,1
804004fc:	fff70713          	addi	a4,a4,-1
80400500:	fec7c0e3          	blt	a5,a2,804004e0 <__utoa+0xec>
80400504:	04812403          	lw	s0,72(sp)
80400508:	04c12083          	lw	ra,76(sp)
8040050c:	04412483          	lw	s1,68(sp)
80400510:	04012903          	lw	s2,64(sp)
80400514:	03c12983          	lw	s3,60(sp)
80400518:	03812a03          	lw	s4,56(sp)
8040051c:	03012b03          	lw	s6,48(sp)
80400520:	000a8513          	mv	a0,s5
80400524:	03412a83          	lw	s5,52(sp)
80400528:	05010113          	addi	sp,sp,80
8040052c:	00008067          	ret
80400530:	00058023          	sb	zero,0(a1)
80400534:	04c12083          	lw	ra,76(sp)
80400538:	03412a83          	lw	s5,52(sp)
8040053c:	00000513          	li	a0,0
80400540:	05010113          	addi	sp,sp,80
80400544:	00008067          	ret

80400548 <strcat>:
strcat():
80400548:	ff010113          	addi	sp,sp,-16
8040054c:	00812423          	sw	s0,8(sp)
80400550:	00112623          	sw	ra,12(sp)
80400554:	00357793          	andi	a5,a0,3
80400558:	00050413          	mv	s0,a0
8040055c:	06079663          	bnez	a5,804005c8 <strcat+0x80>
80400560:	00052703          	lw	a4,0(a0)
80400564:	feff0637          	lui	a2,0xfeff0
80400568:	eff60613          	addi	a2,a2,-257 # fefefeff <__heap_end+0x7e9efeff>
8040056c:	00c707b3          	add	a5,a4,a2
80400570:	808086b7          	lui	a3,0x80808
80400574:	fff74713          	not	a4,a4
80400578:	00e7f7b3          	and	a5,a5,a4
8040057c:	08068693          	addi	a3,a3,128 # 80808080 <__heap_end+0x208080>
80400580:	00d7f7b3          	and	a5,a5,a3
80400584:	04079263          	bnez	a5,804005c8 <strcat+0x80>
80400588:	00452703          	lw	a4,4(a0)
8040058c:	00450513          	addi	a0,a0,4
80400590:	00c707b3          	add	a5,a4,a2
80400594:	fff74713          	not	a4,a4
80400598:	00e7f7b3          	and	a5,a5,a4
8040059c:	00d7f7b3          	and	a5,a5,a3
804005a0:	02079463          	bnez	a5,804005c8 <strcat+0x80>
804005a4:	00452703          	lw	a4,4(a0)
804005a8:	00450513          	addi	a0,a0,4
804005ac:	00c707b3          	add	a5,a4,a2
804005b0:	fff74713          	not	a4,a4
804005b4:	00e7f7b3          	and	a5,a5,a4
804005b8:	00d7f7b3          	and	a5,a5,a3
804005bc:	fc0786e3          	beqz	a5,80400588 <strcat+0x40>
804005c0:	0080006f          	j	804005c8 <strcat+0x80>
804005c4:	00150513          	addi	a0,a0,1
804005c8:	00054783          	lbu	a5,0(a0)
804005cc:	fe079ce3          	bnez	a5,804005c4 <strcat+0x7c>
804005d0:	278000ef          	jal	80400848 <strcpy>
804005d4:	00c12083          	lw	ra,12(sp)
804005d8:	00040513          	mv	a0,s0
804005dc:	00812403          	lw	s0,8(sp)
804005e0:	01010113          	addi	sp,sp,16
804005e4:	00008067          	ret

804005e8 <strncat>:
strncat():
804005e8:	00357713          	andi	a4,a0,3
804005ec:	00050793          	mv	a5,a0
804005f0:	06071663          	bnez	a4,8040065c <strncat+0x74>
804005f4:	00052683          	lw	a3,0(a0)
804005f8:	feff08b7          	lui	a7,0xfeff0
804005fc:	eff88893          	addi	a7,a7,-257 # fefefeff <__heap_end+0x7e9efeff>
80400600:	01168733          	add	a4,a3,a7
80400604:	80808837          	lui	a6,0x80808
80400608:	fff6c693          	not	a3,a3
8040060c:	00d77733          	and	a4,a4,a3
80400610:	08080813          	addi	a6,a6,128 # 80808080 <__heap_end+0x208080>
80400614:	01077733          	and	a4,a4,a6
80400618:	04071263          	bnez	a4,8040065c <strncat+0x74>
8040061c:	0047a683          	lw	a3,4(a5)
80400620:	00478793          	addi	a5,a5,4
80400624:	01168733          	add	a4,a3,a7
80400628:	fff6c693          	not	a3,a3
8040062c:	00d77733          	and	a4,a4,a3
80400630:	01077733          	and	a4,a4,a6
80400634:	02071463          	bnez	a4,8040065c <strncat+0x74>
80400638:	0047a683          	lw	a3,4(a5)
8040063c:	00478793          	addi	a5,a5,4
80400640:	01168733          	add	a4,a3,a7
80400644:	fff6c693          	not	a3,a3
80400648:	00d77733          	and	a4,a4,a3
8040064c:	01077733          	and	a4,a4,a6
80400650:	fc0706e3          	beqz	a4,8040061c <strncat+0x34>
80400654:	0080006f          	j	8040065c <strncat+0x74>
80400658:	00178793          	addi	a5,a5,1
8040065c:	0007c703          	lbu	a4,0(a5)
80400660:	fe071ce3          	bnez	a4,80400658 <strncat+0x70>
80400664:	00c786b3          	add	a3,a5,a2
80400668:	02060463          	beqz	a2,80400690 <strncat+0xa8>
8040066c:	0005c703          	lbu	a4,0(a1)
80400670:	00178793          	addi	a5,a5,1
80400674:	00158593          	addi	a1,a1,1
80400678:	fee78fa3          	sb	a4,-1(a5)
8040067c:	00070863          	beqz	a4,8040068c <strncat+0xa4>
80400680:	fef696e3          	bne	a3,a5,8040066c <strncat+0x84>
80400684:	00068023          	sb	zero,0(a3)
80400688:	00008067          	ret
8040068c:	00008067          	ret
80400690:	00008067          	ret

80400694 <memcpy>:
memcpy():
80400694:	00a5c7b3          	xor	a5,a1,a0
80400698:	0037f793          	andi	a5,a5,3
8040069c:	00c508b3          	add	a7,a0,a2
804006a0:	06079663          	bnez	a5,8040070c <memcpy+0x78>
804006a4:	00300793          	li	a5,3
804006a8:	06c7f263          	bgeu	a5,a2,8040070c <memcpy+0x78>
804006ac:	00357793          	andi	a5,a0,3
804006b0:	00050713          	mv	a4,a0
804006b4:	0c079a63          	bnez	a5,80400788 <memcpy+0xf4>
804006b8:	ffc8f613          	andi	a2,a7,-4
804006bc:	40e606b3          	sub	a3,a2,a4
804006c0:	02000793          	li	a5,32
804006c4:	06d7c463          	blt	a5,a3,8040072c <memcpy+0x98>
804006c8:	00058693          	mv	a3,a1
804006cc:	00070793          	mv	a5,a4
804006d0:	02c77a63          	bgeu	a4,a2,80400704 <memcpy+0x70>
804006d4:	0006a803          	lw	a6,0(a3)
804006d8:	00478793          	addi	a5,a5,4
804006dc:	00468693          	addi	a3,a3,4
804006e0:	ff07ae23          	sw	a6,-4(a5)
804006e4:	fec7e8e3          	bltu	a5,a2,804006d4 <memcpy+0x40>
804006e8:	fff60613          	addi	a2,a2,-1
804006ec:	40e60633          	sub	a2,a2,a4
804006f0:	ffc67613          	andi	a2,a2,-4
804006f4:	00458593          	addi	a1,a1,4
804006f8:	00470713          	addi	a4,a4,4
804006fc:	00c585b3          	add	a1,a1,a2
80400700:	00c70733          	add	a4,a4,a2
80400704:	01176863          	bltu	a4,a7,80400714 <memcpy+0x80>
80400708:	00008067          	ret
8040070c:	00050713          	mv	a4,a0
80400710:	ff157ce3          	bgeu	a0,a7,80400708 <memcpy+0x74>
80400714:	0005c783          	lbu	a5,0(a1)
80400718:	00170713          	addi	a4,a4,1
8040071c:	00158593          	addi	a1,a1,1
80400720:	fef70fa3          	sb	a5,-1(a4)
80400724:	fee898e3          	bne	a7,a4,80400714 <memcpy+0x80>
80400728:	00008067          	ret
8040072c:	0205a683          	lw	a3,32(a1)
80400730:	0005a383          	lw	t2,0(a1)
80400734:	0045a283          	lw	t0,4(a1)
80400738:	0085af83          	lw	t6,8(a1)
8040073c:	00c5af03          	lw	t5,12(a1)
80400740:	0105ae83          	lw	t4,16(a1)
80400744:	0145ae03          	lw	t3,20(a1)
80400748:	0185a303          	lw	t1,24(a1)
8040074c:	01c5a803          	lw	a6,28(a1)
80400750:	02470713          	addi	a4,a4,36
80400754:	fed72e23          	sw	a3,-4(a4)
80400758:	fc772e23          	sw	t2,-36(a4)
8040075c:	40e606b3          	sub	a3,a2,a4
80400760:	fe572023          	sw	t0,-32(a4)
80400764:	fff72223          	sw	t6,-28(a4)
80400768:	ffe72423          	sw	t5,-24(a4)
8040076c:	ffd72623          	sw	t4,-20(a4)
80400770:	ffc72823          	sw	t3,-16(a4)
80400774:	fe672a23          	sw	t1,-12(a4)
80400778:	ff072c23          	sw	a6,-8(a4)
8040077c:	02458593          	addi	a1,a1,36
80400780:	fad7c6e3          	blt	a5,a3,8040072c <memcpy+0x98>
80400784:	f45ff06f          	j	804006c8 <memcpy+0x34>
80400788:	0005c683          	lbu	a3,0(a1)
8040078c:	00170713          	addi	a4,a4,1
80400790:	00377793          	andi	a5,a4,3
80400794:	fed70fa3          	sb	a3,-1(a4)
80400798:	00158593          	addi	a1,a1,1
8040079c:	f0078ee3          	beqz	a5,804006b8 <memcpy+0x24>
804007a0:	0005c683          	lbu	a3,0(a1)
804007a4:	00170713          	addi	a4,a4,1
804007a8:	00377793          	andi	a5,a4,3
804007ac:	fed70fa3          	sb	a3,-1(a4)
804007b0:	00158593          	addi	a1,a1,1
804007b4:	fc079ae3          	bnez	a5,80400788 <memcpy+0xf4>
804007b8:	f01ff06f          	j	804006b8 <memcpy+0x24>

804007bc <strlen>:
strlen():
804007bc:	00357793          	andi	a5,a0,3
804007c0:	00050713          	mv	a4,a0
804007c4:	04079c63          	bnez	a5,8040081c <strlen+0x60>
804007c8:	7f7f86b7          	lui	a3,0x7f7f8
804007cc:	f7f68693          	addi	a3,a3,-129 # 7f7f7f7f <app_entry-0xc08081>
804007d0:	fff00593          	li	a1,-1
804007d4:	00072603          	lw	a2,0(a4)
804007d8:	00470713          	addi	a4,a4,4
804007dc:	00d677b3          	and	a5,a2,a3
804007e0:	00d787b3          	add	a5,a5,a3
804007e4:	00c7e7b3          	or	a5,a5,a2
804007e8:	00d7e7b3          	or	a5,a5,a3
804007ec:	feb784e3          	beq	a5,a1,804007d4 <strlen+0x18>
804007f0:	ffc74683          	lbu	a3,-4(a4)
804007f4:	40a707b3          	sub	a5,a4,a0
804007f8:	04068463          	beqz	a3,80400840 <strlen+0x84>
804007fc:	ffd74683          	lbu	a3,-3(a4)
80400800:	02068c63          	beqz	a3,80400838 <strlen+0x7c>
80400804:	ffe74503          	lbu	a0,-2(a4)
80400808:	00a03533          	snez	a0,a0
8040080c:	00f50533          	add	a0,a0,a5
80400810:	ffe50513          	addi	a0,a0,-2
80400814:	00008067          	ret
80400818:	fa0688e3          	beqz	a3,804007c8 <strlen+0xc>
8040081c:	00074783          	lbu	a5,0(a4)
80400820:	00170713          	addi	a4,a4,1
80400824:	00377693          	andi	a3,a4,3
80400828:	fe0798e3          	bnez	a5,80400818 <strlen+0x5c>
8040082c:	40a70733          	sub	a4,a4,a0
80400830:	fff70513          	addi	a0,a4,-1
80400834:	00008067          	ret
80400838:	ffd78513          	addi	a0,a5,-3
8040083c:	00008067          	ret
80400840:	ffc78513          	addi	a0,a5,-4
80400844:	00008067          	ret

80400848 <strcpy>:
strcpy():
80400848:	00b567b3          	or	a5,a0,a1
8040084c:	0037f793          	andi	a5,a5,3
80400850:	08079063          	bnez	a5,804008d0 <strcpy+0x88>
80400854:	0005a703          	lw	a4,0(a1)
80400858:	7f7f86b7          	lui	a3,0x7f7f8
8040085c:	f7f68693          	addi	a3,a3,-129 # 7f7f7f7f <app_entry-0xc08081>
80400860:	00d77833          	and	a6,a4,a3
80400864:	00d80833          	add	a6,a6,a3
80400868:	00e86833          	or	a6,a6,a4
8040086c:	00d86833          	or	a6,a6,a3
80400870:	fff00793          	li	a5,-1
80400874:	00050613          	mv	a2,a0
80400878:	02f81463          	bne	a6,a5,804008a0 <strcpy+0x58>
8040087c:	00458593          	addi	a1,a1,4
80400880:	00e62023          	sw	a4,0(a2)
80400884:	0005a703          	lw	a4,0(a1)
80400888:	00460613          	addi	a2,a2,4
8040088c:	00d777b3          	and	a5,a4,a3
80400890:	00d787b3          	add	a5,a5,a3
80400894:	00e7e7b3          	or	a5,a5,a4
80400898:	00d7e7b3          	or	a5,a5,a3
8040089c:	ff0780e3          	beq	a5,a6,8040087c <strcpy+0x34>
804008a0:	0005c783          	lbu	a5,0(a1)
804008a4:	0015c703          	lbu	a4,1(a1)
804008a8:	0025c683          	lbu	a3,2(a1)
804008ac:	00f60023          	sb	a5,0(a2)
804008b0:	00078a63          	beqz	a5,804008c4 <strcpy+0x7c>
804008b4:	00e600a3          	sb	a4,1(a2)
804008b8:	00070663          	beqz	a4,804008c4 <strcpy+0x7c>
804008bc:	00d60123          	sb	a3,2(a2)
804008c0:	00069463          	bnez	a3,804008c8 <strcpy+0x80>
804008c4:	00008067          	ret
804008c8:	000601a3          	sb	zero,3(a2)
804008cc:	00008067          	ret
804008d0:	00050793          	mv	a5,a0
804008d4:	0005c703          	lbu	a4,0(a1)
804008d8:	00178793          	addi	a5,a5,1
804008dc:	00158593          	addi	a1,a1,1
804008e0:	fee78fa3          	sb	a4,-1(a5)
804008e4:	fe0718e3          	bnez	a4,804008d4 <strcpy+0x8c>
804008e8:	00008067          	ret

804008ec <__divsi3>:
__divsi3():
804008ec:	06054063          	bltz	a0,8040094c <__umodsi3+0x10>
804008f0:	0605c663          	bltz	a1,8040095c <__umodsi3+0x20>

804008f4 <__hidden___udivsi3>:
804008f4:	00058613          	mv	a2,a1
804008f8:	00050593          	mv	a1,a0
804008fc:	fff00513          	li	a0,-1
80400900:	02060c63          	beqz	a2,80400938 <__hidden___udivsi3+0x44>
80400904:	00100693          	li	a3,1
80400908:	00b67a63          	bgeu	a2,a1,8040091c <__hidden___udivsi3+0x28>
8040090c:	00c05863          	blez	a2,8040091c <__hidden___udivsi3+0x28>
80400910:	00161613          	slli	a2,a2,0x1
80400914:	00169693          	slli	a3,a3,0x1
80400918:	feb66ae3          	bltu	a2,a1,8040090c <__hidden___udivsi3+0x18>
8040091c:	00000513          	li	a0,0
80400920:	00c5e663          	bltu	a1,a2,8040092c <__hidden___udivsi3+0x38>
80400924:	40c585b3          	sub	a1,a1,a2
80400928:	00d56533          	or	a0,a0,a3
8040092c:	0016d693          	srli	a3,a3,0x1
80400930:	00165613          	srli	a2,a2,0x1
80400934:	fe0696e3          	bnez	a3,80400920 <__hidden___udivsi3+0x2c>
80400938:	00008067          	ret

8040093c <__umodsi3>:
8040093c:	00008293          	mv	t0,ra
80400940:	fb5ff0ef          	jal	804008f4 <__hidden___udivsi3>
80400944:	00058513          	mv	a0,a1
80400948:	00028067          	jr	t0
8040094c:	40a00533          	neg	a0,a0
80400950:	00b04863          	bgtz	a1,80400960 <__umodsi3+0x24>
80400954:	40b005b3          	neg	a1,a1
80400958:	f9dff06f          	j	804008f4 <__hidden___udivsi3>
8040095c:	40b005b3          	neg	a1,a1
80400960:	00008293          	mv	t0,ra
80400964:	f91ff0ef          	jal	804008f4 <__hidden___udivsi3>
80400968:	40a00533          	neg	a0,a0
8040096c:	00028067          	jr	t0

80400970 <__modsi3>:
__modsi3():
80400970:	00008293          	mv	t0,ra
80400974:	0005ca63          	bltz	a1,80400988 <__modsi3+0x18>
80400978:	00054c63          	bltz	a0,80400990 <__modsi3+0x20>
8040097c:	f79ff0ef          	jal	804008f4 <__hidden___udivsi3>
80400980:	00058513          	mv	a0,a1
80400984:	00028067          	jr	t0
80400988:	40b005b3          	neg	a1,a1
8040098c:	fe0558e3          	bgez	a0,8040097c <__modsi3+0xc>
80400990:	40a00533          	neg	a0,a0
80400994:	f61ff0ef          	jal	804008f4 <__hidden___udivsi3>
80400998:	40b00533          	neg	a0,a1
8040099c:	00028067          	jr	t0
