
build/release/user/pwd.elf:     file format elf32-littleriscv
build/release/user/pwd.elf
architecture: riscv:rv32, flags 0x00000112:
EXEC_P, HAS_SYMS, D_PAGED
start address 0x80400000

Program Header:
0x70000003 off    0x00002034 vaddr 0x00000000 paddr 0x00000000 align 2**0
         filesz 0x0000004b memsz 0x00000000 flags r--
    LOAD off    0x00001000 vaddr 0x80400000 paddr 0x80400000 align 2**12
         filesz 0x00000960 memsz 0x00000960 flags r-x
    LOAD off    0x00002000 vaddr 0x80408000 paddr 0x80408000 align 2**12
         filesz 0x00000034 memsz 0x00000034 flags rw-

Sections:
Idx Name              Size      VMA       LMA       File off  Algn  Flags
  0 .text             00000960  80400000  80400000  00001000  2**3  CONTENTS, ALLOC, LOAD, READONLY, CODE
  1 .rodata           00000030  80408000  80408000  00002000  2**3  CONTENTS, ALLOC, LOAD, READONLY, DATA
  2 .data             00000004  80408030  80408030  00002030  2**3  CONTENTS, ALLOC, LOAD, DATA
  3 .riscv.attributes 0000004b  00000000  00000000  00002034  2**0  CONTENTS, READONLY
  4 .comment          00000032  00000000  00000000  0000207f  2**0  CONTENTS, READONLY
SYMBOL TABLE:
80400000 l    d  .text	00000000 .text
80408000 l    d  .rodata	00000000 .rodata
80408030 l    d  .data	00000000 .data
00000000 l    d  .riscv.attributes	00000000 .riscv.attributes
00000000 l    d  .comment	00000000 .comment
00000000 l    df *ABS*	00000000 ccJTQD4j.o
00000000 l    df *ABS*	00000000 pwd.c
00000000 l    df *ABS*	00000000 print.c
00000000 l    df *ABS*	00000000 servers.c
00000000 l    df *ABS*	00000000 syscall.c
80408030 l     O .data	00000004 sc
00000000 l    df *ABS*	00000000 libc_a-itoa.o
00000000 l    df *ABS*	00000000 libc_a-utoa.o
00000000 l    df *ABS*	00000000 libc_a-strcat.o
00000000 l    df *ABS*	00000000 libc_a-strncat.o
00000000 l    df *ABS*	00000000 libc_a-memcpy.o
00000000 l    df *ABS*	00000000 libc_a-strlen.o
00000000 l    df *ABS*	00000000 libc_a-strcpy.o
00000000 l    df *ABS*	00000000 div.o
80400808 g     F .text	000000a4 strcpy
804001a0 g     F .text	00000098 my_printf
80400000 g       .text	00000000 app_entry
80400654 g     F .text	00000128 memcpy
804008b4 g     F .text	00000048 .hidden __hidden___udivsi3
804008b4 g     F .text	00000048 .hidden __udivsi3
80400344 g     F .text	00000070 itoa
804002d4 g     F .text	00000070 sys_send
80400508 g     F .text	000000a0 strcat
804008fc g     F .text	00000010 .hidden __umodsi3
80400054 g     F .text	0000014c format_to_str
804005a8 g     F .text	000000ac strncat
804003b4 g     F .text	00000154 __utoa
80400010 g     F .text	00000044 main
804008ac g     F .text	00000084 .hidden __divsi3
80600000 g       *ABS*	00000000 __heap_end
80408038 g       .data	00000000 __heap_start
8040026c g     F .text	00000068 term_write
80400238 g     F .text	00000034 exit
80400930 g     F .text	00000030 .hidden __modsi3
8040077c g     F .text	0000008c strlen



Disassembly of section .text:

80400000 <app_entry>:
app_entry():
80400000:	00052503          	lw	a0,0(a0)
80400004:	80800137          	lui	sp,0x80800
80400008:	008000ef          	jal	80400010 <main>
8040000c:	22c000ef          	jal	80400238 <exit>

80400010 <main>:
main():
80400010:	fe010113          	addi	sp,sp,-32 # 807fffe0 <__heap_end+0x1fffe0>
80400014:	00112e23          	sw	ra,28(sp)
80400018:	00812c23          	sw	s0,24(sp)
8040001c:	02010413          	addi	s0,sp,32
80400020:	fea42623          	sw	a0,-20(s0)
80400024:	feb42423          	sw	a1,-24(s0)
80400028:	806027b7          	lui	a5,0x80602
8040002c:	00478593          	addi	a1,a5,4 # 80602004 <__heap_end+0x2004>
80400030:	804087b7          	lui	a5,0x80408
80400034:	00078513          	mv	a0,a5
80400038:	168000ef          	jal	804001a0 <my_printf>
8040003c:	00000793          	li	a5,0
80400040:	00078513          	mv	a0,a5
80400044:	01c12083          	lw	ra,28(sp)
80400048:	01812403          	lw	s0,24(sp)
8040004c:	02010113          	addi	sp,sp,32
80400050:	00008067          	ret

80400054 <format_to_str>:
format_to_str():
80400054:	fe010113          	addi	sp,sp,-32
80400058:	00112e23          	sw	ra,28(sp)
8040005c:	00812c23          	sw	s0,24(sp)
80400060:	00912a23          	sw	s1,20(sp)
80400064:	02010413          	addi	s0,sp,32
80400068:	fea42623          	sw	a0,-20(s0)
8040006c:	feb42423          	sw	a1,-24(s0)
80400070:	fec42223          	sw	a2,-28(s0)
80400074:	fec42783          	lw	a5,-20(s0)
80400078:	00078023          	sb	zero,0(a5) # 80408000 <__modsi3+0x76d0>
8040007c:	0fc0006f          	j	80400178 <format_to_str+0x124>
80400080:	fe842783          	lw	a5,-24(s0)
80400084:	0007c703          	lbu	a4,0(a5)
80400088:	02500793          	li	a5,37
8040008c:	00f70c63          	beq	a4,a5,804000a4 <format_to_str+0x50>
80400090:	00100613          	li	a2,1
80400094:	fe842583          	lw	a1,-24(s0)
80400098:	fec42503          	lw	a0,-20(s0)
8040009c:	50c000ef          	jal	804005a8 <strncat>
804000a0:	0cc0006f          	j	8040016c <format_to_str+0x118>
804000a4:	fe842783          	lw	a5,-24(s0)
804000a8:	00178793          	addi	a5,a5,1
804000ac:	fef42423          	sw	a5,-24(s0)
804000b0:	fe842783          	lw	a5,-24(s0)
804000b4:	0007c703          	lbu	a4,0(a5)
804000b8:	07300793          	li	a5,115
804000bc:	02f71263          	bne	a4,a5,804000e0 <format_to_str+0x8c>
804000c0:	fe442783          	lw	a5,-28(s0)
804000c4:	00478713          	addi	a4,a5,4
804000c8:	fee42223          	sw	a4,-28(s0)
804000cc:	0007a783          	lw	a5,0(a5)
804000d0:	00078593          	mv	a1,a5
804000d4:	fec42503          	lw	a0,-20(s0)
804000d8:	430000ef          	jal	80400508 <strcat>
804000dc:	0900006f          	j	8040016c <format_to_str+0x118>
804000e0:	fe842783          	lw	a5,-24(s0)
804000e4:	0007c703          	lbu	a4,0(a5)
804000e8:	06400793          	li	a5,100
804000ec:	02f71e63          	bne	a4,a5,80400128 <format_to_str+0xd4>
804000f0:	fe442783          	lw	a5,-28(s0)
804000f4:	00478713          	addi	a4,a5,4
804000f8:	fee42223          	sw	a4,-28(s0)
804000fc:	0007a483          	lw	s1,0(a5)
80400100:	fec42503          	lw	a0,-20(s0)
80400104:	678000ef          	jal	8040077c <strlen>
80400108:	00050713          	mv	a4,a0
8040010c:	fec42783          	lw	a5,-20(s0)
80400110:	00e787b3          	add	a5,a5,a4
80400114:	00a00613          	li	a2,10
80400118:	00078593          	mv	a1,a5
8040011c:	00048513          	mv	a0,s1
80400120:	224000ef          	jal	80400344 <itoa>
80400124:	0480006f          	j	8040016c <format_to_str+0x118>
80400128:	fe842783          	lw	a5,-24(s0)
8040012c:	0007c703          	lbu	a4,0(a5)
80400130:	07800793          	li	a5,120
80400134:	02f71c63          	bne	a4,a5,8040016c <format_to_str+0x118>
80400138:	fe442783          	lw	a5,-28(s0)
8040013c:	00478713          	addi	a4,a5,4
80400140:	fee42223          	sw	a4,-28(s0)
80400144:	0007a483          	lw	s1,0(a5)
80400148:	fec42503          	lw	a0,-20(s0)
8040014c:	630000ef          	jal	8040077c <strlen>
80400150:	00050713          	mv	a4,a0
80400154:	fec42783          	lw	a5,-20(s0)
80400158:	00e787b3          	add	a5,a5,a4
8040015c:	01000613          	li	a2,16
80400160:	00078593          	mv	a1,a5
80400164:	00048513          	mv	a0,s1
80400168:	1dc000ef          	jal	80400344 <itoa>
8040016c:	fe842783          	lw	a5,-24(s0)
80400170:	00178793          	addi	a5,a5,1
80400174:	fef42423          	sw	a5,-24(s0)
80400178:	fe842783          	lw	a5,-24(s0)
8040017c:	0007c783          	lbu	a5,0(a5)
80400180:	f00790e3          	bnez	a5,80400080 <format_to_str+0x2c>
80400184:	00000013          	nop
80400188:	00000013          	nop
8040018c:	01c12083          	lw	ra,28(sp)
80400190:	01812403          	lw	s0,24(sp)
80400194:	01412483          	lw	s1,20(sp)
80400198:	02010113          	addi	sp,sp,32
8040019c:	00008067          	ret

804001a0 <my_printf>:
my_printf():
804001a0:	db010113          	addi	sp,sp,-592
804001a4:	22112623          	sw	ra,556(sp)
804001a8:	22812423          	sw	s0,552(sp)
804001ac:	23010413          	addi	s0,sp,560
804001b0:	dca42e23          	sw	a0,-548(s0)
804001b4:	00b42223          	sw	a1,4(s0)
804001b8:	00c42423          	sw	a2,8(s0)
804001bc:	00d42623          	sw	a3,12(s0)
804001c0:	00e42823          	sw	a4,16(s0)
804001c4:	00f42a23          	sw	a5,20(s0)
804001c8:	01042c23          	sw	a6,24(s0)
804001cc:	01142e23          	sw	a7,28(s0)
804001d0:	de040823          	sb	zero,-528(s0)
804001d4:	02040793          	addi	a5,s0,32
804001d8:	dcf42c23          	sw	a5,-552(s0)
804001dc:	dd842783          	lw	a5,-552(s0)
804001e0:	fe478793          	addi	a5,a5,-28
804001e4:	def42623          	sw	a5,-532(s0)
804001e8:	dec42703          	lw	a4,-532(s0)
804001ec:	df040793          	addi	a5,s0,-528
804001f0:	00070613          	mv	a2,a4
804001f4:	ddc42583          	lw	a1,-548(s0)
804001f8:	00078513          	mv	a0,a5
804001fc:	e59ff0ef          	jal	80400054 <format_to_str>
80400200:	df040793          	addi	a5,s0,-528
80400204:	00078513          	mv	a0,a5
80400208:	574000ef          	jal	8040077c <strlen>
8040020c:	00050713          	mv	a4,a0
80400210:	df040793          	addi	a5,s0,-528
80400214:	00070593          	mv	a1,a4
80400218:	00078513          	mv	a0,a5
8040021c:	050000ef          	jal	8040026c <term_write>
80400220:	00000013          	nop
80400224:	00078513          	mv	a0,a5
80400228:	22c12083          	lw	ra,556(sp)
8040022c:	22812403          	lw	s0,552(sp)
80400230:	25010113          	addi	sp,sp,592
80400234:	00008067          	ret

80400238 <exit>:
exit():
80400238:	dd010113          	addi	sp,sp,-560
8040023c:	22112623          	sw	ra,556(sp)
80400240:	22812423          	sw	s0,552(sp)
80400244:	23010413          	addi	s0,sp,560
80400248:	dca42e23          	sw	a0,-548(s0)
8040024c:	00100793          	li	a5,1
80400250:	def42423          	sw	a5,-536(s0)
80400254:	de840793          	addi	a5,s0,-536
80400258:	20800613          	li	a2,520
8040025c:	00078593          	mv	a1,a5
80400260:	00100513          	li	a0,1
80400264:	070000ef          	jal	804002d4 <sys_send>
80400268:	0000006f          	j	80400268 <exit+0x30>

8040026c <term_write>:
term_write():
8040026c:	dd010113          	addi	sp,sp,-560
80400270:	22112623          	sw	ra,556(sp)
80400274:	22812423          	sw	s0,552(sp)
80400278:	23010413          	addi	s0,sp,560
8040027c:	dca42e23          	sw	a0,-548(s0)
80400280:	dcb42c23          	sw	a1,-552(s0)
80400284:	00100793          	li	a5,1
80400288:	def42423          	sw	a5,-536(s0)
8040028c:	dd842783          	lw	a5,-552(s0)
80400290:	def42623          	sw	a5,-532(s0)
80400294:	de840793          	addi	a5,s0,-536
80400298:	00878793          	addi	a5,a5,8
8040029c:	dd842603          	lw	a2,-552(s0)
804002a0:	ddc42583          	lw	a1,-548(s0)
804002a4:	00078513          	mv	a0,a5
804002a8:	3ac000ef          	jal	80400654 <memcpy>
804002ac:	de840793          	addi	a5,s0,-536
804002b0:	20800613          	li	a2,520
804002b4:	00078593          	mv	a1,a5
804002b8:	00200513          	li	a0,2
804002bc:	018000ef          	jal	804002d4 <sys_send>
804002c0:	00000013          	nop
804002c4:	22c12083          	lw	ra,556(sp)
804002c8:	22812403          	lw	s0,552(sp)
804002cc:	23010113          	addi	sp,sp,560
804002d0:	00008067          	ret

804002d4 <sys_send>:
sys_send():
804002d4:	fe010113          	addi	sp,sp,-32
804002d8:	00112e23          	sw	ra,28(sp)
804002dc:	00812c23          	sw	s0,24(sp)
804002e0:	02010413          	addi	s0,sp,32
804002e4:	fea42623          	sw	a0,-20(s0)
804002e8:	feb42423          	sw	a1,-24(s0)
804002ec:	fec42223          	sw	a2,-28(s0)
804002f0:	804087b7          	lui	a5,0x80408
804002f4:	0307a783          	lw	a5,48(a5) # 80408030 <sc>
804002f8:	00200713          	li	a4,2
804002fc:	00e7a023          	sw	a4,0(a5)
80400300:	804087b7          	lui	a5,0x80408
80400304:	0307a783          	lw	a5,48(a5) # 80408030 <sc>
80400308:	fec42703          	lw	a4,-20(s0)
8040030c:	00e7a423          	sw	a4,8(a5)
80400310:	804087b7          	lui	a5,0x80408
80400314:	0307a783          	lw	a5,48(a5) # 80408030 <sc>
80400318:	00c78793          	addi	a5,a5,12
8040031c:	fe442603          	lw	a2,-28(s0)
80400320:	fe842583          	lw	a1,-24(s0)
80400324:	00078513          	mv	a0,a5
80400328:	32c000ef          	jal	80400654 <memcpy>
8040032c:	00000073          	ecall
80400330:	00000013          	nop
80400334:	01c12083          	lw	ra,28(sp)
80400338:	01812403          	lw	s0,24(sp)
8040033c:	02010113          	addi	sp,sp,32
80400340:	00008067          	ret

80400344 <itoa>:
itoa():
80400344:	ff010113          	addi	sp,sp,-16
80400348:	00812423          	sw	s0,8(sp)
8040034c:	00112623          	sw	ra,12(sp)
80400350:	ffe60713          	addi	a4,a2,-2
80400354:	02200793          	li	a5,34
80400358:	00058413          	mv	s0,a1
8040035c:	04e7e063          	bltu	a5,a4,8040039c <itoa+0x58>
80400360:	00a00793          	li	a5,10
80400364:	02f60063          	beq	a2,a5,80400384 <itoa+0x40>
80400368:	00040593          	mv	a1,s0
8040036c:	048000ef          	jal	804003b4 <__utoa>
80400370:	00c12083          	lw	ra,12(sp)
80400374:	00040513          	mv	a0,s0
80400378:	00812403          	lw	s0,8(sp)
8040037c:	01010113          	addi	sp,sp,16
80400380:	00008067          	ret
80400384:	fe0552e3          	bgez	a0,80400368 <itoa+0x24>
80400388:	02d00793          	li	a5,45
8040038c:	00f58023          	sb	a5,0(a1)
80400390:	40a00533          	neg	a0,a0
80400394:	00158593          	addi	a1,a1,1
80400398:	fd5ff06f          	j	8040036c <itoa+0x28>
8040039c:	00058023          	sb	zero,0(a1)
804003a0:	00c12083          	lw	ra,12(sp)
804003a4:	00812403          	lw	s0,8(sp)
804003a8:	00000513          	li	a0,0
804003ac:	01010113          	addi	sp,sp,16
804003b0:	00008067          	ret

804003b4 <__utoa>:
__utoa():
804003b4:	00008797          	auipc	a5,0x8
804003b8:	c5478793          	addi	a5,a5,-940 # 80408008 <__modsi3+0x76d8>
804003bc:	0007a283          	lw	t0,0(a5)
804003c0:	0047af83          	lw	t6,4(a5)
804003c4:	0087af03          	lw	t5,8(a5)
804003c8:	00c7ae83          	lw	t4,12(a5)
804003cc:	0107ae03          	lw	t3,16(a5)
804003d0:	0147a303          	lw	t1,20(a5)
804003d4:	0187a883          	lw	a7,24(a5)
804003d8:	01c7a803          	lw	a6,28(a5)
804003dc:	0207a683          	lw	a3,32(a5)
804003e0:	00008797          	auipc	a5,0x8
804003e4:	c4c7c783          	lbu	a5,-948(a5) # 8040802c <__modsi3+0x76fc>
804003e8:	fb010113          	addi	sp,sp,-80
804003ec:	03512a23          	sw	s5,52(sp)
804003f0:	02f10623          	sb	a5,44(sp)
804003f4:	04112623          	sw	ra,76(sp)
804003f8:	ffe60713          	addi	a4,a2,-2
804003fc:	00512423          	sw	t0,8(sp)
80400400:	01f12623          	sw	t6,12(sp)
80400404:	01e12823          	sw	t5,16(sp)
80400408:	01d12a23          	sw	t4,20(sp)
8040040c:	01c12c23          	sw	t3,24(sp)
80400410:	00612e23          	sw	t1,28(sp)
80400414:	03112023          	sw	a7,32(sp)
80400418:	03012223          	sw	a6,36(sp)
8040041c:	02d12423          	sw	a3,40(sp)
80400420:	02200793          	li	a5,34
80400424:	00058a93          	mv	s5,a1
80400428:	0ce7e463          	bltu	a5,a4,804004f0 <__utoa+0x13c>
8040042c:	04812423          	sw	s0,72(sp)
80400430:	04912223          	sw	s1,68(sp)
80400434:	05212023          	sw	s2,64(sp)
80400438:	03312e23          	sw	s3,60(sp)
8040043c:	03412c23          	sw	s4,56(sp)
80400440:	03612823          	sw	s6,48(sp)
80400444:	00060493          	mv	s1,a2
80400448:	00050413          	mv	s0,a0
8040044c:	00000913          	li	s2,0
80400450:	00048593          	mv	a1,s1
80400454:	00040513          	mv	a0,s0
80400458:	4a4000ef          	jal	804008fc <__umodsi3>
8040045c:	00250533          	add	a0,a0,sp
80400460:	00854783          	lbu	a5,8(a0)
80400464:	00090993          	mv	s3,s2
80400468:	00190913          	addi	s2,s2,1
8040046c:	012a8a33          	add	s4,s5,s2
80400470:	00040513          	mv	a0,s0
80400474:	00048593          	mv	a1,s1
80400478:	fefa0fa3          	sb	a5,-1(s4)
8040047c:	00040b13          	mv	s6,s0
80400480:	434000ef          	jal	804008b4 <__hidden___udivsi3>
80400484:	00050413          	mv	s0,a0
80400488:	fc9b74e3          	bgeu	s6,s1,80400450 <__utoa+0x9c>
8040048c:	000a0023          	sb	zero,0(s4)
80400490:	02098a63          	beqz	s3,804004c4 <__utoa+0x110>
80400494:	000a8693          	mv	a3,s5
80400498:	013a8733          	add	a4,s5,s3
8040049c:	00000793          	li	a5,0
804004a0:	00074583          	lbu	a1,0(a4)
804004a4:	0006c603          	lbu	a2,0(a3)
804004a8:	00178793          	addi	a5,a5,1
804004ac:	00b68023          	sb	a1,0(a3)
804004b0:	00c70023          	sb	a2,0(a4)
804004b4:	40f98633          	sub	a2,s3,a5
804004b8:	00168693          	addi	a3,a3,1
804004bc:	fff70713          	addi	a4,a4,-1
804004c0:	fec7c0e3          	blt	a5,a2,804004a0 <__utoa+0xec>
804004c4:	04812403          	lw	s0,72(sp)
804004c8:	04c12083          	lw	ra,76(sp)
804004cc:	04412483          	lw	s1,68(sp)
804004d0:	04012903          	lw	s2,64(sp)
804004d4:	03c12983          	lw	s3,60(sp)
804004d8:	03812a03          	lw	s4,56(sp)
804004dc:	03012b03          	lw	s6,48(sp)
804004e0:	000a8513          	mv	a0,s5
804004e4:	03412a83          	lw	s5,52(sp)
804004e8:	05010113          	addi	sp,sp,80
804004ec:	00008067          	ret
804004f0:	00058023          	sb	zero,0(a1)
804004f4:	04c12083          	lw	ra,76(sp)
804004f8:	03412a83          	lw	s5,52(sp)
804004fc:	00000513          	li	a0,0
80400500:	05010113          	addi	sp,sp,80
80400504:	00008067          	ret

80400508 <strcat>:
strcat():
80400508:	ff010113          	addi	sp,sp,-16
8040050c:	00812423          	sw	s0,8(sp)
80400510:	00112623          	sw	ra,12(sp)
80400514:	00357793          	andi	a5,a0,3
80400518:	00050413          	mv	s0,a0
8040051c:	06079663          	bnez	a5,80400588 <strcat+0x80>
80400520:	00052703          	lw	a4,0(a0)
80400524:	feff0637          	lui	a2,0xfeff0
80400528:	eff60613          	addi	a2,a2,-257 # fefefeff <__heap_end+0x7e9efeff>
8040052c:	00c707b3          	add	a5,a4,a2
80400530:	808086b7          	lui	a3,0x80808
80400534:	fff74713          	not	a4,a4
80400538:	00e7f7b3          	and	a5,a5,a4
8040053c:	08068693          	addi	a3,a3,128 # 80808080 <__heap_end+0x208080>
80400540:	00d7f7b3          	and	a5,a5,a3
80400544:	04079263          	bnez	a5,80400588 <strcat+0x80>
80400548:	00452703          	lw	a4,4(a0)
8040054c:	00450513          	addi	a0,a0,4
80400550:	00c707b3          	add	a5,a4,a2
80400554:	fff74713          	not	a4,a4
80400558:	00e7f7b3          	and	a5,a5,a4
8040055c:	00d7f7b3          	and	a5,a5,a3
80400560:	02079463          	bnez	a5,80400588 <strcat+0x80>
80400564:	00452703          	lw	a4,4(a0)
80400568:	00450513          	addi	a0,a0,4
8040056c:	00c707b3          	add	a5,a4,a2
80400570:	fff74713          	not	a4,a4
80400574:	00e7f7b3          	and	a5,a5,a4
80400578:	00d7f7b3          	and	a5,a5,a3
8040057c:	fc0786e3          	beqz	a5,80400548 <strcat+0x40>
80400580:	0080006f          	j	80400588 <strcat+0x80>
80400584:	00150513          	addi	a0,a0,1
80400588:	00054783          	lbu	a5,0(a0)
8040058c:	fe079ce3          	bnez	a5,80400584 <strcat+0x7c>
80400590:	278000ef          	jal	80400808 <strcpy>
80400594:	00c12083          	lw	ra,12(sp)
80400598:	00040513          	mv	a0,s0
8040059c:	00812403          	lw	s0,8(sp)
804005a0:	01010113          	addi	sp,sp,16
804005a4:	00008067          	ret

804005a8 <strncat>:
strncat():
804005a8:	00357713          	andi	a4,a0,3
804005ac:	00050793          	mv	a5,a0
804005b0:	06071663          	bnez	a4,8040061c <strncat+0x74>
804005b4:	00052683          	lw	a3,0(a0)
804005b8:	feff08b7          	lui	a7,0xfeff0
804005bc:	eff88893          	addi	a7,a7,-257 # fefefeff <__heap_end+0x7e9efeff>
804005c0:	01168733          	add	a4,a3,a7
804005c4:	80808837          	lui	a6,0x80808
804005c8:	fff6c693          	not	a3,a3
804005cc:	00d77733          	and	a4,a4,a3
804005d0:	08080813          	addi	a6,a6,128 # 80808080 <__heap_end+0x208080>
804005d4:	01077733          	and	a4,a4,a6
804005d8:	04071263          	bnez	a4,8040061c <strncat+0x74>
804005dc:	0047a683          	lw	a3,4(a5)
804005e0:	00478793          	addi	a5,a5,4
804005e4:	01168733          	add	a4,a3,a7
804005e8:	fff6c693          	not	a3,a3
804005ec:	00d77733          	and	a4,a4,a3
804005f0:	01077733          	and	a4,a4,a6
804005f4:	02071463          	bnez	a4,8040061c <strncat+0x74>
804005f8:	0047a683          	lw	a3,4(a5)
804005fc:	00478793          	addi	a5,a5,4
80400600:	01168733          	add	a4,a3,a7
80400604:	fff6c693          	not	a3,a3
80400608:	00d77733          	and	a4,a4,a3
8040060c:	01077733          	and	a4,a4,a6
80400610:	fc0706e3          	beqz	a4,804005dc <strncat+0x34>
80400614:	0080006f          	j	8040061c <strncat+0x74>
80400618:	00178793          	addi	a5,a5,1
8040061c:	0007c703          	lbu	a4,0(a5)
80400620:	fe071ce3          	bnez	a4,80400618 <strncat+0x70>
80400624:	00c786b3          	add	a3,a5,a2
80400628:	02060463          	beqz	a2,80400650 <strncat+0xa8>
8040062c:	0005c703          	lbu	a4,0(a1)
80400630:	00178793          	addi	a5,a5,1
80400634:	00158593          	addi	a1,a1,1
80400638:	fee78fa3          	sb	a4,-1(a5)
8040063c:	00070863          	beqz	a4,8040064c <strncat+0xa4>
80400640:	fef696e3          	bne	a3,a5,8040062c <strncat+0x84>
80400644:	00068023          	sb	zero,0(a3)
80400648:	00008067          	ret
8040064c:	00008067          	ret
80400650:	00008067          	ret

80400654 <memcpy>:
memcpy():
80400654:	00a5c7b3          	xor	a5,a1,a0
80400658:	0037f793          	andi	a5,a5,3
8040065c:	00c508b3          	add	a7,a0,a2
80400660:	06079663          	bnez	a5,804006cc <memcpy+0x78>
80400664:	00300793          	li	a5,3
80400668:	06c7f263          	bgeu	a5,a2,804006cc <memcpy+0x78>
8040066c:	00357793          	andi	a5,a0,3
80400670:	00050713          	mv	a4,a0
80400674:	0c079a63          	bnez	a5,80400748 <memcpy+0xf4>
80400678:	ffc8f613          	andi	a2,a7,-4
8040067c:	40e606b3          	sub	a3,a2,a4
80400680:	02000793          	li	a5,32
80400684:	06d7c463          	blt	a5,a3,804006ec <memcpy+0x98>
80400688:	00058693          	mv	a3,a1
8040068c:	00070793          	mv	a5,a4
80400690:	02c77a63          	bgeu	a4,a2,804006c4 <memcpy+0x70>
80400694:	0006a803          	lw	a6,0(a3)
80400698:	00478793          	addi	a5,a5,4
8040069c:	00468693          	addi	a3,a3,4
804006a0:	ff07ae23          	sw	a6,-4(a5)
804006a4:	fec7e8e3          	bltu	a5,a2,80400694 <memcpy+0x40>
804006a8:	fff60613          	addi	a2,a2,-1
804006ac:	40e60633          	sub	a2,a2,a4
804006b0:	ffc67613          	andi	a2,a2,-4
804006b4:	00458593          	addi	a1,a1,4
804006b8:	00470713          	addi	a4,a4,4
804006bc:	00c585b3          	add	a1,a1,a2
804006c0:	00c70733          	add	a4,a4,a2
804006c4:	01176863          	bltu	a4,a7,804006d4 <memcpy+0x80>
804006c8:	00008067          	ret
804006cc:	00050713          	mv	a4,a0
804006d0:	ff157ce3          	bgeu	a0,a7,804006c8 <memcpy+0x74>
804006d4:	0005c783          	lbu	a5,0(a1)
804006d8:	00170713          	addi	a4,a4,1
804006dc:	00158593          	addi	a1,a1,1
804006e0:	fef70fa3          	sb	a5,-1(a4)
804006e4:	fee898e3          	bne	a7,a4,804006d4 <memcpy+0x80>
804006e8:	00008067          	ret
804006ec:	0205a683          	lw	a3,32(a1)
804006f0:	0005a383          	lw	t2,0(a1)
804006f4:	0045a283          	lw	t0,4(a1)
804006f8:	0085af83          	lw	t6,8(a1)
804006fc:	00c5af03          	lw	t5,12(a1)
80400700:	0105ae83          	lw	t4,16(a1)
80400704:	0145ae03          	lw	t3,20(a1)
80400708:	0185a303          	lw	t1,24(a1)
8040070c:	01c5a803          	lw	a6,28(a1)
80400710:	02470713          	addi	a4,a4,36
80400714:	fed72e23          	sw	a3,-4(a4)
80400718:	fc772e23          	sw	t2,-36(a4)
8040071c:	40e606b3          	sub	a3,a2,a4
80400720:	fe572023          	sw	t0,-32(a4)
80400724:	fff72223          	sw	t6,-28(a4)
80400728:	ffe72423          	sw	t5,-24(a4)
8040072c:	ffd72623          	sw	t4,-20(a4)
80400730:	ffc72823          	sw	t3,-16(a4)
80400734:	fe672a23          	sw	t1,-12(a4)
80400738:	ff072c23          	sw	a6,-8(a4)
8040073c:	02458593          	addi	a1,a1,36
80400740:	fad7c6e3          	blt	a5,a3,804006ec <memcpy+0x98>
80400744:	f45ff06f          	j	80400688 <memcpy+0x34>
80400748:	0005c683          	lbu	a3,0(a1)
8040074c:	00170713          	addi	a4,a4,1
80400750:	00377793          	andi	a5,a4,3
80400754:	fed70fa3          	sb	a3,-1(a4)
80400758:	00158593          	addi	a1,a1,1
8040075c:	f0078ee3          	beqz	a5,80400678 <memcpy+0x24>
80400760:	0005c683          	lbu	a3,0(a1)
80400764:	00170713          	addi	a4,a4,1
80400768:	00377793          	andi	a5,a4,3
8040076c:	fed70fa3          	sb	a3,-1(a4)
80400770:	00158593          	addi	a1,a1,1
80400774:	fc079ae3          	bnez	a5,80400748 <memcpy+0xf4>
80400778:	f01ff06f          	j	80400678 <memcpy+0x24>

8040077c <strlen>:
strlen():
8040077c:	00357793          	andi	a5,a0,3
80400780:	00050713          	mv	a4,a0
80400784:	04079c63          	bnez	a5,804007dc <strlen+0x60>
80400788:	7f7f86b7          	lui	a3,0x7f7f8
8040078c:	f7f68693          	addi	a3,a3,-129 # 7f7f7f7f <app_entry-0xc08081>
80400790:	fff00593          	li	a1,-1
80400794:	00072603          	lw	a2,0(a4)
80400798:	00470713          	addi	a4,a4,4
8040079c:	00d677b3          	and	a5,a2,a3
804007a0:	00d787b3          	add	a5,a5,a3
804007a4:	00c7e7b3          	or	a5,a5,a2
804007a8:	00d7e7b3          	or	a5,a5,a3
804007ac:	feb784e3          	beq	a5,a1,80400794 <strlen+0x18>
804007b0:	ffc74683          	lbu	a3,-4(a4)
804007b4:	40a707b3          	sub	a5,a4,a0
804007b8:	04068463          	beqz	a3,80400800 <strlen+0x84>
804007bc:	ffd74683          	lbu	a3,-3(a4)
804007c0:	02068c63          	beqz	a3,804007f8 <strlen+0x7c>
804007c4:	ffe74503          	lbu	a0,-2(a4)
804007c8:	00a03533          	snez	a0,a0
804007cc:	00f50533          	add	a0,a0,a5
804007d0:	ffe50513          	addi	a0,a0,-2
804007d4:	00008067          	ret
804007d8:	fa0688e3          	beqz	a3,80400788 <strlen+0xc>
804007dc:	00074783          	lbu	a5,0(a4)
804007e0:	00170713          	addi	a4,a4,1
804007e4:	00377693          	andi	a3,a4,3
804007e8:	fe0798e3          	bnez	a5,804007d8 <strlen+0x5c>
804007ec:	40a70733          	sub	a4,a4,a0
804007f0:	fff70513          	addi	a0,a4,-1
804007f4:	00008067          	ret
804007f8:	ffd78513          	addi	a0,a5,-3
804007fc:	00008067          	ret
80400800:	ffc78513          	addi	a0,a5,-4
80400804:	00008067          	ret

80400808 <strcpy>:
strcpy():
80400808:	00b567b3          	or	a5,a0,a1
8040080c:	0037f793          	andi	a5,a5,3
80400810:	08079063          	bnez	a5,80400890 <strcpy+0x88>
80400814:	0005a703          	lw	a4,0(a1)
80400818:	7f7f86b7          	lui	a3,0x7f7f8
8040081c:	f7f68693          	addi	a3,a3,-129 # 7f7f7f7f <app_entry-0xc08081>
80400820:	00d77833          	and	a6,a4,a3
80400824:	00d80833          	add	a6,a6,a3
80400828:	00e86833          	or	a6,a6,a4
8040082c:	00d86833          	or	a6,a6,a3
80400830:	fff00793          	li	a5,-1
80400834:	00050613          	mv	a2,a0
80400838:	02f81463          	bne	a6,a5,80400860 <strcpy+0x58>
8040083c:	00458593          	addi	a1,a1,4
80400840:	00e62023          	sw	a4,0(a2)
80400844:	0005a703          	lw	a4,0(a1)
80400848:	00460613          	addi	a2,a2,4
8040084c:	00d777b3          	and	a5,a4,a3
80400850:	00d787b3          	add	a5,a5,a3
80400854:	00e7e7b3          	or	a5,a5,a4
80400858:	00d7e7b3          	or	a5,a5,a3
8040085c:	ff0780e3          	beq	a5,a6,8040083c <strcpy+0x34>
80400860:	0005c783          	lbu	a5,0(a1)
80400864:	0015c703          	lbu	a4,1(a1)
80400868:	0025c683          	lbu	a3,2(a1)
8040086c:	00f60023          	sb	a5,0(a2)
80400870:	00078a63          	beqz	a5,80400884 <strcpy+0x7c>
80400874:	00e600a3          	sb	a4,1(a2)
80400878:	00070663          	beqz	a4,80400884 <strcpy+0x7c>
8040087c:	00d60123          	sb	a3,2(a2)
80400880:	00069463          	bnez	a3,80400888 <strcpy+0x80>
80400884:	00008067          	ret
80400888:	000601a3          	sb	zero,3(a2)
8040088c:	00008067          	ret
80400890:	00050793          	mv	a5,a0
80400894:	0005c703          	lbu	a4,0(a1)
80400898:	00178793          	addi	a5,a5,1
8040089c:	00158593          	addi	a1,a1,1
804008a0:	fee78fa3          	sb	a4,-1(a5)
804008a4:	fe0718e3          	bnez	a4,80400894 <strcpy+0x8c>
804008a8:	00008067          	ret

804008ac <__divsi3>:
__divsi3():
804008ac:	06054063          	bltz	a0,8040090c <__umodsi3+0x10>
804008b0:	0605c663          	bltz	a1,8040091c <__umodsi3+0x20>

804008b4 <__hidden___udivsi3>:
804008b4:	00058613          	mv	a2,a1
804008b8:	00050593          	mv	a1,a0
804008bc:	fff00513          	li	a0,-1
804008c0:	02060c63          	beqz	a2,804008f8 <__hidden___udivsi3+0x44>
804008c4:	00100693          	li	a3,1
804008c8:	00b67a63          	bgeu	a2,a1,804008dc <__hidden___udivsi3+0x28>
804008cc:	00c05863          	blez	a2,804008dc <__hidden___udivsi3+0x28>
804008d0:	00161613          	slli	a2,a2,0x1
804008d4:	00169693          	slli	a3,a3,0x1
804008d8:	feb66ae3          	bltu	a2,a1,804008cc <__hidden___udivsi3+0x18>
804008dc:	00000513          	li	a0,0
804008e0:	00c5e663          	bltu	a1,a2,804008ec <__hidden___udivsi3+0x38>
804008e4:	40c585b3          	sub	a1,a1,a2
804008e8:	00d56533          	or	a0,a0,a3
804008ec:	0016d693          	srli	a3,a3,0x1
804008f0:	00165613          	srli	a2,a2,0x1
804008f4:	fe0696e3          	bnez	a3,804008e0 <__hidden___udivsi3+0x2c>
804008f8:	00008067          	ret

804008fc <__umodsi3>:
804008fc:	00008293          	mv	t0,ra
80400900:	fb5ff0ef          	jal	804008b4 <__hidden___udivsi3>
80400904:	00058513          	mv	a0,a1
80400908:	00028067          	jr	t0
8040090c:	40a00533          	neg	a0,a0
80400910:	00b04863          	bgtz	a1,80400920 <__umodsi3+0x24>
80400914:	40b005b3          	neg	a1,a1
80400918:	f9dff06f          	j	804008b4 <__hidden___udivsi3>
8040091c:	40b005b3          	neg	a1,a1
80400920:	00008293          	mv	t0,ra
80400924:	f91ff0ef          	jal	804008b4 <__hidden___udivsi3>
80400928:	40a00533          	neg	a0,a0
8040092c:	00028067          	jr	t0

80400930 <__modsi3>:
__modsi3():
80400930:	00008293          	mv	t0,ra
80400934:	0005ca63          	bltz	a1,80400948 <__modsi3+0x18>
80400938:	00054c63          	bltz	a0,80400950 <__modsi3+0x20>
8040093c:	f79ff0ef          	jal	804008b4 <__hidden___udivsi3>
80400940:	00058513          	mv	a0,a1
80400944:	00028067          	jr	t0
80400948:	40b005b3          	neg	a1,a1
8040094c:	fe0558e3          	bgez	a0,8040093c <__modsi3+0xc>
80400950:	40a00533          	neg	a0,a0
80400954:	f61ff0ef          	jal	804008b4 <__hidden___udivsi3>
80400958:	40b00533          	neg	a0,a1
8040095c:	00028067          	jr	t0
