
build/release/sys_terminal.elf:     file format elf32-littleriscv
build/release/sys_terminal.elf
architecture: riscv:rv32, flags 0x00000112:
EXEC_P, HAS_SYMS, D_PAGED
start address 0x80400000

Program Header:
0x70000003 off    0x0000212c vaddr 0x00000000 paddr 0x00000000 align 2**0
         filesz 0x0000004b memsz 0x00000000 flags r--
    LOAD off    0x00001000 vaddr 0x80400000 paddr 0x80400000 align 2**12
         filesz 0x00000de4 memsz 0x00000de4 flags r-x
    LOAD off    0x00002000 vaddr 0x80408000 paddr 0x80408000 align 2**12
         filesz 0x0000012c memsz 0x0000012c flags rw-

Sections:
Idx Name              Size      VMA       LMA       File off  Algn  Flags
  0 .text             00000de4  80400000  80400000  00001000  2**3  CONTENTS, ALLOC, LOAD, READONLY, CODE
  1 .rodata           00000120  80408000  80408000  00002000  2**3  CONTENTS, ALLOC, LOAD, READONLY, DATA
  2 .data             0000000c  80408120  80408120  00002120  2**3  CONTENTS, ALLOC, LOAD, DATA
  3 .riscv.attributes 0000004b  00000000  00000000  0000212c  2**0  CONTENTS, READONLY
  4 .comment          00000032  00000000  00000000  00002177  2**0  CONTENTS, READONLY
SYMBOL TABLE:
80400000 l    d  .text	00000000 .text
80408000 l    d  .rodata	00000000 .rodata
80408120 l    d  .data	00000000 .data
00000000 l    d  .riscv.attributes	00000000 .riscv.attributes
00000000 l    d  .comment	00000000 .comment
00000000 l    df *ABS*	00000000 ccNFMLNs.o
00000000 l    df *ABS*	00000000 sys_terminal.c
00000000 l    df *ABS*	00000000 print.c
00000000 l    df *ABS*	00000000 servers.c
00000000 l    df *ABS*	00000000 syscall.c
80408128 l     O .data	00000004 sc
00000000 l    df *ABS*	00000000 libc_a-itoa.o
00000000 l    df *ABS*	00000000 libc_a-utoa.o
00000000 l    df *ABS*	00000000 libc_a-strcat.o
00000000 l    df *ABS*	00000000 libc_a-strncat.o
00000000 l    df *ABS*	00000000 libc_a-memcpy.o
00000000 l    df *ABS*	00000000 libc_a-strlen.o
00000000 l    df *ABS*	00000000 libc_a-strcpy.o
00000000 l    df *ABS*	00000000 div.o
80400c8c g     F .text	000000a4 strcpy
80400000 g       .text	00000000 app_entry
80400ad8 g     F .text	00000128 memcpy
80400d38 g     F .text	00000048 .hidden __hidden___udivsi3
80400d38 g     F .text	00000048 .hidden __udivsi3
80408124 g     O .data	00000004 earth
804007c8 g     F .text	00000070 itoa
80400758 g     F .text	00000070 sys_send
8040098c g     F .text	000000a0 strcat
80400d80 g     F .text	00000010 .hidden __umodsi3
8040019c g     F .text	0000014c format_to_str
80408120 g     O .data	00000004 grass
804005a8 g     F .text	0000013c term_read
80400420 g     F .text	00000154 SUCCESS
80400a2c g     F .text	000000ac strncat
80400838 g     F .text	00000154 __utoa
80400010 g     F .text	0000018c main
80400d30 g     F .text	00000084 .hidden __divsi3
80600000 g       *ABS*	00000000 __heap_end
80408130 g       .data	00000000 __heap_start
804006e4 g     F .text	00000074 term_write
80400574 g     F .text	00000034 exit
80400db4 g     F .text	00000030 .hidden __modsi3
804002e8 g     F .text	00000138 FATAL
80400c00 g     F .text	0000008c strlen



Disassembly of section .text:

80400000 <app_entry>:
app_entry():
80400000:	00052503          	lw	a0,0(a0)
80400004:	80800137          	lui	sp,0x80800
80400008:	008000ef          	jal	80400010 <main>
8040000c:	568000ef          	jal	80400574 <exit>

80400010 <main>:
main():
80400010:	be010113          	addi	sp,sp,-1056 # 807ffbe0 <__heap_end+0x1ffbe0>
80400014:	40112e23          	sw	ra,1052(sp)
80400018:	40812c23          	sw	s0,1048(sp)
8040001c:	42010413          	addi	s0,sp,1056
80400020:	804087b7          	lui	a5,0x80408
80400024:	00078513          	mv	a0,a5
80400028:	3f8000ef          	jal	80400420 <SUCCESS>
8040002c:	be840793          	addi	a5,s0,-1048
80400030:	80408737          	lui	a4,0x80408
80400034:	02470713          	addi	a4,a4,36 # 80408024 <__modsi3+0x7270>
80400038:	00072e03          	lw	t3,0(a4)
8040003c:	00472303          	lw	t1,4(a4)
80400040:	00872883          	lw	a7,8(a4)
80400044:	00c72803          	lw	a6,12(a4)
80400048:	01072503          	lw	a0,16(a4)
8040004c:	01472583          	lw	a1,20(a4)
80400050:	01872603          	lw	a2,24(a4)
80400054:	01c72683          	lw	a3,28(a4)
80400058:	02072703          	lw	a4,32(a4)
8040005c:	01c7a023          	sw	t3,0(a5) # 80408000 <__modsi3+0x724c>
80400060:	0067a223          	sw	t1,4(a5)
80400064:	0117a423          	sw	a7,8(a5)
80400068:	0107a623          	sw	a6,12(a5)
8040006c:	00a7a823          	sw	a0,16(a5)
80400070:	00b7aa23          	sw	a1,20(a5)
80400074:	00c7ac23          	sw	a2,24(a5)
80400078:	00d7ae23          	sw	a3,28(a5)
8040007c:	02e7a023          	sw	a4,32(a5)
80400080:	804087b7          	lui	a5,0x80408
80400084:	1207a783          	lw	a5,288(a5) # 80408120 <grass>
80400088:	00c7a783          	lw	a5,12(a5)
8040008c:	be840713          	addi	a4,s0,-1048
80400090:	02400613          	li	a2,36
80400094:	00070593          	mv	a1,a4
80400098:	00100513          	li	a0,1
8040009c:	000780e7          	jalr	a5
804000a0:	be840793          	addi	a5,s0,-1048
804000a4:	fef42623          	sw	a5,-20(s0)
804000a8:	be840793          	addi	a5,s0,-1048
804000ac:	fef42423          	sw	a5,-24(s0)
804000b0:	804087b7          	lui	a5,0x80408
804000b4:	1207a783          	lw	a5,288(a5) # 80408120 <grass>
804000b8:	0107a783          	lw	a5,16(a5)
804000bc:	be440713          	addi	a4,s0,-1052
804000c0:	40000693          	li	a3,1024
804000c4:	fec42603          	lw	a2,-20(s0)
804000c8:	00070593          	mv	a1,a4
804000cc:	fff00513          	li	a0,-1
804000d0:	000780e7          	jalr	a5
804000d4:	fec42783          	lw	a5,-20(s0)
804000d8:	0047a703          	lw	a4,4(a5)
804000dc:	20000793          	li	a5,512
804000e0:	00e7fc63          	bgeu	a5,a4,804000f8 <main+0xe8>
804000e4:	be442783          	lw	a5,-1052(s0)
804000e8:	00078593          	mv	a1,a5
804000ec:	804087b7          	lui	a5,0x80408
804000f0:	04878513          	addi	a0,a5,72 # 80408048 <__modsi3+0x7294>
804000f4:	1f4000ef          	jal	804002e8 <FATAL>
804000f8:	fec42783          	lw	a5,-20(s0)
804000fc:	0007a783          	lw	a5,0(a5)
80400100:	00078863          	beqz	a5,80400110 <main+0x100>
80400104:	00100713          	li	a4,1
80400108:	04e78c63          	beq	a5,a4,80400160 <main+0x150>
8040010c:	0740006f          	j	80400180 <main+0x170>
80400110:	fe842783          	lw	a5,-24(s0)
80400114:	00478713          	addi	a4,a5,4
80400118:	fec42783          	lw	a5,-20(s0)
8040011c:	0047a783          	lw	a5,4(a5)
80400120:	00078593          	mv	a1,a5
80400124:	00070513          	mv	a0,a4
80400128:	480000ef          	jal	804005a8 <term_read>
8040012c:	00050793          	mv	a5,a0
80400130:	00078713          	mv	a4,a5
80400134:	fe842783          	lw	a5,-24(s0)
80400138:	00e7a023          	sw	a4,0(a5)
8040013c:	804087b7          	lui	a5,0x80408
80400140:	1207a783          	lw	a5,288(a5) # 80408120 <grass>
80400144:	00c7a783          	lw	a5,12(a5)
80400148:	be442703          	lw	a4,-1052(s0)
8040014c:	20400613          	li	a2,516
80400150:	fe842583          	lw	a1,-24(s0)
80400154:	00070513          	mv	a0,a4
80400158:	000780e7          	jalr	a5
8040015c:	03c0006f          	j	80400198 <main+0x188>
80400160:	fec42783          	lw	a5,-20(s0)
80400164:	00878713          	addi	a4,a5,8
80400168:	fec42783          	lw	a5,-20(s0)
8040016c:	0047a783          	lw	a5,4(a5)
80400170:	00078593          	mv	a1,a5
80400174:	00070513          	mv	a0,a4
80400178:	56c000ef          	jal	804006e4 <term_write>
8040017c:	01c0006f          	j	80400198 <main+0x188>
80400180:	fec42783          	lw	a5,-20(s0)
80400184:	0007a783          	lw	a5,0(a5)
80400188:	00078593          	mv	a1,a5
8040018c:	804087b7          	lui	a5,0x80408
80400190:	08478513          	addi	a0,a5,132 # 80408084 <__modsi3+0x72d0>
80400194:	154000ef          	jal	804002e8 <FATAL>
80400198:	f09ff06f          	j	804000a0 <main+0x90>

8040019c <format_to_str>:
format_to_str():
8040019c:	fe010113          	addi	sp,sp,-32
804001a0:	00112e23          	sw	ra,28(sp)
804001a4:	00812c23          	sw	s0,24(sp)
804001a8:	00912a23          	sw	s1,20(sp)
804001ac:	02010413          	addi	s0,sp,32
804001b0:	fea42623          	sw	a0,-20(s0)
804001b4:	feb42423          	sw	a1,-24(s0)
804001b8:	fec42223          	sw	a2,-28(s0)
804001bc:	fec42783          	lw	a5,-20(s0)
804001c0:	00078023          	sb	zero,0(a5)
804001c4:	0fc0006f          	j	804002c0 <format_to_str+0x124>
804001c8:	fe842783          	lw	a5,-24(s0)
804001cc:	0007c703          	lbu	a4,0(a5)
804001d0:	02500793          	li	a5,37
804001d4:	00f70c63          	beq	a4,a5,804001ec <format_to_str+0x50>
804001d8:	00100613          	li	a2,1
804001dc:	fe842583          	lw	a1,-24(s0)
804001e0:	fec42503          	lw	a0,-20(s0)
804001e4:	049000ef          	jal	80400a2c <strncat>
804001e8:	0cc0006f          	j	804002b4 <format_to_str+0x118>
804001ec:	fe842783          	lw	a5,-24(s0)
804001f0:	00178793          	addi	a5,a5,1
804001f4:	fef42423          	sw	a5,-24(s0)
804001f8:	fe842783          	lw	a5,-24(s0)
804001fc:	0007c703          	lbu	a4,0(a5)
80400200:	07300793          	li	a5,115
80400204:	02f71263          	bne	a4,a5,80400228 <format_to_str+0x8c>
80400208:	fe442783          	lw	a5,-28(s0)
8040020c:	00478713          	addi	a4,a5,4
80400210:	fee42223          	sw	a4,-28(s0)
80400214:	0007a783          	lw	a5,0(a5)
80400218:	00078593          	mv	a1,a5
8040021c:	fec42503          	lw	a0,-20(s0)
80400220:	76c000ef          	jal	8040098c <strcat>
80400224:	0900006f          	j	804002b4 <format_to_str+0x118>
80400228:	fe842783          	lw	a5,-24(s0)
8040022c:	0007c703          	lbu	a4,0(a5)
80400230:	06400793          	li	a5,100
80400234:	02f71e63          	bne	a4,a5,80400270 <format_to_str+0xd4>
80400238:	fe442783          	lw	a5,-28(s0)
8040023c:	00478713          	addi	a4,a5,4
80400240:	fee42223          	sw	a4,-28(s0)
80400244:	0007a483          	lw	s1,0(a5)
80400248:	fec42503          	lw	a0,-20(s0)
8040024c:	1b5000ef          	jal	80400c00 <strlen>
80400250:	00050713          	mv	a4,a0
80400254:	fec42783          	lw	a5,-20(s0)
80400258:	00e787b3          	add	a5,a5,a4
8040025c:	00a00613          	li	a2,10
80400260:	00078593          	mv	a1,a5
80400264:	00048513          	mv	a0,s1
80400268:	560000ef          	jal	804007c8 <itoa>
8040026c:	0480006f          	j	804002b4 <format_to_str+0x118>
80400270:	fe842783          	lw	a5,-24(s0)
80400274:	0007c703          	lbu	a4,0(a5)
80400278:	07800793          	li	a5,120
8040027c:	02f71c63          	bne	a4,a5,804002b4 <format_to_str+0x118>
80400280:	fe442783          	lw	a5,-28(s0)
80400284:	00478713          	addi	a4,a5,4
80400288:	fee42223          	sw	a4,-28(s0)
8040028c:	0007a483          	lw	s1,0(a5)
80400290:	fec42503          	lw	a0,-20(s0)
80400294:	16d000ef          	jal	80400c00 <strlen>
80400298:	00050713          	mv	a4,a0
8040029c:	fec42783          	lw	a5,-20(s0)
804002a0:	00e787b3          	add	a5,a5,a4
804002a4:	01000613          	li	a2,16
804002a8:	00078593          	mv	a1,a5
804002ac:	00048513          	mv	a0,s1
804002b0:	518000ef          	jal	804007c8 <itoa>
804002b4:	fe842783          	lw	a5,-24(s0)
804002b8:	00178793          	addi	a5,a5,1
804002bc:	fef42423          	sw	a5,-24(s0)
804002c0:	fe842783          	lw	a5,-24(s0)
804002c4:	0007c783          	lbu	a5,0(a5)
804002c8:	f00790e3          	bnez	a5,804001c8 <format_to_str+0x2c>
804002cc:	00000013          	nop
804002d0:	00000013          	nop
804002d4:	01c12083          	lw	ra,28(sp)
804002d8:	01812403          	lw	s0,24(sp)
804002dc:	01412483          	lw	s1,20(sp)
804002e0:	02010113          	addi	sp,sp,32
804002e4:	00008067          	ret

804002e8 <FATAL>:
FATAL():
804002e8:	db010113          	addi	sp,sp,-592
804002ec:	22112623          	sw	ra,556(sp)
804002f0:	22812423          	sw	s0,552(sp)
804002f4:	23010413          	addi	s0,sp,560
804002f8:	dca42e23          	sw	a0,-548(s0)
804002fc:	00b42223          	sw	a1,4(s0)
80400300:	00c42423          	sw	a2,8(s0)
80400304:	00d42623          	sw	a3,12(s0)
80400308:	00e42823          	sw	a4,16(s0)
8040030c:	00f42a23          	sw	a5,20(s0)
80400310:	01042c23          	sw	a6,24(s0)
80400314:	01142e23          	sw	a7,28(s0)
80400318:	df040793          	addi	a5,s0,-528
8040031c:	80408737          	lui	a4,0x80408
80400320:	0a870713          	addi	a4,a4,168 # 804080a8 <__modsi3+0x72f4>
80400324:	00072583          	lw	a1,0(a4)
80400328:	00472603          	lw	a2,4(a4)
8040032c:	00872683          	lw	a3,8(a4)
80400330:	00c72703          	lw	a4,12(a4)
80400334:	00b7a023          	sw	a1,0(a5)
80400338:	00c7a223          	sw	a2,4(a5)
8040033c:	00d7a423          	sw	a3,8(a5)
80400340:	00e7a623          	sw	a4,12(a5)
80400344:	02040793          	addi	a5,s0,32
80400348:	dcf42c23          	sw	a5,-552(s0)
8040034c:	dd842783          	lw	a5,-552(s0)
80400350:	fe478793          	addi	a5,a5,-28
80400354:	def42623          	sw	a5,-532(s0)
80400358:	df040793          	addi	a5,s0,-528
8040035c:	00f78793          	addi	a5,a5,15
80400360:	dec42703          	lw	a4,-532(s0)
80400364:	00070613          	mv	a2,a4
80400368:	ddc42583          	lw	a1,-548(s0)
8040036c:	00078513          	mv	a0,a5
80400370:	e2dff0ef          	jal	8040019c <format_to_str>
80400374:	df040793          	addi	a5,s0,-528
80400378:	00078513          	mv	a0,a5
8040037c:	085000ef          	jal	80400c00 <strlen>
80400380:	00050793          	mv	a5,a0
80400384:	00078713          	mv	a4,a5
80400388:	df040793          	addi	a5,s0,-528
8040038c:	00e787b3          	add	a5,a5,a4
80400390:	80408737          	lui	a4,0x80408
80400394:	0b870713          	addi	a4,a4,184 # 804080b8 <__modsi3+0x7304>
80400398:	00074683          	lbu	a3,0(a4)
8040039c:	00068e13          	mv	t3,a3
804003a0:	00174683          	lbu	a3,1(a4)
804003a4:	00068313          	mv	t1,a3
804003a8:	00274683          	lbu	a3,2(a4)
804003ac:	00068893          	mv	a7,a3
804003b0:	00374683          	lbu	a3,3(a4)
804003b4:	00068813          	mv	a6,a3
804003b8:	00474683          	lbu	a3,4(a4)
804003bc:	00068513          	mv	a0,a3
804003c0:	00574683          	lbu	a3,5(a4)
804003c4:	00068593          	mv	a1,a3
804003c8:	00674683          	lbu	a3,6(a4)
804003cc:	00068613          	mv	a2,a3
804003d0:	00774683          	lbu	a3,7(a4)
804003d4:	00874703          	lbu	a4,8(a4)
804003d8:	01c78023          	sb	t3,0(a5)
804003dc:	006780a3          	sb	t1,1(a5)
804003e0:	01178123          	sb	a7,2(a5)
804003e4:	010781a3          	sb	a6,3(a5)
804003e8:	00a78223          	sb	a0,4(a5)
804003ec:	00b782a3          	sb	a1,5(a5)
804003f0:	00c78323          	sb	a2,6(a5)
804003f4:	00d783a3          	sb	a3,7(a5)
804003f8:	00e78423          	sb	a4,8(a5)
804003fc:	df040793          	addi	a5,s0,-528
80400400:	00078513          	mv	a0,a5
80400404:	7fc000ef          	jal	80400c00 <strlen>
80400408:	00050713          	mv	a4,a0
8040040c:	df040793          	addi	a5,s0,-528
80400410:	00070593          	mv	a1,a4
80400414:	00078513          	mv	a0,a5
80400418:	2cc000ef          	jal	804006e4 <term_write>
8040041c:	0000006f          	j	8040041c <FATAL+0x134>

80400420 <SUCCESS>:
SUCCESS():
80400420:	db010113          	addi	sp,sp,-592
80400424:	22112623          	sw	ra,556(sp)
80400428:	22812423          	sw	s0,552(sp)
8040042c:	23010413          	addi	s0,sp,560
80400430:	dca42e23          	sw	a0,-548(s0)
80400434:	00b42223          	sw	a1,4(s0)
80400438:	00c42423          	sw	a2,8(s0)
8040043c:	00d42623          	sw	a3,12(s0)
80400440:	00e42823          	sw	a4,16(s0)
80400444:	00f42a23          	sw	a5,20(s0)
80400448:	01042c23          	sw	a6,24(s0)
8040044c:	01142e23          	sw	a7,28(s0)
80400450:	df040793          	addi	a5,s0,-528
80400454:	80408737          	lui	a4,0x80408
80400458:	0c470713          	addi	a4,a4,196 # 804080c4 <__modsi3+0x7310>
8040045c:	00072503          	lw	a0,0(a4)
80400460:	00472583          	lw	a1,4(a4)
80400464:	00872603          	lw	a2,8(a4)
80400468:	00c72683          	lw	a3,12(a4)
8040046c:	00a7a023          	sw	a0,0(a5)
80400470:	00b7a223          	sw	a1,4(a5)
80400474:	00c7a423          	sw	a2,8(a5)
80400478:	00d7a623          	sw	a3,12(a5)
8040047c:	01075703          	lhu	a4,16(a4)
80400480:	00e79823          	sh	a4,16(a5)
80400484:	02040793          	addi	a5,s0,32
80400488:	dcf42c23          	sw	a5,-552(s0)
8040048c:	dd842783          	lw	a5,-552(s0)
80400490:	fe478793          	addi	a5,a5,-28
80400494:	def42623          	sw	a5,-532(s0)
80400498:	df040793          	addi	a5,s0,-528
8040049c:	01178793          	addi	a5,a5,17
804004a0:	dec42703          	lw	a4,-532(s0)
804004a4:	00070613          	mv	a2,a4
804004a8:	ddc42583          	lw	a1,-548(s0)
804004ac:	00078513          	mv	a0,a5
804004b0:	cedff0ef          	jal	8040019c <format_to_str>
804004b4:	df040793          	addi	a5,s0,-528
804004b8:	00078513          	mv	a0,a5
804004bc:	744000ef          	jal	80400c00 <strlen>
804004c0:	00050793          	mv	a5,a0
804004c4:	00078713          	mv	a4,a5
804004c8:	df040793          	addi	a5,s0,-528
804004cc:	00e787b3          	add	a5,a5,a4
804004d0:	80408737          	lui	a4,0x80408
804004d4:	0b870713          	addi	a4,a4,184 # 804080b8 <__modsi3+0x7304>
804004d8:	00074683          	lbu	a3,0(a4)
804004dc:	00068e13          	mv	t3,a3
804004e0:	00174683          	lbu	a3,1(a4)
804004e4:	00068313          	mv	t1,a3
804004e8:	00274683          	lbu	a3,2(a4)
804004ec:	00068893          	mv	a7,a3
804004f0:	00374683          	lbu	a3,3(a4)
804004f4:	00068813          	mv	a6,a3
804004f8:	00474683          	lbu	a3,4(a4)
804004fc:	00068513          	mv	a0,a3
80400500:	00574683          	lbu	a3,5(a4)
80400504:	00068593          	mv	a1,a3
80400508:	00674683          	lbu	a3,6(a4)
8040050c:	00068613          	mv	a2,a3
80400510:	00774683          	lbu	a3,7(a4)
80400514:	00874703          	lbu	a4,8(a4)
80400518:	01c78023          	sb	t3,0(a5)
8040051c:	006780a3          	sb	t1,1(a5)
80400520:	01178123          	sb	a7,2(a5)
80400524:	010781a3          	sb	a6,3(a5)
80400528:	00a78223          	sb	a0,4(a5)
8040052c:	00b782a3          	sb	a1,5(a5)
80400530:	00c78323          	sb	a2,6(a5)
80400534:	00d783a3          	sb	a3,7(a5)
80400538:	00e78423          	sb	a4,8(a5)
8040053c:	df040793          	addi	a5,s0,-528
80400540:	00078513          	mv	a0,a5
80400544:	6bc000ef          	jal	80400c00 <strlen>
80400548:	00050713          	mv	a4,a0
8040054c:	df040793          	addi	a5,s0,-528
80400550:	00070593          	mv	a1,a4
80400554:	00078513          	mv	a0,a5
80400558:	18c000ef          	jal	804006e4 <term_write>
8040055c:	00000013          	nop
80400560:	00078513          	mv	a0,a5
80400564:	22c12083          	lw	ra,556(sp)
80400568:	22812403          	lw	s0,552(sp)
8040056c:	25010113          	addi	sp,sp,592
80400570:	00008067          	ret

80400574 <exit>:
exit():
80400574:	dd010113          	addi	sp,sp,-560
80400578:	22112623          	sw	ra,556(sp)
8040057c:	22812423          	sw	s0,552(sp)
80400580:	23010413          	addi	s0,sp,560
80400584:	dca42e23          	sw	a0,-548(s0)
80400588:	00100793          	li	a5,1
8040058c:	def42423          	sw	a5,-536(s0)
80400590:	de840793          	addi	a5,s0,-536
80400594:	20800613          	li	a2,520
80400598:	00078593          	mv	a1,a5
8040059c:	00100513          	li	a0,1
804005a0:	1b8000ef          	jal	80400758 <sys_send>
804005a4:	0000006f          	j	804005a4 <exit+0x30>

804005a8 <term_read>:
term_read():
804005a8:	fd010113          	addi	sp,sp,-48
804005ac:	02112623          	sw	ra,44(sp)
804005b0:	02812423          	sw	s0,40(sp)
804005b4:	03010413          	addi	s0,sp,48
804005b8:	fca42e23          	sw	a0,-36(s0)
804005bc:	fcb42c23          	sw	a1,-40(s0)
804005c0:	fe042623          	sw	zero,-20(s0)
804005c4:	0e40006f          	j	804006a8 <term_read+0x100>
804005c8:	804087b7          	lui	a5,0x80408
804005cc:	1247a783          	lw	a5,292(a5) # 80408124 <earth>
804005d0:	01c7a783          	lw	a5,28(a5)
804005d4:	feb40713          	addi	a4,s0,-21
804005d8:	00070513          	mv	a0,a4
804005dc:	000780e7          	jalr	a5
804005e0:	fec42783          	lw	a5,-20(s0)
804005e4:	fdc42703          	lw	a4,-36(s0)
804005e8:	00f707b3          	add	a5,a4,a5
804005ec:	feb44703          	lbu	a4,-21(s0)
804005f0:	00e78023          	sb	a4,0(a5)
804005f4:	feb44783          	lbu	a5,-21(s0)
804005f8:	00d00713          	li	a4,13
804005fc:	00e78863          	beq	a5,a4,8040060c <term_read+0x64>
80400600:	07f00713          	li	a4,127
80400604:	04e78263          	beq	a5,a4,80400648 <term_read+0xa0>
80400608:	07c0006f          	j	80400684 <term_read+0xdc>
8040060c:	fec42783          	lw	a5,-20(s0)
80400610:	fdc42703          	lw	a4,-36(s0)
80400614:	00f707b3          	add	a5,a4,a5
80400618:	00078023          	sb	zero,0(a5)
8040061c:	00200593          	li	a1,2
80400620:	804087b7          	lui	a5,0x80408
80400624:	0ec78513          	addi	a0,a5,236 # 804080ec <__modsi3+0x7338>
80400628:	0bc000ef          	jal	804006e4 <term_write>
8040062c:	fec42783          	lw	a5,-20(s0)
80400630:	00078863          	beqz	a5,80400640 <term_read+0x98>
80400634:	fec42783          	lw	a5,-20(s0)
80400638:	00178793          	addi	a5,a5,1
8040063c:	0940006f          	j	804006d0 <term_read+0x128>
80400640:	00000793          	li	a5,0
80400644:	08c0006f          	j	804006d0 <term_read+0x128>
80400648:	fe0405a3          	sb	zero,-21(s0)
8040064c:	fec42783          	lw	a5,-20(s0)
80400650:	00078a63          	beqz	a5,80400664 <term_read+0xbc>
80400654:	00300593          	li	a1,3
80400658:	804087b7          	lui	a5,0x80408
8040065c:	0f078513          	addi	a0,a5,240 # 804080f0 <__modsi3+0x733c>
80400660:	084000ef          	jal	804006e4 <term_write>
80400664:	fec42783          	lw	a5,-20(s0)
80400668:	00078863          	beqz	a5,80400678 <term_read+0xd0>
8040066c:	fec42783          	lw	a5,-20(s0)
80400670:	ffe78793          	addi	a5,a5,-2
80400674:	00c0006f          	j	80400680 <term_read+0xd8>
80400678:	fec42783          	lw	a5,-20(s0)
8040067c:	fff78793          	addi	a5,a5,-1
80400680:	fef42623          	sw	a5,-20(s0)
80400684:	feb44783          	lbu	a5,-21(s0)
80400688:	00078a63          	beqz	a5,8040069c <term_read+0xf4>
8040068c:	feb40793          	addi	a5,s0,-21
80400690:	00100593          	li	a1,1
80400694:	00078513          	mv	a0,a5
80400698:	04c000ef          	jal	804006e4 <term_write>
8040069c:	fec42783          	lw	a5,-20(s0)
804006a0:	00178793          	addi	a5,a5,1
804006a4:	fef42623          	sw	a5,-20(s0)
804006a8:	fd842783          	lw	a5,-40(s0)
804006ac:	fff78713          	addi	a4,a5,-1
804006b0:	fec42783          	lw	a5,-20(s0)
804006b4:	f0e7eae3          	bltu	a5,a4,804005c8 <term_read+0x20>
804006b8:	fd842783          	lw	a5,-40(s0)
804006bc:	fff78793          	addi	a5,a5,-1
804006c0:	fdc42703          	lw	a4,-36(s0)
804006c4:	00f707b3          	add	a5,a4,a5
804006c8:	00078023          	sb	zero,0(a5)
804006cc:	fd842783          	lw	a5,-40(s0)
804006d0:	00078513          	mv	a0,a5
804006d4:	02c12083          	lw	ra,44(sp)
804006d8:	02812403          	lw	s0,40(sp)
804006dc:	03010113          	addi	sp,sp,48
804006e0:	00008067          	ret

804006e4 <term_write>:
term_write():
804006e4:	fd010113          	addi	sp,sp,-48
804006e8:	02112623          	sw	ra,44(sp)
804006ec:	02812423          	sw	s0,40(sp)
804006f0:	03010413          	addi	s0,sp,48
804006f4:	fca42e23          	sw	a0,-36(s0)
804006f8:	fcb42c23          	sw	a1,-40(s0)
804006fc:	fe042623          	sw	zero,-20(s0)
80400700:	0340006f          	j	80400734 <term_write+0x50>
80400704:	804087b7          	lui	a5,0x80408
80400708:	1247a783          	lw	a5,292(a5) # 80408124 <earth>
8040070c:	0207a783          	lw	a5,32(a5)
80400710:	fdc42683          	lw	a3,-36(s0)
80400714:	fec42703          	lw	a4,-20(s0)
80400718:	00e68733          	add	a4,a3,a4
8040071c:	00074703          	lbu	a4,0(a4)
80400720:	00070513          	mv	a0,a4
80400724:	000780e7          	jalr	a5
80400728:	fec42783          	lw	a5,-20(s0)
8040072c:	00178793          	addi	a5,a5,1
80400730:	fef42623          	sw	a5,-20(s0)
80400734:	fec42703          	lw	a4,-20(s0)
80400738:	fd842783          	lw	a5,-40(s0)
8040073c:	fcf764e3          	bltu	a4,a5,80400704 <term_write+0x20>
80400740:	00000013          	nop
80400744:	00000013          	nop
80400748:	02c12083          	lw	ra,44(sp)
8040074c:	02812403          	lw	s0,40(sp)
80400750:	03010113          	addi	sp,sp,48
80400754:	00008067          	ret

80400758 <sys_send>:
sys_send():
80400758:	fe010113          	addi	sp,sp,-32
8040075c:	00112e23          	sw	ra,28(sp)
80400760:	00812c23          	sw	s0,24(sp)
80400764:	02010413          	addi	s0,sp,32
80400768:	fea42623          	sw	a0,-20(s0)
8040076c:	feb42423          	sw	a1,-24(s0)
80400770:	fec42223          	sw	a2,-28(s0)
80400774:	804087b7          	lui	a5,0x80408
80400778:	1287a783          	lw	a5,296(a5) # 80408128 <sc>
8040077c:	00200713          	li	a4,2
80400780:	00e7a023          	sw	a4,0(a5)
80400784:	804087b7          	lui	a5,0x80408
80400788:	1287a783          	lw	a5,296(a5) # 80408128 <sc>
8040078c:	fec42703          	lw	a4,-20(s0)
80400790:	00e7a423          	sw	a4,8(a5)
80400794:	804087b7          	lui	a5,0x80408
80400798:	1287a783          	lw	a5,296(a5) # 80408128 <sc>
8040079c:	00c78793          	addi	a5,a5,12
804007a0:	fe442603          	lw	a2,-28(s0)
804007a4:	fe842583          	lw	a1,-24(s0)
804007a8:	00078513          	mv	a0,a5
804007ac:	32c000ef          	jal	80400ad8 <memcpy>
804007b0:	00000073          	ecall
804007b4:	00000013          	nop
804007b8:	01c12083          	lw	ra,28(sp)
804007bc:	01812403          	lw	s0,24(sp)
804007c0:	02010113          	addi	sp,sp,32
804007c4:	00008067          	ret

804007c8 <itoa>:
itoa():
804007c8:	ff010113          	addi	sp,sp,-16
804007cc:	00812423          	sw	s0,8(sp)
804007d0:	00112623          	sw	ra,12(sp)
804007d4:	ffe60713          	addi	a4,a2,-2
804007d8:	02200793          	li	a5,34
804007dc:	00058413          	mv	s0,a1
804007e0:	04e7e063          	bltu	a5,a4,80400820 <itoa+0x58>
804007e4:	00a00793          	li	a5,10
804007e8:	02f60063          	beq	a2,a5,80400808 <itoa+0x40>
804007ec:	00040593          	mv	a1,s0
804007f0:	048000ef          	jal	80400838 <__utoa>
804007f4:	00c12083          	lw	ra,12(sp)
804007f8:	00040513          	mv	a0,s0
804007fc:	00812403          	lw	s0,8(sp)
80400800:	01010113          	addi	sp,sp,16
80400804:	00008067          	ret
80400808:	fe0552e3          	bgez	a0,804007ec <itoa+0x24>
8040080c:	02d00793          	li	a5,45
80400810:	00f58023          	sb	a5,0(a1)
80400814:	40a00533          	neg	a0,a0
80400818:	00158593          	addi	a1,a1,1
8040081c:	fd5ff06f          	j	804007f0 <itoa+0x28>
80400820:	00058023          	sb	zero,0(a1)
80400824:	00c12083          	lw	ra,12(sp)
80400828:	00812403          	lw	s0,8(sp)
8040082c:	00000513          	li	a0,0
80400830:	01010113          	addi	sp,sp,16
80400834:	00008067          	ret

80400838 <__utoa>:
__utoa():
80400838:	00008797          	auipc	a5,0x8
8040083c:	8bc78793          	addi	a5,a5,-1860 # 804080f4 <__modsi3+0x7340>
80400840:	0007a283          	lw	t0,0(a5)
80400844:	0047af83          	lw	t6,4(a5)
80400848:	0087af03          	lw	t5,8(a5)
8040084c:	00c7ae83          	lw	t4,12(a5)
80400850:	0107ae03          	lw	t3,16(a5)
80400854:	0147a303          	lw	t1,20(a5)
80400858:	0187a883          	lw	a7,24(a5)
8040085c:	01c7a803          	lw	a6,28(a5)
80400860:	0207a683          	lw	a3,32(a5)
80400864:	00008797          	auipc	a5,0x8
80400868:	8b47c783          	lbu	a5,-1868(a5) # 80408118 <__modsi3+0x7364>
8040086c:	fb010113          	addi	sp,sp,-80
80400870:	03512a23          	sw	s5,52(sp)
80400874:	02f10623          	sb	a5,44(sp)
80400878:	04112623          	sw	ra,76(sp)
8040087c:	ffe60713          	addi	a4,a2,-2
80400880:	00512423          	sw	t0,8(sp)
80400884:	01f12623          	sw	t6,12(sp)
80400888:	01e12823          	sw	t5,16(sp)
8040088c:	01d12a23          	sw	t4,20(sp)
80400890:	01c12c23          	sw	t3,24(sp)
80400894:	00612e23          	sw	t1,28(sp)
80400898:	03112023          	sw	a7,32(sp)
8040089c:	03012223          	sw	a6,36(sp)
804008a0:	02d12423          	sw	a3,40(sp)
804008a4:	02200793          	li	a5,34
804008a8:	00058a93          	mv	s5,a1
804008ac:	0ce7e463          	bltu	a5,a4,80400974 <__utoa+0x13c>
804008b0:	04812423          	sw	s0,72(sp)
804008b4:	04912223          	sw	s1,68(sp)
804008b8:	05212023          	sw	s2,64(sp)
804008bc:	03312e23          	sw	s3,60(sp)
804008c0:	03412c23          	sw	s4,56(sp)
804008c4:	03612823          	sw	s6,48(sp)
804008c8:	00060493          	mv	s1,a2
804008cc:	00050413          	mv	s0,a0
804008d0:	00000913          	li	s2,0
804008d4:	00048593          	mv	a1,s1
804008d8:	00040513          	mv	a0,s0
804008dc:	4a4000ef          	jal	80400d80 <__umodsi3>
804008e0:	00250533          	add	a0,a0,sp
804008e4:	00854783          	lbu	a5,8(a0)
804008e8:	00090993          	mv	s3,s2
804008ec:	00190913          	addi	s2,s2,1
804008f0:	012a8a33          	add	s4,s5,s2
804008f4:	00040513          	mv	a0,s0
804008f8:	00048593          	mv	a1,s1
804008fc:	fefa0fa3          	sb	a5,-1(s4)
80400900:	00040b13          	mv	s6,s0
80400904:	434000ef          	jal	80400d38 <__hidden___udivsi3>
80400908:	00050413          	mv	s0,a0
8040090c:	fc9b74e3          	bgeu	s6,s1,804008d4 <__utoa+0x9c>
80400910:	000a0023          	sb	zero,0(s4)
80400914:	02098a63          	beqz	s3,80400948 <__utoa+0x110>
80400918:	000a8693          	mv	a3,s5
8040091c:	013a8733          	add	a4,s5,s3
80400920:	00000793          	li	a5,0
80400924:	00074583          	lbu	a1,0(a4)
80400928:	0006c603          	lbu	a2,0(a3)
8040092c:	00178793          	addi	a5,a5,1
80400930:	00b68023          	sb	a1,0(a3)
80400934:	00c70023          	sb	a2,0(a4)
80400938:	40f98633          	sub	a2,s3,a5
8040093c:	00168693          	addi	a3,a3,1
80400940:	fff70713          	addi	a4,a4,-1
80400944:	fec7c0e3          	blt	a5,a2,80400924 <__utoa+0xec>
80400948:	04812403          	lw	s0,72(sp)
8040094c:	04c12083          	lw	ra,76(sp)
80400950:	04412483          	lw	s1,68(sp)
80400954:	04012903          	lw	s2,64(sp)
80400958:	03c12983          	lw	s3,60(sp)
8040095c:	03812a03          	lw	s4,56(sp)
80400960:	03012b03          	lw	s6,48(sp)
80400964:	000a8513          	mv	a0,s5
80400968:	03412a83          	lw	s5,52(sp)
8040096c:	05010113          	addi	sp,sp,80
80400970:	00008067          	ret
80400974:	00058023          	sb	zero,0(a1)
80400978:	04c12083          	lw	ra,76(sp)
8040097c:	03412a83          	lw	s5,52(sp)
80400980:	00000513          	li	a0,0
80400984:	05010113          	addi	sp,sp,80
80400988:	00008067          	ret

8040098c <strcat>:
strcat():
8040098c:	ff010113          	addi	sp,sp,-16
80400990:	00812423          	sw	s0,8(sp)
80400994:	00112623          	sw	ra,12(sp)
80400998:	00357793          	andi	a5,a0,3
8040099c:	00050413          	mv	s0,a0
804009a0:	06079663          	bnez	a5,80400a0c <strcat+0x80>
804009a4:	00052703          	lw	a4,0(a0)
804009a8:	feff0637          	lui	a2,0xfeff0
804009ac:	eff60613          	addi	a2,a2,-257 # fefefeff <__heap_end+0x7e9efeff>
804009b0:	00c707b3          	add	a5,a4,a2
804009b4:	808086b7          	lui	a3,0x80808
804009b8:	fff74713          	not	a4,a4
804009bc:	00e7f7b3          	and	a5,a5,a4
804009c0:	08068693          	addi	a3,a3,128 # 80808080 <__heap_end+0x208080>
804009c4:	00d7f7b3          	and	a5,a5,a3
804009c8:	04079263          	bnez	a5,80400a0c <strcat+0x80>
804009cc:	00452703          	lw	a4,4(a0)
804009d0:	00450513          	addi	a0,a0,4
804009d4:	00c707b3          	add	a5,a4,a2
804009d8:	fff74713          	not	a4,a4
804009dc:	00e7f7b3          	and	a5,a5,a4
804009e0:	00d7f7b3          	and	a5,a5,a3
804009e4:	02079463          	bnez	a5,80400a0c <strcat+0x80>
804009e8:	00452703          	lw	a4,4(a0)
804009ec:	00450513          	addi	a0,a0,4
804009f0:	00c707b3          	add	a5,a4,a2
804009f4:	fff74713          	not	a4,a4
804009f8:	00e7f7b3          	and	a5,a5,a4
804009fc:	00d7f7b3          	and	a5,a5,a3
80400a00:	fc0786e3          	beqz	a5,804009cc <strcat+0x40>
80400a04:	0080006f          	j	80400a0c <strcat+0x80>
80400a08:	00150513          	addi	a0,a0,1
80400a0c:	00054783          	lbu	a5,0(a0)
80400a10:	fe079ce3          	bnez	a5,80400a08 <strcat+0x7c>
80400a14:	278000ef          	jal	80400c8c <strcpy>
80400a18:	00c12083          	lw	ra,12(sp)
80400a1c:	00040513          	mv	a0,s0
80400a20:	00812403          	lw	s0,8(sp)
80400a24:	01010113          	addi	sp,sp,16
80400a28:	00008067          	ret

80400a2c <strncat>:
strncat():
80400a2c:	00357713          	andi	a4,a0,3
80400a30:	00050793          	mv	a5,a0
80400a34:	06071663          	bnez	a4,80400aa0 <strncat+0x74>
80400a38:	00052683          	lw	a3,0(a0)
80400a3c:	feff08b7          	lui	a7,0xfeff0
80400a40:	eff88893          	addi	a7,a7,-257 # fefefeff <__heap_end+0x7e9efeff>
80400a44:	01168733          	add	a4,a3,a7
80400a48:	80808837          	lui	a6,0x80808
80400a4c:	fff6c693          	not	a3,a3
80400a50:	00d77733          	and	a4,a4,a3
80400a54:	08080813          	addi	a6,a6,128 # 80808080 <__heap_end+0x208080>
80400a58:	01077733          	and	a4,a4,a6
80400a5c:	04071263          	bnez	a4,80400aa0 <strncat+0x74>
80400a60:	0047a683          	lw	a3,4(a5)
80400a64:	00478793          	addi	a5,a5,4
80400a68:	01168733          	add	a4,a3,a7
80400a6c:	fff6c693          	not	a3,a3
80400a70:	00d77733          	and	a4,a4,a3
80400a74:	01077733          	and	a4,a4,a6
80400a78:	02071463          	bnez	a4,80400aa0 <strncat+0x74>
80400a7c:	0047a683          	lw	a3,4(a5)
80400a80:	00478793          	addi	a5,a5,4
80400a84:	01168733          	add	a4,a3,a7
80400a88:	fff6c693          	not	a3,a3
80400a8c:	00d77733          	and	a4,a4,a3
80400a90:	01077733          	and	a4,a4,a6
80400a94:	fc0706e3          	beqz	a4,80400a60 <strncat+0x34>
80400a98:	0080006f          	j	80400aa0 <strncat+0x74>
80400a9c:	00178793          	addi	a5,a5,1
80400aa0:	0007c703          	lbu	a4,0(a5)
80400aa4:	fe071ce3          	bnez	a4,80400a9c <strncat+0x70>
80400aa8:	00c786b3          	add	a3,a5,a2
80400aac:	02060463          	beqz	a2,80400ad4 <strncat+0xa8>
80400ab0:	0005c703          	lbu	a4,0(a1)
80400ab4:	00178793          	addi	a5,a5,1
80400ab8:	00158593          	addi	a1,a1,1
80400abc:	fee78fa3          	sb	a4,-1(a5)
80400ac0:	00070863          	beqz	a4,80400ad0 <strncat+0xa4>
80400ac4:	fef696e3          	bne	a3,a5,80400ab0 <strncat+0x84>
80400ac8:	00068023          	sb	zero,0(a3)
80400acc:	00008067          	ret
80400ad0:	00008067          	ret
80400ad4:	00008067          	ret

80400ad8 <memcpy>:
memcpy():
80400ad8:	00a5c7b3          	xor	a5,a1,a0
80400adc:	0037f793          	andi	a5,a5,3
80400ae0:	00c508b3          	add	a7,a0,a2
80400ae4:	06079663          	bnez	a5,80400b50 <memcpy+0x78>
80400ae8:	00300793          	li	a5,3
80400aec:	06c7f263          	bgeu	a5,a2,80400b50 <memcpy+0x78>
80400af0:	00357793          	andi	a5,a0,3
80400af4:	00050713          	mv	a4,a0
80400af8:	0c079a63          	bnez	a5,80400bcc <memcpy+0xf4>
80400afc:	ffc8f613          	andi	a2,a7,-4
80400b00:	40e606b3          	sub	a3,a2,a4
80400b04:	02000793          	li	a5,32
80400b08:	06d7c463          	blt	a5,a3,80400b70 <memcpy+0x98>
80400b0c:	00058693          	mv	a3,a1
80400b10:	00070793          	mv	a5,a4
80400b14:	02c77a63          	bgeu	a4,a2,80400b48 <memcpy+0x70>
80400b18:	0006a803          	lw	a6,0(a3)
80400b1c:	00478793          	addi	a5,a5,4
80400b20:	00468693          	addi	a3,a3,4
80400b24:	ff07ae23          	sw	a6,-4(a5)
80400b28:	fec7e8e3          	bltu	a5,a2,80400b18 <memcpy+0x40>
80400b2c:	fff60613          	addi	a2,a2,-1
80400b30:	40e60633          	sub	a2,a2,a4
80400b34:	ffc67613          	andi	a2,a2,-4
80400b38:	00458593          	addi	a1,a1,4
80400b3c:	00470713          	addi	a4,a4,4
80400b40:	00c585b3          	add	a1,a1,a2
80400b44:	00c70733          	add	a4,a4,a2
80400b48:	01176863          	bltu	a4,a7,80400b58 <memcpy+0x80>
80400b4c:	00008067          	ret
80400b50:	00050713          	mv	a4,a0
80400b54:	ff157ce3          	bgeu	a0,a7,80400b4c <memcpy+0x74>
80400b58:	0005c783          	lbu	a5,0(a1)
80400b5c:	00170713          	addi	a4,a4,1
80400b60:	00158593          	addi	a1,a1,1
80400b64:	fef70fa3          	sb	a5,-1(a4)
80400b68:	fee898e3          	bne	a7,a4,80400b58 <memcpy+0x80>
80400b6c:	00008067          	ret
80400b70:	0205a683          	lw	a3,32(a1)
80400b74:	0005a383          	lw	t2,0(a1)
80400b78:	0045a283          	lw	t0,4(a1)
80400b7c:	0085af83          	lw	t6,8(a1)
80400b80:	00c5af03          	lw	t5,12(a1)
80400b84:	0105ae83          	lw	t4,16(a1)
80400b88:	0145ae03          	lw	t3,20(a1)
80400b8c:	0185a303          	lw	t1,24(a1)
80400b90:	01c5a803          	lw	a6,28(a1)
80400b94:	02470713          	addi	a4,a4,36
80400b98:	fed72e23          	sw	a3,-4(a4)
80400b9c:	fc772e23          	sw	t2,-36(a4)
80400ba0:	40e606b3          	sub	a3,a2,a4
80400ba4:	fe572023          	sw	t0,-32(a4)
80400ba8:	fff72223          	sw	t6,-28(a4)
80400bac:	ffe72423          	sw	t5,-24(a4)
80400bb0:	ffd72623          	sw	t4,-20(a4)
80400bb4:	ffc72823          	sw	t3,-16(a4)
80400bb8:	fe672a23          	sw	t1,-12(a4)
80400bbc:	ff072c23          	sw	a6,-8(a4)
80400bc0:	02458593          	addi	a1,a1,36
80400bc4:	fad7c6e3          	blt	a5,a3,80400b70 <memcpy+0x98>
80400bc8:	f45ff06f          	j	80400b0c <memcpy+0x34>
80400bcc:	0005c683          	lbu	a3,0(a1)
80400bd0:	00170713          	addi	a4,a4,1
80400bd4:	00377793          	andi	a5,a4,3
80400bd8:	fed70fa3          	sb	a3,-1(a4)
80400bdc:	00158593          	addi	a1,a1,1
80400be0:	f0078ee3          	beqz	a5,80400afc <memcpy+0x24>
80400be4:	0005c683          	lbu	a3,0(a1)
80400be8:	00170713          	addi	a4,a4,1
80400bec:	00377793          	andi	a5,a4,3
80400bf0:	fed70fa3          	sb	a3,-1(a4)
80400bf4:	00158593          	addi	a1,a1,1
80400bf8:	fc079ae3          	bnez	a5,80400bcc <memcpy+0xf4>
80400bfc:	f01ff06f          	j	80400afc <memcpy+0x24>

80400c00 <strlen>:
strlen():
80400c00:	00357793          	andi	a5,a0,3
80400c04:	00050713          	mv	a4,a0
80400c08:	04079c63          	bnez	a5,80400c60 <strlen+0x60>
80400c0c:	7f7f86b7          	lui	a3,0x7f7f8
80400c10:	f7f68693          	addi	a3,a3,-129 # 7f7f7f7f <app_entry-0xc08081>
80400c14:	fff00593          	li	a1,-1
80400c18:	00072603          	lw	a2,0(a4)
80400c1c:	00470713          	addi	a4,a4,4
80400c20:	00d677b3          	and	a5,a2,a3
80400c24:	00d787b3          	add	a5,a5,a3
80400c28:	00c7e7b3          	or	a5,a5,a2
80400c2c:	00d7e7b3          	or	a5,a5,a3
80400c30:	feb784e3          	beq	a5,a1,80400c18 <strlen+0x18>
80400c34:	ffc74683          	lbu	a3,-4(a4)
80400c38:	40a707b3          	sub	a5,a4,a0
80400c3c:	04068463          	beqz	a3,80400c84 <strlen+0x84>
80400c40:	ffd74683          	lbu	a3,-3(a4)
80400c44:	02068c63          	beqz	a3,80400c7c <strlen+0x7c>
80400c48:	ffe74503          	lbu	a0,-2(a4)
80400c4c:	00a03533          	snez	a0,a0
80400c50:	00f50533          	add	a0,a0,a5
80400c54:	ffe50513          	addi	a0,a0,-2
80400c58:	00008067          	ret
80400c5c:	fa0688e3          	beqz	a3,80400c0c <strlen+0xc>
80400c60:	00074783          	lbu	a5,0(a4)
80400c64:	00170713          	addi	a4,a4,1
80400c68:	00377693          	andi	a3,a4,3
80400c6c:	fe0798e3          	bnez	a5,80400c5c <strlen+0x5c>
80400c70:	40a70733          	sub	a4,a4,a0
80400c74:	fff70513          	addi	a0,a4,-1
80400c78:	00008067          	ret
80400c7c:	ffd78513          	addi	a0,a5,-3
80400c80:	00008067          	ret
80400c84:	ffc78513          	addi	a0,a5,-4
80400c88:	00008067          	ret

80400c8c <strcpy>:
strcpy():
80400c8c:	00b567b3          	or	a5,a0,a1
80400c90:	0037f793          	andi	a5,a5,3
80400c94:	08079063          	bnez	a5,80400d14 <strcpy+0x88>
80400c98:	0005a703          	lw	a4,0(a1)
80400c9c:	7f7f86b7          	lui	a3,0x7f7f8
80400ca0:	f7f68693          	addi	a3,a3,-129 # 7f7f7f7f <app_entry-0xc08081>
80400ca4:	00d77833          	and	a6,a4,a3
80400ca8:	00d80833          	add	a6,a6,a3
80400cac:	00e86833          	or	a6,a6,a4
80400cb0:	00d86833          	or	a6,a6,a3
80400cb4:	fff00793          	li	a5,-1
80400cb8:	00050613          	mv	a2,a0
80400cbc:	02f81463          	bne	a6,a5,80400ce4 <strcpy+0x58>
80400cc0:	00458593          	addi	a1,a1,4
80400cc4:	00e62023          	sw	a4,0(a2)
80400cc8:	0005a703          	lw	a4,0(a1)
80400ccc:	00460613          	addi	a2,a2,4
80400cd0:	00d777b3          	and	a5,a4,a3
80400cd4:	00d787b3          	add	a5,a5,a3
80400cd8:	00e7e7b3          	or	a5,a5,a4
80400cdc:	00d7e7b3          	or	a5,a5,a3
80400ce0:	ff0780e3          	beq	a5,a6,80400cc0 <strcpy+0x34>
80400ce4:	0005c783          	lbu	a5,0(a1)
80400ce8:	0015c703          	lbu	a4,1(a1)
80400cec:	0025c683          	lbu	a3,2(a1)
80400cf0:	00f60023          	sb	a5,0(a2)
80400cf4:	00078a63          	beqz	a5,80400d08 <strcpy+0x7c>
80400cf8:	00e600a3          	sb	a4,1(a2)
80400cfc:	00070663          	beqz	a4,80400d08 <strcpy+0x7c>
80400d00:	00d60123          	sb	a3,2(a2)
80400d04:	00069463          	bnez	a3,80400d0c <strcpy+0x80>
80400d08:	00008067          	ret
80400d0c:	000601a3          	sb	zero,3(a2)
80400d10:	00008067          	ret
80400d14:	00050793          	mv	a5,a0
80400d18:	0005c703          	lbu	a4,0(a1)
80400d1c:	00178793          	addi	a5,a5,1
80400d20:	00158593          	addi	a1,a1,1
80400d24:	fee78fa3          	sb	a4,-1(a5)
80400d28:	fe0718e3          	bnez	a4,80400d18 <strcpy+0x8c>
80400d2c:	00008067          	ret

80400d30 <__divsi3>:
__divsi3():
80400d30:	06054063          	bltz	a0,80400d90 <__umodsi3+0x10>
80400d34:	0605c663          	bltz	a1,80400da0 <__umodsi3+0x20>

80400d38 <__hidden___udivsi3>:
80400d38:	00058613          	mv	a2,a1
80400d3c:	00050593          	mv	a1,a0
80400d40:	fff00513          	li	a0,-1
80400d44:	02060c63          	beqz	a2,80400d7c <__hidden___udivsi3+0x44>
80400d48:	00100693          	li	a3,1
80400d4c:	00b67a63          	bgeu	a2,a1,80400d60 <__hidden___udivsi3+0x28>
80400d50:	00c05863          	blez	a2,80400d60 <__hidden___udivsi3+0x28>
80400d54:	00161613          	slli	a2,a2,0x1
80400d58:	00169693          	slli	a3,a3,0x1
80400d5c:	feb66ae3          	bltu	a2,a1,80400d50 <__hidden___udivsi3+0x18>
80400d60:	00000513          	li	a0,0
80400d64:	00c5e663          	bltu	a1,a2,80400d70 <__hidden___udivsi3+0x38>
80400d68:	40c585b3          	sub	a1,a1,a2
80400d6c:	00d56533          	or	a0,a0,a3
80400d70:	0016d693          	srli	a3,a3,0x1
80400d74:	00165613          	srli	a2,a2,0x1
80400d78:	fe0696e3          	bnez	a3,80400d64 <__hidden___udivsi3+0x2c>
80400d7c:	00008067          	ret

80400d80 <__umodsi3>:
80400d80:	00008293          	mv	t0,ra
80400d84:	fb5ff0ef          	jal	80400d38 <__hidden___udivsi3>
80400d88:	00058513          	mv	a0,a1
80400d8c:	00028067          	jr	t0
80400d90:	40a00533          	neg	a0,a0
80400d94:	00b04863          	bgtz	a1,80400da4 <__umodsi3+0x24>
80400d98:	40b005b3          	neg	a1,a1
80400d9c:	f9dff06f          	j	80400d38 <__hidden___udivsi3>
80400da0:	40b005b3          	neg	a1,a1
80400da4:	00008293          	mv	t0,ra
80400da8:	f91ff0ef          	jal	80400d38 <__hidden___udivsi3>
80400dac:	40a00533          	neg	a0,a0
80400db0:	00028067          	jr	t0

80400db4 <__modsi3>:
__modsi3():
80400db4:	00008293          	mv	t0,ra
80400db8:	0005ca63          	bltz	a1,80400dcc <__modsi3+0x18>
80400dbc:	00054c63          	bltz	a0,80400dd4 <__modsi3+0x20>
80400dc0:	f79ff0ef          	jal	80400d38 <__hidden___udivsi3>
80400dc4:	00058513          	mv	a0,a1
80400dc8:	00028067          	jr	t0
80400dcc:	40b005b3          	neg	a1,a1
80400dd0:	fe0558e3          	bgez	a0,80400dc0 <__modsi3+0xc>
80400dd4:	40a00533          	neg	a0,a0
80400dd8:	f61ff0ef          	jal	80400d38 <__hidden___udivsi3>
80400ddc:	40b00533          	neg	a0,a1
80400de0:	00028067          	jr	t0
