
build/release/sys_proc.elf:     file format elf32-littleriscv
build/release/sys_proc.elf
architecture: riscv:rv32, flags 0x00000112:
EXEC_P, HAS_SYMS, D_PAGED
start address 0x80400000

Program Header:
0x70000003 off    0x000033d0 vaddr 0x00000000 paddr 0x00000000 align 2**0
         filesz 0x0000004b memsz 0x00000000 flags r--
    LOAD off    0x00001000 vaddr 0x80400000 paddr 0x80400000 align 2**12
         filesz 0x00001bc0 memsz 0x00001bc0 flags r-x
    LOAD off    0x00003000 vaddr 0x80408000 paddr 0x80408000 align 2**12
         filesz 0x000003d0 memsz 0x00000918 flags rw-

Sections:
Idx Name              Size      VMA       LMA       File off  Algn  Flags
  0 .text             00001bc0  80400000  80400000  00001000  2**3  CONTENTS, ALLOC, LOAD, READONLY, CODE
  1 .rodata           00000290  80408000  80408000  00003000  2**3  CONTENTS, ALLOC, LOAD, READONLY, DATA
  2 .data             00000140  80408290  80408290  00003290  2**3  CONTENTS, ALLOC, LOAD, DATA
  3 .bss              00000548  804083d0  804083d0  000033d0  2**3  ALLOC
  4 .riscv.attributes 0000004b  00000000  00000000  000033d0  2**0  CONTENTS, READONLY
  5 .comment          00000032  00000000  00000000  0000341b  2**0  CONTENTS, READONLY
SYMBOL TABLE:
80400000 l    d  .text	00000000 .text
80408000 l    d  .rodata	00000000 .rodata
80408290 l    d  .data	00000000 .data
804083d0 l    d  .bss	00000000 .bss
00000000 l    d  .riscv.attributes	00000000 .riscv.attributes
00000000 l    d  .comment	00000000 .comment
00000000 l    df *ABS*	00000000 ccPwuT3L.o
00000000 l    df *ABS*	00000000 sys_proc.c
804083d0 l     O .bss	00000004 app_ino
804083d4 l     O .bss	00000004 app_pid
80400428 l     F .text	000000a4 sys_spawn
804002b8 l     F .text	00000114 app_spawn
80400274 l     F .text	00000044 app_read
804083d8 l     O .bss	00000004 sys_proc_base
804003cc l     F .text	0000005c sys_proc_read
00000000 l    df *ABS*	00000000 elf.c
00000000 l    df *ABS*	00000000 print.c
00000000 l    df *ABS*	00000000 servers.c
804083dc l     O .bss	00000004 sender
804083e0 l     O .bss	00000400 buf
00000000 l    df *ABS*	00000000 syscall.c
804083c8 l     O .data	00000004 sc
00000000 l    df *ABS*	00000000 libc_a-atoi.o
00000000 l    df *ABS*	00000000 libc_a-itoa.o
00000000 l    df *ABS*	00000000 libc_a-strtol.o
804011c0 l     F .text	00000284 _strtol_l.isra.0
00000000 l    df *ABS*	00000000 libc_a-utoa.o
00000000 l    df *ABS*	00000000 libc_a-strcat.o
00000000 l    df *ABS*	00000000 libc_a-strncat.o
00000000 l    df *ABS*	00000000 libc_a-strncmp.o
00000000 l    df *ABS*	00000000 libc_a-errno.o
00000000 l    df *ABS*	00000000 libc_a-memset.o
00000000 l    df *ABS*	00000000 libc_a-memcpy.o
00000000 l    df *ABS*	00000000 libc_a-strlen.o
00000000 l    df *ABS*	00000000 libc_a-strcpy.o
00000000 l    df *ABS*	00000000 muldi3.o
00000000 l    df *ABS*	00000000 div.o
804010b4 g     F .text	00000090 sys_recv
80401a44 g     F .text	000000a4 strcpy
804017a8 g     F .text	0000000c __errno
80400000 g       .text	00000000 app_entry
80401890 g     F .text	00000128 memcpy
80401b14 g     F .text	00000048 .hidden __hidden___udivsi3
80401b14 g     F .text	00000048 .hidden __udivsi3
804083c4 g     O .data	00000004 earth
80401150 g     F .text	00000070 itoa
80401444 g     F .text	00000020 strtol
804087e0 g     O .bss	00000138 __sf
80401044 g     F .text	00000070 sys_send
804015b8 g     F .text	000000a0 strcat
80401b5c g     F .text	00000010 .hidden __umodsi3
80400f1c g     F .text	000000b4 file_read
8040091c g     F .text	0000014c format_to_str
80401704 g     F .text	000000a4 strncmp
804083c0 g     O .data	00000004 grass
80401ae8 g     F .text	00000024 .hidden __mulsi3
80400c84 g     F .text	00000154 SUCCESS
80401658 g     F .text	000000ac strncat
80408290 g     O .data	00000010 sysproc_names
80401464 g     F .text	00000154 __utoa
804017b4 g     F .text	000000dc memset
80400010 g     F .text	00000264 main
80401b0c g     F .text	00000084 .hidden __divsi3
80600000 g       *ABS*	00000000 __heap_end
804083cc g     O .data	00000004 _impure_ptr
80408918 g       .riscv.attributes	00000000 __heap_start
80400fd0 g     F .text	00000074 term_write
80400dd8 g     F .text	00000034 exit
80401b90 g     F .text	00000030 .hidden __modsi3
804082a0 g     O .data	00000120 _impure_data
80400b4c g     F .text	00000138 FATAL
80401144 g     F .text	0000000c atoi
80408188 g     O .rodata	00000101 _ctype_
80400e0c g     F .text	00000110 dir_lookup
804019b8 g     F .text	0000008c strlen
80400a68 g     F .text	000000e4 INFO
804004cc g     F .text	00000450 elf_load



Disassembly of section .text:

80400000 <app_entry>:
app_entry():
80400000:	00052503          	lw	a0,0(a0)
80400004:	80800137          	lui	sp,0x80800
80400008:	008000ef          	jal	80400010 <main>
8040000c:	5cd000ef          	jal	80400dd8 <exit>

80400010 <main>:
main():
80400010:	bd010113          	addi	sp,sp,-1072 # 807ffbd0 <__heap_end+0x1ffbd0>
80400014:	42112623          	sw	ra,1068(sp)
80400018:	42812423          	sw	s0,1064(sp)
8040001c:	43010413          	addi	s0,sp,1072
80400020:	bca42e23          	sw	a0,-1060(s0)
80400024:	bcb42c23          	sw	a1,-1064(s0)
80400028:	804087b7          	lui	a5,0x80408
8040002c:	00078513          	mv	a0,a5
80400030:	455000ef          	jal	80400c84 <SUCCESS>
80400034:	40000513          	li	a0,1024
80400038:	3f0000ef          	jal	80400428 <sys_spawn>
8040003c:	804087b7          	lui	a5,0x80408
80400040:	3c07a783          	lw	a5,960(a5) # 804083c0 <grass>
80400044:	0107a783          	lw	a5,16(a5)
80400048:	be040713          	addi	a4,s0,-1056
8040004c:	40000693          	li	a3,1024
80400050:	00070613          	mv	a2,a4
80400054:	00000593          	li	a1,0
80400058:	00200513          	li	a0,2
8040005c:	000780e7          	jalr	a5
80400060:	be040793          	addi	a5,s0,-1056
80400064:	00078593          	mv	a1,a5
80400068:	804087b7          	lui	a5,0x80408
8040006c:	02478513          	addi	a0,a5,36 # 80408024 <__modsi3+0x6494>
80400070:	1f9000ef          	jal	80400a68 <INFO>
80400074:	60000513          	li	a0,1536
80400078:	3b0000ef          	jal	80400428 <sys_spawn>
8040007c:	804087b7          	lui	a5,0x80408
80400080:	3c07a783          	lw	a5,960(a5) # 804083c0 <grass>
80400084:	0107a783          	lw	a5,16(a5)
80400088:	be040713          	addi	a4,s0,-1056
8040008c:	40000693          	li	a3,1024
80400090:	00070613          	mv	a2,a4
80400094:	00000593          	li	a1,0
80400098:	00300513          	li	a0,3
8040009c:	000780e7          	jalr	a5
804000a0:	be040793          	addi	a5,s0,-1056
804000a4:	00078593          	mv	a1,a5
804000a8:	804087b7          	lui	a5,0x80408
804000ac:	02478513          	addi	a0,a5,36 # 80408024 <__modsi3+0x6494>
804000b0:	1b9000ef          	jal	80400a68 <INFO>
804000b4:	000017b7          	lui	a5,0x1
804000b8:	80078513          	addi	a0,a5,-2048 # 800 <app_entry-0x803ff800>
804000bc:	36c000ef          	jal	80400428 <sys_spawn>
804000c0:	be040793          	addi	a5,s0,-1056
804000c4:	fef42423          	sw	a5,-24(s0)
804000c8:	be040793          	addi	a5,s0,-1056
804000cc:	fef42223          	sw	a5,-28(s0)
804000d0:	804087b7          	lui	a5,0x80408
804000d4:	3c07a783          	lw	a5,960(a5) # 804083c0 <grass>
804000d8:	0107a783          	lw	a5,16(a5)
804000dc:	be040613          	addi	a2,s0,-1056
804000e0:	fe040713          	addi	a4,s0,-32
804000e4:	40000693          	li	a3,1024
804000e8:	00070593          	mv	a1,a4
804000ec:	fff00513          	li	a0,-1
804000f0:	000780e7          	jalr	a5
804000f4:	fe842783          	lw	a5,-24(s0)
804000f8:	0007a783          	lw	a5,0(a5)
804000fc:	00200713          	li	a4,2
80400100:	12e78c63          	beq	a5,a4,80400238 <main+0x228>
80400104:	00200713          	li	a4,2
80400108:	14f76463          	bltu	a4,a5,80400250 <main+0x240>
8040010c:	00078863          	beqz	a5,8040011c <main+0x10c>
80400110:	00100713          	li	a4,1
80400114:	0ae78663          	beq	a5,a4,804001c0 <main+0x1b0>
80400118:	1380006f          	j	80400250 <main+0x240>
8040011c:	fe842503          	lw	a0,-24(s0)
80400120:	198000ef          	jal	804002b8 <app_spawn>
80400124:	00050793          	mv	a5,a0
80400128:	00078713          	mv	a4,a5
8040012c:	fe442783          	lw	a5,-28(s0)
80400130:	00e7a023          	sw	a4,0(a5)
80400134:	fe842783          	lw	a5,-24(s0)
80400138:	0047a783          	lw	a5,4(a5)
8040013c:	fff78793          	addi	a5,a5,-1
80400140:	fe842703          	lw	a4,-24(s0)
80400144:	00579793          	slli	a5,a5,0x5
80400148:	00f707b3          	add	a5,a4,a5
8040014c:	0087c703          	lbu	a4,8(a5)
80400150:	02600793          	li	a5,38
80400154:	00f70c63          	beq	a4,a5,8040016c <main+0x15c>
80400158:	fe442783          	lw	a5,-28(s0)
8040015c:	0007a783          	lw	a5,0(a5)
80400160:	00079663          	bnez	a5,8040016c <main+0x15c>
80400164:	00100793          	li	a5,1
80400168:	0080006f          	j	80400170 <main+0x160>
8040016c:	00000793          	li	a5,0
80400170:	fef42623          	sw	a5,-20(s0)
80400174:	fec42783          	lw	a5,-20(s0)
80400178:	02079463          	bnez	a5,804001a0 <main+0x190>
8040017c:	fe442783          	lw	a5,-28(s0)
80400180:	0007a783          	lw	a5,0(a5)
80400184:	00079e63          	bnez	a5,804001a0 <main+0x190>
80400188:	804087b7          	lui	a5,0x80408
8040018c:	3d47a783          	lw	a5,980(a5) # 804083d4 <app_pid>
80400190:	00078593          	mv	a1,a5
80400194:	804087b7          	lui	a5,0x80408
80400198:	04078513          	addi	a0,a5,64 # 80408040 <__modsi3+0x64b0>
8040019c:	0cd000ef          	jal	80400a68 <INFO>
804001a0:	804087b7          	lui	a5,0x80408
804001a4:	3c07a783          	lw	a5,960(a5) # 804083c0 <grass>
804001a8:	00c7a783          	lw	a5,12(a5)
804001ac:	00400613          	li	a2,4
804001b0:	fe442583          	lw	a1,-28(s0)
804001b4:	00400513          	li	a0,4
804001b8:	000780e7          	jalr	a5
804001bc:	0b40006f          	j	80400270 <main+0x260>
804001c0:	804087b7          	lui	a5,0x80408
804001c4:	3c07a783          	lw	a5,960(a5) # 804083c0 <grass>
804001c8:	0047a783          	lw	a5,4(a5)
804001cc:	fe042703          	lw	a4,-32(s0)
804001d0:	00070513          	mv	a0,a4
804001d4:	000780e7          	jalr	a5
804001d8:	fec42783          	lw	a5,-20(s0)
804001dc:	02078a63          	beqz	a5,80400210 <main+0x200>
804001e0:	804087b7          	lui	a5,0x80408
804001e4:	3d47a703          	lw	a4,980(a5) # 804083d4 <app_pid>
804001e8:	fe042783          	lw	a5,-32(s0)
804001ec:	02f71263          	bne	a4,a5,80400210 <main+0x200>
804001f0:	804087b7          	lui	a5,0x80408
804001f4:	3c07a783          	lw	a5,960(a5) # 804083c0 <grass>
804001f8:	00c7a783          	lw	a5,12(a5)
804001fc:	00400613          	li	a2,4
80400200:	fe442583          	lw	a1,-28(s0)
80400204:	00400513          	li	a0,4
80400208:	000780e7          	jalr	a5
8040020c:	0600006f          	j	8040026c <main+0x25c>
80400210:	804087b7          	lui	a5,0x80408
80400214:	3d47a703          	lw	a4,980(a5) # 804083d4 <app_pid>
80400218:	fe042783          	lw	a5,-32(s0)
8040021c:	04f71863          	bne	a4,a5,8040026c <main+0x25c>
80400220:	fe042783          	lw	a5,-32(s0)
80400224:	00078593          	mv	a1,a5
80400228:	804087b7          	lui	a5,0x80408
8040022c:	06878513          	addi	a0,a5,104 # 80408068 <__modsi3+0x64d8>
80400230:	039000ef          	jal	80400a68 <INFO>
80400234:	0380006f          	j	8040026c <main+0x25c>
80400238:	804087b7          	lui	a5,0x80408
8040023c:	3c07a783          	lw	a5,960(a5) # 804083c0 <grass>
80400240:	0047a783          	lw	a5,4(a5)
80400244:	fff00513          	li	a0,-1
80400248:	000780e7          	jalr	a5
8040024c:	0240006f          	j	80400270 <main+0x260>
80400250:	fe842783          	lw	a5,-24(s0)
80400254:	0007a783          	lw	a5,0(a5)
80400258:	00078593          	mv	a1,a5
8040025c:	804087b7          	lui	a5,0x80408
80400260:	08c78513          	addi	a0,a5,140 # 8040808c <__modsi3+0x64fc>
80400264:	0e9000ef          	jal	80400b4c <FATAL>
80400268:	e59ff06f          	j	804000c0 <main+0xb0>
8040026c:	00000013          	nop
80400270:	e51ff06f          	j	804000c0 <main+0xb0>

80400274 <app_read>:
app_read():
80400274:	fe010113          	addi	sp,sp,-32
80400278:	00112e23          	sw	ra,28(sp)
8040027c:	00812c23          	sw	s0,24(sp)
80400280:	02010413          	addi	s0,sp,32
80400284:	fea42623          	sw	a0,-20(s0)
80400288:	feb42423          	sw	a1,-24(s0)
8040028c:	804087b7          	lui	a5,0x80408
80400290:	3d07a783          	lw	a5,976(a5) # 804083d0 <app_ino>
80400294:	fe842603          	lw	a2,-24(s0)
80400298:	fec42583          	lw	a1,-20(s0)
8040029c:	00078513          	mv	a0,a5
804002a0:	47d000ef          	jal	80400f1c <file_read>
804002a4:	00000013          	nop
804002a8:	01c12083          	lw	ra,28(sp)
804002ac:	01812403          	lw	s0,24(sp)
804002b0:	02010113          	addi	sp,sp,32
804002b4:	00008067          	ret

804002b8 <app_spawn>:
app_spawn():
804002b8:	fd010113          	addi	sp,sp,-48
804002bc:	02112623          	sw	ra,44(sp)
804002c0:	02812423          	sw	s0,40(sp)
804002c4:	03010413          	addi	s0,sp,48
804002c8:	fca42e23          	sw	a0,-36(s0)
804002cc:	804087b7          	lui	a5,0x80408
804002d0:	0ac78593          	addi	a1,a5,172 # 804080ac <__modsi3+0x651c>
804002d4:	00000513          	li	a0,0
804002d8:	335000ef          	jal	80400e0c <dir_lookup>
804002dc:	fea42623          	sw	a0,-20(s0)
804002e0:	fdc42783          	lw	a5,-36(s0)
804002e4:	00878793          	addi	a5,a5,8
804002e8:	00078593          	mv	a1,a5
804002ec:	fec42503          	lw	a0,-20(s0)
804002f0:	31d000ef          	jal	80400e0c <dir_lookup>
804002f4:	00050713          	mv	a4,a0
804002f8:	804087b7          	lui	a5,0x80408
804002fc:	3ce7a823          	sw	a4,976(a5) # 804083d0 <app_ino>
80400300:	804087b7          	lui	a5,0x80408
80400304:	3d07a783          	lw	a5,976(a5) # 804083d0 <app_ino>
80400308:	0007d663          	bgez	a5,80400314 <app_spawn+0x5c>
8040030c:	00100793          	li	a5,1
80400310:	0a80006f          	j	804003b8 <app_spawn+0x100>
80400314:	fdc42783          	lw	a5,-36(s0)
80400318:	0047a783          	lw	a5,4(a5)
8040031c:	fff78793          	addi	a5,a5,-1
80400320:	fdc42703          	lw	a4,-36(s0)
80400324:	00579793          	slli	a5,a5,0x5
80400328:	00f707b3          	add	a5,a4,a5
8040032c:	0087c703          	lbu	a4,8(a5)
80400330:	02600793          	li	a5,38
80400334:	00f71a63          	bne	a4,a5,80400348 <app_spawn+0x90>
80400338:	fdc42783          	lw	a5,-36(s0)
8040033c:	0047a783          	lw	a5,4(a5)
80400340:	fff78793          	addi	a5,a5,-1
80400344:	00c0006f          	j	80400350 <app_spawn+0x98>
80400348:	fdc42783          	lw	a5,-36(s0)
8040034c:	0047a783          	lw	a5,4(a5)
80400350:	fef42423          	sw	a5,-24(s0)
80400354:	804087b7          	lui	a5,0x80408
80400358:	3c07a783          	lw	a5,960(a5) # 804083c0 <grass>
8040035c:	0007a783          	lw	a5,0(a5)
80400360:	000780e7          	jalr	a5
80400364:	00050713          	mv	a4,a0
80400368:	804087b7          	lui	a5,0x80408
8040036c:	3ce7aa23          	sw	a4,980(a5) # 804083d4 <app_pid>
80400370:	804087b7          	lui	a5,0x80408
80400374:	3d47a703          	lw	a4,980(a5) # 804083d4 <app_pid>
80400378:	fdc42783          	lw	a5,-36(s0)
8040037c:	00878793          	addi	a5,a5,8
80400380:	00078693          	mv	a3,a5
80400384:	fe842603          	lw	a2,-24(s0)
80400388:	804007b7          	lui	a5,0x80400
8040038c:	27478593          	addi	a1,a5,628 # 80400274 <app_read>
80400390:	00070513          	mv	a0,a4
80400394:	138000ef          	jal	804004cc <elf_load>
80400398:	804087b7          	lui	a5,0x80408
8040039c:	3c07a783          	lw	a5,960(a5) # 804083c0 <grass>
804003a0:	0087a783          	lw	a5,8(a5)
804003a4:	80408737          	lui	a4,0x80408
804003a8:	3d472703          	lw	a4,980(a4) # 804083d4 <app_pid>
804003ac:	00070513          	mv	a0,a4
804003b0:	000780e7          	jalr	a5
804003b4:	00000793          	li	a5,0
804003b8:	00078513          	mv	a0,a5
804003bc:	02c12083          	lw	ra,44(sp)
804003c0:	02812403          	lw	s0,40(sp)
804003c4:	03010113          	addi	sp,sp,48
804003c8:	00008067          	ret

804003cc <sys_proc_read>:
sys_proc_read():
804003cc:	fe010113          	addi	sp,sp,-32
804003d0:	00112e23          	sw	ra,28(sp)
804003d4:	00812c23          	sw	s0,24(sp)
804003d8:	02010413          	addi	s0,sp,32
804003dc:	fea42623          	sw	a0,-20(s0)
804003e0:	feb42423          	sw	a1,-24(s0)
804003e4:	804087b7          	lui	a5,0x80408
804003e8:	3c47a783          	lw	a5,964(a5) # 804083c4 <earth>
804003ec:	0247a783          	lw	a5,36(a5)
804003f0:	80408737          	lui	a4,0x80408
804003f4:	3d872703          	lw	a4,984(a4) # 804083d8 <sys_proc_base>
804003f8:	00070693          	mv	a3,a4
804003fc:	fec42703          	lw	a4,-20(s0)
80400400:	00e68733          	add	a4,a3,a4
80400404:	fe842603          	lw	a2,-24(s0)
80400408:	00100593          	li	a1,1
8040040c:	00070513          	mv	a0,a4
80400410:	000780e7          	jalr	a5
80400414:	00000013          	nop
80400418:	01c12083          	lw	ra,28(sp)
8040041c:	01812403          	lw	s0,24(sp)
80400420:	02010113          	addi	sp,sp,32
80400424:	00008067          	ret

80400428 <sys_spawn>:
sys_spawn():
80400428:	fd010113          	addi	sp,sp,-48
8040042c:	02112623          	sw	ra,44(sp)
80400430:	02812423          	sw	s0,40(sp)
80400434:	03010413          	addi	s0,sp,48
80400438:	fca42e23          	sw	a0,-36(s0)
8040043c:	804087b7          	lui	a5,0x80408
80400440:	3c07a783          	lw	a5,960(a5) # 804083c0 <grass>
80400444:	0007a783          	lw	a5,0(a5)
80400448:	000780e7          	jalr	a5
8040044c:	fea42623          	sw	a0,-20(s0)
80400450:	fec42783          	lw	a5,-20(s0)
80400454:	fff78793          	addi	a5,a5,-1
80400458:	80408737          	lui	a4,0x80408
8040045c:	29070713          	addi	a4,a4,656 # 80408290 <sysproc_names>
80400460:	00279793          	slli	a5,a5,0x2
80400464:	00f707b3          	add	a5,a4,a5
80400468:	0007a783          	lw	a5,0(a5)
8040046c:	00078613          	mv	a2,a5
80400470:	fec42583          	lw	a1,-20(s0)
80400474:	804087b7          	lui	a5,0x80408
80400478:	0e878513          	addi	a0,a5,232 # 804080e8 <__modsi3+0x6558>
8040047c:	5ec000ef          	jal	80400a68 <INFO>
80400480:	fdc42703          	lw	a4,-36(s0)
80400484:	804087b7          	lui	a5,0x80408
80400488:	3ce7ac23          	sw	a4,984(a5) # 804083d8 <sys_proc_base>
8040048c:	00000693          	li	a3,0
80400490:	00000613          	li	a2,0
80400494:	804007b7          	lui	a5,0x80400
80400498:	3cc78593          	addi	a1,a5,972 # 804003cc <sys_proc_read>
8040049c:	fec42503          	lw	a0,-20(s0)
804004a0:	02c000ef          	jal	804004cc <elf_load>
804004a4:	804087b7          	lui	a5,0x80408
804004a8:	3c07a783          	lw	a5,960(a5) # 804083c0 <grass>
804004ac:	0087a783          	lw	a5,8(a5)
804004b0:	fec42503          	lw	a0,-20(s0)
804004b4:	000780e7          	jalr	a5
804004b8:	00000013          	nop
804004bc:	02c12083          	lw	ra,44(sp)
804004c0:	02812403          	lw	s0,40(sp)
804004c4:	03010113          	addi	sp,sp,48
804004c8:	00008067          	ret

804004cc <elf_load>:
elf_load():
804004cc:	b9010113          	addi	sp,sp,-1136
804004d0:	46112623          	sw	ra,1132(sp)
804004d4:	46812423          	sw	s0,1128(sp)
804004d8:	47010413          	addi	s0,sp,1136
804004dc:	b8a42e23          	sw	a0,-1124(s0)
804004e0:	b8b42c23          	sw	a1,-1128(s0)
804004e4:	b8c42a23          	sw	a2,-1132(s0)
804004e8:	b8d42823          	sw	a3,-1136(s0)
804004ec:	da040713          	addi	a4,s0,-608
804004f0:	b9842783          	lw	a5,-1128(s0)
804004f4:	00070593          	mv	a1,a4
804004f8:	00000513          	li	a0,0
804004fc:	000780e7          	jalr	a5
80400500:	da040793          	addi	a5,s0,-608
80400504:	fcf42623          	sw	a5,-52(s0)
80400508:	fcc42783          	lw	a5,-52(s0)
8040050c:	01c7a783          	lw	a5,28(a5)
80400510:	da040713          	addi	a4,s0,-608
80400514:	00f707b3          	add	a5,a4,a5
80400518:	fcf42423          	sw	a5,-56(s0)
8040051c:	fe042623          	sw	zero,-20(s0)
80400520:	2400006f          	j	80400760 <elf_load+0x294>
80400524:	fec42783          	lw	a5,-20(s0)
80400528:	00579793          	slli	a5,a5,0x5
8040052c:	fc842703          	lw	a4,-56(s0)
80400530:	00f707b3          	add	a5,a4,a5
80400534:	0087a783          	lw	a5,8(a5)
80400538:	faf42823          	sw	a5,-80(s0)
8040053c:	fb042783          	lw	a5,-80(s0)
80400540:	2007d863          	bgez	a5,80400750 <elf_load+0x284>
80400544:	fec42783          	lw	a5,-20(s0)
80400548:	00579793          	slli	a5,a5,0x5
8040054c:	fc842703          	lw	a4,-56(s0)
80400550:	00f707b3          	add	a5,a4,a5
80400554:	0147a783          	lw	a5,20(a5)
80400558:	faf42623          	sw	a5,-84(s0)
8040055c:	fec42783          	lw	a5,-20(s0)
80400560:	00579793          	slli	a5,a5,0x5
80400564:	fc842703          	lw	a4,-56(s0)
80400568:	00f707b3          	add	a5,a4,a5
8040056c:	0107a783          	lw	a5,16(a5)
80400570:	faf42423          	sw	a5,-88(s0)
80400574:	b9c42703          	lw	a4,-1124(s0)
80400578:	00400793          	li	a5,4
8040057c:	00e7cc63          	blt	a5,a4,80400594 <elf_load+0xc8>
80400580:	fb042603          	lw	a2,-80(s0)
80400584:	fa842583          	lw	a1,-88(s0)
80400588:	804087b7          	lui	a5,0x80408
8040058c:	10478513          	addi	a0,a5,260 # 80408104 <__modsi3+0x6574>
80400590:	4d8000ef          	jal	80400a68 <INFO>
80400594:	fb042783          	lw	a5,-80(s0)
80400598:	00c7d793          	srli	a5,a5,0xc
8040059c:	fef42223          	sw	a5,-28(s0)
804005a0:	fb042703          	lw	a4,-80(s0)
804005a4:	fac42783          	lw	a5,-84(s0)
804005a8:	00f707b3          	add	a5,a4,a5
804005ac:	00c7d793          	srli	a5,a5,0xc
804005b0:	faf42223          	sw	a5,-92(s0)
804005b4:	fec42783          	lw	a5,-20(s0)
804005b8:	00579793          	slli	a5,a5,0x5
804005bc:	fc842703          	lw	a4,-56(s0)
804005c0:	00f707b3          	add	a5,a4,a5
804005c4:	0047a783          	lw	a5,4(a5)
804005c8:	0097d793          	srli	a5,a5,0x9
804005cc:	fef42023          	sw	a5,-32(s0)
804005d0:	fc042e23          	sw	zero,-36(s0)
804005d4:	1000006f          	j	804006d4 <elf_load+0x208>
804005d8:	fdc42703          	lw	a4,-36(s0)
804005dc:	000017b7          	lui	a5,0x1
804005e0:	fff78793          	addi	a5,a5,-1 # fff <app_entry-0x803ff001>
804005e4:	00f777b3          	and	a5,a4,a5
804005e8:	06079063          	bnez	a5,80400648 <elf_load+0x17c>
804005ec:	804087b7          	lui	a5,0x80408
804005f0:	3c47a783          	lw	a5,964(a5) # 804083c4 <earth>
804005f4:	0007a783          	lw	a5,0(a5)
804005f8:	000780e7          	jalr	a5
804005fc:	fea42423          	sw	a0,-24(s0)
80400600:	804087b7          	lui	a5,0x80408
80400604:	3c47a783          	lw	a5,964(a5) # 804083c4 <earth>
80400608:	0107a703          	lw	a4,16(a5)
8040060c:	fe442783          	lw	a5,-28(s0)
80400610:	00178693          	addi	a3,a5,1
80400614:	fed42223          	sw	a3,-28(s0)
80400618:	fe842603          	lw	a2,-24(s0)
8040061c:	00078593          	mv	a1,a5
80400620:	b9c42503          	lw	a0,-1124(s0)
80400624:	000700e7          	jalr	a4
80400628:	fe842783          	lw	a5,-24(s0)
8040062c:	00c79713          	slli	a4,a5,0xc
80400630:	808007b7          	lui	a5,0x80800
80400634:	00f707b3          	add	a5,a4,a5
80400638:	00001637          	lui	a2,0x1
8040063c:	00000593          	li	a1,0
80400640:	00078513          	mv	a0,a5
80400644:	170010ef          	jal	804017b4 <memset>
80400648:	fdc42783          	lw	a5,-36(s0)
8040064c:	20078793          	addi	a5,a5,512 # 80800200 <__heap_end+0x200200>
80400650:	fa842703          	lw	a4,-88(s0)
80400654:	00e7ea63          	bltu	a5,a4,80400668 <elf_load+0x19c>
80400658:	fa842703          	lw	a4,-88(s0)
8040065c:	fdc42783          	lw	a5,-36(s0)
80400660:	40f707b3          	sub	a5,a4,a5
80400664:	0080006f          	j	8040066c <elf_load+0x1a0>
80400668:	20000793          	li	a5,512
8040066c:	faf42023          	sw	a5,-96(s0)
80400670:	fe042783          	lw	a5,-32(s0)
80400674:	00178713          	addi	a4,a5,1
80400678:	fee42023          	sw	a4,-32(s0)
8040067c:	ba040693          	addi	a3,s0,-1120
80400680:	b9842703          	lw	a4,-1128(s0)
80400684:	00068593          	mv	a1,a3
80400688:	00078513          	mv	a0,a5
8040068c:	000700e7          	jalr	a4
80400690:	fe842783          	lw	a5,-24(s0)
80400694:	00c79713          	slli	a4,a5,0xc
80400698:	fdc42683          	lw	a3,-36(s0)
8040069c:	000017b7          	lui	a5,0x1
804006a0:	fff78793          	addi	a5,a5,-1 # fff <app_entry-0x803ff001>
804006a4:	00f6f7b3          	and	a5,a3,a5
804006a8:	00f70733          	add	a4,a4,a5
804006ac:	808007b7          	lui	a5,0x80800
804006b0:	00f707b3          	add	a5,a4,a5
804006b4:	ba040713          	addi	a4,s0,-1120
804006b8:	fa042603          	lw	a2,-96(s0)
804006bc:	00070593          	mv	a1,a4
804006c0:	00078513          	mv	a0,a5
804006c4:	1cc010ef          	jal	80401890 <memcpy>
804006c8:	fdc42783          	lw	a5,-36(s0)
804006cc:	20078793          	addi	a5,a5,512 # 80800200 <__heap_end+0x200200>
804006d0:	fcf42e23          	sw	a5,-36(s0)
804006d4:	fdc42703          	lw	a4,-36(s0)
804006d8:	fa842783          	lw	a5,-88(s0)
804006dc:	eef76ee3          	bltu	a4,a5,804005d8 <elf_load+0x10c>
804006e0:	0600006f          	j	80400740 <elf_load+0x274>
804006e4:	804087b7          	lui	a5,0x80408
804006e8:	3c47a783          	lw	a5,964(a5) # 804083c4 <earth>
804006ec:	0007a783          	lw	a5,0(a5)
804006f0:	000780e7          	jalr	a5
804006f4:	fea42423          	sw	a0,-24(s0)
804006f8:	804087b7          	lui	a5,0x80408
804006fc:	3c47a783          	lw	a5,964(a5) # 804083c4 <earth>
80400700:	0107a703          	lw	a4,16(a5)
80400704:	fe442783          	lw	a5,-28(s0)
80400708:	00178693          	addi	a3,a5,1
8040070c:	fed42223          	sw	a3,-28(s0)
80400710:	fe842603          	lw	a2,-24(s0)
80400714:	00078593          	mv	a1,a5
80400718:	b9c42503          	lw	a0,-1124(s0)
8040071c:	000700e7          	jalr	a4
80400720:	fe842783          	lw	a5,-24(s0)
80400724:	00c79713          	slli	a4,a5,0xc
80400728:	808007b7          	lui	a5,0x80800
8040072c:	00f707b3          	add	a5,a4,a5
80400730:	00001637          	lui	a2,0x1
80400734:	00000593          	li	a1,0
80400738:	00078513          	mv	a0,a5
8040073c:	078010ef          	jal	804017b4 <memset>
80400740:	fe442703          	lw	a4,-28(s0)
80400744:	fa442783          	lw	a5,-92(s0)
80400748:	f8f76ee3          	bltu	a4,a5,804006e4 <elf_load+0x218>
8040074c:	0080006f          	j	80400754 <elf_load+0x288>
80400750:	00000013          	nop
80400754:	fec42783          	lw	a5,-20(s0)
80400758:	00178793          	addi	a5,a5,1 # 80800001 <__heap_end+0x200001>
8040075c:	fef42623          	sw	a5,-20(s0)
80400760:	fcc42783          	lw	a5,-52(s0)
80400764:	02c7d783          	lhu	a5,44(a5)
80400768:	00078713          	mv	a4,a5
8040076c:	fec42783          	lw	a5,-20(s0)
80400770:	dae7eae3          	bltu	a5,a4,80400524 <elf_load+0x58>
80400774:	000807b7          	lui	a5,0x80
80400778:	60078793          	addi	a5,a5,1536 # 80600 <app_entry-0x8037fa00>
8040077c:	fcf42223          	sw	a5,-60(s0)
80400780:	804087b7          	lui	a5,0x80408
80400784:	3c47a783          	lw	a5,964(a5) # 804083c4 <earth>
80400788:	0007a783          	lw	a5,0(a5)
8040078c:	000780e7          	jalr	a5
80400790:	fca42023          	sw	a0,-64(s0)
80400794:	804087b7          	lui	a5,0x80408
80400798:	3c47a783          	lw	a5,964(a5) # 804083c4 <earth>
8040079c:	0107a703          	lw	a4,16(a5)
804007a0:	fc442783          	lw	a5,-60(s0)
804007a4:	00178693          	addi	a3,a5,1
804007a8:	fcd42223          	sw	a3,-60(s0)
804007ac:	fc042603          	lw	a2,-64(s0)
804007b0:	00078593          	mv	a1,a5
804007b4:	b9c42503          	lw	a0,-1124(s0)
804007b8:	000700e7          	jalr	a4
804007bc:	fc042783          	lw	a5,-64(s0)
804007c0:	00c79713          	slli	a4,a5,0xc
804007c4:	808007b7          	lui	a5,0x80800
804007c8:	00f707b3          	add	a5,a4,a5
804007cc:	faf42e23          	sw	a5,-68(s0)
804007d0:	fbc42783          	lw	a5,-68(s0)
804007d4:	00478793          	addi	a5,a5,4 # 80800004 <__heap_end+0x200004>
804007d8:	faf42c23          	sw	a5,-72(s0)
804007dc:	fb842783          	lw	a5,-72(s0)
804007e0:	04078793          	addi	a5,a5,64
804007e4:	faf42a23          	sw	a5,-76(s0)
804007e8:	fbc42783          	lw	a5,-68(s0)
804007ec:	b9442703          	lw	a4,-1132(s0)
804007f0:	00e7a023          	sw	a4,0(a5)
804007f4:	b9042783          	lw	a5,-1136(s0)
804007f8:	00078e63          	beqz	a5,80400814 <elf_load+0x348>
804007fc:	b9442783          	lw	a5,-1132(s0)
80400800:	00579793          	slli	a5,a5,0x5
80400804:	00078613          	mv	a2,a5
80400808:	b9042583          	lw	a1,-1136(s0)
8040080c:	fb442503          	lw	a0,-76(s0)
80400810:	080010ef          	jal	80401890 <memcpy>
80400814:	fc042c23          	sw	zero,-40(s0)
80400818:	03c0006f          	j	80400854 <elf_load+0x388>
8040081c:	fd842783          	lw	a5,-40(s0)
80400820:	00579713          	slli	a4,a5,0x5
80400824:	806007b7          	lui	a5,0x80600
80400828:	04478793          	addi	a5,a5,68 # 80600044 <__heap_end+0x44>
8040082c:	00f706b3          	add	a3,a4,a5
80400830:	fd842783          	lw	a5,-40(s0)
80400834:	00279793          	slli	a5,a5,0x2
80400838:	fb842703          	lw	a4,-72(s0)
8040083c:	00f707b3          	add	a5,a4,a5
80400840:	00068713          	mv	a4,a3
80400844:	00e7a023          	sw	a4,0(a5)
80400848:	fd842783          	lw	a5,-40(s0)
8040084c:	00178793          	addi	a5,a5,1
80400850:	fcf42c23          	sw	a5,-40(s0)
80400854:	b9442783          	lw	a5,-1132(s0)
80400858:	fd842703          	lw	a4,-40(s0)
8040085c:	fcf760e3          	bltu	a4,a5,8040081c <elf_load+0x350>
80400860:	804087b7          	lui	a5,0x80408
80400864:	3c47a783          	lw	a5,964(a5) # 804083c4 <earth>
80400868:	0007a783          	lw	a5,0(a5)
8040086c:	000780e7          	jalr	a5
80400870:	fca42023          	sw	a0,-64(s0)
80400874:	804087b7          	lui	a5,0x80408
80400878:	3c47a783          	lw	a5,964(a5) # 804083c4 <earth>
8040087c:	0107a703          	lw	a4,16(a5)
80400880:	fc442783          	lw	a5,-60(s0)
80400884:	00178693          	addi	a3,a5,1
80400888:	fcd42223          	sw	a3,-60(s0)
8040088c:	fc042603          	lw	a2,-64(s0)
80400890:	00078593          	mv	a1,a5
80400894:	b9c42503          	lw	a0,-1124(s0)
80400898:	000700e7          	jalr	a4
8040089c:	000807b7          	lui	a5,0x80
804008a0:	7fe78793          	addi	a5,a5,2046 # 807fe <app_entry-0x8037f802>
804008a4:	fcf42a23          	sw	a5,-44(s0)
804008a8:	fc042823          	sw	zero,-48(s0)
804008ac:	04c0006f          	j	804008f8 <elf_load+0x42c>
804008b0:	804087b7          	lui	a5,0x80408
804008b4:	3c47a783          	lw	a5,964(a5) # 804083c4 <earth>
804008b8:	0007a783          	lw	a5,0(a5)
804008bc:	000780e7          	jalr	a5
804008c0:	fca42023          	sw	a0,-64(s0)
804008c4:	804087b7          	lui	a5,0x80408
804008c8:	3c47a783          	lw	a5,964(a5) # 804083c4 <earth>
804008cc:	0107a703          	lw	a4,16(a5)
804008d0:	fd442783          	lw	a5,-44(s0)
804008d4:	00178693          	addi	a3,a5,1
804008d8:	fcd42a23          	sw	a3,-44(s0)
804008dc:	fc042603          	lw	a2,-64(s0)
804008e0:	00078593          	mv	a1,a5
804008e4:	b9c42503          	lw	a0,-1124(s0)
804008e8:	000700e7          	jalr	a4
804008ec:	fd042783          	lw	a5,-48(s0)
804008f0:	00178793          	addi	a5,a5,1
804008f4:	fcf42823          	sw	a5,-48(s0)
804008f8:	fd042703          	lw	a4,-48(s0)
804008fc:	00100793          	li	a5,1
80400900:	fae7f8e3          	bgeu	a5,a4,804008b0 <elf_load+0x3e4>
80400904:	00000013          	nop
80400908:	00000013          	nop
8040090c:	46c12083          	lw	ra,1132(sp)
80400910:	46812403          	lw	s0,1128(sp)
80400914:	47010113          	addi	sp,sp,1136
80400918:	00008067          	ret

8040091c <format_to_str>:
format_to_str():
8040091c:	fe010113          	addi	sp,sp,-32
80400920:	00112e23          	sw	ra,28(sp)
80400924:	00812c23          	sw	s0,24(sp)
80400928:	00912a23          	sw	s1,20(sp)
8040092c:	02010413          	addi	s0,sp,32
80400930:	fea42623          	sw	a0,-20(s0)
80400934:	feb42423          	sw	a1,-24(s0)
80400938:	fec42223          	sw	a2,-28(s0)
8040093c:	fec42783          	lw	a5,-20(s0)
80400940:	00078023          	sb	zero,0(a5)
80400944:	0fc0006f          	j	80400a40 <format_to_str+0x124>
80400948:	fe842783          	lw	a5,-24(s0)
8040094c:	0007c703          	lbu	a4,0(a5)
80400950:	02500793          	li	a5,37
80400954:	00f70c63          	beq	a4,a5,8040096c <format_to_str+0x50>
80400958:	00100613          	li	a2,1
8040095c:	fe842583          	lw	a1,-24(s0)
80400960:	fec42503          	lw	a0,-20(s0)
80400964:	4f5000ef          	jal	80401658 <strncat>
80400968:	0cc0006f          	j	80400a34 <format_to_str+0x118>
8040096c:	fe842783          	lw	a5,-24(s0)
80400970:	00178793          	addi	a5,a5,1
80400974:	fef42423          	sw	a5,-24(s0)
80400978:	fe842783          	lw	a5,-24(s0)
8040097c:	0007c703          	lbu	a4,0(a5)
80400980:	07300793          	li	a5,115
80400984:	02f71263          	bne	a4,a5,804009a8 <format_to_str+0x8c>
80400988:	fe442783          	lw	a5,-28(s0)
8040098c:	00478713          	addi	a4,a5,4
80400990:	fee42223          	sw	a4,-28(s0)
80400994:	0007a783          	lw	a5,0(a5)
80400998:	00078593          	mv	a1,a5
8040099c:	fec42503          	lw	a0,-20(s0)
804009a0:	419000ef          	jal	804015b8 <strcat>
804009a4:	0900006f          	j	80400a34 <format_to_str+0x118>
804009a8:	fe842783          	lw	a5,-24(s0)
804009ac:	0007c703          	lbu	a4,0(a5)
804009b0:	06400793          	li	a5,100
804009b4:	02f71e63          	bne	a4,a5,804009f0 <format_to_str+0xd4>
804009b8:	fe442783          	lw	a5,-28(s0)
804009bc:	00478713          	addi	a4,a5,4
804009c0:	fee42223          	sw	a4,-28(s0)
804009c4:	0007a483          	lw	s1,0(a5)
804009c8:	fec42503          	lw	a0,-20(s0)
804009cc:	7ed000ef          	jal	804019b8 <strlen>
804009d0:	00050713          	mv	a4,a0
804009d4:	fec42783          	lw	a5,-20(s0)
804009d8:	00e787b3          	add	a5,a5,a4
804009dc:	00a00613          	li	a2,10
804009e0:	00078593          	mv	a1,a5
804009e4:	00048513          	mv	a0,s1
804009e8:	768000ef          	jal	80401150 <itoa>
804009ec:	0480006f          	j	80400a34 <format_to_str+0x118>
804009f0:	fe842783          	lw	a5,-24(s0)
804009f4:	0007c703          	lbu	a4,0(a5)
804009f8:	07800793          	li	a5,120
804009fc:	02f71c63          	bne	a4,a5,80400a34 <format_to_str+0x118>
80400a00:	fe442783          	lw	a5,-28(s0)
80400a04:	00478713          	addi	a4,a5,4
80400a08:	fee42223          	sw	a4,-28(s0)
80400a0c:	0007a483          	lw	s1,0(a5)
80400a10:	fec42503          	lw	a0,-20(s0)
80400a14:	7a5000ef          	jal	804019b8 <strlen>
80400a18:	00050713          	mv	a4,a0
80400a1c:	fec42783          	lw	a5,-20(s0)
80400a20:	00e787b3          	add	a5,a5,a4
80400a24:	01000613          	li	a2,16
80400a28:	00078593          	mv	a1,a5
80400a2c:	00048513          	mv	a0,s1
80400a30:	720000ef          	jal	80401150 <itoa>
80400a34:	fe842783          	lw	a5,-24(s0)
80400a38:	00178793          	addi	a5,a5,1
80400a3c:	fef42423          	sw	a5,-24(s0)
80400a40:	fe842783          	lw	a5,-24(s0)
80400a44:	0007c783          	lbu	a5,0(a5)
80400a48:	f00790e3          	bnez	a5,80400948 <format_to_str+0x2c>
80400a4c:	00000013          	nop
80400a50:	00000013          	nop
80400a54:	01c12083          	lw	ra,28(sp)
80400a58:	01812403          	lw	s0,24(sp)
80400a5c:	01412483          	lw	s1,20(sp)
80400a60:	02010113          	addi	sp,sp,32
80400a64:	00008067          	ret

80400a68 <INFO>:
INFO():
80400a68:	db010113          	addi	sp,sp,-592
80400a6c:	22112623          	sw	ra,556(sp)
80400a70:	22812423          	sw	s0,552(sp)
80400a74:	23010413          	addi	s0,sp,560
80400a78:	dca42e23          	sw	a0,-548(s0)
80400a7c:	00b42223          	sw	a1,4(s0)
80400a80:	00c42423          	sw	a2,8(s0)
80400a84:	00d42623          	sw	a3,12(s0)
80400a88:	00e42823          	sw	a4,16(s0)
80400a8c:	00f42a23          	sw	a5,20(s0)
80400a90:	01042c23          	sw	a6,24(s0)
80400a94:	01142e23          	sw	a7,28(s0)
80400a98:	df040793          	addi	a5,s0,-528
80400a9c:	464e5737          	lui	a4,0x464e5
80400aa0:	95b70713          	addi	a4,a4,-1701 # 464e495b <app_entry-0x39f1b6a5>
80400aa4:	00e7a023          	sw	a4,0(a5)
80400aa8:	00206737          	lui	a4,0x206
80400aac:	d4f70713          	addi	a4,a4,-689 # 205d4f <app_entry-0x801fa2b1>
80400ab0:	00e7a223          	sw	a4,4(a5)
80400ab4:	02040793          	addi	a5,s0,32
80400ab8:	dcf42c23          	sw	a5,-552(s0)
80400abc:	dd842783          	lw	a5,-552(s0)
80400ac0:	fe478793          	addi	a5,a5,-28
80400ac4:	def42623          	sw	a5,-532(s0)
80400ac8:	df040793          	addi	a5,s0,-528
80400acc:	00778793          	addi	a5,a5,7
80400ad0:	dec42703          	lw	a4,-532(s0)
80400ad4:	00070613          	mv	a2,a4
80400ad8:	ddc42583          	lw	a1,-548(s0)
80400adc:	00078513          	mv	a0,a5
80400ae0:	e3dff0ef          	jal	8040091c <format_to_str>
80400ae4:	df040793          	addi	a5,s0,-528
80400ae8:	00078513          	mv	a0,a5
80400aec:	6cd000ef          	jal	804019b8 <strlen>
80400af0:	00050793          	mv	a5,a0
80400af4:	00078713          	mv	a4,a5
80400af8:	df040793          	addi	a5,s0,-528
80400afc:	00e787b3          	add	a5,a5,a4
80400b00:	00d00713          	li	a4,13
80400b04:	00e78023          	sb	a4,0(a5)
80400b08:	00a00713          	li	a4,10
80400b0c:	00e780a3          	sb	a4,1(a5)
80400b10:	00078123          	sb	zero,2(a5)
80400b14:	df040793          	addi	a5,s0,-528
80400b18:	00078513          	mv	a0,a5
80400b1c:	69d000ef          	jal	804019b8 <strlen>
80400b20:	00050713          	mv	a4,a0
80400b24:	df040793          	addi	a5,s0,-528
80400b28:	00070593          	mv	a1,a4
80400b2c:	00078513          	mv	a0,a5
80400b30:	4a0000ef          	jal	80400fd0 <term_write>
80400b34:	00000013          	nop
80400b38:	00078513          	mv	a0,a5
80400b3c:	22c12083          	lw	ra,556(sp)
80400b40:	22812403          	lw	s0,552(sp)
80400b44:	25010113          	addi	sp,sp,592
80400b48:	00008067          	ret

80400b4c <FATAL>:
FATAL():
80400b4c:	db010113          	addi	sp,sp,-592
80400b50:	22112623          	sw	ra,556(sp)
80400b54:	22812423          	sw	s0,552(sp)
80400b58:	23010413          	addi	s0,sp,560
80400b5c:	dca42e23          	sw	a0,-548(s0)
80400b60:	00b42223          	sw	a1,4(s0)
80400b64:	00c42423          	sw	a2,8(s0)
80400b68:	00d42623          	sw	a3,12(s0)
80400b6c:	00e42823          	sw	a4,16(s0)
80400b70:	00f42a23          	sw	a5,20(s0)
80400b74:	01042c23          	sw	a6,24(s0)
80400b78:	01142e23          	sw	a7,28(s0)
80400b7c:	df040793          	addi	a5,s0,-528
80400b80:	80408737          	lui	a4,0x80408
80400b84:	11c70713          	addi	a4,a4,284 # 8040811c <__modsi3+0x658c>
80400b88:	00072583          	lw	a1,0(a4)
80400b8c:	00472603          	lw	a2,4(a4)
80400b90:	00872683          	lw	a3,8(a4)
80400b94:	00c72703          	lw	a4,12(a4)
80400b98:	00b7a023          	sw	a1,0(a5)
80400b9c:	00c7a223          	sw	a2,4(a5)
80400ba0:	00d7a423          	sw	a3,8(a5)
80400ba4:	00e7a623          	sw	a4,12(a5)
80400ba8:	02040793          	addi	a5,s0,32
80400bac:	dcf42c23          	sw	a5,-552(s0)
80400bb0:	dd842783          	lw	a5,-552(s0)
80400bb4:	fe478793          	addi	a5,a5,-28
80400bb8:	def42623          	sw	a5,-532(s0)
80400bbc:	df040793          	addi	a5,s0,-528
80400bc0:	00f78793          	addi	a5,a5,15
80400bc4:	dec42703          	lw	a4,-532(s0)
80400bc8:	00070613          	mv	a2,a4
80400bcc:	ddc42583          	lw	a1,-548(s0)
80400bd0:	00078513          	mv	a0,a5
80400bd4:	d49ff0ef          	jal	8040091c <format_to_str>
80400bd8:	df040793          	addi	a5,s0,-528
80400bdc:	00078513          	mv	a0,a5
80400be0:	5d9000ef          	jal	804019b8 <strlen>
80400be4:	00050793          	mv	a5,a0
80400be8:	00078713          	mv	a4,a5
80400bec:	df040793          	addi	a5,s0,-528
80400bf0:	00e787b3          	add	a5,a5,a4
80400bf4:	80408737          	lui	a4,0x80408
80400bf8:	12c70713          	addi	a4,a4,300 # 8040812c <__modsi3+0x659c>
80400bfc:	00074683          	lbu	a3,0(a4)
80400c00:	00068e13          	mv	t3,a3
80400c04:	00174683          	lbu	a3,1(a4)
80400c08:	00068313          	mv	t1,a3
80400c0c:	00274683          	lbu	a3,2(a4)
80400c10:	00068893          	mv	a7,a3
80400c14:	00374683          	lbu	a3,3(a4)
80400c18:	00068813          	mv	a6,a3
80400c1c:	00474683          	lbu	a3,4(a4)
80400c20:	00068513          	mv	a0,a3
80400c24:	00574683          	lbu	a3,5(a4)
80400c28:	00068593          	mv	a1,a3
80400c2c:	00674683          	lbu	a3,6(a4)
80400c30:	00068613          	mv	a2,a3
80400c34:	00774683          	lbu	a3,7(a4)
80400c38:	00874703          	lbu	a4,8(a4)
80400c3c:	01c78023          	sb	t3,0(a5)
80400c40:	006780a3          	sb	t1,1(a5)
80400c44:	01178123          	sb	a7,2(a5)
80400c48:	010781a3          	sb	a6,3(a5)
80400c4c:	00a78223          	sb	a0,4(a5)
80400c50:	00b782a3          	sb	a1,5(a5)
80400c54:	00c78323          	sb	a2,6(a5)
80400c58:	00d783a3          	sb	a3,7(a5)
80400c5c:	00e78423          	sb	a4,8(a5)
80400c60:	df040793          	addi	a5,s0,-528
80400c64:	00078513          	mv	a0,a5
80400c68:	551000ef          	jal	804019b8 <strlen>
80400c6c:	00050713          	mv	a4,a0
80400c70:	df040793          	addi	a5,s0,-528
80400c74:	00070593          	mv	a1,a4
80400c78:	00078513          	mv	a0,a5
80400c7c:	354000ef          	jal	80400fd0 <term_write>
80400c80:	0000006f          	j	80400c80 <FATAL+0x134>

80400c84 <SUCCESS>:
SUCCESS():
80400c84:	db010113          	addi	sp,sp,-592
80400c88:	22112623          	sw	ra,556(sp)
80400c8c:	22812423          	sw	s0,552(sp)
80400c90:	23010413          	addi	s0,sp,560
80400c94:	dca42e23          	sw	a0,-548(s0)
80400c98:	00b42223          	sw	a1,4(s0)
80400c9c:	00c42423          	sw	a2,8(s0)
80400ca0:	00d42623          	sw	a3,12(s0)
80400ca4:	00e42823          	sw	a4,16(s0)
80400ca8:	00f42a23          	sw	a5,20(s0)
80400cac:	01042c23          	sw	a6,24(s0)
80400cb0:	01142e23          	sw	a7,28(s0)
80400cb4:	df040793          	addi	a5,s0,-528
80400cb8:	80408737          	lui	a4,0x80408
80400cbc:	13870713          	addi	a4,a4,312 # 80408138 <__modsi3+0x65a8>
80400cc0:	00072503          	lw	a0,0(a4)
80400cc4:	00472583          	lw	a1,4(a4)
80400cc8:	00872603          	lw	a2,8(a4)
80400ccc:	00c72683          	lw	a3,12(a4)
80400cd0:	00a7a023          	sw	a0,0(a5)
80400cd4:	00b7a223          	sw	a1,4(a5)
80400cd8:	00c7a423          	sw	a2,8(a5)
80400cdc:	00d7a623          	sw	a3,12(a5)
80400ce0:	01075703          	lhu	a4,16(a4)
80400ce4:	00e79823          	sh	a4,16(a5)
80400ce8:	02040793          	addi	a5,s0,32
80400cec:	dcf42c23          	sw	a5,-552(s0)
80400cf0:	dd842783          	lw	a5,-552(s0)
80400cf4:	fe478793          	addi	a5,a5,-28
80400cf8:	def42623          	sw	a5,-532(s0)
80400cfc:	df040793          	addi	a5,s0,-528
80400d00:	01178793          	addi	a5,a5,17
80400d04:	dec42703          	lw	a4,-532(s0)
80400d08:	00070613          	mv	a2,a4
80400d0c:	ddc42583          	lw	a1,-548(s0)
80400d10:	00078513          	mv	a0,a5
80400d14:	c09ff0ef          	jal	8040091c <format_to_str>
80400d18:	df040793          	addi	a5,s0,-528
80400d1c:	00078513          	mv	a0,a5
80400d20:	499000ef          	jal	804019b8 <strlen>
80400d24:	00050793          	mv	a5,a0
80400d28:	00078713          	mv	a4,a5
80400d2c:	df040793          	addi	a5,s0,-528
80400d30:	00e787b3          	add	a5,a5,a4
80400d34:	80408737          	lui	a4,0x80408
80400d38:	12c70713          	addi	a4,a4,300 # 8040812c <__modsi3+0x659c>
80400d3c:	00074683          	lbu	a3,0(a4)
80400d40:	00068e13          	mv	t3,a3
80400d44:	00174683          	lbu	a3,1(a4)
80400d48:	00068313          	mv	t1,a3
80400d4c:	00274683          	lbu	a3,2(a4)
80400d50:	00068893          	mv	a7,a3
80400d54:	00374683          	lbu	a3,3(a4)
80400d58:	00068813          	mv	a6,a3
80400d5c:	00474683          	lbu	a3,4(a4)
80400d60:	00068513          	mv	a0,a3
80400d64:	00574683          	lbu	a3,5(a4)
80400d68:	00068593          	mv	a1,a3
80400d6c:	00674683          	lbu	a3,6(a4)
80400d70:	00068613          	mv	a2,a3
80400d74:	00774683          	lbu	a3,7(a4)
80400d78:	00874703          	lbu	a4,8(a4)
80400d7c:	01c78023          	sb	t3,0(a5)
80400d80:	006780a3          	sb	t1,1(a5)
80400d84:	01178123          	sb	a7,2(a5)
80400d88:	010781a3          	sb	a6,3(a5)
80400d8c:	00a78223          	sb	a0,4(a5)
80400d90:	00b782a3          	sb	a1,5(a5)
80400d94:	00c78323          	sb	a2,6(a5)
80400d98:	00d783a3          	sb	a3,7(a5)
80400d9c:	00e78423          	sb	a4,8(a5)
80400da0:	df040793          	addi	a5,s0,-528
80400da4:	00078513          	mv	a0,a5
80400da8:	411000ef          	jal	804019b8 <strlen>
80400dac:	00050713          	mv	a4,a0
80400db0:	df040793          	addi	a5,s0,-528
80400db4:	00070593          	mv	a1,a4
80400db8:	00078513          	mv	a0,a5
80400dbc:	214000ef          	jal	80400fd0 <term_write>
80400dc0:	00000013          	nop
80400dc4:	00078513          	mv	a0,a5
80400dc8:	22c12083          	lw	ra,556(sp)
80400dcc:	22812403          	lw	s0,552(sp)
80400dd0:	25010113          	addi	sp,sp,592
80400dd4:	00008067          	ret

80400dd8 <exit>:
exit():
80400dd8:	dd010113          	addi	sp,sp,-560
80400ddc:	22112623          	sw	ra,556(sp)
80400de0:	22812423          	sw	s0,552(sp)
80400de4:	23010413          	addi	s0,sp,560
80400de8:	dca42e23          	sw	a0,-548(s0)
80400dec:	00100793          	li	a5,1
80400df0:	def42423          	sw	a5,-536(s0)
80400df4:	de840793          	addi	a5,s0,-536
80400df8:	20800613          	li	a2,520
80400dfc:	00078593          	mv	a1,a5
80400e00:	00100513          	li	a0,1
80400e04:	240000ef          	jal	80401044 <sys_send>
80400e08:	0000006f          	j	80400e08 <exit+0x30>

80400e0c <dir_lookup>:
dir_lookup():
80400e0c:	dd010113          	addi	sp,sp,-560
80400e10:	22112623          	sw	ra,556(sp)
80400e14:	22812423          	sw	s0,552(sp)
80400e18:	23010413          	addi	s0,sp,560
80400e1c:	dca42e23          	sw	a0,-548(s0)
80400e20:	dcb42c23          	sw	a1,-552(s0)
80400e24:	de840793          	addi	a5,s0,-536
80400e28:	00078613          	mv	a2,a5
80400e2c:	00000593          	li	a1,0
80400e30:	ddc42503          	lw	a0,-548(s0)
80400e34:	0e8000ef          	jal	80400f1c <file_read>
80400e38:	fe042623          	sw	zero,-20(s0)
80400e3c:	dd842503          	lw	a0,-552(s0)
80400e40:	379000ef          	jal	804019b8 <strlen>
80400e44:	fea42423          	sw	a0,-24(s0)
80400e48:	09c0006f          	j	80400ee4 <dir_lookup+0xd8>
80400e4c:	de840713          	addi	a4,s0,-536
80400e50:	fec42783          	lw	a5,-20(s0)
80400e54:	00f707b3          	add	a5,a4,a5
80400e58:	fe842603          	lw	a2,-24(s0)
80400e5c:	00078593          	mv	a1,a5
80400e60:	dd842503          	lw	a0,-552(s0)
80400e64:	0a1000ef          	jal	80401704 <strncmp>
80400e68:	00050793          	mv	a5,a0
80400e6c:	06079663          	bnez	a5,80400ed8 <dir_lookup+0xcc>
80400e70:	fec42703          	lw	a4,-20(s0)
80400e74:	fe842783          	lw	a5,-24(s0)
80400e78:	00f707b3          	add	a5,a4,a5
80400e7c:	ff078793          	addi	a5,a5,-16
80400e80:	008787b3          	add	a5,a5,s0
80400e84:	df87c703          	lbu	a4,-520(a5)
80400e88:	02000793          	li	a5,32
80400e8c:	04f71663          	bne	a4,a5,80400ed8 <dir_lookup+0xcc>
80400e90:	fec42783          	lw	a5,-20(s0)
80400e94:	02078063          	beqz	a5,80400eb4 <dir_lookup+0xa8>
80400e98:	fec42783          	lw	a5,-20(s0)
80400e9c:	fff78793          	addi	a5,a5,-1
80400ea0:	ff078793          	addi	a5,a5,-16
80400ea4:	008787b3          	add	a5,a5,s0
80400ea8:	df87c703          	lbu	a4,-520(a5)
80400eac:	02000793          	li	a5,32
80400eb0:	02f71463          	bne	a4,a5,80400ed8 <dir_lookup+0xcc>
80400eb4:	fec42703          	lw	a4,-20(s0)
80400eb8:	fe842783          	lw	a5,-24(s0)
80400ebc:	00f707b3          	add	a5,a4,a5
80400ec0:	de840713          	addi	a4,s0,-536
80400ec4:	00f707b3          	add	a5,a4,a5
80400ec8:	00078513          	mv	a0,a5
80400ecc:	278000ef          	jal	80401144 <atoi>
80400ed0:	00050793          	mv	a5,a0
80400ed4:	0340006f          	j	80400f08 <dir_lookup+0xfc>
80400ed8:	fec42783          	lw	a5,-20(s0)
80400edc:	00178793          	addi	a5,a5,1
80400ee0:	fef42623          	sw	a5,-20(s0)
80400ee4:	de840793          	addi	a5,s0,-536
80400ee8:	00078513          	mv	a0,a5
80400eec:	2cd000ef          	jal	804019b8 <strlen>
80400ef0:	00050713          	mv	a4,a0
80400ef4:	fe842783          	lw	a5,-24(s0)
80400ef8:	40f707b3          	sub	a5,a4,a5
80400efc:	fec42703          	lw	a4,-20(s0)
80400f00:	f4f766e3          	bltu	a4,a5,80400e4c <dir_lookup+0x40>
80400f04:	fff00793          	li	a5,-1
80400f08:	00078513          	mv	a0,a5
80400f0c:	22c12083          	lw	ra,556(sp)
80400f10:	22812403          	lw	s0,552(sp)
80400f14:	23010113          	addi	sp,sp,560
80400f18:	00008067          	ret

80400f1c <file_read>:
file_read():
80400f1c:	dd010113          	addi	sp,sp,-560
80400f20:	22112623          	sw	ra,556(sp)
80400f24:	22812423          	sw	s0,552(sp)
80400f28:	23010413          	addi	s0,sp,560
80400f2c:	dca42e23          	sw	a0,-548(s0)
80400f30:	dcb42c23          	sw	a1,-552(s0)
80400f34:	dcc42a23          	sw	a2,-556(s0)
80400f38:	00100793          	li	a5,1
80400f3c:	def42023          	sw	a5,-544(s0)
80400f40:	ddc42783          	lw	a5,-548(s0)
80400f44:	def42223          	sw	a5,-540(s0)
80400f48:	dd842783          	lw	a5,-552(s0)
80400f4c:	def42423          	sw	a5,-536(s0)
80400f50:	de040793          	addi	a5,s0,-544
80400f54:	20c00613          	li	a2,524
80400f58:	00078593          	mv	a1,a5
80400f5c:	00300513          	li	a0,3
80400f60:	0e4000ef          	jal	80401044 <sys_send>
80400f64:	40000693          	li	a3,1024
80400f68:	804087b7          	lui	a5,0x80408
80400f6c:	3e078613          	addi	a2,a5,992 # 804083e0 <buf>
80400f70:	804087b7          	lui	a5,0x80408
80400f74:	3dc78593          	addi	a1,a5,988 # 804083dc <sender>
80400f78:	00300513          	li	a0,3
80400f7c:	138000ef          	jal	804010b4 <sys_recv>
80400f80:	804087b7          	lui	a5,0x80408
80400f84:	3e078793          	addi	a5,a5,992 # 804083e0 <buf>
80400f88:	fef42623          	sw	a5,-20(s0)
80400f8c:	fec42783          	lw	a5,-20(s0)
80400f90:	00478793          	addi	a5,a5,4
80400f94:	20000613          	li	a2,512
80400f98:	00078593          	mv	a1,a5
80400f9c:	dd442503          	lw	a0,-556(s0)
80400fa0:	0f1000ef          	jal	80401890 <memcpy>
80400fa4:	fec42783          	lw	a5,-20(s0)
80400fa8:	0007a783          	lw	a5,0(a5)
80400fac:	00079663          	bnez	a5,80400fb8 <file_read+0x9c>
80400fb0:	00000793          	li	a5,0
80400fb4:	0080006f          	j	80400fbc <file_read+0xa0>
80400fb8:	fff00793          	li	a5,-1
80400fbc:	00078513          	mv	a0,a5
80400fc0:	22c12083          	lw	ra,556(sp)
80400fc4:	22812403          	lw	s0,552(sp)
80400fc8:	23010113          	addi	sp,sp,560
80400fcc:	00008067          	ret

80400fd0 <term_write>:
term_write():
80400fd0:	fd010113          	addi	sp,sp,-48
80400fd4:	02112623          	sw	ra,44(sp)
80400fd8:	02812423          	sw	s0,40(sp)
80400fdc:	03010413          	addi	s0,sp,48
80400fe0:	fca42e23          	sw	a0,-36(s0)
80400fe4:	fcb42c23          	sw	a1,-40(s0)
80400fe8:	fe042623          	sw	zero,-20(s0)
80400fec:	0340006f          	j	80401020 <term_write+0x50>
80400ff0:	804087b7          	lui	a5,0x80408
80400ff4:	3c47a783          	lw	a5,964(a5) # 804083c4 <earth>
80400ff8:	0207a783          	lw	a5,32(a5)
80400ffc:	fdc42683          	lw	a3,-36(s0)
80401000:	fec42703          	lw	a4,-20(s0)
80401004:	00e68733          	add	a4,a3,a4
80401008:	00074703          	lbu	a4,0(a4)
8040100c:	00070513          	mv	a0,a4
80401010:	000780e7          	jalr	a5
80401014:	fec42783          	lw	a5,-20(s0)
80401018:	00178793          	addi	a5,a5,1
8040101c:	fef42623          	sw	a5,-20(s0)
80401020:	fec42703          	lw	a4,-20(s0)
80401024:	fd842783          	lw	a5,-40(s0)
80401028:	fcf764e3          	bltu	a4,a5,80400ff0 <term_write+0x20>
8040102c:	00000013          	nop
80401030:	00000013          	nop
80401034:	02c12083          	lw	ra,44(sp)
80401038:	02812403          	lw	s0,40(sp)
8040103c:	03010113          	addi	sp,sp,48
80401040:	00008067          	ret

80401044 <sys_send>:
sys_send():
80401044:	fe010113          	addi	sp,sp,-32
80401048:	00112e23          	sw	ra,28(sp)
8040104c:	00812c23          	sw	s0,24(sp)
80401050:	02010413          	addi	s0,sp,32
80401054:	fea42623          	sw	a0,-20(s0)
80401058:	feb42423          	sw	a1,-24(s0)
8040105c:	fec42223          	sw	a2,-28(s0)
80401060:	804087b7          	lui	a5,0x80408
80401064:	3c87a783          	lw	a5,968(a5) # 804083c8 <sc>
80401068:	00200713          	li	a4,2
8040106c:	00e7a023          	sw	a4,0(a5)
80401070:	804087b7          	lui	a5,0x80408
80401074:	3c87a783          	lw	a5,968(a5) # 804083c8 <sc>
80401078:	fec42703          	lw	a4,-20(s0)
8040107c:	00e7a423          	sw	a4,8(a5)
80401080:	804087b7          	lui	a5,0x80408
80401084:	3c87a783          	lw	a5,968(a5) # 804083c8 <sc>
80401088:	00c78793          	addi	a5,a5,12
8040108c:	fe442603          	lw	a2,-28(s0)
80401090:	fe842583          	lw	a1,-24(s0)
80401094:	00078513          	mv	a0,a5
80401098:	7f8000ef          	jal	80401890 <memcpy>
8040109c:	00000073          	ecall
804010a0:	00000013          	nop
804010a4:	01c12083          	lw	ra,28(sp)
804010a8:	01812403          	lw	s0,24(sp)
804010ac:	02010113          	addi	sp,sp,32
804010b0:	00008067          	ret

804010b4 <sys_recv>:
sys_recv():
804010b4:	fe010113          	addi	sp,sp,-32
804010b8:	00112e23          	sw	ra,28(sp)
804010bc:	00812c23          	sw	s0,24(sp)
804010c0:	02010413          	addi	s0,sp,32
804010c4:	fea42623          	sw	a0,-20(s0)
804010c8:	feb42423          	sw	a1,-24(s0)
804010cc:	fec42223          	sw	a2,-28(s0)
804010d0:	fed42023          	sw	a3,-32(s0)
804010d4:	804087b7          	lui	a5,0x80408
804010d8:	3c87a783          	lw	a5,968(a5) # 804083c8 <sc>
804010dc:	fec42703          	lw	a4,-20(s0)
804010e0:	00e7a223          	sw	a4,4(a5)
804010e4:	804087b7          	lui	a5,0x80408
804010e8:	3c87a783          	lw	a5,968(a5) # 804083c8 <sc>
804010ec:	00100713          	li	a4,1
804010f0:	00e7a023          	sw	a4,0(a5)
804010f4:	00000073          	ecall
804010f8:	804087b7          	lui	a5,0x80408
804010fc:	3c87a783          	lw	a5,968(a5) # 804083c8 <sc>
80401100:	00c78793          	addi	a5,a5,12
80401104:	fe042603          	lw	a2,-32(s0)
80401108:	00078593          	mv	a1,a5
8040110c:	fe442503          	lw	a0,-28(s0)
80401110:	780000ef          	jal	80401890 <memcpy>
80401114:	fe842783          	lw	a5,-24(s0)
80401118:	00078c63          	beqz	a5,80401130 <sys_recv+0x7c>
8040111c:	804087b7          	lui	a5,0x80408
80401120:	3c87a783          	lw	a5,968(a5) # 804083c8 <sc>
80401124:	0047a703          	lw	a4,4(a5)
80401128:	fe842783          	lw	a5,-24(s0)
8040112c:	00e7a023          	sw	a4,0(a5)
80401130:	00000013          	nop
80401134:	01c12083          	lw	ra,28(sp)
80401138:	01812403          	lw	s0,24(sp)
8040113c:	02010113          	addi	sp,sp,32
80401140:	00008067          	ret

80401144 <atoi>:
atoi():
80401144:	00a00613          	li	a2,10
80401148:	00000593          	li	a1,0
8040114c:	2f80006f          	j	80401444 <strtol>

80401150 <itoa>:
itoa():
80401150:	ff010113          	addi	sp,sp,-16
80401154:	00812423          	sw	s0,8(sp)
80401158:	00112623          	sw	ra,12(sp)
8040115c:	ffe60713          	addi	a4,a2,-2 # ffe <app_entry-0x803ff002>
80401160:	02200793          	li	a5,34
80401164:	00058413          	mv	s0,a1
80401168:	04e7e063          	bltu	a5,a4,804011a8 <itoa+0x58>
8040116c:	00a00793          	li	a5,10
80401170:	02f60063          	beq	a2,a5,80401190 <itoa+0x40>
80401174:	00040593          	mv	a1,s0
80401178:	2ec000ef          	jal	80401464 <__utoa>
8040117c:	00c12083          	lw	ra,12(sp)
80401180:	00040513          	mv	a0,s0
80401184:	00812403          	lw	s0,8(sp)
80401188:	01010113          	addi	sp,sp,16
8040118c:	00008067          	ret
80401190:	fe0552e3          	bgez	a0,80401174 <itoa+0x24>
80401194:	02d00793          	li	a5,45
80401198:	00f58023          	sb	a5,0(a1)
8040119c:	40a00533          	neg	a0,a0
804011a0:	00158593          	addi	a1,a1,1
804011a4:	fd5ff06f          	j	80401178 <itoa+0x28>
804011a8:	00058023          	sb	zero,0(a1)
804011ac:	00c12083          	lw	ra,12(sp)
804011b0:	00812403          	lw	s0,8(sp)
804011b4:	00000513          	li	a0,0
804011b8:	01010113          	addi	sp,sp,16
804011bc:	00008067          	ret

804011c0 <_strtol_l.isra.0>:
_strtol_l.isra.0():
804011c0:	fb010113          	addi	sp,sp,-80
804011c4:	04112623          	sw	ra,76(sp)
804011c8:	02400793          	li	a5,36
804011cc:	00a12423          	sw	a0,8(sp)
804011d0:	18d7ec63          	bltu	a5,a3,80401368 <_strtol_l.isra.0+0x1a8>
804011d4:	04812423          	sw	s0,72(sp)
804011d8:	05212023          	sw	s2,64(sp)
804011dc:	03312e23          	sw	s3,60(sp)
804011e0:	03412c23          	sw	s4,56(sp)
804011e4:	03912223          	sw	s9,36(sp)
804011e8:	00100793          	li	a5,1
804011ec:	00068c93          	mv	s9,a3
804011f0:	00058913          	mv	s2,a1
804011f4:	00060a13          	mv	s4,a2
804011f8:	00068993          	mv	s3,a3
804011fc:	00058413          	mv	s0,a1
80401200:	00007717          	auipc	a4,0x7
80401204:	f8970713          	addi	a4,a4,-119 # 80408189 <_ctype_+0x1>
80401208:	14f68663          	beq	a3,a5,80401354 <_strtol_l.isra.0+0x194>
8040120c:	04912223          	sw	s1,68(sp)
80401210:	03512a23          	sw	s5,52(sp)
80401214:	03612823          	sw	s6,48(sp)
80401218:	03712623          	sw	s7,44(sp)
8040121c:	03812423          	sw	s8,40(sp)
80401220:	03a12023          	sw	s10,32(sp)
80401224:	01b12e23          	sw	s11,28(sp)
80401228:	00040693          	mv	a3,s0
8040122c:	00044483          	lbu	s1,0(s0)
80401230:	00140413          	addi	s0,s0,1
80401234:	009707b3          	add	a5,a4,s1
80401238:	0007c783          	lbu	a5,0(a5)
8040123c:	0087f793          	andi	a5,a5,8
80401240:	fe0794e3          	bnez	a5,80401228 <_strtol_l.isra.0+0x68>
80401244:	02d00793          	li	a5,45
80401248:	1af48063          	beq	s1,a5,804013e8 <_strtol_l.isra.0+0x228>
8040124c:	02b00793          	li	a5,43
80401250:	80000b37          	lui	s6,0x80000
80401254:	12f48863          	beq	s1,a5,80401384 <_strtol_l.isra.0+0x1c4>
80401258:	fffb0b13          	addi	s6,s6,-1 # 7fffffff <app_entry-0x400001>
8040125c:	00012623          	sw	zero,12(sp)
80401260:	120c9c63          	bnez	s9,80401398 <_strtol_l.isra.0+0x1d8>
80401264:	00a00993          	li	s3,10
80401268:	03000793          	li	a5,48
8040126c:	00098c93          	mv	s9,s3
80401270:	1af48863          	beq	s1,a5,80401420 <_strtol_l.isra.0+0x260>
80401274:	00098593          	mv	a1,s3
80401278:	000b0513          	mv	a0,s6
8040127c:	0e1000ef          	jal	80401b5c <__umodsi3>
80401280:	00050b93          	mv	s7,a0
80401284:	00098593          	mv	a1,s3
80401288:	000b0513          	mv	a0,s6
8040128c:	089000ef          	jal	80401b14 <__hidden___udivsi3>
80401290:	00900d93          	li	s11,9
80401294:	fd048793          	addi	a5,s1,-48
80401298:	00050d13          	mv	s10,a0
8040129c:	00000713          	li	a4,0
804012a0:	00000513          	li	a0,0
804012a4:	01900a93          	li	s5,25
804012a8:	fff00c13          	li	s8,-1
804012ac:	02fdee63          	bltu	s11,a5,804012e8 <_strtol_l.isra.0+0x128>
804012b0:	00078493          	mv	s1,a5
804012b4:	0594d263          	bge	s1,s9,804012f8 <_strtol_l.isra.0+0x138>
804012b8:	03870063          	beq	a4,s8,804012d8 <_strtol_l.isra.0+0x118>
804012bc:	fff00713          	li	a4,-1
804012c0:	00ad6c63          	bltu	s10,a0,804012d8 <_strtol_l.isra.0+0x118>
804012c4:	10ad0e63          	beq	s10,a0,804013e0 <_strtol_l.isra.0+0x220>
804012c8:	00098593          	mv	a1,s3
804012cc:	01d000ef          	jal	80401ae8 <__mulsi3>
804012d0:	00a48533          	add	a0,s1,a0
804012d4:	00100713          	li	a4,1
804012d8:	00044483          	lbu	s1,0(s0)
804012dc:	00140413          	addi	s0,s0,1
804012e0:	fd048793          	addi	a5,s1,-48
804012e4:	fcfdf6e3          	bgeu	s11,a5,804012b0 <_strtol_l.isra.0+0xf0>
804012e8:	fbf48793          	addi	a5,s1,-65
804012ec:	0efae263          	bltu	s5,a5,804013d0 <_strtol_l.isra.0+0x210>
804012f0:	fc948493          	addi	s1,s1,-55
804012f4:	fd94c2e3          	blt	s1,s9,804012b8 <_strtol_l.isra.0+0xf8>
804012f8:	fff00793          	li	a5,-1
804012fc:	10f70263          	beq	a4,a5,80401400 <_strtol_l.isra.0+0x240>
80401300:	00c12783          	lw	a5,12(sp)
80401304:	00078463          	beqz	a5,8040130c <_strtol_l.isra.0+0x14c>
80401308:	40a00533          	neg	a0,a0
8040130c:	000a0663          	beqz	s4,80401318 <_strtol_l.isra.0+0x158>
80401310:	12071663          	bnez	a4,8040143c <_strtol_l.isra.0+0x27c>
80401314:	012a2023          	sw	s2,0(s4)
80401318:	04812403          	lw	s0,72(sp)
8040131c:	04c12083          	lw	ra,76(sp)
80401320:	04412483          	lw	s1,68(sp)
80401324:	04012903          	lw	s2,64(sp)
80401328:	03c12983          	lw	s3,60(sp)
8040132c:	03812a03          	lw	s4,56(sp)
80401330:	03412a83          	lw	s5,52(sp)
80401334:	03012b03          	lw	s6,48(sp)
80401338:	02c12b83          	lw	s7,44(sp)
8040133c:	02812c03          	lw	s8,40(sp)
80401340:	02412c83          	lw	s9,36(sp)
80401344:	02012d03          	lw	s10,32(sp)
80401348:	01c12d83          	lw	s11,28(sp)
8040134c:	05010113          	addi	sp,sp,80
80401350:	00008067          	ret
80401354:	04812403          	lw	s0,72(sp)
80401358:	04012903          	lw	s2,64(sp)
8040135c:	03c12983          	lw	s3,60(sp)
80401360:	03812a03          	lw	s4,56(sp)
80401364:	02412c83          	lw	s9,36(sp)
80401368:	440000ef          	jal	804017a8 <__errno>
8040136c:	04c12083          	lw	ra,76(sp)
80401370:	01600793          	li	a5,22
80401374:	00f52023          	sw	a5,0(a0)
80401378:	00000513          	li	a0,0
8040137c:	05010113          	addi	sp,sp,80
80401380:	00008067          	ret
80401384:	00012623          	sw	zero,12(sp)
80401388:	00044483          	lbu	s1,0(s0)
8040138c:	fffb0b13          	addi	s6,s6,-1
80401390:	00268413          	addi	s0,a3,2
80401394:	ec0c88e3          	beqz	s9,80401264 <_strtol_l.isra.0+0xa4>
80401398:	01000793          	li	a5,16
8040139c:	ecfc9ce3          	bne	s9,a5,80401274 <_strtol_l.isra.0+0xb4>
804013a0:	03000793          	li	a5,48
804013a4:	000c8993          	mv	s3,s9
804013a8:	ecf496e3          	bne	s1,a5,80401274 <_strtol_l.isra.0+0xb4>
804013ac:	00044783          	lbu	a5,0(s0)
804013b0:	05800713          	li	a4,88
804013b4:	0df7f793          	andi	a5,a5,223
804013b8:	eae79ee3          	bne	a5,a4,80401274 <_strtol_l.isra.0+0xb4>
804013bc:	01000993          	li	s3,16
804013c0:	00144483          	lbu	s1,1(s0)
804013c4:	00098c93          	mv	s9,s3
804013c8:	00240413          	addi	s0,s0,2
804013cc:	ea9ff06f          	j	80401274 <_strtol_l.isra.0+0xb4>
804013d0:	f9f48793          	addi	a5,s1,-97
804013d4:	f2fae2e3          	bltu	s5,a5,804012f8 <_strtol_l.isra.0+0x138>
804013d8:	fa948493          	addi	s1,s1,-87
804013dc:	ed9ff06f          	j	804012b4 <_strtol_l.isra.0+0xf4>
804013e0:	ee9bcce3          	blt	s7,s1,804012d8 <_strtol_l.isra.0+0x118>
804013e4:	ee5ff06f          	j	804012c8 <_strtol_l.isra.0+0x108>
804013e8:	00100793          	li	a5,1
804013ec:	00044483          	lbu	s1,0(s0)
804013f0:	80000b37          	lui	s6,0x80000
804013f4:	00268413          	addi	s0,a3,2
804013f8:	00f12623          	sw	a5,12(sp)
804013fc:	e65ff06f          	j	80401260 <_strtol_l.isra.0+0xa0>
80401400:	00812703          	lw	a4,8(sp)
80401404:	02200793          	li	a5,34
80401408:	000b0513          	mv	a0,s6
8040140c:	00f72023          	sw	a5,0(a4)
80401410:	f00a04e3          	beqz	s4,80401318 <_strtol_l.isra.0+0x158>
80401414:	fff40913          	addi	s2,s0,-1
80401418:	000b0513          	mv	a0,s6
8040141c:	ef9ff06f          	j	80401314 <_strtol_l.isra.0+0x154>
80401420:	00044783          	lbu	a5,0(s0)
80401424:	05800713          	li	a4,88
80401428:	0df7f793          	andi	a5,a5,223
8040142c:	f8e788e3          	beq	a5,a4,804013bc <_strtol_l.isra.0+0x1fc>
80401430:	00800993          	li	s3,8
80401434:	00098c93          	mv	s9,s3
80401438:	e3dff06f          	j	80401274 <_strtol_l.isra.0+0xb4>
8040143c:	00050b13          	mv	s6,a0
80401440:	fd5ff06f          	j	80401414 <_strtol_l.isra.0+0x254>

80401444 <strtol>:
strtol():
80401444:	00050713          	mv	a4,a0
80401448:	00007517          	auipc	a0,0x7
8040144c:	f8452503          	lw	a0,-124(a0) # 804083cc <_impure_ptr>
80401450:	00058793          	mv	a5,a1
80401454:	00060693          	mv	a3,a2
80401458:	00070593          	mv	a1,a4
8040145c:	00078613          	mv	a2,a5
80401460:	d61ff06f          	j	804011c0 <_strtol_l.isra.0>

80401464 <__utoa>:
__utoa():
80401464:	00007797          	auipc	a5,0x7
80401468:	cfc78793          	addi	a5,a5,-772 # 80408160 <__modsi3+0x65d0>
8040146c:	0007a283          	lw	t0,0(a5)
80401470:	0047af83          	lw	t6,4(a5)
80401474:	0087af03          	lw	t5,8(a5)
80401478:	00c7ae83          	lw	t4,12(a5)
8040147c:	0107ae03          	lw	t3,16(a5)
80401480:	0147a303          	lw	t1,20(a5)
80401484:	0187a883          	lw	a7,24(a5)
80401488:	01c7a803          	lw	a6,28(a5)
8040148c:	0207a683          	lw	a3,32(a5)
80401490:	00007797          	auipc	a5,0x7
80401494:	cf47c783          	lbu	a5,-780(a5) # 80408184 <__modsi3+0x65f4>
80401498:	fb010113          	addi	sp,sp,-80
8040149c:	03512a23          	sw	s5,52(sp)
804014a0:	02f10623          	sb	a5,44(sp)
804014a4:	04112623          	sw	ra,76(sp)
804014a8:	ffe60713          	addi	a4,a2,-2
804014ac:	00512423          	sw	t0,8(sp)
804014b0:	01f12623          	sw	t6,12(sp)
804014b4:	01e12823          	sw	t5,16(sp)
804014b8:	01d12a23          	sw	t4,20(sp)
804014bc:	01c12c23          	sw	t3,24(sp)
804014c0:	00612e23          	sw	t1,28(sp)
804014c4:	03112023          	sw	a7,32(sp)
804014c8:	03012223          	sw	a6,36(sp)
804014cc:	02d12423          	sw	a3,40(sp)
804014d0:	02200793          	li	a5,34
804014d4:	00058a93          	mv	s5,a1
804014d8:	0ce7e463          	bltu	a5,a4,804015a0 <__utoa+0x13c>
804014dc:	04812423          	sw	s0,72(sp)
804014e0:	04912223          	sw	s1,68(sp)
804014e4:	05212023          	sw	s2,64(sp)
804014e8:	03312e23          	sw	s3,60(sp)
804014ec:	03412c23          	sw	s4,56(sp)
804014f0:	03612823          	sw	s6,48(sp)
804014f4:	00060493          	mv	s1,a2
804014f8:	00050413          	mv	s0,a0
804014fc:	00000913          	li	s2,0
80401500:	00048593          	mv	a1,s1
80401504:	00040513          	mv	a0,s0
80401508:	654000ef          	jal	80401b5c <__umodsi3>
8040150c:	00250533          	add	a0,a0,sp
80401510:	00854783          	lbu	a5,8(a0)
80401514:	00090993          	mv	s3,s2
80401518:	00190913          	addi	s2,s2,1
8040151c:	012a8a33          	add	s4,s5,s2
80401520:	00040513          	mv	a0,s0
80401524:	00048593          	mv	a1,s1
80401528:	fefa0fa3          	sb	a5,-1(s4)
8040152c:	00040b13          	mv	s6,s0
80401530:	5e4000ef          	jal	80401b14 <__hidden___udivsi3>
80401534:	00050413          	mv	s0,a0
80401538:	fc9b74e3          	bgeu	s6,s1,80401500 <__utoa+0x9c>
8040153c:	000a0023          	sb	zero,0(s4)
80401540:	02098a63          	beqz	s3,80401574 <__utoa+0x110>
80401544:	000a8693          	mv	a3,s5
80401548:	013a8733          	add	a4,s5,s3
8040154c:	00000793          	li	a5,0
80401550:	00074583          	lbu	a1,0(a4)
80401554:	0006c603          	lbu	a2,0(a3)
80401558:	00178793          	addi	a5,a5,1
8040155c:	00b68023          	sb	a1,0(a3)
80401560:	00c70023          	sb	a2,0(a4)
80401564:	40f98633          	sub	a2,s3,a5
80401568:	00168693          	addi	a3,a3,1
8040156c:	fff70713          	addi	a4,a4,-1
80401570:	fec7c0e3          	blt	a5,a2,80401550 <__utoa+0xec>
80401574:	04812403          	lw	s0,72(sp)
80401578:	04c12083          	lw	ra,76(sp)
8040157c:	04412483          	lw	s1,68(sp)
80401580:	04012903          	lw	s2,64(sp)
80401584:	03c12983          	lw	s3,60(sp)
80401588:	03812a03          	lw	s4,56(sp)
8040158c:	03012b03          	lw	s6,48(sp)
80401590:	000a8513          	mv	a0,s5
80401594:	03412a83          	lw	s5,52(sp)
80401598:	05010113          	addi	sp,sp,80
8040159c:	00008067          	ret
804015a0:	00058023          	sb	zero,0(a1)
804015a4:	04c12083          	lw	ra,76(sp)
804015a8:	03412a83          	lw	s5,52(sp)
804015ac:	00000513          	li	a0,0
804015b0:	05010113          	addi	sp,sp,80
804015b4:	00008067          	ret

804015b8 <strcat>:
strcat():
804015b8:	ff010113          	addi	sp,sp,-16
804015bc:	00812423          	sw	s0,8(sp)
804015c0:	00112623          	sw	ra,12(sp)
804015c4:	00357793          	andi	a5,a0,3
804015c8:	00050413          	mv	s0,a0
804015cc:	06079663          	bnez	a5,80401638 <strcat+0x80>
804015d0:	00052703          	lw	a4,0(a0)
804015d4:	feff0637          	lui	a2,0xfeff0
804015d8:	eff60613          	addi	a2,a2,-257 # fefefeff <__heap_end+0x7e9efeff>
804015dc:	00c707b3          	add	a5,a4,a2
804015e0:	808086b7          	lui	a3,0x80808
804015e4:	fff74713          	not	a4,a4
804015e8:	00e7f7b3          	and	a5,a5,a4
804015ec:	08068693          	addi	a3,a3,128 # 80808080 <__heap_end+0x208080>
804015f0:	00d7f7b3          	and	a5,a5,a3
804015f4:	04079263          	bnez	a5,80401638 <strcat+0x80>
804015f8:	00452703          	lw	a4,4(a0)
804015fc:	00450513          	addi	a0,a0,4
80401600:	00c707b3          	add	a5,a4,a2
80401604:	fff74713          	not	a4,a4
80401608:	00e7f7b3          	and	a5,a5,a4
8040160c:	00d7f7b3          	and	a5,a5,a3
80401610:	02079463          	bnez	a5,80401638 <strcat+0x80>
80401614:	00452703          	lw	a4,4(a0)
80401618:	00450513          	addi	a0,a0,4
8040161c:	00c707b3          	add	a5,a4,a2
80401620:	fff74713          	not	a4,a4
80401624:	00e7f7b3          	and	a5,a5,a4
80401628:	00d7f7b3          	and	a5,a5,a3
8040162c:	fc0786e3          	beqz	a5,804015f8 <strcat+0x40>
80401630:	0080006f          	j	80401638 <strcat+0x80>
80401634:	00150513          	addi	a0,a0,1
80401638:	00054783          	lbu	a5,0(a0)
8040163c:	fe079ce3          	bnez	a5,80401634 <strcat+0x7c>
80401640:	404000ef          	jal	80401a44 <strcpy>
80401644:	00c12083          	lw	ra,12(sp)
80401648:	00040513          	mv	a0,s0
8040164c:	00812403          	lw	s0,8(sp)
80401650:	01010113          	addi	sp,sp,16
80401654:	00008067          	ret

80401658 <strncat>:
strncat():
80401658:	00357713          	andi	a4,a0,3
8040165c:	00050793          	mv	a5,a0
80401660:	06071663          	bnez	a4,804016cc <strncat+0x74>
80401664:	00052683          	lw	a3,0(a0)
80401668:	feff08b7          	lui	a7,0xfeff0
8040166c:	eff88893          	addi	a7,a7,-257 # fefefeff <__heap_end+0x7e9efeff>
80401670:	01168733          	add	a4,a3,a7
80401674:	80808837          	lui	a6,0x80808
80401678:	fff6c693          	not	a3,a3
8040167c:	00d77733          	and	a4,a4,a3
80401680:	08080813          	addi	a6,a6,128 # 80808080 <__heap_end+0x208080>
80401684:	01077733          	and	a4,a4,a6
80401688:	04071263          	bnez	a4,804016cc <strncat+0x74>
8040168c:	0047a683          	lw	a3,4(a5)
80401690:	00478793          	addi	a5,a5,4
80401694:	01168733          	add	a4,a3,a7
80401698:	fff6c693          	not	a3,a3
8040169c:	00d77733          	and	a4,a4,a3
804016a0:	01077733          	and	a4,a4,a6
804016a4:	02071463          	bnez	a4,804016cc <strncat+0x74>
804016a8:	0047a683          	lw	a3,4(a5)
804016ac:	00478793          	addi	a5,a5,4
804016b0:	01168733          	add	a4,a3,a7
804016b4:	fff6c693          	not	a3,a3
804016b8:	00d77733          	and	a4,a4,a3
804016bc:	01077733          	and	a4,a4,a6
804016c0:	fc0706e3          	beqz	a4,8040168c <strncat+0x34>
804016c4:	0080006f          	j	804016cc <strncat+0x74>
804016c8:	00178793          	addi	a5,a5,1
804016cc:	0007c703          	lbu	a4,0(a5)
804016d0:	fe071ce3          	bnez	a4,804016c8 <strncat+0x70>
804016d4:	00c786b3          	add	a3,a5,a2
804016d8:	02060463          	beqz	a2,80401700 <strncat+0xa8>
804016dc:	0005c703          	lbu	a4,0(a1)
804016e0:	00178793          	addi	a5,a5,1
804016e4:	00158593          	addi	a1,a1,1
804016e8:	fee78fa3          	sb	a4,-1(a5)
804016ec:	00070863          	beqz	a4,804016fc <strncat+0xa4>
804016f0:	fef696e3          	bne	a3,a5,804016dc <strncat+0x84>
804016f4:	00068023          	sb	zero,0(a3)
804016f8:	00008067          	ret
804016fc:	00008067          	ret
80401700:	00008067          	ret

80401704 <strncmp>:
strncmp():
80401704:	08060a63          	beqz	a2,80401798 <strncmp+0x94>
80401708:	00b567b3          	or	a5,a0,a1
8040170c:	0037f793          	andi	a5,a5,3
80401710:	04079a63          	bnez	a5,80401764 <strncmp+0x60>
80401714:	feff0e37          	lui	t3,0xfeff0
80401718:	80808337          	lui	t1,0x80808
8040171c:	00300893          	li	a7,3
80401720:	effe0e13          	addi	t3,t3,-257 # fefefeff <__heap_end+0x7e9efeff>
80401724:	08030313          	addi	t1,t1,128 # 80808080 <__heap_end+0x208080>
80401728:	02c8e063          	bltu	a7,a2,80401748 <strncmp+0x44>
8040172c:	0380006f          	j	80401764 <strncmp+0x60>
80401730:	ffc60613          	addi	a2,a2,-4
80401734:	06060263          	beqz	a2,80401798 <strncmp+0x94>
80401738:	06079063          	bnez	a5,80401798 <strncmp+0x94>
8040173c:	00450513          	addi	a0,a0,4
80401740:	00458593          	addi	a1,a1,4
80401744:	02c8f063          	bgeu	a7,a2,80401764 <strncmp+0x60>
80401748:	00052703          	lw	a4,0(a0)
8040174c:	0005a683          	lw	a3,0(a1)
80401750:	01c707b3          	add	a5,a4,t3
80401754:	fff74813          	not	a6,a4
80401758:	0107f7b3          	and	a5,a5,a6
8040175c:	0067f7b3          	and	a5,a5,t1
80401760:	fcd708e3          	beq	a4,a3,80401730 <strncmp+0x2c>
80401764:	00054783          	lbu	a5,0(a0)
80401768:	0005c703          	lbu	a4,0(a1)
8040176c:	fff60613          	addi	a2,a2,-1
80401770:	00c50633          	add	a2,a0,a2
80401774:	00e78e63          	beq	a5,a4,80401790 <strncmp+0x8c>
80401778:	0280006f          	j	804017a0 <strncmp+0x9c>
8040177c:	00150513          	addi	a0,a0,1
80401780:	00078c63          	beqz	a5,80401798 <strncmp+0x94>
80401784:	00054783          	lbu	a5,0(a0)
80401788:	0005c703          	lbu	a4,0(a1)
8040178c:	00e79a63          	bne	a5,a4,804017a0 <strncmp+0x9c>
80401790:	00158593          	addi	a1,a1,1
80401794:	fea614e3          	bne	a2,a0,8040177c <strncmp+0x78>
80401798:	00000513          	li	a0,0
8040179c:	00008067          	ret
804017a0:	40e78533          	sub	a0,a5,a4
804017a4:	00008067          	ret

804017a8 <__errno>:
__errno():
804017a8:	00007517          	auipc	a0,0x7
804017ac:	c2452503          	lw	a0,-988(a0) # 804083cc <_impure_ptr>
804017b0:	00008067          	ret

804017b4 <memset>:
memset():
804017b4:	00f00313          	li	t1,15
804017b8:	00050713          	mv	a4,a0
804017bc:	02c37e63          	bgeu	t1,a2,804017f8 <memset+0x44>
804017c0:	00f77793          	andi	a5,a4,15
804017c4:	0a079063          	bnez	a5,80401864 <memset+0xb0>
804017c8:	08059263          	bnez	a1,8040184c <memset+0x98>
804017cc:	ff067693          	andi	a3,a2,-16
804017d0:	00f67613          	andi	a2,a2,15
804017d4:	00e686b3          	add	a3,a3,a4
804017d8:	00b72023          	sw	a1,0(a4)
804017dc:	00b72223          	sw	a1,4(a4)
804017e0:	00b72423          	sw	a1,8(a4)
804017e4:	00b72623          	sw	a1,12(a4)
804017e8:	01070713          	addi	a4,a4,16
804017ec:	fed766e3          	bltu	a4,a3,804017d8 <memset+0x24>
804017f0:	00061463          	bnez	a2,804017f8 <memset+0x44>
804017f4:	00008067          	ret
804017f8:	40c306b3          	sub	a3,t1,a2
804017fc:	00269693          	slli	a3,a3,0x2
80401800:	00000297          	auipc	t0,0x0
80401804:	005686b3          	add	a3,a3,t0
80401808:	00c68067          	jr	12(a3)
8040180c:	00b70723          	sb	a1,14(a4)
80401810:	00b706a3          	sb	a1,13(a4)
80401814:	00b70623          	sb	a1,12(a4)
80401818:	00b705a3          	sb	a1,11(a4)
8040181c:	00b70523          	sb	a1,10(a4)
80401820:	00b704a3          	sb	a1,9(a4)
80401824:	00b70423          	sb	a1,8(a4)
80401828:	00b703a3          	sb	a1,7(a4)
8040182c:	00b70323          	sb	a1,6(a4)
80401830:	00b702a3          	sb	a1,5(a4)
80401834:	00b70223          	sb	a1,4(a4)
80401838:	00b701a3          	sb	a1,3(a4)
8040183c:	00b70123          	sb	a1,2(a4)
80401840:	00b700a3          	sb	a1,1(a4)
80401844:	00b70023          	sb	a1,0(a4)
80401848:	00008067          	ret
8040184c:	0ff5f593          	zext.b	a1,a1
80401850:	00859693          	slli	a3,a1,0x8
80401854:	00d5e5b3          	or	a1,a1,a3
80401858:	01059693          	slli	a3,a1,0x10
8040185c:	00d5e5b3          	or	a1,a1,a3
80401860:	f6dff06f          	j	804017cc <memset+0x18>
80401864:	00279693          	slli	a3,a5,0x2
80401868:	00000297          	auipc	t0,0x0
8040186c:	005686b3          	add	a3,a3,t0
80401870:	00008293          	mv	t0,ra
80401874:	fa0680e7          	jalr	-96(a3)
80401878:	00028093          	mv	ra,t0
8040187c:	ff078793          	addi	a5,a5,-16
80401880:	40f70733          	sub	a4,a4,a5
80401884:	00f60633          	add	a2,a2,a5
80401888:	f6c378e3          	bgeu	t1,a2,804017f8 <memset+0x44>
8040188c:	f3dff06f          	j	804017c8 <memset+0x14>

80401890 <memcpy>:
memcpy():
80401890:	00a5c7b3          	xor	a5,a1,a0
80401894:	0037f793          	andi	a5,a5,3
80401898:	00c508b3          	add	a7,a0,a2
8040189c:	06079663          	bnez	a5,80401908 <memcpy+0x78>
804018a0:	00300793          	li	a5,3
804018a4:	06c7f263          	bgeu	a5,a2,80401908 <memcpy+0x78>
804018a8:	00357793          	andi	a5,a0,3
804018ac:	00050713          	mv	a4,a0
804018b0:	0c079a63          	bnez	a5,80401984 <memcpy+0xf4>
804018b4:	ffc8f613          	andi	a2,a7,-4
804018b8:	40e606b3          	sub	a3,a2,a4
804018bc:	02000793          	li	a5,32
804018c0:	06d7c463          	blt	a5,a3,80401928 <memcpy+0x98>
804018c4:	00058693          	mv	a3,a1
804018c8:	00070793          	mv	a5,a4
804018cc:	02c77a63          	bgeu	a4,a2,80401900 <memcpy+0x70>
804018d0:	0006a803          	lw	a6,0(a3)
804018d4:	00478793          	addi	a5,a5,4
804018d8:	00468693          	addi	a3,a3,4
804018dc:	ff07ae23          	sw	a6,-4(a5)
804018e0:	fec7e8e3          	bltu	a5,a2,804018d0 <memcpy+0x40>
804018e4:	fff60613          	addi	a2,a2,-1
804018e8:	40e60633          	sub	a2,a2,a4
804018ec:	ffc67613          	andi	a2,a2,-4
804018f0:	00458593          	addi	a1,a1,4
804018f4:	00470713          	addi	a4,a4,4
804018f8:	00c585b3          	add	a1,a1,a2
804018fc:	00c70733          	add	a4,a4,a2
80401900:	01176863          	bltu	a4,a7,80401910 <memcpy+0x80>
80401904:	00008067          	ret
80401908:	00050713          	mv	a4,a0
8040190c:	ff157ce3          	bgeu	a0,a7,80401904 <memcpy+0x74>
80401910:	0005c783          	lbu	a5,0(a1)
80401914:	00170713          	addi	a4,a4,1
80401918:	00158593          	addi	a1,a1,1
8040191c:	fef70fa3          	sb	a5,-1(a4)
80401920:	fee898e3          	bne	a7,a4,80401910 <memcpy+0x80>
80401924:	00008067          	ret
80401928:	0205a683          	lw	a3,32(a1)
8040192c:	0005a383          	lw	t2,0(a1)
80401930:	0045a283          	lw	t0,4(a1)
80401934:	0085af83          	lw	t6,8(a1)
80401938:	00c5af03          	lw	t5,12(a1)
8040193c:	0105ae83          	lw	t4,16(a1)
80401940:	0145ae03          	lw	t3,20(a1)
80401944:	0185a303          	lw	t1,24(a1)
80401948:	01c5a803          	lw	a6,28(a1)
8040194c:	02470713          	addi	a4,a4,36
80401950:	fed72e23          	sw	a3,-4(a4)
80401954:	fc772e23          	sw	t2,-36(a4)
80401958:	40e606b3          	sub	a3,a2,a4
8040195c:	fe572023          	sw	t0,-32(a4)
80401960:	fff72223          	sw	t6,-28(a4)
80401964:	ffe72423          	sw	t5,-24(a4)
80401968:	ffd72623          	sw	t4,-20(a4)
8040196c:	ffc72823          	sw	t3,-16(a4)
80401970:	fe672a23          	sw	t1,-12(a4)
80401974:	ff072c23          	sw	a6,-8(a4)
80401978:	02458593          	addi	a1,a1,36
8040197c:	fad7c6e3          	blt	a5,a3,80401928 <memcpy+0x98>
80401980:	f45ff06f          	j	804018c4 <memcpy+0x34>
80401984:	0005c683          	lbu	a3,0(a1)
80401988:	00170713          	addi	a4,a4,1
8040198c:	00377793          	andi	a5,a4,3
80401990:	fed70fa3          	sb	a3,-1(a4)
80401994:	00158593          	addi	a1,a1,1
80401998:	f0078ee3          	beqz	a5,804018b4 <memcpy+0x24>
8040199c:	0005c683          	lbu	a3,0(a1)
804019a0:	00170713          	addi	a4,a4,1
804019a4:	00377793          	andi	a5,a4,3
804019a8:	fed70fa3          	sb	a3,-1(a4)
804019ac:	00158593          	addi	a1,a1,1
804019b0:	fc079ae3          	bnez	a5,80401984 <memcpy+0xf4>
804019b4:	f01ff06f          	j	804018b4 <memcpy+0x24>

804019b8 <strlen>:
strlen():
804019b8:	00357793          	andi	a5,a0,3
804019bc:	00050713          	mv	a4,a0
804019c0:	04079c63          	bnez	a5,80401a18 <strlen+0x60>
804019c4:	7f7f86b7          	lui	a3,0x7f7f8
804019c8:	f7f68693          	addi	a3,a3,-129 # 7f7f7f7f <app_entry-0xc08081>
804019cc:	fff00593          	li	a1,-1
804019d0:	00072603          	lw	a2,0(a4)
804019d4:	00470713          	addi	a4,a4,4
804019d8:	00d677b3          	and	a5,a2,a3
804019dc:	00d787b3          	add	a5,a5,a3
804019e0:	00c7e7b3          	or	a5,a5,a2
804019e4:	00d7e7b3          	or	a5,a5,a3
804019e8:	feb784e3          	beq	a5,a1,804019d0 <strlen+0x18>
804019ec:	ffc74683          	lbu	a3,-4(a4)
804019f0:	40a707b3          	sub	a5,a4,a0
804019f4:	04068463          	beqz	a3,80401a3c <strlen+0x84>
804019f8:	ffd74683          	lbu	a3,-3(a4)
804019fc:	02068c63          	beqz	a3,80401a34 <strlen+0x7c>
80401a00:	ffe74503          	lbu	a0,-2(a4)
80401a04:	00a03533          	snez	a0,a0
80401a08:	00f50533          	add	a0,a0,a5
80401a0c:	ffe50513          	addi	a0,a0,-2
80401a10:	00008067          	ret
80401a14:	fa0688e3          	beqz	a3,804019c4 <strlen+0xc>
80401a18:	00074783          	lbu	a5,0(a4)
80401a1c:	00170713          	addi	a4,a4,1
80401a20:	00377693          	andi	a3,a4,3
80401a24:	fe0798e3          	bnez	a5,80401a14 <strlen+0x5c>
80401a28:	40a70733          	sub	a4,a4,a0
80401a2c:	fff70513          	addi	a0,a4,-1
80401a30:	00008067          	ret
80401a34:	ffd78513          	addi	a0,a5,-3
80401a38:	00008067          	ret
80401a3c:	ffc78513          	addi	a0,a5,-4
80401a40:	00008067          	ret

80401a44 <strcpy>:
strcpy():
80401a44:	00b567b3          	or	a5,a0,a1
80401a48:	0037f793          	andi	a5,a5,3
80401a4c:	08079063          	bnez	a5,80401acc <strcpy+0x88>
80401a50:	0005a703          	lw	a4,0(a1)
80401a54:	7f7f86b7          	lui	a3,0x7f7f8
80401a58:	f7f68693          	addi	a3,a3,-129 # 7f7f7f7f <app_entry-0xc08081>
80401a5c:	00d77833          	and	a6,a4,a3
80401a60:	00d80833          	add	a6,a6,a3
80401a64:	00e86833          	or	a6,a6,a4
80401a68:	00d86833          	or	a6,a6,a3
80401a6c:	fff00793          	li	a5,-1
80401a70:	00050613          	mv	a2,a0
80401a74:	02f81463          	bne	a6,a5,80401a9c <strcpy+0x58>
80401a78:	00458593          	addi	a1,a1,4
80401a7c:	00e62023          	sw	a4,0(a2)
80401a80:	0005a703          	lw	a4,0(a1)
80401a84:	00460613          	addi	a2,a2,4
80401a88:	00d777b3          	and	a5,a4,a3
80401a8c:	00d787b3          	add	a5,a5,a3
80401a90:	00e7e7b3          	or	a5,a5,a4
80401a94:	00d7e7b3          	or	a5,a5,a3
80401a98:	ff0780e3          	beq	a5,a6,80401a78 <strcpy+0x34>
80401a9c:	0005c783          	lbu	a5,0(a1)
80401aa0:	0015c703          	lbu	a4,1(a1)
80401aa4:	0025c683          	lbu	a3,2(a1)
80401aa8:	00f60023          	sb	a5,0(a2)
80401aac:	00078a63          	beqz	a5,80401ac0 <strcpy+0x7c>
80401ab0:	00e600a3          	sb	a4,1(a2)
80401ab4:	00070663          	beqz	a4,80401ac0 <strcpy+0x7c>
80401ab8:	00d60123          	sb	a3,2(a2)
80401abc:	00069463          	bnez	a3,80401ac4 <strcpy+0x80>
80401ac0:	00008067          	ret
80401ac4:	000601a3          	sb	zero,3(a2)
80401ac8:	00008067          	ret
80401acc:	00050793          	mv	a5,a0
80401ad0:	0005c703          	lbu	a4,0(a1)
80401ad4:	00178793          	addi	a5,a5,1
80401ad8:	00158593          	addi	a1,a1,1
80401adc:	fee78fa3          	sb	a4,-1(a5)
80401ae0:	fe0718e3          	bnez	a4,80401ad0 <strcpy+0x8c>
80401ae4:	00008067          	ret

80401ae8 <__mulsi3>:
__mulsi3():
80401ae8:	00050613          	mv	a2,a0
80401aec:	00000513          	li	a0,0
80401af0:	0015f693          	andi	a3,a1,1
80401af4:	00068463          	beqz	a3,80401afc <__mulsi3+0x14>
80401af8:	00c50533          	add	a0,a0,a2
80401afc:	0015d593          	srli	a1,a1,0x1
80401b00:	00161613          	slli	a2,a2,0x1
80401b04:	fe0596e3          	bnez	a1,80401af0 <__mulsi3+0x8>
80401b08:	00008067          	ret

80401b0c <__divsi3>:
__divsi3():
80401b0c:	06054063          	bltz	a0,80401b6c <__umodsi3+0x10>
80401b10:	0605c663          	bltz	a1,80401b7c <__umodsi3+0x20>

80401b14 <__hidden___udivsi3>:
80401b14:	00058613          	mv	a2,a1
80401b18:	00050593          	mv	a1,a0
80401b1c:	fff00513          	li	a0,-1
80401b20:	02060c63          	beqz	a2,80401b58 <__hidden___udivsi3+0x44>
80401b24:	00100693          	li	a3,1
80401b28:	00b67a63          	bgeu	a2,a1,80401b3c <__hidden___udivsi3+0x28>
80401b2c:	00c05863          	blez	a2,80401b3c <__hidden___udivsi3+0x28>
80401b30:	00161613          	slli	a2,a2,0x1
80401b34:	00169693          	slli	a3,a3,0x1
80401b38:	feb66ae3          	bltu	a2,a1,80401b2c <__hidden___udivsi3+0x18>
80401b3c:	00000513          	li	a0,0
80401b40:	00c5e663          	bltu	a1,a2,80401b4c <__hidden___udivsi3+0x38>
80401b44:	40c585b3          	sub	a1,a1,a2
80401b48:	00d56533          	or	a0,a0,a3
80401b4c:	0016d693          	srli	a3,a3,0x1
80401b50:	00165613          	srli	a2,a2,0x1
80401b54:	fe0696e3          	bnez	a3,80401b40 <__hidden___udivsi3+0x2c>
80401b58:	00008067          	ret

80401b5c <__umodsi3>:
80401b5c:	00008293          	mv	t0,ra
80401b60:	fb5ff0ef          	jal	80401b14 <__hidden___udivsi3>
80401b64:	00058513          	mv	a0,a1
80401b68:	00028067          	jr	t0 # 80401868 <memset+0xb4>
80401b6c:	40a00533          	neg	a0,a0
80401b70:	00b04863          	bgtz	a1,80401b80 <__umodsi3+0x24>
80401b74:	40b005b3          	neg	a1,a1
80401b78:	f9dff06f          	j	80401b14 <__hidden___udivsi3>
80401b7c:	40b005b3          	neg	a1,a1
80401b80:	00008293          	mv	t0,ra
80401b84:	f91ff0ef          	jal	80401b14 <__hidden___udivsi3>
80401b88:	40a00533          	neg	a0,a0
80401b8c:	00028067          	jr	t0

80401b90 <__modsi3>:
__modsi3():
80401b90:	00008293          	mv	t0,ra
80401b94:	0005ca63          	bltz	a1,80401ba8 <__modsi3+0x18>
80401b98:	00054c63          	bltz	a0,80401bb0 <__modsi3+0x20>
80401b9c:	f79ff0ef          	jal	80401b14 <__hidden___udivsi3>
80401ba0:	00058513          	mv	a0,a1
80401ba4:	00028067          	jr	t0
80401ba8:	40b005b3          	neg	a1,a1
80401bac:	fe0558e3          	bgez	a0,80401b9c <__modsi3+0xc>
80401bb0:	40a00533          	neg	a0,a0
80401bb4:	f61ff0ef          	jal	80401b14 <__hidden___udivsi3>
80401bb8:	40b00533          	neg	a0,a1
80401bbc:	00028067          	jr	t0
