
build/release/sys_shell.elf:     file format elf32-littleriscv
build/release/sys_shell.elf
architecture: riscv:rv32, flags 0x00000112:
EXEC_P, HAS_SYMS, D_PAGED
start address 0x80400000

Program Header:
0x70000003 off    0x0000312c vaddr 0x00000000 paddr 0x00000000 align 2**0
         filesz 0x0000004b memsz 0x00000000 flags r--
    LOAD off    0x00001000 vaddr 0x80400000 paddr 0x80400000 align 2**12
         filesz 0x000011e4 memsz 0x000011e4 flags r-x
    LOAD off    0x00003000 vaddr 0x80408000 paddr 0x80408000 align 2**12
         filesz 0x0000012c memsz 0x0000012c flags rw-

Sections:
Idx Name              Size      VMA       LMA       File off  Algn  Flags
  0 .text             000011e4  80400000  80400000  00001000  2**3  CONTENTS, ALLOC, LOAD, READONLY, CODE
  1 .rodata           00000120  80408000  80408000  00003000  2**3  CONTENTS, ALLOC, LOAD, READONLY, DATA
  2 .data             0000000c  80408120  80408120  00003120  2**3  CONTENTS, ALLOC, LOAD, DATA
  3 .riscv.attributes 0000004b  00000000  00000000  0000312c  2**0  CONTENTS, READONLY
  4 .comment          00000032  00000000  00000000  00003177  2**0  CONTENTS, READONLY
SYMBOL TABLE:
80400000 l    d  .text	00000000 .text
80408000 l    d  .rodata	00000000 .rodata
80408120 l    d  .data	00000000 .data
00000000 l    d  .riscv.attributes	00000000 .riscv.attributes
00000000 l    d  .comment	00000000 .comment
00000000 l    df *ABS*	00000000 ccRwuebh.o
00000000 l    df *ABS*	00000000 sys_shell.c
00000000 l    df *ABS*	00000000 print.c
00000000 l    df *ABS*	00000000 servers.c
00000000 l    df *ABS*	00000000 syscall.c
80408128 l     O .data	00000004 sc
00000000 l    df *ABS*	00000000 libc_a-itoa.o
00000000 l    df *ABS*	00000000 libc_a-utoa.o
00000000 l    df *ABS*	00000000 libc_a-strcat.o
00000000 l    df *ABS*	00000000 libc_a-strncat.o
00000000 l    df *ABS*	00000000 libc_a-memset.o
00000000 l    df *ABS*	00000000 libc_a-memcpy.o
00000000 l    df *ABS*	00000000 libc_a-strlen.o
00000000 l    df *ABS*	00000000 libc_a-strcpy.o
00000000 l    df *ABS*	00000000 libc_a-strcmp.o
00000000 l    df *ABS*	00000000 div.o
80400f10 g     F .text	000000a4 strcpy
80400444 g     F .text	00000098 my_printf
80400000 g       .text	00000000 app_entry
80400d5c g     F .text	00000128 memcpy
80401138 g     F .text	00000048 .hidden __hidden___udivsi3
804005c0 g     F .text	0000015c CRITICAL
80401138 g     F .text	00000048 .hidden __udivsi3
80408124 g     O .data	00000004 earth
80400970 g     F .text	00000070 itoa
80400900 g     F .text	00000070 sys_send
80400b34 g     F .text	000000a0 strcat
80401180 g     F .text	00000010 .hidden __umodsi3
804002f8 g     F .text	0000014c format_to_str
80408120 g     O .data	00000004 grass
80400750 g     F .text	0000013c term_read
80400bd4 g     F .text	000000ac strncat
804009e0 g     F .text	00000154 __utoa
80400c80 g     F .text	000000dc memset
80400154 g     F .text	000001a4 main
80401130 g     F .text	00000084 .hidden __divsi3
80400fb4 g     F .text	0000017c strcmp
80600000 g       *ABS*	00000000 __heap_end
80400010 g     F .text	00000144 parse_request
80408130 g       .data	00000000 __heap_start
8040088c g     F .text	00000074 term_write
8040071c g     F .text	00000034 exit
804011b4 g     F .text	00000030 .hidden __modsi3
80400e84 g     F .text	0000008c strlen
804004dc g     F .text	000000e4 INFO



Disassembly of section .text:

80400000 <app_entry>:
app_entry():
80400000:	00052503          	lw	a0,0(a0)
80400004:	80800137          	lui	sp,0x80800
80400008:	14c000ef          	jal	80400154 <main>
8040000c:	710000ef          	jal	8040071c <exit>

80400010 <parse_request>:
parse_request():
80400010:	fd010113          	addi	sp,sp,-48 # 807fffd0 <__heap_end+0x1fffd0>
80400014:	02112623          	sw	ra,44(sp)
80400018:	02812423          	sw	s0,40(sp)
8040001c:	03010413          	addi	s0,sp,48
80400020:	fca42e23          	sw	a0,-36(s0)
80400024:	fcb42c23          	sw	a1,-40(s0)
80400028:	fe042623          	sw	zero,-20(s0)
8040002c:	fe042423          	sw	zero,-24(s0)
80400030:	fd842783          	lw	a5,-40(s0)
80400034:	00878793          	addi	a5,a5,8
80400038:	20000613          	li	a2,512
8040003c:	00000593          	li	a1,0
80400040:	00078513          	mv	a0,a5
80400044:	43d000ef          	jal	80400c80 <memset>
80400048:	fe042223          	sw	zero,-28(s0)
8040004c:	0bc0006f          	j	80400108 <parse_request+0xf8>
80400050:	fdc42703          	lw	a4,-36(s0)
80400054:	fe442783          	lw	a5,-28(s0)
80400058:	00f707b3          	add	a5,a4,a5
8040005c:	0007c703          	lbu	a4,0(a5)
80400060:	02000793          	li	a5,32
80400064:	04f70863          	beq	a4,a5,804000b4 <parse_request+0xa4>
80400068:	fdc42703          	lw	a4,-36(s0)
8040006c:	fe442783          	lw	a5,-28(s0)
80400070:	00f707b3          	add	a5,a4,a5
80400074:	0007c703          	lbu	a4,0(a5)
80400078:	fd842683          	lw	a3,-40(s0)
8040007c:	fe842783          	lw	a5,-24(s0)
80400080:	00579793          	slli	a5,a5,0x5
80400084:	00f686b3          	add	a3,a3,a5
80400088:	fec42783          	lw	a5,-20(s0)
8040008c:	00f687b3          	add	a5,a3,a5
80400090:	00e78423          	sb	a4,8(a5)
80400094:	fec42783          	lw	a5,-20(s0)
80400098:	00178793          	addi	a5,a5,1
8040009c:	fef42623          	sw	a5,-20(s0)
804000a0:	fec42703          	lw	a4,-20(s0)
804000a4:	01f00793          	li	a5,31
804000a8:	04e7fa63          	bgeu	a5,a4,804000fc <parse_request+0xec>
804000ac:	fff00793          	li	a5,-1
804000b0:	0900006f          	j	80400140 <parse_request+0x130>
804000b4:	fec42783          	lw	a5,-20(s0)
804000b8:	04078263          	beqz	a5,804000fc <parse_request+0xec>
804000bc:	fd842703          	lw	a4,-40(s0)
804000c0:	fe842783          	lw	a5,-24(s0)
804000c4:	00579793          	slli	a5,a5,0x5
804000c8:	00f70733          	add	a4,a4,a5
804000cc:	fec42783          	lw	a5,-20(s0)
804000d0:	00f707b3          	add	a5,a4,a5
804000d4:	00078423          	sb	zero,8(a5)
804000d8:	fe042623          	sw	zero,-20(s0)
804000dc:	fe842783          	lw	a5,-24(s0)
804000e0:	00178793          	addi	a5,a5,1
804000e4:	fef42423          	sw	a5,-24(s0)
804000e8:	fe842703          	lw	a4,-24(s0)
804000ec:	00f00793          	li	a5,15
804000f0:	00e7f663          	bgeu	a5,a4,804000fc <parse_request+0xec>
804000f4:	fff00793          	li	a5,-1
804000f8:	0480006f          	j	80400140 <parse_request+0x130>
804000fc:	fe442783          	lw	a5,-28(s0)
80400100:	00178793          	addi	a5,a5,1
80400104:	fef42223          	sw	a5,-28(s0)
80400108:	fdc42503          	lw	a0,-36(s0)
8040010c:	579000ef          	jal	80400e84 <strlen>
80400110:	00050713          	mv	a4,a0
80400114:	fe442783          	lw	a5,-28(s0)
80400118:	f2e7ece3          	bltu	a5,a4,80400050 <parse_request+0x40>
8040011c:	fec42783          	lw	a5,-20(s0)
80400120:	00078863          	beqz	a5,80400130 <parse_request+0x120>
80400124:	fe842783          	lw	a5,-24(s0)
80400128:	00178793          	addi	a5,a5,1
8040012c:	0080006f          	j	80400134 <parse_request+0x124>
80400130:	fe842783          	lw	a5,-24(s0)
80400134:	fd842703          	lw	a4,-40(s0)
80400138:	00f72223          	sw	a5,4(a4)
8040013c:	00000793          	li	a5,0
80400140:	00078513          	mv	a0,a5
80400144:	02c12083          	lw	ra,44(sp)
80400148:	02812403          	lw	s0,40(sp)
8040014c:	03010113          	addi	sp,sp,48
80400150:	00008067          	ret

80400154 <main>:
main():
80400154:	ce010113          	addi	sp,sp,-800
80400158:	30112e23          	sw	ra,796(sp)
8040015c:	30812c23          	sw	s0,792(sp)
80400160:	32010413          	addi	s0,sp,800
80400164:	804087b7          	lui	a5,0x80408
80400168:	00078513          	mv	a0,a5
8040016c:	454000ef          	jal	804005c0 <CRITICAL>
80400170:	000067b7          	lui	a5,0x6
80400174:	46378793          	addi	a5,a5,1123 # 6463 <app_entry-0x803f9b9d>
80400178:	eef42823          	sw	a5,-272(s0)
8040017c:	ef440793          	addi	a5,s0,-268
80400180:	0fc00713          	li	a4,252
80400184:	00070613          	mv	a2,a4
80400188:	00000593          	li	a1,0
8040018c:	00078513          	mv	a0,a5
80400190:	2f1000ef          	jal	80400c80 <memset>
80400194:	ef040713          	addi	a4,s0,-272
80400198:	804087b7          	lui	a5,0x80408
8040019c:	02078593          	addi	a1,a5,32 # 80408020 <__modsi3+0x6e6c>
804001a0:	00070513          	mv	a0,a4
804001a4:	611000ef          	jal	80400fb4 <strcmp>
804001a8:	00050793          	mv	a5,a0
804001ac:	10078e63          	beqz	a5,804002c8 <main+0x174>
804001b0:	ef040713          	addi	a4,s0,-272
804001b4:	804087b7          	lui	a5,0x80408
804001b8:	02c78593          	addi	a1,a5,44 # 8040802c <__modsi3+0x6e78>
804001bc:	00070513          	mv	a0,a4
804001c0:	5f5000ef          	jal	80400fb4 <strcmp>
804001c4:	00050793          	mv	a5,a0
804001c8:	02079863          	bnez	a5,804001f8 <main+0xa4>
804001cc:	00200793          	li	a5,2
804001d0:	cef42223          	sw	a5,-796(s0)
804001d4:	804087b7          	lui	a5,0x80408
804001d8:	1207a783          	lw	a5,288(a5) # 80408120 <grass>
804001dc:	00c7a783          	lw	a5,12(a5)
804001e0:	ce440713          	addi	a4,s0,-796
804001e4:	20800613          	li	a2,520
804001e8:	00070593          	mv	a1,a4
804001ec:	00100513          	li	a0,1
804001f0:	000780e7          	jalr	a5
804001f4:	0d40006f          	j	804002c8 <main+0x174>
804001f8:	ce042223          	sw	zero,-796(s0)
804001fc:	ce440713          	addi	a4,s0,-796
80400200:	ef040793          	addi	a5,s0,-272
80400204:	00070593          	mv	a1,a4
80400208:	00078513          	mv	a0,a5
8040020c:	e05ff0ef          	jal	80400010 <parse_request>
80400210:	00050793          	mv	a5,a0
80400214:	00078a63          	beqz	a5,80400228 <main+0xd4>
80400218:	804087b7          	lui	a5,0x80408
8040021c:	03478513          	addi	a0,a5,52 # 80408034 <__modsi3+0x6e80>
80400220:	2bc000ef          	jal	804004dc <INFO>
80400224:	0a40006f          	j	804002c8 <main+0x174>
80400228:	804087b7          	lui	a5,0x80408
8040022c:	1207a783          	lw	a5,288(a5) # 80408120 <grass>
80400230:	00c7a783          	lw	a5,12(a5)
80400234:	ce440713          	addi	a4,s0,-796
80400238:	20800613          	li	a2,520
8040023c:	00070593          	mv	a1,a4
80400240:	00100513          	li	a0,1
80400244:	000780e7          	jalr	a5
80400248:	804087b7          	lui	a5,0x80408
8040024c:	1207a783          	lw	a5,288(a5) # 80408120 <grass>
80400250:	0107a783          	lw	a5,16(a5)
80400254:	eec40713          	addi	a4,s0,-276
80400258:	00400693          	li	a3,4
8040025c:	00070613          	mv	a2,a4
80400260:	00000593          	li	a1,0
80400264:	00100513          	li	a0,1
80400268:	000780e7          	jalr	a5
8040026c:	eec42783          	lw	a5,-276(s0)
80400270:	00078a63          	beqz	a5,80400284 <main+0x130>
80400274:	804087b7          	lui	a5,0x80408
80400278:	06878513          	addi	a0,a5,104 # 80408068 <__modsi3+0x6eb4>
8040027c:	260000ef          	jal	804004dc <INFO>
80400280:	0480006f          	j	804002c8 <main+0x174>
80400284:	ce842783          	lw	a5,-792(s0)
80400288:	fff78793          	addi	a5,a5,-1
8040028c:	00579793          	slli	a5,a5,0x5
80400290:	ff078793          	addi	a5,a5,-16
80400294:	008787b3          	add	a5,a5,s0
80400298:	cfc7c703          	lbu	a4,-772(a5)
8040029c:	02600793          	li	a5,38
804002a0:	02f70463          	beq	a4,a5,804002c8 <main+0x174>
804002a4:	804087b7          	lui	a5,0x80408
804002a8:	1207a783          	lw	a5,288(a5) # 80408120 <grass>
804002ac:	0107a783          	lw	a5,16(a5)
804002b0:	eec40713          	addi	a4,s0,-276
804002b4:	00400693          	li	a3,4
804002b8:	00070613          	mv	a2,a4
804002bc:	00000593          	li	a1,0
804002c0:	00100513          	li	a0,1
804002c4:	000780e7          	jalr	a5
804002c8:	806027b7          	lui	a5,0x80602
804002cc:	00478593          	addi	a1,a5,4 # 80602004 <__heap_end+0x2004>
804002d0:	804087b7          	lui	a5,0x80408
804002d4:	08c78513          	addi	a0,a5,140 # 8040808c <__modsi3+0x6ed8>
804002d8:	16c000ef          	jal	80400444 <my_printf>
804002dc:	ef040793          	addi	a5,s0,-272
804002e0:	20000593          	li	a1,512
804002e4:	00078513          	mv	a0,a5
804002e8:	468000ef          	jal	80400750 <term_read>
804002ec:	00050793          	mv	a5,a0
804002f0:	fc078ce3          	beqz	a5,804002c8 <main+0x174>
804002f4:	ea1ff06f          	j	80400194 <main+0x40>

804002f8 <format_to_str>:
format_to_str():
804002f8:	fe010113          	addi	sp,sp,-32
804002fc:	00112e23          	sw	ra,28(sp)
80400300:	00812c23          	sw	s0,24(sp)
80400304:	00912a23          	sw	s1,20(sp)
80400308:	02010413          	addi	s0,sp,32
8040030c:	fea42623          	sw	a0,-20(s0)
80400310:	feb42423          	sw	a1,-24(s0)
80400314:	fec42223          	sw	a2,-28(s0)
80400318:	fec42783          	lw	a5,-20(s0)
8040031c:	00078023          	sb	zero,0(a5)
80400320:	0fc0006f          	j	8040041c <format_to_str+0x124>
80400324:	fe842783          	lw	a5,-24(s0)
80400328:	0007c703          	lbu	a4,0(a5)
8040032c:	02500793          	li	a5,37
80400330:	00f70c63          	beq	a4,a5,80400348 <format_to_str+0x50>
80400334:	00100613          	li	a2,1
80400338:	fe842583          	lw	a1,-24(s0)
8040033c:	fec42503          	lw	a0,-20(s0)
80400340:	095000ef          	jal	80400bd4 <strncat>
80400344:	0cc0006f          	j	80400410 <format_to_str+0x118>
80400348:	fe842783          	lw	a5,-24(s0)
8040034c:	00178793          	addi	a5,a5,1
80400350:	fef42423          	sw	a5,-24(s0)
80400354:	fe842783          	lw	a5,-24(s0)
80400358:	0007c703          	lbu	a4,0(a5)
8040035c:	07300793          	li	a5,115
80400360:	02f71263          	bne	a4,a5,80400384 <format_to_str+0x8c>
80400364:	fe442783          	lw	a5,-28(s0)
80400368:	00478713          	addi	a4,a5,4
8040036c:	fee42223          	sw	a4,-28(s0)
80400370:	0007a783          	lw	a5,0(a5)
80400374:	00078593          	mv	a1,a5
80400378:	fec42503          	lw	a0,-20(s0)
8040037c:	7b8000ef          	jal	80400b34 <strcat>
80400380:	0900006f          	j	80400410 <format_to_str+0x118>
80400384:	fe842783          	lw	a5,-24(s0)
80400388:	0007c703          	lbu	a4,0(a5)
8040038c:	06400793          	li	a5,100
80400390:	02f71e63          	bne	a4,a5,804003cc <format_to_str+0xd4>
80400394:	fe442783          	lw	a5,-28(s0)
80400398:	00478713          	addi	a4,a5,4
8040039c:	fee42223          	sw	a4,-28(s0)
804003a0:	0007a483          	lw	s1,0(a5)
804003a4:	fec42503          	lw	a0,-20(s0)
804003a8:	2dd000ef          	jal	80400e84 <strlen>
804003ac:	00050713          	mv	a4,a0
804003b0:	fec42783          	lw	a5,-20(s0)
804003b4:	00e787b3          	add	a5,a5,a4
804003b8:	00a00613          	li	a2,10
804003bc:	00078593          	mv	a1,a5
804003c0:	00048513          	mv	a0,s1
804003c4:	5ac000ef          	jal	80400970 <itoa>
804003c8:	0480006f          	j	80400410 <format_to_str+0x118>
804003cc:	fe842783          	lw	a5,-24(s0)
804003d0:	0007c703          	lbu	a4,0(a5)
804003d4:	07800793          	li	a5,120
804003d8:	02f71c63          	bne	a4,a5,80400410 <format_to_str+0x118>
804003dc:	fe442783          	lw	a5,-28(s0)
804003e0:	00478713          	addi	a4,a5,4
804003e4:	fee42223          	sw	a4,-28(s0)
804003e8:	0007a483          	lw	s1,0(a5)
804003ec:	fec42503          	lw	a0,-20(s0)
804003f0:	295000ef          	jal	80400e84 <strlen>
804003f4:	00050713          	mv	a4,a0
804003f8:	fec42783          	lw	a5,-20(s0)
804003fc:	00e787b3          	add	a5,a5,a4
80400400:	01000613          	li	a2,16
80400404:	00078593          	mv	a1,a5
80400408:	00048513          	mv	a0,s1
8040040c:	564000ef          	jal	80400970 <itoa>
80400410:	fe842783          	lw	a5,-24(s0)
80400414:	00178793          	addi	a5,a5,1
80400418:	fef42423          	sw	a5,-24(s0)
8040041c:	fe842783          	lw	a5,-24(s0)
80400420:	0007c783          	lbu	a5,0(a5)
80400424:	f00790e3          	bnez	a5,80400324 <format_to_str+0x2c>
80400428:	00000013          	nop
8040042c:	00000013          	nop
80400430:	01c12083          	lw	ra,28(sp)
80400434:	01812403          	lw	s0,24(sp)
80400438:	01412483          	lw	s1,20(sp)
8040043c:	02010113          	addi	sp,sp,32
80400440:	00008067          	ret

80400444 <my_printf>:
my_printf():
80400444:	db010113          	addi	sp,sp,-592
80400448:	22112623          	sw	ra,556(sp)
8040044c:	22812423          	sw	s0,552(sp)
80400450:	23010413          	addi	s0,sp,560
80400454:	dca42e23          	sw	a0,-548(s0)
80400458:	00b42223          	sw	a1,4(s0)
8040045c:	00c42423          	sw	a2,8(s0)
80400460:	00d42623          	sw	a3,12(s0)
80400464:	00e42823          	sw	a4,16(s0)
80400468:	00f42a23          	sw	a5,20(s0)
8040046c:	01042c23          	sw	a6,24(s0)
80400470:	01142e23          	sw	a7,28(s0)
80400474:	de040823          	sb	zero,-528(s0)
80400478:	02040793          	addi	a5,s0,32
8040047c:	dcf42c23          	sw	a5,-552(s0)
80400480:	dd842783          	lw	a5,-552(s0)
80400484:	fe478793          	addi	a5,a5,-28
80400488:	def42623          	sw	a5,-532(s0)
8040048c:	dec42703          	lw	a4,-532(s0)
80400490:	df040793          	addi	a5,s0,-528
80400494:	00070613          	mv	a2,a4
80400498:	ddc42583          	lw	a1,-548(s0)
8040049c:	00078513          	mv	a0,a5
804004a0:	e59ff0ef          	jal	804002f8 <format_to_str>
804004a4:	df040793          	addi	a5,s0,-528
804004a8:	00078513          	mv	a0,a5
804004ac:	1d9000ef          	jal	80400e84 <strlen>
804004b0:	00050713          	mv	a4,a0
804004b4:	df040793          	addi	a5,s0,-528
804004b8:	00070593          	mv	a1,a4
804004bc:	00078513          	mv	a0,a5
804004c0:	3cc000ef          	jal	8040088c <term_write>
804004c4:	00000013          	nop
804004c8:	00078513          	mv	a0,a5
804004cc:	22c12083          	lw	ra,556(sp)
804004d0:	22812403          	lw	s0,552(sp)
804004d4:	25010113          	addi	sp,sp,592
804004d8:	00008067          	ret

804004dc <INFO>:
INFO():
804004dc:	db010113          	addi	sp,sp,-592
804004e0:	22112623          	sw	ra,556(sp)
804004e4:	22812423          	sw	s0,552(sp)
804004e8:	23010413          	addi	s0,sp,560
804004ec:	dca42e23          	sw	a0,-548(s0)
804004f0:	00b42223          	sw	a1,4(s0)
804004f4:	00c42423          	sw	a2,8(s0)
804004f8:	00d42623          	sw	a3,12(s0)
804004fc:	00e42823          	sw	a4,16(s0)
80400500:	00f42a23          	sw	a5,20(s0)
80400504:	01042c23          	sw	a6,24(s0)
80400508:	01142e23          	sw	a7,28(s0)
8040050c:	df040793          	addi	a5,s0,-528
80400510:	464e5737          	lui	a4,0x464e5
80400514:	95b70713          	addi	a4,a4,-1701 # 464e495b <app_entry-0x39f1b6a5>
80400518:	00e7a023          	sw	a4,0(a5)
8040051c:	00206737          	lui	a4,0x206
80400520:	d4f70713          	addi	a4,a4,-689 # 205d4f <app_entry-0x801fa2b1>
80400524:	00e7a223          	sw	a4,4(a5)
80400528:	02040793          	addi	a5,s0,32
8040052c:	dcf42c23          	sw	a5,-552(s0)
80400530:	dd842783          	lw	a5,-552(s0)
80400534:	fe478793          	addi	a5,a5,-28
80400538:	def42623          	sw	a5,-532(s0)
8040053c:	df040793          	addi	a5,s0,-528
80400540:	00778793          	addi	a5,a5,7
80400544:	dec42703          	lw	a4,-532(s0)
80400548:	00070613          	mv	a2,a4
8040054c:	ddc42583          	lw	a1,-548(s0)
80400550:	00078513          	mv	a0,a5
80400554:	da5ff0ef          	jal	804002f8 <format_to_str>
80400558:	df040793          	addi	a5,s0,-528
8040055c:	00078513          	mv	a0,a5
80400560:	125000ef          	jal	80400e84 <strlen>
80400564:	00050793          	mv	a5,a0
80400568:	00078713          	mv	a4,a5
8040056c:	df040793          	addi	a5,s0,-528
80400570:	00e787b3          	add	a5,a5,a4
80400574:	00d00713          	li	a4,13
80400578:	00e78023          	sb	a4,0(a5)
8040057c:	00a00713          	li	a4,10
80400580:	00e780a3          	sb	a4,1(a5)
80400584:	00078123          	sb	zero,2(a5)
80400588:	df040793          	addi	a5,s0,-528
8040058c:	00078513          	mv	a0,a5
80400590:	0f5000ef          	jal	80400e84 <strlen>
80400594:	00050713          	mv	a4,a0
80400598:	df040793          	addi	a5,s0,-528
8040059c:	00070593          	mv	a1,a4
804005a0:	00078513          	mv	a0,a5
804005a4:	2e8000ef          	jal	8040088c <term_write>
804005a8:	00000013          	nop
804005ac:	00078513          	mv	a0,a5
804005b0:	22c12083          	lw	ra,556(sp)
804005b4:	22812403          	lw	s0,552(sp)
804005b8:	25010113          	addi	sp,sp,592
804005bc:	00008067          	ret

804005c0 <CRITICAL>:
CRITICAL():
804005c0:	db010113          	addi	sp,sp,-592
804005c4:	22112623          	sw	ra,556(sp)
804005c8:	22812423          	sw	s0,552(sp)
804005cc:	23010413          	addi	s0,sp,560
804005d0:	dca42e23          	sw	a0,-548(s0)
804005d4:	00b42223          	sw	a1,4(s0)
804005d8:	00c42423          	sw	a2,8(s0)
804005dc:	00d42623          	sw	a3,12(s0)
804005e0:	00e42823          	sw	a4,16(s0)
804005e4:	00f42a23          	sw	a5,20(s0)
804005e8:	01042c23          	sw	a6,24(s0)
804005ec:	01142e23          	sw	a7,28(s0)
804005f0:	df040793          	addi	a5,s0,-528
804005f4:	80408737          	lui	a4,0x80408
804005f8:	0d870713          	addi	a4,a4,216 # 804080d8 <__modsi3+0x6f24>
804005fc:	00072503          	lw	a0,0(a4)
80400600:	00472583          	lw	a1,4(a4)
80400604:	00872603          	lw	a2,8(a4)
80400608:	00c72683          	lw	a3,12(a4)
8040060c:	00a7a023          	sw	a0,0(a5)
80400610:	00b7a223          	sw	a1,4(a5)
80400614:	00c7a423          	sw	a2,8(a5)
80400618:	00d7a623          	sw	a3,12(a5)
8040061c:	01075683          	lhu	a3,16(a4)
80400620:	00d79823          	sh	a3,16(a5)
80400624:	01274703          	lbu	a4,18(a4)
80400628:	00e78923          	sb	a4,18(a5)
8040062c:	02040793          	addi	a5,s0,32
80400630:	dcf42c23          	sw	a5,-552(s0)
80400634:	dd842783          	lw	a5,-552(s0)
80400638:	fe478793          	addi	a5,a5,-28
8040063c:	def42623          	sw	a5,-532(s0)
80400640:	df040793          	addi	a5,s0,-528
80400644:	01278793          	addi	a5,a5,18
80400648:	dec42703          	lw	a4,-532(s0)
8040064c:	00070613          	mv	a2,a4
80400650:	ddc42583          	lw	a1,-548(s0)
80400654:	00078513          	mv	a0,a5
80400658:	ca1ff0ef          	jal	804002f8 <format_to_str>
8040065c:	df040793          	addi	a5,s0,-528
80400660:	00078513          	mv	a0,a5
80400664:	021000ef          	jal	80400e84 <strlen>
80400668:	00050793          	mv	a5,a0
8040066c:	00078713          	mv	a4,a5
80400670:	df040793          	addi	a5,s0,-528
80400674:	00e787b3          	add	a5,a5,a4
80400678:	80408737          	lui	a4,0x80408
8040067c:	0b870713          	addi	a4,a4,184 # 804080b8 <__modsi3+0x6f04>
80400680:	00074683          	lbu	a3,0(a4)
80400684:	00068e13          	mv	t3,a3
80400688:	00174683          	lbu	a3,1(a4)
8040068c:	00068313          	mv	t1,a3
80400690:	00274683          	lbu	a3,2(a4)
80400694:	00068893          	mv	a7,a3
80400698:	00374683          	lbu	a3,3(a4)
8040069c:	00068813          	mv	a6,a3
804006a0:	00474683          	lbu	a3,4(a4)
804006a4:	00068513          	mv	a0,a3
804006a8:	00574683          	lbu	a3,5(a4)
804006ac:	00068593          	mv	a1,a3
804006b0:	00674683          	lbu	a3,6(a4)
804006b4:	00068613          	mv	a2,a3
804006b8:	00774683          	lbu	a3,7(a4)
804006bc:	00874703          	lbu	a4,8(a4)
804006c0:	01c78023          	sb	t3,0(a5)
804006c4:	006780a3          	sb	t1,1(a5)
804006c8:	01178123          	sb	a7,2(a5)
804006cc:	010781a3          	sb	a6,3(a5)
804006d0:	00a78223          	sb	a0,4(a5)
804006d4:	00b782a3          	sb	a1,5(a5)
804006d8:	00c78323          	sb	a2,6(a5)
804006dc:	00d783a3          	sb	a3,7(a5)
804006e0:	00e78423          	sb	a4,8(a5)
804006e4:	df040793          	addi	a5,s0,-528
804006e8:	00078513          	mv	a0,a5
804006ec:	798000ef          	jal	80400e84 <strlen>
804006f0:	00050713          	mv	a4,a0
804006f4:	df040793          	addi	a5,s0,-528
804006f8:	00070593          	mv	a1,a4
804006fc:	00078513          	mv	a0,a5
80400700:	18c000ef          	jal	8040088c <term_write>
80400704:	00000013          	nop
80400708:	00078513          	mv	a0,a5
8040070c:	22c12083          	lw	ra,556(sp)
80400710:	22812403          	lw	s0,552(sp)
80400714:	25010113          	addi	sp,sp,592
80400718:	00008067          	ret

8040071c <exit>:
exit():
8040071c:	dd010113          	addi	sp,sp,-560
80400720:	22112623          	sw	ra,556(sp)
80400724:	22812423          	sw	s0,552(sp)
80400728:	23010413          	addi	s0,sp,560
8040072c:	dca42e23          	sw	a0,-548(s0)
80400730:	00100793          	li	a5,1
80400734:	def42423          	sw	a5,-536(s0)
80400738:	de840793          	addi	a5,s0,-536
8040073c:	20800613          	li	a2,520
80400740:	00078593          	mv	a1,a5
80400744:	00100513          	li	a0,1
80400748:	1b8000ef          	jal	80400900 <sys_send>
8040074c:	0000006f          	j	8040074c <exit+0x30>

80400750 <term_read>:
term_read():
80400750:	fd010113          	addi	sp,sp,-48
80400754:	02112623          	sw	ra,44(sp)
80400758:	02812423          	sw	s0,40(sp)
8040075c:	03010413          	addi	s0,sp,48
80400760:	fca42e23          	sw	a0,-36(s0)
80400764:	fcb42c23          	sw	a1,-40(s0)
80400768:	fe042623          	sw	zero,-20(s0)
8040076c:	0e40006f          	j	80400850 <term_read+0x100>
80400770:	804087b7          	lui	a5,0x80408
80400774:	1247a783          	lw	a5,292(a5) # 80408124 <earth>
80400778:	01c7a783          	lw	a5,28(a5)
8040077c:	feb40713          	addi	a4,s0,-21
80400780:	00070513          	mv	a0,a4
80400784:	000780e7          	jalr	a5
80400788:	fec42783          	lw	a5,-20(s0)
8040078c:	fdc42703          	lw	a4,-36(s0)
80400790:	00f707b3          	add	a5,a4,a5
80400794:	feb44703          	lbu	a4,-21(s0)
80400798:	00e78023          	sb	a4,0(a5)
8040079c:	feb44783          	lbu	a5,-21(s0)
804007a0:	00d00713          	li	a4,13
804007a4:	00e78863          	beq	a5,a4,804007b4 <term_read+0x64>
804007a8:	07f00713          	li	a4,127
804007ac:	04e78263          	beq	a5,a4,804007f0 <term_read+0xa0>
804007b0:	07c0006f          	j	8040082c <term_read+0xdc>
804007b4:	fec42783          	lw	a5,-20(s0)
804007b8:	fdc42703          	lw	a4,-36(s0)
804007bc:	00f707b3          	add	a5,a4,a5
804007c0:	00078023          	sb	zero,0(a5)
804007c4:	00200593          	li	a1,2
804007c8:	804087b7          	lui	a5,0x80408
804007cc:	0ec78513          	addi	a0,a5,236 # 804080ec <__modsi3+0x6f38>
804007d0:	0bc000ef          	jal	8040088c <term_write>
804007d4:	fec42783          	lw	a5,-20(s0)
804007d8:	00078863          	beqz	a5,804007e8 <term_read+0x98>
804007dc:	fec42783          	lw	a5,-20(s0)
804007e0:	00178793          	addi	a5,a5,1
804007e4:	0940006f          	j	80400878 <term_read+0x128>
804007e8:	00000793          	li	a5,0
804007ec:	08c0006f          	j	80400878 <term_read+0x128>
804007f0:	fe0405a3          	sb	zero,-21(s0)
804007f4:	fec42783          	lw	a5,-20(s0)
804007f8:	00078a63          	beqz	a5,8040080c <term_read+0xbc>
804007fc:	00300593          	li	a1,3
80400800:	804087b7          	lui	a5,0x80408
80400804:	0f078513          	addi	a0,a5,240 # 804080f0 <__modsi3+0x6f3c>
80400808:	084000ef          	jal	8040088c <term_write>
8040080c:	fec42783          	lw	a5,-20(s0)
80400810:	00078863          	beqz	a5,80400820 <term_read+0xd0>
80400814:	fec42783          	lw	a5,-20(s0)
80400818:	ffe78793          	addi	a5,a5,-2
8040081c:	00c0006f          	j	80400828 <term_read+0xd8>
80400820:	fec42783          	lw	a5,-20(s0)
80400824:	fff78793          	addi	a5,a5,-1
80400828:	fef42623          	sw	a5,-20(s0)
8040082c:	feb44783          	lbu	a5,-21(s0)
80400830:	00078a63          	beqz	a5,80400844 <term_read+0xf4>
80400834:	feb40793          	addi	a5,s0,-21
80400838:	00100593          	li	a1,1
8040083c:	00078513          	mv	a0,a5
80400840:	04c000ef          	jal	8040088c <term_write>
80400844:	fec42783          	lw	a5,-20(s0)
80400848:	00178793          	addi	a5,a5,1
8040084c:	fef42623          	sw	a5,-20(s0)
80400850:	fd842783          	lw	a5,-40(s0)
80400854:	fff78713          	addi	a4,a5,-1
80400858:	fec42783          	lw	a5,-20(s0)
8040085c:	f0e7eae3          	bltu	a5,a4,80400770 <term_read+0x20>
80400860:	fd842783          	lw	a5,-40(s0)
80400864:	fff78793          	addi	a5,a5,-1
80400868:	fdc42703          	lw	a4,-36(s0)
8040086c:	00f707b3          	add	a5,a4,a5
80400870:	00078023          	sb	zero,0(a5)
80400874:	fd842783          	lw	a5,-40(s0)
80400878:	00078513          	mv	a0,a5
8040087c:	02c12083          	lw	ra,44(sp)
80400880:	02812403          	lw	s0,40(sp)
80400884:	03010113          	addi	sp,sp,48
80400888:	00008067          	ret

8040088c <term_write>:
term_write():
8040088c:	fd010113          	addi	sp,sp,-48
80400890:	02112623          	sw	ra,44(sp)
80400894:	02812423          	sw	s0,40(sp)
80400898:	03010413          	addi	s0,sp,48
8040089c:	fca42e23          	sw	a0,-36(s0)
804008a0:	fcb42c23          	sw	a1,-40(s0)
804008a4:	fe042623          	sw	zero,-20(s0)
804008a8:	0340006f          	j	804008dc <term_write+0x50>
804008ac:	804087b7          	lui	a5,0x80408
804008b0:	1247a783          	lw	a5,292(a5) # 80408124 <earth>
804008b4:	0207a783          	lw	a5,32(a5)
804008b8:	fdc42683          	lw	a3,-36(s0)
804008bc:	fec42703          	lw	a4,-20(s0)
804008c0:	00e68733          	add	a4,a3,a4
804008c4:	00074703          	lbu	a4,0(a4)
804008c8:	00070513          	mv	a0,a4
804008cc:	000780e7          	jalr	a5
804008d0:	fec42783          	lw	a5,-20(s0)
804008d4:	00178793          	addi	a5,a5,1
804008d8:	fef42623          	sw	a5,-20(s0)
804008dc:	fec42703          	lw	a4,-20(s0)
804008e0:	fd842783          	lw	a5,-40(s0)
804008e4:	fcf764e3          	bltu	a4,a5,804008ac <term_write+0x20>
804008e8:	00000013          	nop
804008ec:	00000013          	nop
804008f0:	02c12083          	lw	ra,44(sp)
804008f4:	02812403          	lw	s0,40(sp)
804008f8:	03010113          	addi	sp,sp,48
804008fc:	00008067          	ret

80400900 <sys_send>:
sys_send():
80400900:	fe010113          	addi	sp,sp,-32
80400904:	00112e23          	sw	ra,28(sp)
80400908:	00812c23          	sw	s0,24(sp)
8040090c:	02010413          	addi	s0,sp,32
80400910:	fea42623          	sw	a0,-20(s0)
80400914:	feb42423          	sw	a1,-24(s0)
80400918:	fec42223          	sw	a2,-28(s0)
8040091c:	804087b7          	lui	a5,0x80408
80400920:	1287a783          	lw	a5,296(a5) # 80408128 <sc>
80400924:	00200713          	li	a4,2
80400928:	00e7a023          	sw	a4,0(a5)
8040092c:	804087b7          	lui	a5,0x80408
80400930:	1287a783          	lw	a5,296(a5) # 80408128 <sc>
80400934:	fec42703          	lw	a4,-20(s0)
80400938:	00e7a423          	sw	a4,8(a5)
8040093c:	804087b7          	lui	a5,0x80408
80400940:	1287a783          	lw	a5,296(a5) # 80408128 <sc>
80400944:	00c78793          	addi	a5,a5,12
80400948:	fe442603          	lw	a2,-28(s0)
8040094c:	fe842583          	lw	a1,-24(s0)
80400950:	00078513          	mv	a0,a5
80400954:	408000ef          	jal	80400d5c <memcpy>
80400958:	00000073          	ecall
8040095c:	00000013          	nop
80400960:	01c12083          	lw	ra,28(sp)
80400964:	01812403          	lw	s0,24(sp)
80400968:	02010113          	addi	sp,sp,32
8040096c:	00008067          	ret

80400970 <itoa>:
itoa():
80400970:	ff010113          	addi	sp,sp,-16
80400974:	00812423          	sw	s0,8(sp)
80400978:	00112623          	sw	ra,12(sp)
8040097c:	ffe60713          	addi	a4,a2,-2
80400980:	02200793          	li	a5,34
80400984:	00058413          	mv	s0,a1
80400988:	04e7e063          	bltu	a5,a4,804009c8 <itoa+0x58>
8040098c:	00a00793          	li	a5,10
80400990:	02f60063          	beq	a2,a5,804009b0 <itoa+0x40>
80400994:	00040593          	mv	a1,s0
80400998:	048000ef          	jal	804009e0 <__utoa>
8040099c:	00c12083          	lw	ra,12(sp)
804009a0:	00040513          	mv	a0,s0
804009a4:	00812403          	lw	s0,8(sp)
804009a8:	01010113          	addi	sp,sp,16
804009ac:	00008067          	ret
804009b0:	fe0552e3          	bgez	a0,80400994 <itoa+0x24>
804009b4:	02d00793          	li	a5,45
804009b8:	00f58023          	sb	a5,0(a1)
804009bc:	40a00533          	neg	a0,a0
804009c0:	00158593          	addi	a1,a1,1
804009c4:	fd5ff06f          	j	80400998 <itoa+0x28>
804009c8:	00058023          	sb	zero,0(a1)
804009cc:	00c12083          	lw	ra,12(sp)
804009d0:	00812403          	lw	s0,8(sp)
804009d4:	00000513          	li	a0,0
804009d8:	01010113          	addi	sp,sp,16
804009dc:	00008067          	ret

804009e0 <__utoa>:
__utoa():
804009e0:	00007797          	auipc	a5,0x7
804009e4:	71478793          	addi	a5,a5,1812 # 804080f4 <__modsi3+0x6f40>
804009e8:	0007a283          	lw	t0,0(a5)
804009ec:	0047af83          	lw	t6,4(a5)
804009f0:	0087af03          	lw	t5,8(a5)
804009f4:	00c7ae83          	lw	t4,12(a5)
804009f8:	0107ae03          	lw	t3,16(a5)
804009fc:	0147a303          	lw	t1,20(a5)
80400a00:	0187a883          	lw	a7,24(a5)
80400a04:	01c7a803          	lw	a6,28(a5)
80400a08:	0207a683          	lw	a3,32(a5)
80400a0c:	00007797          	auipc	a5,0x7
80400a10:	70c7c783          	lbu	a5,1804(a5) # 80408118 <__modsi3+0x6f64>
80400a14:	fb010113          	addi	sp,sp,-80
80400a18:	03512a23          	sw	s5,52(sp)
80400a1c:	02f10623          	sb	a5,44(sp)
80400a20:	04112623          	sw	ra,76(sp)
80400a24:	ffe60713          	addi	a4,a2,-2
80400a28:	00512423          	sw	t0,8(sp)
80400a2c:	01f12623          	sw	t6,12(sp)
80400a30:	01e12823          	sw	t5,16(sp)
80400a34:	01d12a23          	sw	t4,20(sp)
80400a38:	01c12c23          	sw	t3,24(sp)
80400a3c:	00612e23          	sw	t1,28(sp)
80400a40:	03112023          	sw	a7,32(sp)
80400a44:	03012223          	sw	a6,36(sp)
80400a48:	02d12423          	sw	a3,40(sp)
80400a4c:	02200793          	li	a5,34
80400a50:	00058a93          	mv	s5,a1
80400a54:	0ce7e463          	bltu	a5,a4,80400b1c <__utoa+0x13c>
80400a58:	04812423          	sw	s0,72(sp)
80400a5c:	04912223          	sw	s1,68(sp)
80400a60:	05212023          	sw	s2,64(sp)
80400a64:	03312e23          	sw	s3,60(sp)
80400a68:	03412c23          	sw	s4,56(sp)
80400a6c:	03612823          	sw	s6,48(sp)
80400a70:	00060493          	mv	s1,a2
80400a74:	00050413          	mv	s0,a0
80400a78:	00000913          	li	s2,0
80400a7c:	00048593          	mv	a1,s1
80400a80:	00040513          	mv	a0,s0
80400a84:	6fc000ef          	jal	80401180 <__umodsi3>
80400a88:	00250533          	add	a0,a0,sp
80400a8c:	00854783          	lbu	a5,8(a0)
80400a90:	00090993          	mv	s3,s2
80400a94:	00190913          	addi	s2,s2,1
80400a98:	012a8a33          	add	s4,s5,s2
80400a9c:	00040513          	mv	a0,s0
80400aa0:	00048593          	mv	a1,s1
80400aa4:	fefa0fa3          	sb	a5,-1(s4)
80400aa8:	00040b13          	mv	s6,s0
80400aac:	68c000ef          	jal	80401138 <__hidden___udivsi3>
80400ab0:	00050413          	mv	s0,a0
80400ab4:	fc9b74e3          	bgeu	s6,s1,80400a7c <__utoa+0x9c>
80400ab8:	000a0023          	sb	zero,0(s4)
80400abc:	02098a63          	beqz	s3,80400af0 <__utoa+0x110>
80400ac0:	000a8693          	mv	a3,s5
80400ac4:	013a8733          	add	a4,s5,s3
80400ac8:	00000793          	li	a5,0
80400acc:	00074583          	lbu	a1,0(a4)
80400ad0:	0006c603          	lbu	a2,0(a3)
80400ad4:	00178793          	addi	a5,a5,1
80400ad8:	00b68023          	sb	a1,0(a3)
80400adc:	00c70023          	sb	a2,0(a4)
80400ae0:	40f98633          	sub	a2,s3,a5
80400ae4:	00168693          	addi	a3,a3,1
80400ae8:	fff70713          	addi	a4,a4,-1
80400aec:	fec7c0e3          	blt	a5,a2,80400acc <__utoa+0xec>
80400af0:	04812403          	lw	s0,72(sp)
80400af4:	04c12083          	lw	ra,76(sp)
80400af8:	04412483          	lw	s1,68(sp)
80400afc:	04012903          	lw	s2,64(sp)
80400b00:	03c12983          	lw	s3,60(sp)
80400b04:	03812a03          	lw	s4,56(sp)
80400b08:	03012b03          	lw	s6,48(sp)
80400b0c:	000a8513          	mv	a0,s5
80400b10:	03412a83          	lw	s5,52(sp)
80400b14:	05010113          	addi	sp,sp,80
80400b18:	00008067          	ret
80400b1c:	00058023          	sb	zero,0(a1)
80400b20:	04c12083          	lw	ra,76(sp)
80400b24:	03412a83          	lw	s5,52(sp)
80400b28:	00000513          	li	a0,0
80400b2c:	05010113          	addi	sp,sp,80
80400b30:	00008067          	ret

80400b34 <strcat>:
strcat():
80400b34:	ff010113          	addi	sp,sp,-16
80400b38:	00812423          	sw	s0,8(sp)
80400b3c:	00112623          	sw	ra,12(sp)
80400b40:	00357793          	andi	a5,a0,3
80400b44:	00050413          	mv	s0,a0
80400b48:	06079663          	bnez	a5,80400bb4 <strcat+0x80>
80400b4c:	00052703          	lw	a4,0(a0)
80400b50:	feff0637          	lui	a2,0xfeff0
80400b54:	eff60613          	addi	a2,a2,-257 # fefefeff <__heap_end+0x7e9efeff>
80400b58:	00c707b3          	add	a5,a4,a2
80400b5c:	808086b7          	lui	a3,0x80808
80400b60:	fff74713          	not	a4,a4
80400b64:	00e7f7b3          	and	a5,a5,a4
80400b68:	08068693          	addi	a3,a3,128 # 80808080 <__heap_end+0x208080>
80400b6c:	00d7f7b3          	and	a5,a5,a3
80400b70:	04079263          	bnez	a5,80400bb4 <strcat+0x80>
80400b74:	00452703          	lw	a4,4(a0)
80400b78:	00450513          	addi	a0,a0,4
80400b7c:	00c707b3          	add	a5,a4,a2
80400b80:	fff74713          	not	a4,a4
80400b84:	00e7f7b3          	and	a5,a5,a4
80400b88:	00d7f7b3          	and	a5,a5,a3
80400b8c:	02079463          	bnez	a5,80400bb4 <strcat+0x80>
80400b90:	00452703          	lw	a4,4(a0)
80400b94:	00450513          	addi	a0,a0,4
80400b98:	00c707b3          	add	a5,a4,a2
80400b9c:	fff74713          	not	a4,a4
80400ba0:	00e7f7b3          	and	a5,a5,a4
80400ba4:	00d7f7b3          	and	a5,a5,a3
80400ba8:	fc0786e3          	beqz	a5,80400b74 <strcat+0x40>
80400bac:	0080006f          	j	80400bb4 <strcat+0x80>
80400bb0:	00150513          	addi	a0,a0,1
80400bb4:	00054783          	lbu	a5,0(a0)
80400bb8:	fe079ce3          	bnez	a5,80400bb0 <strcat+0x7c>
80400bbc:	354000ef          	jal	80400f10 <strcpy>
80400bc0:	00c12083          	lw	ra,12(sp)
80400bc4:	00040513          	mv	a0,s0
80400bc8:	00812403          	lw	s0,8(sp)
80400bcc:	01010113          	addi	sp,sp,16
80400bd0:	00008067          	ret

80400bd4 <strncat>:
strncat():
80400bd4:	00357713          	andi	a4,a0,3
80400bd8:	00050793          	mv	a5,a0
80400bdc:	06071663          	bnez	a4,80400c48 <strncat+0x74>
80400be0:	00052683          	lw	a3,0(a0)
80400be4:	feff08b7          	lui	a7,0xfeff0
80400be8:	eff88893          	addi	a7,a7,-257 # fefefeff <__heap_end+0x7e9efeff>
80400bec:	01168733          	add	a4,a3,a7
80400bf0:	80808837          	lui	a6,0x80808
80400bf4:	fff6c693          	not	a3,a3
80400bf8:	00d77733          	and	a4,a4,a3
80400bfc:	08080813          	addi	a6,a6,128 # 80808080 <__heap_end+0x208080>
80400c00:	01077733          	and	a4,a4,a6
80400c04:	04071263          	bnez	a4,80400c48 <strncat+0x74>
80400c08:	0047a683          	lw	a3,4(a5)
80400c0c:	00478793          	addi	a5,a5,4
80400c10:	01168733          	add	a4,a3,a7
80400c14:	fff6c693          	not	a3,a3
80400c18:	00d77733          	and	a4,a4,a3
80400c1c:	01077733          	and	a4,a4,a6
80400c20:	02071463          	bnez	a4,80400c48 <strncat+0x74>
80400c24:	0047a683          	lw	a3,4(a5)
80400c28:	00478793          	addi	a5,a5,4
80400c2c:	01168733          	add	a4,a3,a7
80400c30:	fff6c693          	not	a3,a3
80400c34:	00d77733          	and	a4,a4,a3
80400c38:	01077733          	and	a4,a4,a6
80400c3c:	fc0706e3          	beqz	a4,80400c08 <strncat+0x34>
80400c40:	0080006f          	j	80400c48 <strncat+0x74>
80400c44:	00178793          	addi	a5,a5,1
80400c48:	0007c703          	lbu	a4,0(a5)
80400c4c:	fe071ce3          	bnez	a4,80400c44 <strncat+0x70>
80400c50:	00c786b3          	add	a3,a5,a2
80400c54:	02060463          	beqz	a2,80400c7c <strncat+0xa8>
80400c58:	0005c703          	lbu	a4,0(a1)
80400c5c:	00178793          	addi	a5,a5,1
80400c60:	00158593          	addi	a1,a1,1
80400c64:	fee78fa3          	sb	a4,-1(a5)
80400c68:	00070863          	beqz	a4,80400c78 <strncat+0xa4>
80400c6c:	fef696e3          	bne	a3,a5,80400c58 <strncat+0x84>
80400c70:	00068023          	sb	zero,0(a3)
80400c74:	00008067          	ret
80400c78:	00008067          	ret
80400c7c:	00008067          	ret

80400c80 <memset>:
memset():
80400c80:	00f00313          	li	t1,15
80400c84:	00050713          	mv	a4,a0
80400c88:	02c37e63          	bgeu	t1,a2,80400cc4 <memset+0x44>
80400c8c:	00f77793          	andi	a5,a4,15
80400c90:	0a079063          	bnez	a5,80400d30 <memset+0xb0>
80400c94:	08059263          	bnez	a1,80400d18 <memset+0x98>
80400c98:	ff067693          	andi	a3,a2,-16
80400c9c:	00f67613          	andi	a2,a2,15
80400ca0:	00e686b3          	add	a3,a3,a4
80400ca4:	00b72023          	sw	a1,0(a4)
80400ca8:	00b72223          	sw	a1,4(a4)
80400cac:	00b72423          	sw	a1,8(a4)
80400cb0:	00b72623          	sw	a1,12(a4)
80400cb4:	01070713          	addi	a4,a4,16
80400cb8:	fed766e3          	bltu	a4,a3,80400ca4 <memset+0x24>
80400cbc:	00061463          	bnez	a2,80400cc4 <memset+0x44>
80400cc0:	00008067          	ret
80400cc4:	40c306b3          	sub	a3,t1,a2
80400cc8:	00269693          	slli	a3,a3,0x2
80400ccc:	00000297          	auipc	t0,0x0
80400cd0:	005686b3          	add	a3,a3,t0
80400cd4:	00c68067          	jr	12(a3)
80400cd8:	00b70723          	sb	a1,14(a4)
80400cdc:	00b706a3          	sb	a1,13(a4)
80400ce0:	00b70623          	sb	a1,12(a4)
80400ce4:	00b705a3          	sb	a1,11(a4)
80400ce8:	00b70523          	sb	a1,10(a4)
80400cec:	00b704a3          	sb	a1,9(a4)
80400cf0:	00b70423          	sb	a1,8(a4)
80400cf4:	00b703a3          	sb	a1,7(a4)
80400cf8:	00b70323          	sb	a1,6(a4)
80400cfc:	00b702a3          	sb	a1,5(a4)
80400d00:	00b70223          	sb	a1,4(a4)
80400d04:	00b701a3          	sb	a1,3(a4)
80400d08:	00b70123          	sb	a1,2(a4)
80400d0c:	00b700a3          	sb	a1,1(a4)
80400d10:	00b70023          	sb	a1,0(a4)
80400d14:	00008067          	ret
80400d18:	0ff5f593          	zext.b	a1,a1
80400d1c:	00859693          	slli	a3,a1,0x8
80400d20:	00d5e5b3          	or	a1,a1,a3
80400d24:	01059693          	slli	a3,a1,0x10
80400d28:	00d5e5b3          	or	a1,a1,a3
80400d2c:	f6dff06f          	j	80400c98 <memset+0x18>
80400d30:	00279693          	slli	a3,a5,0x2
80400d34:	00000297          	auipc	t0,0x0
80400d38:	005686b3          	add	a3,a3,t0
80400d3c:	00008293          	mv	t0,ra
80400d40:	fa0680e7          	jalr	-96(a3)
80400d44:	00028093          	mv	ra,t0
80400d48:	ff078793          	addi	a5,a5,-16
80400d4c:	40f70733          	sub	a4,a4,a5
80400d50:	00f60633          	add	a2,a2,a5
80400d54:	f6c378e3          	bgeu	t1,a2,80400cc4 <memset+0x44>
80400d58:	f3dff06f          	j	80400c94 <memset+0x14>

80400d5c <memcpy>:
memcpy():
80400d5c:	00a5c7b3          	xor	a5,a1,a0
80400d60:	0037f793          	andi	a5,a5,3
80400d64:	00c508b3          	add	a7,a0,a2
80400d68:	06079663          	bnez	a5,80400dd4 <memcpy+0x78>
80400d6c:	00300793          	li	a5,3
80400d70:	06c7f263          	bgeu	a5,a2,80400dd4 <memcpy+0x78>
80400d74:	00357793          	andi	a5,a0,3
80400d78:	00050713          	mv	a4,a0
80400d7c:	0c079a63          	bnez	a5,80400e50 <memcpy+0xf4>
80400d80:	ffc8f613          	andi	a2,a7,-4
80400d84:	40e606b3          	sub	a3,a2,a4
80400d88:	02000793          	li	a5,32
80400d8c:	06d7c463          	blt	a5,a3,80400df4 <memcpy+0x98>
80400d90:	00058693          	mv	a3,a1
80400d94:	00070793          	mv	a5,a4
80400d98:	02c77a63          	bgeu	a4,a2,80400dcc <memcpy+0x70>
80400d9c:	0006a803          	lw	a6,0(a3)
80400da0:	00478793          	addi	a5,a5,4
80400da4:	00468693          	addi	a3,a3,4
80400da8:	ff07ae23          	sw	a6,-4(a5)
80400dac:	fec7e8e3          	bltu	a5,a2,80400d9c <memcpy+0x40>
80400db0:	fff60613          	addi	a2,a2,-1
80400db4:	40e60633          	sub	a2,a2,a4
80400db8:	ffc67613          	andi	a2,a2,-4
80400dbc:	00458593          	addi	a1,a1,4
80400dc0:	00470713          	addi	a4,a4,4
80400dc4:	00c585b3          	add	a1,a1,a2
80400dc8:	00c70733          	add	a4,a4,a2
80400dcc:	01176863          	bltu	a4,a7,80400ddc <memcpy+0x80>
80400dd0:	00008067          	ret
80400dd4:	00050713          	mv	a4,a0
80400dd8:	ff157ce3          	bgeu	a0,a7,80400dd0 <memcpy+0x74>
80400ddc:	0005c783          	lbu	a5,0(a1)
80400de0:	00170713          	addi	a4,a4,1
80400de4:	00158593          	addi	a1,a1,1
80400de8:	fef70fa3          	sb	a5,-1(a4)
80400dec:	fee898e3          	bne	a7,a4,80400ddc <memcpy+0x80>
80400df0:	00008067          	ret
80400df4:	0205a683          	lw	a3,32(a1)
80400df8:	0005a383          	lw	t2,0(a1)
80400dfc:	0045a283          	lw	t0,4(a1)
80400e00:	0085af83          	lw	t6,8(a1)
80400e04:	00c5af03          	lw	t5,12(a1)
80400e08:	0105ae83          	lw	t4,16(a1)
80400e0c:	0145ae03          	lw	t3,20(a1)
80400e10:	0185a303          	lw	t1,24(a1)
80400e14:	01c5a803          	lw	a6,28(a1)
80400e18:	02470713          	addi	a4,a4,36
80400e1c:	fed72e23          	sw	a3,-4(a4)
80400e20:	fc772e23          	sw	t2,-36(a4)
80400e24:	40e606b3          	sub	a3,a2,a4
80400e28:	fe572023          	sw	t0,-32(a4)
80400e2c:	fff72223          	sw	t6,-28(a4)
80400e30:	ffe72423          	sw	t5,-24(a4)
80400e34:	ffd72623          	sw	t4,-20(a4)
80400e38:	ffc72823          	sw	t3,-16(a4)
80400e3c:	fe672a23          	sw	t1,-12(a4)
80400e40:	ff072c23          	sw	a6,-8(a4)
80400e44:	02458593          	addi	a1,a1,36
80400e48:	fad7c6e3          	blt	a5,a3,80400df4 <memcpy+0x98>
80400e4c:	f45ff06f          	j	80400d90 <memcpy+0x34>
80400e50:	0005c683          	lbu	a3,0(a1)
80400e54:	00170713          	addi	a4,a4,1
80400e58:	00377793          	andi	a5,a4,3
80400e5c:	fed70fa3          	sb	a3,-1(a4)
80400e60:	00158593          	addi	a1,a1,1
80400e64:	f0078ee3          	beqz	a5,80400d80 <memcpy+0x24>
80400e68:	0005c683          	lbu	a3,0(a1)
80400e6c:	00170713          	addi	a4,a4,1
80400e70:	00377793          	andi	a5,a4,3
80400e74:	fed70fa3          	sb	a3,-1(a4)
80400e78:	00158593          	addi	a1,a1,1
80400e7c:	fc079ae3          	bnez	a5,80400e50 <memcpy+0xf4>
80400e80:	f01ff06f          	j	80400d80 <memcpy+0x24>

80400e84 <strlen>:
strlen():
80400e84:	00357793          	andi	a5,a0,3
80400e88:	00050713          	mv	a4,a0
80400e8c:	04079c63          	bnez	a5,80400ee4 <strlen+0x60>
80400e90:	7f7f86b7          	lui	a3,0x7f7f8
80400e94:	f7f68693          	addi	a3,a3,-129 # 7f7f7f7f <app_entry-0xc08081>
80400e98:	fff00593          	li	a1,-1
80400e9c:	00072603          	lw	a2,0(a4)
80400ea0:	00470713          	addi	a4,a4,4
80400ea4:	00d677b3          	and	a5,a2,a3
80400ea8:	00d787b3          	add	a5,a5,a3
80400eac:	00c7e7b3          	or	a5,a5,a2
80400eb0:	00d7e7b3          	or	a5,a5,a3
80400eb4:	feb784e3          	beq	a5,a1,80400e9c <strlen+0x18>
80400eb8:	ffc74683          	lbu	a3,-4(a4)
80400ebc:	40a707b3          	sub	a5,a4,a0
80400ec0:	04068463          	beqz	a3,80400f08 <strlen+0x84>
80400ec4:	ffd74683          	lbu	a3,-3(a4)
80400ec8:	02068c63          	beqz	a3,80400f00 <strlen+0x7c>
80400ecc:	ffe74503          	lbu	a0,-2(a4)
80400ed0:	00a03533          	snez	a0,a0
80400ed4:	00f50533          	add	a0,a0,a5
80400ed8:	ffe50513          	addi	a0,a0,-2
80400edc:	00008067          	ret
80400ee0:	fa0688e3          	beqz	a3,80400e90 <strlen+0xc>
80400ee4:	00074783          	lbu	a5,0(a4)
80400ee8:	00170713          	addi	a4,a4,1
80400eec:	00377693          	andi	a3,a4,3
80400ef0:	fe0798e3          	bnez	a5,80400ee0 <strlen+0x5c>
80400ef4:	40a70733          	sub	a4,a4,a0
80400ef8:	fff70513          	addi	a0,a4,-1
80400efc:	00008067          	ret
80400f00:	ffd78513          	addi	a0,a5,-3
80400f04:	00008067          	ret
80400f08:	ffc78513          	addi	a0,a5,-4
80400f0c:	00008067          	ret

80400f10 <strcpy>:
strcpy():
80400f10:	00b567b3          	or	a5,a0,a1
80400f14:	0037f793          	andi	a5,a5,3
80400f18:	08079063          	bnez	a5,80400f98 <strcpy+0x88>
80400f1c:	0005a703          	lw	a4,0(a1)
80400f20:	7f7f86b7          	lui	a3,0x7f7f8
80400f24:	f7f68693          	addi	a3,a3,-129 # 7f7f7f7f <app_entry-0xc08081>
80400f28:	00d77833          	and	a6,a4,a3
80400f2c:	00d80833          	add	a6,a6,a3
80400f30:	00e86833          	or	a6,a6,a4
80400f34:	00d86833          	or	a6,a6,a3
80400f38:	fff00793          	li	a5,-1
80400f3c:	00050613          	mv	a2,a0
80400f40:	02f81463          	bne	a6,a5,80400f68 <strcpy+0x58>
80400f44:	00458593          	addi	a1,a1,4
80400f48:	00e62023          	sw	a4,0(a2)
80400f4c:	0005a703          	lw	a4,0(a1)
80400f50:	00460613          	addi	a2,a2,4
80400f54:	00d777b3          	and	a5,a4,a3
80400f58:	00d787b3          	add	a5,a5,a3
80400f5c:	00e7e7b3          	or	a5,a5,a4
80400f60:	00d7e7b3          	or	a5,a5,a3
80400f64:	ff0780e3          	beq	a5,a6,80400f44 <strcpy+0x34>
80400f68:	0005c783          	lbu	a5,0(a1)
80400f6c:	0015c703          	lbu	a4,1(a1)
80400f70:	0025c683          	lbu	a3,2(a1)
80400f74:	00f60023          	sb	a5,0(a2)
80400f78:	00078a63          	beqz	a5,80400f8c <strcpy+0x7c>
80400f7c:	00e600a3          	sb	a4,1(a2)
80400f80:	00070663          	beqz	a4,80400f8c <strcpy+0x7c>
80400f84:	00d60123          	sb	a3,2(a2)
80400f88:	00069463          	bnez	a3,80400f90 <strcpy+0x80>
80400f8c:	00008067          	ret
80400f90:	000601a3          	sb	zero,3(a2)
80400f94:	00008067          	ret
80400f98:	00050793          	mv	a5,a0
80400f9c:	0005c703          	lbu	a4,0(a1)
80400fa0:	00178793          	addi	a5,a5,1
80400fa4:	00158593          	addi	a1,a1,1
80400fa8:	fee78fa3          	sb	a4,-1(a5)
80400fac:	fe0718e3          	bnez	a4,80400f9c <strcpy+0x8c>
80400fb0:	00008067          	ret

80400fb4 <strcmp>:
strcmp():
80400fb4:	00b56733          	or	a4,a0,a1
80400fb8:	fff00393          	li	t2,-1
80400fbc:	00377713          	andi	a4,a4,3
80400fc0:	10071063          	bnez	a4,804010c0 <strcmp+0x10c>
80400fc4:	7f7f87b7          	lui	a5,0x7f7f8
80400fc8:	f7f78793          	addi	a5,a5,-129 # 7f7f7f7f <app_entry-0xc08081>
80400fcc:	00052603          	lw	a2,0(a0)
80400fd0:	0005a683          	lw	a3,0(a1)
80400fd4:	00f672b3          	and	t0,a2,a5
80400fd8:	00f66333          	or	t1,a2,a5
80400fdc:	00f282b3          	add	t0,t0,a5
80400fe0:	0062e2b3          	or	t0,t0,t1
80400fe4:	10729263          	bne	t0,t2,804010e8 <strcmp+0x134>
80400fe8:	08d61663          	bne	a2,a3,80401074 <strcmp+0xc0>
80400fec:	00452603          	lw	a2,4(a0)
80400ff0:	0045a683          	lw	a3,4(a1)
80400ff4:	00f672b3          	and	t0,a2,a5
80400ff8:	00f66333          	or	t1,a2,a5
80400ffc:	00f282b3          	add	t0,t0,a5
80401000:	0062e2b3          	or	t0,t0,t1
80401004:	0c729e63          	bne	t0,t2,804010e0 <strcmp+0x12c>
80401008:	06d61663          	bne	a2,a3,80401074 <strcmp+0xc0>
8040100c:	00852603          	lw	a2,8(a0)
80401010:	0085a683          	lw	a3,8(a1)
80401014:	00f672b3          	and	t0,a2,a5
80401018:	00f66333          	or	t1,a2,a5
8040101c:	00f282b3          	add	t0,t0,a5
80401020:	0062e2b3          	or	t0,t0,t1
80401024:	0c729863          	bne	t0,t2,804010f4 <strcmp+0x140>
80401028:	04d61663          	bne	a2,a3,80401074 <strcmp+0xc0>
8040102c:	00c52603          	lw	a2,12(a0)
80401030:	00c5a683          	lw	a3,12(a1)
80401034:	00f672b3          	and	t0,a2,a5
80401038:	00f66333          	or	t1,a2,a5
8040103c:	00f282b3          	add	t0,t0,a5
80401040:	0062e2b3          	or	t0,t0,t1
80401044:	0c729263          	bne	t0,t2,80401108 <strcmp+0x154>
80401048:	02d61663          	bne	a2,a3,80401074 <strcmp+0xc0>
8040104c:	01052603          	lw	a2,16(a0)
80401050:	0105a683          	lw	a3,16(a1)
80401054:	00f672b3          	and	t0,a2,a5
80401058:	00f66333          	or	t1,a2,a5
8040105c:	00f282b3          	add	t0,t0,a5
80401060:	0062e2b3          	or	t0,t0,t1
80401064:	0a729c63          	bne	t0,t2,8040111c <strcmp+0x168>
80401068:	01450513          	addi	a0,a0,20
8040106c:	01458593          	addi	a1,a1,20
80401070:	f4d60ee3          	beq	a2,a3,80400fcc <strcmp+0x18>
80401074:	01061713          	slli	a4,a2,0x10
80401078:	01069793          	slli	a5,a3,0x10
8040107c:	00f71e63          	bne	a4,a5,80401098 <strcmp+0xe4>
80401080:	01065713          	srli	a4,a2,0x10
80401084:	0106d793          	srli	a5,a3,0x10
80401088:	40f70533          	sub	a0,a4,a5
8040108c:	0ff57593          	zext.b	a1,a0
80401090:	02059063          	bnez	a1,804010b0 <strcmp+0xfc>
80401094:	00008067          	ret
80401098:	01075713          	srli	a4,a4,0x10
8040109c:	0107d793          	srli	a5,a5,0x10
804010a0:	40f70533          	sub	a0,a4,a5
804010a4:	0ff57593          	zext.b	a1,a0
804010a8:	00059463          	bnez	a1,804010b0 <strcmp+0xfc>
804010ac:	00008067          	ret
804010b0:	0ff77713          	zext.b	a4,a4
804010b4:	0ff7f793          	zext.b	a5,a5
804010b8:	40f70533          	sub	a0,a4,a5
804010bc:	00008067          	ret
804010c0:	00054603          	lbu	a2,0(a0)
804010c4:	0005c683          	lbu	a3,0(a1)
804010c8:	00150513          	addi	a0,a0,1
804010cc:	00158593          	addi	a1,a1,1
804010d0:	00d61463          	bne	a2,a3,804010d8 <strcmp+0x124>
804010d4:	fe0616e3          	bnez	a2,804010c0 <strcmp+0x10c>
804010d8:	40d60533          	sub	a0,a2,a3
804010dc:	00008067          	ret
804010e0:	00450513          	addi	a0,a0,4
804010e4:	00458593          	addi	a1,a1,4
804010e8:	fcd61ce3          	bne	a2,a3,804010c0 <strcmp+0x10c>
804010ec:	00000513          	li	a0,0
804010f0:	00008067          	ret
804010f4:	00850513          	addi	a0,a0,8
804010f8:	00858593          	addi	a1,a1,8
804010fc:	fcd612e3          	bne	a2,a3,804010c0 <strcmp+0x10c>
80401100:	00000513          	li	a0,0
80401104:	00008067          	ret
80401108:	00c50513          	addi	a0,a0,12
8040110c:	00c58593          	addi	a1,a1,12
80401110:	fad618e3          	bne	a2,a3,804010c0 <strcmp+0x10c>
80401114:	00000513          	li	a0,0
80401118:	00008067          	ret
8040111c:	01050513          	addi	a0,a0,16
80401120:	01058593          	addi	a1,a1,16
80401124:	f8d61ee3          	bne	a2,a3,804010c0 <strcmp+0x10c>
80401128:	00000513          	li	a0,0
8040112c:	00008067          	ret

80401130 <__divsi3>:
__divsi3():
80401130:	06054063          	bltz	a0,80401190 <__umodsi3+0x10>
80401134:	0605c663          	bltz	a1,804011a0 <__umodsi3+0x20>

80401138 <__hidden___udivsi3>:
80401138:	00058613          	mv	a2,a1
8040113c:	00050593          	mv	a1,a0
80401140:	fff00513          	li	a0,-1
80401144:	02060c63          	beqz	a2,8040117c <__hidden___udivsi3+0x44>
80401148:	00100693          	li	a3,1
8040114c:	00b67a63          	bgeu	a2,a1,80401160 <__hidden___udivsi3+0x28>
80401150:	00c05863          	blez	a2,80401160 <__hidden___udivsi3+0x28>
80401154:	00161613          	slli	a2,a2,0x1
80401158:	00169693          	slli	a3,a3,0x1
8040115c:	feb66ae3          	bltu	a2,a1,80401150 <__hidden___udivsi3+0x18>
80401160:	00000513          	li	a0,0
80401164:	00c5e663          	bltu	a1,a2,80401170 <__hidden___udivsi3+0x38>
80401168:	40c585b3          	sub	a1,a1,a2
8040116c:	00d56533          	or	a0,a0,a3
80401170:	0016d693          	srli	a3,a3,0x1
80401174:	00165613          	srli	a2,a2,0x1
80401178:	fe0696e3          	bnez	a3,80401164 <__hidden___udivsi3+0x2c>
8040117c:	00008067          	ret

80401180 <__umodsi3>:
80401180:	00008293          	mv	t0,ra
80401184:	fb5ff0ef          	jal	80401138 <__hidden___udivsi3>
80401188:	00058513          	mv	a0,a1
8040118c:	00028067          	jr	t0 # 80400d34 <memset+0xb4>
80401190:	40a00533          	neg	a0,a0
80401194:	00b04863          	bgtz	a1,804011a4 <__umodsi3+0x24>
80401198:	40b005b3          	neg	a1,a1
8040119c:	f9dff06f          	j	80401138 <__hidden___udivsi3>
804011a0:	40b005b3          	neg	a1,a1
804011a4:	00008293          	mv	t0,ra
804011a8:	f91ff0ef          	jal	80401138 <__hidden___udivsi3>
804011ac:	40a00533          	neg	a0,a0
804011b0:	00028067          	jr	t0

804011b4 <__modsi3>:
__modsi3():
804011b4:	00008293          	mv	t0,ra
804011b8:	0005ca63          	bltz	a1,804011cc <__modsi3+0x18>
804011bc:	00054c63          	bltz	a0,804011d4 <__modsi3+0x20>
804011c0:	f79ff0ef          	jal	80401138 <__hidden___udivsi3>
804011c4:	00058513          	mv	a0,a1
804011c8:	00028067          	jr	t0
804011cc:	40b005b3          	neg	a1,a1
804011d0:	fe0558e3          	bgez	a0,804011c0 <__modsi3+0xc>
804011d4:	40a00533          	neg	a0,a0
804011d8:	f61ff0ef          	jal	80401138 <__hidden___udivsi3>
804011dc:	40b00533          	neg	a0,a1
804011e0:	00028067          	jr	t0
