
build/release/user/udp_hello.elf:     file format elf32-littleriscv
build/release/user/udp_hello.elf
architecture: riscv:rv32, flags 0x00000112:
EXEC_P, HAS_SYMS, D_PAGED
start address 0x80400000

Program Header:
0x70000003 off    0x000030d0 vaddr 0x00000000 paddr 0x00000000 align 2**0
         filesz 0x0000004b memsz 0x00000000 flags r--
    LOAD off    0x00001000 vaddr 0x80400000 paddr 0x80400000 align 2**12
         filesz 0x000011c8 memsz 0x000011c8 flags r-x
    LOAD off    0x00003000 vaddr 0x80408000 paddr 0x80408000 align 2**12
         filesz 0x000000d0 memsz 0x000000d0 flags rw-

Sections:
Idx Name              Size      VMA       LMA       File off  Algn  Flags
  0 .text             000011c8  80400000  80400000  00001000  2**3  CONTENTS, ALLOC, LOAD, READONLY, CODE
  1 .rodata           000000b8  80408000  80408000  00003000  2**3  CONTENTS, ALLOC, LOAD, READONLY, DATA
  2 .data             00000018  804080b8  804080b8  000030b8  2**3  CONTENTS, ALLOC, LOAD, DATA
  3 .riscv.attributes 0000004b  00000000  00000000  000030d0  2**0  CONTENTS, READONLY
  4 .comment          00000032  00000000  00000000  0000311b  2**0  CONTENTS, READONLY
SYMBOL TABLE:
80400000 l    d  .text	00000000 .text
80408000 l    d  .rodata	00000000 .rodata
804080b8 l    d  .data	00000000 .data
00000000 l    d  .riscv.attributes	00000000 .riscv.attributes
00000000 l    d  .comment	00000000 .comment
00000000 l    df *ABS*	00000000 ccGiybdE.o
00000000 l    df *ABS*	00000000 udp_hello.c
804080bc l     O .data	00000004 local_ip
804080c0 l     O .data	00000004 dest_ip
804080c4 l     O .data	00000004 local_udp_port
804080c8 l     O .data	00000004 dest_udp_port
80400608 l     F .text	00000114 checksum
80400538 l     F .text	000000d0 crc32
00000000 l    df *ABS*	00000000 print.c
00000000 l    df *ABS*	00000000 servers.c
00000000 l    df *ABS*	00000000 syscall.c
804080cc l     O .data	00000004 sc
00000000 l    df *ABS*	00000000 libc_a-itoa.o
00000000 l    df *ABS*	00000000 libc_a-utoa.o
00000000 l    df *ABS*	00000000 libc_a-strcat.o
00000000 l    df *ABS*	00000000 libc_a-strncat.o
00000000 l    df *ABS*	00000000 libc_a-memset.o
00000000 l    df *ABS*	00000000 libc_a-memcpy.o
00000000 l    df *ABS*	00000000 libc_a-strlen.o
00000000 l    df *ABS*	00000000 libc_a-strcpy.o
00000000 l    df *ABS*	00000000 div.o
80401070 g     F .text	000000a4 strcpy
80400000 g       .text	00000000 app_entry
80400ebc g     F .text	00000128 memcpy
8040111c g     F .text	00000048 .hidden __hidden___udivsi3
80400868 g     F .text	0000015c CRITICAL
8040111c g     F .text	00000048 .hidden __udivsi3
804080b8 g     O .data	00000004 earth
80400ad0 g     F .text	00000070 itoa
80400a60 g     F .text	00000070 sys_send
80400c94 g     F .text	000000a0 strcat
80401164 g     F .text	00000010 .hidden __umodsi3
8040071c g     F .text	0000014c format_to_str
80400d34 g     F .text	000000ac strncat
80400b40 g     F .text	00000154 __utoa
80400de0 g     F .text	000000dc memset
80400010 g     F .text	00000528 main
80401114 g     F .text	00000084 .hidden __divsi3
80600000 g       *ABS*	00000000 __heap_end
804080d0 g       .data	00000000 __heap_start
804009f8 g     F .text	00000068 term_write
804009c4 g     F .text	00000034 exit
80401198 g     F .text	00000030 .hidden __modsi3
80400fe4 g     F .text	0000008c strlen



Disassembly of section .text:

80400000 <app_entry>:
app_entry():
80400000:	00052503          	lw	a0,0(a0)
80400004:	80800137          	lui	sp,0x80800
80400008:	008000ef          	jal	80400010 <main>
8040000c:	1b9000ef          	jal	804009c4 <exit>

80400010 <main>:
main():
80400010:	f9010113          	addi	sp,sp,-112 # 807fff90 <__heap_end+0x1fff90>
80400014:	06112623          	sw	ra,108(sp)
80400018:	06812423          	sw	s0,104(sp)
8040001c:	06912223          	sw	s1,100(sp)
80400020:	07010413          	addi	s0,sp,112
80400024:	f9c40793          	addi	a5,s0,-100
80400028:	04200713          	li	a4,66
8040002c:	00070613          	mv	a2,a4
80400030:	00000593          	li	a1,0
80400034:	00078513          	mv	a0,a5
80400038:	5a9000ef          	jal	80400de0 <memset>
8040003c:	512757b7          	lui	a5,0x51275
80400040:	89878793          	addi	a5,a5,-1896 # 51274898 <app_entry-0x2f18b768>
80400044:	f8f42e23          	sw	a5,-100(s0)
80400048:	000027b7          	lui	a5,0x2
8040004c:	e5378793          	addi	a5,a5,-429 # 1e53 <app_entry-0x803fe1ad>
80400050:	faf41023          	sh	a5,-96(s0)
80400054:	ffffe7b7          	lui	a5,0xffffe
80400058:	21078793          	addi	a5,a5,528 # ffffe210 <__heap_end+0x7f9fe210>
8040005c:	faf41123          	sh	a5,-94(s0)
80400060:	0d500793          	li	a5,213
80400064:	faf41223          	sh	a5,-92(s0)
80400068:	fa041323          	sh	zero,-90(s0)
8040006c:	00800793          	li	a5,8
80400070:	faf41423          	sh	a5,-88(s0)
80400074:	04500793          	li	a5,69
80400078:	faf40523          	sb	a5,-86(s0)
8040007c:	000037b7          	lui	a5,0x3
80400080:	40078793          	addi	a5,a5,1024 # 3400 <app_entry-0x803fcc00>
80400084:	faf41623          	sh	a5,-84(s0)
80400088:	04000793          	li	a5,64
8040008c:	faf41823          	sh	a5,-80(s0)
80400090:	04000793          	li	a5,64
80400094:	faf40923          	sb	a5,-78(s0)
80400098:	01100793          	li	a5,17
8040009c:	faf409a3          	sb	a5,-77(s0)
804000a0:	804087b7          	lui	a5,0x80408
804000a4:	0bc7a783          	lw	a5,188(a5) # 804080bc <local_ip>
804000a8:	0187d713          	srli	a4,a5,0x18
804000ac:	804087b7          	lui	a5,0x80408
804000b0:	0bc7a783          	lw	a5,188(a5) # 804080bc <local_ip>
804000b4:	0087d693          	srli	a3,a5,0x8
804000b8:	000107b7          	lui	a5,0x10
804000bc:	f0078793          	addi	a5,a5,-256 # ff00 <app_entry-0x803f0100>
804000c0:	00f6f7b3          	and	a5,a3,a5
804000c4:	00f76733          	or	a4,a4,a5
804000c8:	804087b7          	lui	a5,0x80408
804000cc:	0bc7a783          	lw	a5,188(a5) # 804080bc <local_ip>
804000d0:	00879693          	slli	a3,a5,0x8
804000d4:	00ff07b7          	lui	a5,0xff0
804000d8:	00f6f7b3          	and	a5,a3,a5
804000dc:	00f76733          	or	a4,a4,a5
804000e0:	804087b7          	lui	a5,0x80408
804000e4:	0bc7a783          	lw	a5,188(a5) # 804080bc <local_ip>
804000e8:	01879793          	slli	a5,a5,0x18
804000ec:	00f767b3          	or	a5,a4,a5
804000f0:	01079713          	slli	a4,a5,0x10
804000f4:	01075713          	srli	a4,a4,0x10
804000f8:	fb645683          	lhu	a3,-74(s0)
804000fc:	0006f693          	andi	a3,a3,0
80400100:	00e6e733          	or	a4,a3,a4
80400104:	fae41b23          	sh	a4,-74(s0)
80400108:	0107d793          	srli	a5,a5,0x10
8040010c:	fb845703          	lhu	a4,-72(s0)
80400110:	00077713          	andi	a4,a4,0
80400114:	00f767b3          	or	a5,a4,a5
80400118:	faf41c23          	sh	a5,-72(s0)
8040011c:	804087b7          	lui	a5,0x80408
80400120:	0c07a783          	lw	a5,192(a5) # 804080c0 <dest_ip>
80400124:	0187d713          	srli	a4,a5,0x18
80400128:	804087b7          	lui	a5,0x80408
8040012c:	0c07a783          	lw	a5,192(a5) # 804080c0 <dest_ip>
80400130:	0087d693          	srli	a3,a5,0x8
80400134:	000107b7          	lui	a5,0x10
80400138:	f0078793          	addi	a5,a5,-256 # ff00 <app_entry-0x803f0100>
8040013c:	00f6f7b3          	and	a5,a3,a5
80400140:	00f76733          	or	a4,a4,a5
80400144:	804087b7          	lui	a5,0x80408
80400148:	0c07a783          	lw	a5,192(a5) # 804080c0 <dest_ip>
8040014c:	00879693          	slli	a3,a5,0x8
80400150:	00ff07b7          	lui	a5,0xff0
80400154:	00f6f7b3          	and	a5,a3,a5
80400158:	00f76733          	or	a4,a4,a5
8040015c:	804087b7          	lui	a5,0x80408
80400160:	0c07a783          	lw	a5,192(a5) # 804080c0 <dest_ip>
80400164:	01879793          	slli	a5,a5,0x18
80400168:	00f767b3          	or	a5,a4,a5
8040016c:	01079713          	slli	a4,a5,0x10
80400170:	01075713          	srli	a4,a4,0x10
80400174:	fba45683          	lhu	a3,-70(s0)
80400178:	0006f693          	andi	a3,a3,0
8040017c:	00e6e733          	or	a4,a3,a4
80400180:	fae41d23          	sh	a4,-70(s0)
80400184:	0107d793          	srli	a5,a5,0x10
80400188:	fbc45703          	lhu	a4,-68(s0)
8040018c:	00077713          	andi	a4,a4,0
80400190:	00f767b3          	or	a5,a4,a5
80400194:	faf41e23          	sh	a5,-68(s0)
80400198:	804087b7          	lui	a5,0x80408
8040019c:	0c47a783          	lw	a5,196(a5) # 804080c4 <local_udp_port>
804001a0:	01079793          	slli	a5,a5,0x10
804001a4:	0107d793          	srli	a5,a5,0x10
804001a8:	00078713          	mv	a4,a5
804001ac:	01071793          	slli	a5,a4,0x10
804001b0:	0107d793          	srli	a5,a5,0x10
804001b4:	0087d693          	srli	a3,a5,0x8
804001b8:	00871793          	slli	a5,a4,0x8
804001bc:	00068713          	mv	a4,a3
804001c0:	00f767b3          	or	a5,a4,a5
804001c4:	01079793          	slli	a5,a5,0x10
804001c8:	0107d793          	srli	a5,a5,0x10
804001cc:	faf41f23          	sh	a5,-66(s0)
804001d0:	804087b7          	lui	a5,0x80408
804001d4:	0c87a783          	lw	a5,200(a5) # 804080c8 <dest_udp_port>
804001d8:	01079793          	slli	a5,a5,0x10
804001dc:	0107d793          	srli	a5,a5,0x10
804001e0:	00078713          	mv	a4,a5
804001e4:	01071793          	slli	a5,a4,0x10
804001e8:	0107d793          	srli	a5,a5,0x10
804001ec:	0087d693          	srli	a3,a5,0x8
804001f0:	00871793          	slli	a5,a4,0x8
804001f4:	00068713          	mv	a4,a3
804001f8:	00f767b3          	or	a5,a4,a5
804001fc:	01079793          	slli	a5,a5,0x10
80400200:	0107d793          	srli	a5,a5,0x10
80400204:	fcf41023          	sh	a5,-64(s0)
80400208:	000027b7          	lui	a5,0x2
8040020c:	fcf41123          	sh	a5,-62(s0)
80400210:	804087b7          	lui	a5,0x80408
80400214:	00078793          	mv	a5,a5
80400218:	0007d703          	lhu	a4,0(a5) # 80408000 <__modsi3+0x6e68>
8040021c:	00070f13          	mv	t5,a4
80400220:	0027d703          	lhu	a4,2(a5)
80400224:	00070e93          	mv	t4,a4
80400228:	0047d703          	lhu	a4,4(a5)
8040022c:	00070e13          	mv	t3,a4
80400230:	0067d703          	lhu	a4,6(a5)
80400234:	00070313          	mv	t1,a4
80400238:	0087d703          	lhu	a4,8(a5)
8040023c:	00070893          	mv	a7,a4
80400240:	00a7d703          	lhu	a4,10(a5)
80400244:	00070813          	mv	a6,a4
80400248:	00c7d703          	lhu	a4,12(a5)
8040024c:	00070513          	mv	a0,a4
80400250:	00e7d703          	lhu	a4,14(a5)
80400254:	00070593          	mv	a1,a4
80400258:	0107d703          	lhu	a4,16(a5)
8040025c:	00070613          	mv	a2,a4
80400260:	0127d703          	lhu	a4,18(a5)
80400264:	00070693          	mv	a3,a4
80400268:	0147d703          	lhu	a4,20(a5)
8040026c:	0167d783          	lhu	a5,22(a5)
80400270:	fde41323          	sh	t5,-58(s0)
80400274:	fdd41423          	sh	t4,-56(s0)
80400278:	fdc41523          	sh	t3,-54(s0)
8040027c:	fc641623          	sh	t1,-52(s0)
80400280:	fd141723          	sh	a7,-50(s0)
80400284:	fd041823          	sh	a6,-48(s0)
80400288:	fca41923          	sh	a0,-46(s0)
8040028c:	fcb41a23          	sh	a1,-44(s0)
80400290:	fcc41b23          	sh	a2,-42(s0)
80400294:	fcd41c23          	sh	a3,-40(s0)
80400298:	fce41d23          	sh	a4,-38(s0)
8040029c:	fcf41e23          	sh	a5,-36(s0)
804002a0:	f9c40793          	addi	a5,s0,-100
804002a4:	00e78793          	addi	a5,a5,14
804002a8:	00100693          	li	a3,1
804002ac:	01400613          	li	a2,20
804002b0:	00078593          	mv	a1,a5
804002b4:	00000513          	li	a0,0
804002b8:	350000ef          	jal	80400608 <checksum>
804002bc:	00050793          	mv	a5,a0
804002c0:	00879793          	slli	a5,a5,0x8
804002c4:	01079493          	slli	s1,a5,0x10
804002c8:	0104d493          	srli	s1,s1,0x10
804002cc:	f9c40793          	addi	a5,s0,-100
804002d0:	00e78793          	addi	a5,a5,14
804002d4:	00100693          	li	a3,1
804002d8:	01400613          	li	a2,20
804002dc:	00078593          	mv	a1,a5
804002e0:	00000513          	li	a0,0
804002e4:	324000ef          	jal	80400608 <checksum>
804002e8:	00050793          	mv	a5,a0
804002ec:	0087d793          	srli	a5,a5,0x8
804002f0:	01079793          	slli	a5,a5,0x10
804002f4:	0107d793          	srli	a5,a5,0x10
804002f8:	00f4e7b3          	or	a5,s1,a5
804002fc:	01079793          	slli	a5,a5,0x10
80400300:	0107d793          	srli	a5,a5,0x10
80400304:	faf41a23          	sh	a5,-76(s0)
80400308:	fb442783          	lw	a5,-76(s0)
8040030c:	0107d793          	srli	a5,a5,0x10
80400310:	fb842703          	lw	a4,-72(s0)
80400314:	01071713          	slli	a4,a4,0x10
80400318:	01075713          	srli	a4,a4,0x10
8040031c:	01071713          	slli	a4,a4,0x10
80400320:	00f767b3          	or	a5,a4,a5
80400324:	f8f42823          	sw	a5,-112(s0)
80400328:	fb842783          	lw	a5,-72(s0)
8040032c:	0107d793          	srli	a5,a5,0x10
80400330:	fbc42703          	lw	a4,-68(s0)
80400334:	01071713          	slli	a4,a4,0x10
80400338:	01075713          	srli	a4,a4,0x10
8040033c:	01071713          	slli	a4,a4,0x10
80400340:	00f767b3          	or	a5,a4,a5
80400344:	f8f42a23          	sw	a5,-108(s0)
80400348:	f8040c23          	sb	zero,-104(s0)
8040034c:	fb344783          	lbu	a5,-77(s0)
80400350:	f8f40ca3          	sb	a5,-103(s0)
80400354:	fc245783          	lhu	a5,-62(s0)
80400358:	f8f41d23          	sh	a5,-102(s0)
8040035c:	f9040793          	addi	a5,s0,-112
80400360:	00000693          	li	a3,0
80400364:	00c00613          	li	a2,12
80400368:	00078593          	mv	a1,a5
8040036c:	00000513          	li	a0,0
80400370:	298000ef          	jal	80400608 <checksum>
80400374:	00050793          	mv	a5,a0
80400378:	fef42623          	sw	a5,-20(s0)
8040037c:	f9c40793          	addi	a5,s0,-100
80400380:	02278793          	addi	a5,a5,34
80400384:	00100693          	li	a3,1
80400388:	02000613          	li	a2,32
8040038c:	00078593          	mv	a1,a5
80400390:	fec42503          	lw	a0,-20(s0)
80400394:	274000ef          	jal	80400608 <checksum>
80400398:	00050793          	mv	a5,a0
8040039c:	00879793          	slli	a5,a5,0x8
804003a0:	01079493          	slli	s1,a5,0x10
804003a4:	0104d493          	srli	s1,s1,0x10
804003a8:	f9c40793          	addi	a5,s0,-100
804003ac:	02278793          	addi	a5,a5,34
804003b0:	00100693          	li	a3,1
804003b4:	02000613          	li	a2,32
804003b8:	00078593          	mv	a1,a5
804003bc:	fec42503          	lw	a0,-20(s0)
804003c0:	248000ef          	jal	80400608 <checksum>
804003c4:	00050793          	mv	a5,a0
804003c8:	0087d793          	srli	a5,a5,0x8
804003cc:	01079793          	slli	a5,a5,0x10
804003d0:	0107d793          	srli	a5,a5,0x10
804003d4:	00f4e7b3          	or	a5,s1,a5
804003d8:	01079793          	slli	a5,a5,0x10
804003dc:	0107d793          	srli	a5,a5,0x10
804003e0:	fcf41223          	sh	a5,-60(s0)
804003e4:	804087b7          	lui	a5,0x80408
804003e8:	0b87a783          	lw	a5,184(a5) # 804080b8 <earth>
804003ec:	02c7a703          	lw	a4,44(a5)
804003f0:	00100793          	li	a5,1
804003f4:	00f71a63          	bne	a4,a5,80400408 <main+0x3f8>
804003f8:	804087b7          	lui	a5,0x80408
804003fc:	01878513          	addi	a0,a5,24 # 80408018 <__modsi3+0x6e80>
80400400:	468000ef          	jal	80400868 <CRITICAL>
80400404:	1180006f          	j	8040051c <main+0x50c>
80400408:	900017b7          	lui	a5,0x90001
8040040c:	fef42423          	sw	a5,-24(s0)
80400410:	fe842783          	lw	a5,-24(s0)
80400414:	00078693          	mv	a3,a5
80400418:	f9c40793          	addi	a5,s0,-100
8040041c:	04200713          	li	a4,66
80400420:	00070613          	mv	a2,a4
80400424:	00078593          	mv	a1,a5
80400428:	00068513          	mv	a0,a3
8040042c:	291000ef          	jal	80400ebc <memcpy>
80400430:	04200793          	li	a5,66
80400434:	fef42223          	sw	a5,-28(s0)
80400438:	fe842783          	lw	a5,-24(s0)
8040043c:	00878713          	addi	a4,a5,8 # 90001008 <__heap_end+0xfa01008>
80400440:	fe442783          	lw	a5,-28(s0)
80400444:	ff878793          	addi	a5,a5,-8
80400448:	00078593          	mv	a1,a5
8040044c:	00070513          	mv	a0,a4
80400450:	0e8000ef          	jal	80400538 <crc32>
80400454:	fea42023          	sw	a0,-32(s0)
80400458:	fe842703          	lw	a4,-24(s0)
8040045c:	fe442783          	lw	a5,-28(s0)
80400460:	00f707b3          	add	a5,a4,a5
80400464:	fe042703          	lw	a4,-32(s0)
80400468:	0ff77713          	zext.b	a4,a4
8040046c:	00e78023          	sb	a4,0(a5)
80400470:	fe042783          	lw	a5,-32(s0)
80400474:	0087d693          	srli	a3,a5,0x8
80400478:	fe442783          	lw	a5,-28(s0)
8040047c:	00178793          	addi	a5,a5,1
80400480:	fe842703          	lw	a4,-24(s0)
80400484:	00f707b3          	add	a5,a4,a5
80400488:	0ff6f713          	zext.b	a4,a3
8040048c:	00e78023          	sb	a4,0(a5)
80400490:	fe042783          	lw	a5,-32(s0)
80400494:	0107d693          	srli	a3,a5,0x10
80400498:	fe442783          	lw	a5,-28(s0)
8040049c:	00278793          	addi	a5,a5,2
804004a0:	fe842703          	lw	a4,-24(s0)
804004a4:	00f707b3          	add	a5,a4,a5
804004a8:	0ff6f713          	zext.b	a4,a3
804004ac:	00e78023          	sb	a4,0(a5)
804004b0:	fe042783          	lw	a5,-32(s0)
804004b4:	0187d693          	srli	a3,a5,0x18
804004b8:	fe442783          	lw	a5,-28(s0)
804004bc:	00378793          	addi	a5,a5,3
804004c0:	fe842703          	lw	a4,-24(s0)
804004c4:	00f707b3          	add	a5,a4,a5
804004c8:	0ff6f713          	zext.b	a4,a3
804004cc:	00e78023          	sb	a4,0(a5)
804004d0:	fe442783          	lw	a5,-28(s0)
804004d4:	00478793          	addi	a5,a5,4
804004d8:	fef42223          	sw	a5,-28(s0)
804004dc:	00000013          	nop
804004e0:	f00027b7          	lui	a5,0xf0002
804004e4:	01c78793          	addi	a5,a5,28 # f000201c <__heap_end+0x6fa0201c>
804004e8:	0007a783          	lw	a5,0(a5)
804004ec:	fe078ae3          	beqz	a5,804004e0 <main+0x4d0>
804004f0:	f00027b7          	lui	a5,0xf0002
804004f4:	02478793          	addi	a5,a5,36 # f0002024 <__heap_end+0x6fa02024>
804004f8:	0007a023          	sw	zero,0(a5)
804004fc:	f00027b7          	lui	a5,0xf0002
80400500:	02878793          	addi	a5,a5,40 # f0002028 <__heap_end+0x6fa02028>
80400504:	fe442703          	lw	a4,-28(s0)
80400508:	00e7a023          	sw	a4,0(a5)
8040050c:	f00027b7          	lui	a5,0xf0002
80400510:	01878793          	addi	a5,a5,24 # f0002018 <__heap_end+0x6fa02018>
80400514:	00100713          	li	a4,1
80400518:	00e7a023          	sw	a4,0(a5)
8040051c:	00000793          	li	a5,0
80400520:	00078513          	mv	a0,a5
80400524:	06c12083          	lw	ra,108(sp)
80400528:	06812403          	lw	s0,104(sp)
8040052c:	06412483          	lw	s1,100(sp)
80400530:	07010113          	addi	sp,sp,112
80400534:	00008067          	ret

80400538 <crc32>:
crc32():
80400538:	fc010113          	addi	sp,sp,-64
8040053c:	02112e23          	sw	ra,60(sp)
80400540:	02812c23          	sw	s0,56(sp)
80400544:	04010413          	addi	s0,sp,64
80400548:	fca42623          	sw	a0,-52(s0)
8040054c:	fcb42423          	sw	a1,-56(s0)
80400550:	fff00793          	li	a5,-1
80400554:	fef42623          	sw	a5,-20(s0)
80400558:	fe042423          	sw	zero,-24(s0)
8040055c:	0840006f          	j	804005e0 <crc32+0xa8>
80400560:	fe842783          	lw	a5,-24(s0)
80400564:	fcc42703          	lw	a4,-52(s0)
80400568:	00f707b3          	add	a5,a4,a5
8040056c:	0007c783          	lbu	a5,0(a5)
80400570:	fef42023          	sw	a5,-32(s0)
80400574:	fec42703          	lw	a4,-20(s0)
80400578:	fe042783          	lw	a5,-32(s0)
8040057c:	00f747b3          	xor	a5,a4,a5
80400580:	fef42623          	sw	a5,-20(s0)
80400584:	00700793          	li	a5,7
80400588:	fef42223          	sw	a5,-28(s0)
8040058c:	0400006f          	j	804005cc <crc32+0x94>
80400590:	fec42783          	lw	a5,-20(s0)
80400594:	0017f793          	andi	a5,a5,1
80400598:	40f007b3          	neg	a5,a5
8040059c:	fcf42e23          	sw	a5,-36(s0)
804005a0:	fec42783          	lw	a5,-20(s0)
804005a4:	0017d713          	srli	a4,a5,0x1
804005a8:	fdc42683          	lw	a3,-36(s0)
804005ac:	edb887b7          	lui	a5,0xedb88
804005b0:	32078793          	addi	a5,a5,800 # edb88320 <__heap_end+0x6d588320>
804005b4:	00f6f7b3          	and	a5,a3,a5
804005b8:	00f747b3          	xor	a5,a4,a5
804005bc:	fef42623          	sw	a5,-20(s0)
804005c0:	fe442783          	lw	a5,-28(s0)
804005c4:	fff78793          	addi	a5,a5,-1
804005c8:	fef42223          	sw	a5,-28(s0)
804005cc:	fe442783          	lw	a5,-28(s0)
804005d0:	fc07d0e3          	bgez	a5,80400590 <crc32+0x58>
804005d4:	fe842783          	lw	a5,-24(s0)
804005d8:	00178793          	addi	a5,a5,1
804005dc:	fef42423          	sw	a5,-24(s0)
804005e0:	fe842783          	lw	a5,-24(s0)
804005e4:	fc842703          	lw	a4,-56(s0)
804005e8:	f6e7ece3          	bltu	a5,a4,80400560 <crc32+0x28>
804005ec:	fec42783          	lw	a5,-20(s0)
804005f0:	fff7c793          	not	a5,a5
804005f4:	00078513          	mv	a0,a5
804005f8:	03c12083          	lw	ra,60(sp)
804005fc:	03812403          	lw	s0,56(sp)
80400600:	04010113          	addi	sp,sp,64
80400604:	00008067          	ret

80400608 <checksum>:
checksum():
80400608:	fd010113          	addi	sp,sp,-48
8040060c:	02112623          	sw	ra,44(sp)
80400610:	02812423          	sw	s0,40(sp)
80400614:	03010413          	addi	s0,sp,48
80400618:	fca42e23          	sw	a0,-36(s0)
8040061c:	fcb42c23          	sw	a1,-40(s0)
80400620:	fcc42a23          	sw	a2,-44(s0)
80400624:	fcd42823          	sw	a3,-48(s0)
80400628:	fd442783          	lw	a5,-44(s0)
8040062c:	0017d793          	srli	a5,a5,0x1
80400630:	fcf42a23          	sw	a5,-44(s0)
80400634:	fe042623          	sw	zero,-20(s0)
80400638:	0540006f          	j	8040068c <checksum+0x84>
8040063c:	fec42783          	lw	a5,-20(s0)
80400640:	00179793          	slli	a5,a5,0x1
80400644:	00078713          	mv	a4,a5
80400648:	fd842783          	lw	a5,-40(s0)
8040064c:	00e787b3          	add	a5,a5,a4
80400650:	0007c783          	lbu	a5,0(a5)
80400654:	00879793          	slli	a5,a5,0x8
80400658:	fec42703          	lw	a4,-20(s0)
8040065c:	00171713          	slli	a4,a4,0x1
80400660:	00170713          	addi	a4,a4,1
80400664:	fd842683          	lw	a3,-40(s0)
80400668:	00e68733          	add	a4,a3,a4
8040066c:	00074703          	lbu	a4,0(a4)
80400670:	00e7e7b3          	or	a5,a5,a4
80400674:	fdc42703          	lw	a4,-36(s0)
80400678:	00f707b3          	add	a5,a4,a5
8040067c:	fcf42e23          	sw	a5,-36(s0)
80400680:	fec42783          	lw	a5,-20(s0)
80400684:	00178793          	addi	a5,a5,1
80400688:	fef42623          	sw	a5,-20(s0)
8040068c:	fec42783          	lw	a5,-20(s0)
80400690:	fd442703          	lw	a4,-44(s0)
80400694:	fae7e4e3          	bltu	a5,a4,8040063c <checksum+0x34>
80400698:	0200006f          	j	804006b8 <checksum+0xb0>
8040069c:	fdc42783          	lw	a5,-36(s0)
804006a0:	01079713          	slli	a4,a5,0x10
804006a4:	01075713          	srli	a4,a4,0x10
804006a8:	fdc42783          	lw	a5,-36(s0)
804006ac:	0107d793          	srli	a5,a5,0x10
804006b0:	00f707b3          	add	a5,a4,a5
804006b4:	fcf42e23          	sw	a5,-36(s0)
804006b8:	fdc42783          	lw	a5,-36(s0)
804006bc:	0107d793          	srli	a5,a5,0x10
804006c0:	fc079ee3          	bnez	a5,8040069c <checksum+0x94>
804006c4:	fd042783          	lw	a5,-48(s0)
804006c8:	02078a63          	beqz	a5,804006fc <checksum+0xf4>
804006cc:	fdc42783          	lw	a5,-36(s0)
804006d0:	fff7c793          	not	a5,a5
804006d4:	fcf42e23          	sw	a5,-36(s0)
804006d8:	fdc42783          	lw	a5,-36(s0)
804006dc:	01079793          	slli	a5,a5,0x10
804006e0:	0107d793          	srli	a5,a5,0x10
804006e4:	fcf42e23          	sw	a5,-36(s0)
804006e8:	fdc42783          	lw	a5,-36(s0)
804006ec:	00079863          	bnez	a5,804006fc <checksum+0xf4>
804006f0:	000107b7          	lui	a5,0x10
804006f4:	fff78793          	addi	a5,a5,-1 # ffff <app_entry-0x803f0001>
804006f8:	fcf42e23          	sw	a5,-36(s0)
804006fc:	fdc42783          	lw	a5,-36(s0)
80400700:	01079793          	slli	a5,a5,0x10
80400704:	0107d793          	srli	a5,a5,0x10
80400708:	00078513          	mv	a0,a5
8040070c:	02c12083          	lw	ra,44(sp)
80400710:	02812403          	lw	s0,40(sp)
80400714:	03010113          	addi	sp,sp,48
80400718:	00008067          	ret

8040071c <format_to_str>:
format_to_str():
8040071c:	fe010113          	addi	sp,sp,-32
80400720:	00112e23          	sw	ra,28(sp)
80400724:	00812c23          	sw	s0,24(sp)
80400728:	00912a23          	sw	s1,20(sp)
8040072c:	02010413          	addi	s0,sp,32
80400730:	fea42623          	sw	a0,-20(s0)
80400734:	feb42423          	sw	a1,-24(s0)
80400738:	fec42223          	sw	a2,-28(s0)
8040073c:	fec42783          	lw	a5,-20(s0)
80400740:	00078023          	sb	zero,0(a5)
80400744:	0fc0006f          	j	80400840 <format_to_str+0x124>
80400748:	fe842783          	lw	a5,-24(s0)
8040074c:	0007c703          	lbu	a4,0(a5)
80400750:	02500793          	li	a5,37
80400754:	00f70c63          	beq	a4,a5,8040076c <format_to_str+0x50>
80400758:	00100613          	li	a2,1
8040075c:	fe842583          	lw	a1,-24(s0)
80400760:	fec42503          	lw	a0,-20(s0)
80400764:	5d0000ef          	jal	80400d34 <strncat>
80400768:	0cc0006f          	j	80400834 <format_to_str+0x118>
8040076c:	fe842783          	lw	a5,-24(s0)
80400770:	00178793          	addi	a5,a5,1
80400774:	fef42423          	sw	a5,-24(s0)
80400778:	fe842783          	lw	a5,-24(s0)
8040077c:	0007c703          	lbu	a4,0(a5)
80400780:	07300793          	li	a5,115
80400784:	02f71263          	bne	a4,a5,804007a8 <format_to_str+0x8c>
80400788:	fe442783          	lw	a5,-28(s0)
8040078c:	00478713          	addi	a4,a5,4
80400790:	fee42223          	sw	a4,-28(s0)
80400794:	0007a783          	lw	a5,0(a5)
80400798:	00078593          	mv	a1,a5
8040079c:	fec42503          	lw	a0,-20(s0)
804007a0:	4f4000ef          	jal	80400c94 <strcat>
804007a4:	0900006f          	j	80400834 <format_to_str+0x118>
804007a8:	fe842783          	lw	a5,-24(s0)
804007ac:	0007c703          	lbu	a4,0(a5)
804007b0:	06400793          	li	a5,100
804007b4:	02f71e63          	bne	a4,a5,804007f0 <format_to_str+0xd4>
804007b8:	fe442783          	lw	a5,-28(s0)
804007bc:	00478713          	addi	a4,a5,4
804007c0:	fee42223          	sw	a4,-28(s0)
804007c4:	0007a483          	lw	s1,0(a5)
804007c8:	fec42503          	lw	a0,-20(s0)
804007cc:	019000ef          	jal	80400fe4 <strlen>
804007d0:	00050713          	mv	a4,a0
804007d4:	fec42783          	lw	a5,-20(s0)
804007d8:	00e787b3          	add	a5,a5,a4
804007dc:	00a00613          	li	a2,10
804007e0:	00078593          	mv	a1,a5
804007e4:	00048513          	mv	a0,s1
804007e8:	2e8000ef          	jal	80400ad0 <itoa>
804007ec:	0480006f          	j	80400834 <format_to_str+0x118>
804007f0:	fe842783          	lw	a5,-24(s0)
804007f4:	0007c703          	lbu	a4,0(a5)
804007f8:	07800793          	li	a5,120
804007fc:	02f71c63          	bne	a4,a5,80400834 <format_to_str+0x118>
80400800:	fe442783          	lw	a5,-28(s0)
80400804:	00478713          	addi	a4,a5,4
80400808:	fee42223          	sw	a4,-28(s0)
8040080c:	0007a483          	lw	s1,0(a5)
80400810:	fec42503          	lw	a0,-20(s0)
80400814:	7d0000ef          	jal	80400fe4 <strlen>
80400818:	00050713          	mv	a4,a0
8040081c:	fec42783          	lw	a5,-20(s0)
80400820:	00e787b3          	add	a5,a5,a4
80400824:	01000613          	li	a2,16
80400828:	00078593          	mv	a1,a5
8040082c:	00048513          	mv	a0,s1
80400830:	2a0000ef          	jal	80400ad0 <itoa>
80400834:	fe842783          	lw	a5,-24(s0)
80400838:	00178793          	addi	a5,a5,1
8040083c:	fef42423          	sw	a5,-24(s0)
80400840:	fe842783          	lw	a5,-24(s0)
80400844:	0007c783          	lbu	a5,0(a5)
80400848:	f00790e3          	bnez	a5,80400748 <format_to_str+0x2c>
8040084c:	00000013          	nop
80400850:	00000013          	nop
80400854:	01c12083          	lw	ra,28(sp)
80400858:	01812403          	lw	s0,24(sp)
8040085c:	01412483          	lw	s1,20(sp)
80400860:	02010113          	addi	sp,sp,32
80400864:	00008067          	ret

80400868 <CRITICAL>:
CRITICAL():
80400868:	db010113          	addi	sp,sp,-592
8040086c:	22112623          	sw	ra,556(sp)
80400870:	22812423          	sw	s0,552(sp)
80400874:	23010413          	addi	s0,sp,560
80400878:	dca42e23          	sw	a0,-548(s0)
8040087c:	00b42223          	sw	a1,4(s0)
80400880:	00c42423          	sw	a2,8(s0)
80400884:	00d42623          	sw	a3,12(s0)
80400888:	00e42823          	sw	a4,16(s0)
8040088c:	00f42a23          	sw	a5,20(s0)
80400890:	01042c23          	sw	a6,24(s0)
80400894:	01142e23          	sw	a7,28(s0)
80400898:	df040793          	addi	a5,s0,-528
8040089c:	80408737          	lui	a4,0x80408
804008a0:	07870713          	addi	a4,a4,120 # 80408078 <__modsi3+0x6ee0>
804008a4:	00072503          	lw	a0,0(a4)
804008a8:	00472583          	lw	a1,4(a4)
804008ac:	00872603          	lw	a2,8(a4)
804008b0:	00c72683          	lw	a3,12(a4)
804008b4:	00a7a023          	sw	a0,0(a5)
804008b8:	00b7a223          	sw	a1,4(a5)
804008bc:	00c7a423          	sw	a2,8(a5)
804008c0:	00d7a623          	sw	a3,12(a5)
804008c4:	01075683          	lhu	a3,16(a4)
804008c8:	00d79823          	sh	a3,16(a5)
804008cc:	01274703          	lbu	a4,18(a4)
804008d0:	00e78923          	sb	a4,18(a5)
804008d4:	02040793          	addi	a5,s0,32
804008d8:	dcf42c23          	sw	a5,-552(s0)
804008dc:	dd842783          	lw	a5,-552(s0)
804008e0:	fe478793          	addi	a5,a5,-28
804008e4:	def42623          	sw	a5,-532(s0)
804008e8:	df040793          	addi	a5,s0,-528
804008ec:	01278793          	addi	a5,a5,18
804008f0:	dec42703          	lw	a4,-532(s0)
804008f4:	00070613          	mv	a2,a4
804008f8:	ddc42583          	lw	a1,-548(s0)
804008fc:	00078513          	mv	a0,a5
80400900:	e1dff0ef          	jal	8040071c <format_to_str>
80400904:	df040793          	addi	a5,s0,-528
80400908:	00078513          	mv	a0,a5
8040090c:	6d8000ef          	jal	80400fe4 <strlen>
80400910:	00050793          	mv	a5,a0
80400914:	00078713          	mv	a4,a5
80400918:	df040793          	addi	a5,s0,-528
8040091c:	00e787b3          	add	a5,a5,a4
80400920:	80408737          	lui	a4,0x80408
80400924:	05870713          	addi	a4,a4,88 # 80408058 <__modsi3+0x6ec0>
80400928:	00074683          	lbu	a3,0(a4)
8040092c:	00068e13          	mv	t3,a3
80400930:	00174683          	lbu	a3,1(a4)
80400934:	00068313          	mv	t1,a3
80400938:	00274683          	lbu	a3,2(a4)
8040093c:	00068893          	mv	a7,a3
80400940:	00374683          	lbu	a3,3(a4)
80400944:	00068813          	mv	a6,a3
80400948:	00474683          	lbu	a3,4(a4)
8040094c:	00068513          	mv	a0,a3
80400950:	00574683          	lbu	a3,5(a4)
80400954:	00068593          	mv	a1,a3
80400958:	00674683          	lbu	a3,6(a4)
8040095c:	00068613          	mv	a2,a3
80400960:	00774683          	lbu	a3,7(a4)
80400964:	00874703          	lbu	a4,8(a4)
80400968:	01c78023          	sb	t3,0(a5)
8040096c:	006780a3          	sb	t1,1(a5)
80400970:	01178123          	sb	a7,2(a5)
80400974:	010781a3          	sb	a6,3(a5)
80400978:	00a78223          	sb	a0,4(a5)
8040097c:	00b782a3          	sb	a1,5(a5)
80400980:	00c78323          	sb	a2,6(a5)
80400984:	00d783a3          	sb	a3,7(a5)
80400988:	00e78423          	sb	a4,8(a5)
8040098c:	df040793          	addi	a5,s0,-528
80400990:	00078513          	mv	a0,a5
80400994:	650000ef          	jal	80400fe4 <strlen>
80400998:	00050713          	mv	a4,a0
8040099c:	df040793          	addi	a5,s0,-528
804009a0:	00070593          	mv	a1,a4
804009a4:	00078513          	mv	a0,a5
804009a8:	050000ef          	jal	804009f8 <term_write>
804009ac:	00000013          	nop
804009b0:	00078513          	mv	a0,a5
804009b4:	22c12083          	lw	ra,556(sp)
804009b8:	22812403          	lw	s0,552(sp)
804009bc:	25010113          	addi	sp,sp,592
804009c0:	00008067          	ret

804009c4 <exit>:
exit():
804009c4:	dd010113          	addi	sp,sp,-560
804009c8:	22112623          	sw	ra,556(sp)
804009cc:	22812423          	sw	s0,552(sp)
804009d0:	23010413          	addi	s0,sp,560
804009d4:	dca42e23          	sw	a0,-548(s0)
804009d8:	00100793          	li	a5,1
804009dc:	def42423          	sw	a5,-536(s0)
804009e0:	de840793          	addi	a5,s0,-536
804009e4:	20800613          	li	a2,520
804009e8:	00078593          	mv	a1,a5
804009ec:	00100513          	li	a0,1
804009f0:	070000ef          	jal	80400a60 <sys_send>
804009f4:	0000006f          	j	804009f4 <exit+0x30>

804009f8 <term_write>:
term_write():
804009f8:	dd010113          	addi	sp,sp,-560
804009fc:	22112623          	sw	ra,556(sp)
80400a00:	22812423          	sw	s0,552(sp)
80400a04:	23010413          	addi	s0,sp,560
80400a08:	dca42e23          	sw	a0,-548(s0)
80400a0c:	dcb42c23          	sw	a1,-552(s0)
80400a10:	00100793          	li	a5,1
80400a14:	def42423          	sw	a5,-536(s0)
80400a18:	dd842783          	lw	a5,-552(s0)
80400a1c:	def42623          	sw	a5,-532(s0)
80400a20:	de840793          	addi	a5,s0,-536
80400a24:	00878793          	addi	a5,a5,8
80400a28:	dd842603          	lw	a2,-552(s0)
80400a2c:	ddc42583          	lw	a1,-548(s0)
80400a30:	00078513          	mv	a0,a5
80400a34:	488000ef          	jal	80400ebc <memcpy>
80400a38:	de840793          	addi	a5,s0,-536
80400a3c:	20800613          	li	a2,520
80400a40:	00078593          	mv	a1,a5
80400a44:	00200513          	li	a0,2
80400a48:	018000ef          	jal	80400a60 <sys_send>
80400a4c:	00000013          	nop
80400a50:	22c12083          	lw	ra,556(sp)
80400a54:	22812403          	lw	s0,552(sp)
80400a58:	23010113          	addi	sp,sp,560
80400a5c:	00008067          	ret

80400a60 <sys_send>:
sys_send():
80400a60:	fe010113          	addi	sp,sp,-32
80400a64:	00112e23          	sw	ra,28(sp)
80400a68:	00812c23          	sw	s0,24(sp)
80400a6c:	02010413          	addi	s0,sp,32
80400a70:	fea42623          	sw	a0,-20(s0)
80400a74:	feb42423          	sw	a1,-24(s0)
80400a78:	fec42223          	sw	a2,-28(s0)
80400a7c:	804087b7          	lui	a5,0x80408
80400a80:	0cc7a783          	lw	a5,204(a5) # 804080cc <sc>
80400a84:	00200713          	li	a4,2
80400a88:	00e7a023          	sw	a4,0(a5)
80400a8c:	804087b7          	lui	a5,0x80408
80400a90:	0cc7a783          	lw	a5,204(a5) # 804080cc <sc>
80400a94:	fec42703          	lw	a4,-20(s0)
80400a98:	00e7a423          	sw	a4,8(a5)
80400a9c:	804087b7          	lui	a5,0x80408
80400aa0:	0cc7a783          	lw	a5,204(a5) # 804080cc <sc>
80400aa4:	00c78793          	addi	a5,a5,12
80400aa8:	fe442603          	lw	a2,-28(s0)
80400aac:	fe842583          	lw	a1,-24(s0)
80400ab0:	00078513          	mv	a0,a5
80400ab4:	408000ef          	jal	80400ebc <memcpy>
80400ab8:	00000073          	ecall
80400abc:	00000013          	nop
80400ac0:	01c12083          	lw	ra,28(sp)
80400ac4:	01812403          	lw	s0,24(sp)
80400ac8:	02010113          	addi	sp,sp,32
80400acc:	00008067          	ret

80400ad0 <itoa>:
itoa():
80400ad0:	ff010113          	addi	sp,sp,-16
80400ad4:	00812423          	sw	s0,8(sp)
80400ad8:	00112623          	sw	ra,12(sp)
80400adc:	ffe60713          	addi	a4,a2,-2
80400ae0:	02200793          	li	a5,34
80400ae4:	00058413          	mv	s0,a1
80400ae8:	04e7e063          	bltu	a5,a4,80400b28 <itoa+0x58>
80400aec:	00a00793          	li	a5,10
80400af0:	02f60063          	beq	a2,a5,80400b10 <itoa+0x40>
80400af4:	00040593          	mv	a1,s0
80400af8:	048000ef          	jal	80400b40 <__utoa>
80400afc:	00c12083          	lw	ra,12(sp)
80400b00:	00040513          	mv	a0,s0
80400b04:	00812403          	lw	s0,8(sp)
80400b08:	01010113          	addi	sp,sp,16
80400b0c:	00008067          	ret
80400b10:	fe0552e3          	bgez	a0,80400af4 <itoa+0x24>
80400b14:	02d00793          	li	a5,45
80400b18:	00f58023          	sb	a5,0(a1)
80400b1c:	40a00533          	neg	a0,a0
80400b20:	00158593          	addi	a1,a1,1
80400b24:	fd5ff06f          	j	80400af8 <itoa+0x28>
80400b28:	00058023          	sb	zero,0(a1)
80400b2c:	00c12083          	lw	ra,12(sp)
80400b30:	00812403          	lw	s0,8(sp)
80400b34:	00000513          	li	a0,0
80400b38:	01010113          	addi	sp,sp,16
80400b3c:	00008067          	ret

80400b40 <__utoa>:
__utoa():
80400b40:	00007797          	auipc	a5,0x7
80400b44:	54c78793          	addi	a5,a5,1356 # 8040808c <__modsi3+0x6ef4>
80400b48:	0007a283          	lw	t0,0(a5)
80400b4c:	0047af83          	lw	t6,4(a5)
80400b50:	0087af03          	lw	t5,8(a5)
80400b54:	00c7ae83          	lw	t4,12(a5)
80400b58:	0107ae03          	lw	t3,16(a5)
80400b5c:	0147a303          	lw	t1,20(a5)
80400b60:	0187a883          	lw	a7,24(a5)
80400b64:	01c7a803          	lw	a6,28(a5)
80400b68:	0207a683          	lw	a3,32(a5)
80400b6c:	00007797          	auipc	a5,0x7
80400b70:	5447c783          	lbu	a5,1348(a5) # 804080b0 <__modsi3+0x6f18>
80400b74:	fb010113          	addi	sp,sp,-80
80400b78:	03512a23          	sw	s5,52(sp)
80400b7c:	02f10623          	sb	a5,44(sp)
80400b80:	04112623          	sw	ra,76(sp)
80400b84:	ffe60713          	addi	a4,a2,-2
80400b88:	00512423          	sw	t0,8(sp)
80400b8c:	01f12623          	sw	t6,12(sp)
80400b90:	01e12823          	sw	t5,16(sp)
80400b94:	01d12a23          	sw	t4,20(sp)
80400b98:	01c12c23          	sw	t3,24(sp)
80400b9c:	00612e23          	sw	t1,28(sp)
80400ba0:	03112023          	sw	a7,32(sp)
80400ba4:	03012223          	sw	a6,36(sp)
80400ba8:	02d12423          	sw	a3,40(sp)
80400bac:	02200793          	li	a5,34
80400bb0:	00058a93          	mv	s5,a1
80400bb4:	0ce7e463          	bltu	a5,a4,80400c7c <__utoa+0x13c>
80400bb8:	04812423          	sw	s0,72(sp)
80400bbc:	04912223          	sw	s1,68(sp)
80400bc0:	05212023          	sw	s2,64(sp)
80400bc4:	03312e23          	sw	s3,60(sp)
80400bc8:	03412c23          	sw	s4,56(sp)
80400bcc:	03612823          	sw	s6,48(sp)
80400bd0:	00060493          	mv	s1,a2
80400bd4:	00050413          	mv	s0,a0
80400bd8:	00000913          	li	s2,0
80400bdc:	00048593          	mv	a1,s1
80400be0:	00040513          	mv	a0,s0
80400be4:	580000ef          	jal	80401164 <__umodsi3>
80400be8:	00250533          	add	a0,a0,sp
80400bec:	00854783          	lbu	a5,8(a0)
80400bf0:	00090993          	mv	s3,s2
80400bf4:	00190913          	addi	s2,s2,1
80400bf8:	012a8a33          	add	s4,s5,s2
80400bfc:	00040513          	mv	a0,s0
80400c00:	00048593          	mv	a1,s1
80400c04:	fefa0fa3          	sb	a5,-1(s4)
80400c08:	00040b13          	mv	s6,s0
80400c0c:	510000ef          	jal	8040111c <__hidden___udivsi3>
80400c10:	00050413          	mv	s0,a0
80400c14:	fc9b74e3          	bgeu	s6,s1,80400bdc <__utoa+0x9c>
80400c18:	000a0023          	sb	zero,0(s4)
80400c1c:	02098a63          	beqz	s3,80400c50 <__utoa+0x110>
80400c20:	000a8693          	mv	a3,s5
80400c24:	013a8733          	add	a4,s5,s3
80400c28:	00000793          	li	a5,0
80400c2c:	00074583          	lbu	a1,0(a4)
80400c30:	0006c603          	lbu	a2,0(a3)
80400c34:	00178793          	addi	a5,a5,1
80400c38:	00b68023          	sb	a1,0(a3)
80400c3c:	00c70023          	sb	a2,0(a4)
80400c40:	40f98633          	sub	a2,s3,a5
80400c44:	00168693          	addi	a3,a3,1
80400c48:	fff70713          	addi	a4,a4,-1
80400c4c:	fec7c0e3          	blt	a5,a2,80400c2c <__utoa+0xec>
80400c50:	04812403          	lw	s0,72(sp)
80400c54:	04c12083          	lw	ra,76(sp)
80400c58:	04412483          	lw	s1,68(sp)
80400c5c:	04012903          	lw	s2,64(sp)
80400c60:	03c12983          	lw	s3,60(sp)
80400c64:	03812a03          	lw	s4,56(sp)
80400c68:	03012b03          	lw	s6,48(sp)
80400c6c:	000a8513          	mv	a0,s5
80400c70:	03412a83          	lw	s5,52(sp)
80400c74:	05010113          	addi	sp,sp,80
80400c78:	00008067          	ret
80400c7c:	00058023          	sb	zero,0(a1)
80400c80:	04c12083          	lw	ra,76(sp)
80400c84:	03412a83          	lw	s5,52(sp)
80400c88:	00000513          	li	a0,0
80400c8c:	05010113          	addi	sp,sp,80
80400c90:	00008067          	ret

80400c94 <strcat>:
strcat():
80400c94:	ff010113          	addi	sp,sp,-16
80400c98:	00812423          	sw	s0,8(sp)
80400c9c:	00112623          	sw	ra,12(sp)
80400ca0:	00357793          	andi	a5,a0,3
80400ca4:	00050413          	mv	s0,a0
80400ca8:	06079663          	bnez	a5,80400d14 <strcat+0x80>
80400cac:	00052703          	lw	a4,0(a0)
80400cb0:	feff0637          	lui	a2,0xfeff0
80400cb4:	eff60613          	addi	a2,a2,-257 # fefefeff <__heap_end+0x7e9efeff>
80400cb8:	00c707b3          	add	a5,a4,a2
80400cbc:	808086b7          	lui	a3,0x80808
80400cc0:	fff74713          	not	a4,a4
80400cc4:	00e7f7b3          	and	a5,a5,a4
80400cc8:	08068693          	addi	a3,a3,128 # 80808080 <__heap_end+0x208080>
80400ccc:	00d7f7b3          	and	a5,a5,a3
80400cd0:	04079263          	bnez	a5,80400d14 <strcat+0x80>
80400cd4:	00452703          	lw	a4,4(a0)
80400cd8:	00450513          	addi	a0,a0,4
80400cdc:	00c707b3          	add	a5,a4,a2
80400ce0:	fff74713          	not	a4,a4
80400ce4:	00e7f7b3          	and	a5,a5,a4
80400ce8:	00d7f7b3          	and	a5,a5,a3
80400cec:	02079463          	bnez	a5,80400d14 <strcat+0x80>
80400cf0:	00452703          	lw	a4,4(a0)
80400cf4:	00450513          	addi	a0,a0,4
80400cf8:	00c707b3          	add	a5,a4,a2
80400cfc:	fff74713          	not	a4,a4
80400d00:	00e7f7b3          	and	a5,a5,a4
80400d04:	00d7f7b3          	and	a5,a5,a3
80400d08:	fc0786e3          	beqz	a5,80400cd4 <strcat+0x40>
80400d0c:	0080006f          	j	80400d14 <strcat+0x80>
80400d10:	00150513          	addi	a0,a0,1
80400d14:	00054783          	lbu	a5,0(a0)
80400d18:	fe079ce3          	bnez	a5,80400d10 <strcat+0x7c>
80400d1c:	354000ef          	jal	80401070 <strcpy>
80400d20:	00c12083          	lw	ra,12(sp)
80400d24:	00040513          	mv	a0,s0
80400d28:	00812403          	lw	s0,8(sp)
80400d2c:	01010113          	addi	sp,sp,16
80400d30:	00008067          	ret

80400d34 <strncat>:
strncat():
80400d34:	00357713          	andi	a4,a0,3
80400d38:	00050793          	mv	a5,a0
80400d3c:	06071663          	bnez	a4,80400da8 <strncat+0x74>
80400d40:	00052683          	lw	a3,0(a0)
80400d44:	feff08b7          	lui	a7,0xfeff0
80400d48:	eff88893          	addi	a7,a7,-257 # fefefeff <__heap_end+0x7e9efeff>
80400d4c:	01168733          	add	a4,a3,a7
80400d50:	80808837          	lui	a6,0x80808
80400d54:	fff6c693          	not	a3,a3
80400d58:	00d77733          	and	a4,a4,a3
80400d5c:	08080813          	addi	a6,a6,128 # 80808080 <__heap_end+0x208080>
80400d60:	01077733          	and	a4,a4,a6
80400d64:	04071263          	bnez	a4,80400da8 <strncat+0x74>
80400d68:	0047a683          	lw	a3,4(a5)
80400d6c:	00478793          	addi	a5,a5,4
80400d70:	01168733          	add	a4,a3,a7
80400d74:	fff6c693          	not	a3,a3
80400d78:	00d77733          	and	a4,a4,a3
80400d7c:	01077733          	and	a4,a4,a6
80400d80:	02071463          	bnez	a4,80400da8 <strncat+0x74>
80400d84:	0047a683          	lw	a3,4(a5)
80400d88:	00478793          	addi	a5,a5,4
80400d8c:	01168733          	add	a4,a3,a7
80400d90:	fff6c693          	not	a3,a3
80400d94:	00d77733          	and	a4,a4,a3
80400d98:	01077733          	and	a4,a4,a6
80400d9c:	fc0706e3          	beqz	a4,80400d68 <strncat+0x34>
80400da0:	0080006f          	j	80400da8 <strncat+0x74>
80400da4:	00178793          	addi	a5,a5,1
80400da8:	0007c703          	lbu	a4,0(a5)
80400dac:	fe071ce3          	bnez	a4,80400da4 <strncat+0x70>
80400db0:	00c786b3          	add	a3,a5,a2
80400db4:	02060463          	beqz	a2,80400ddc <strncat+0xa8>
80400db8:	0005c703          	lbu	a4,0(a1)
80400dbc:	00178793          	addi	a5,a5,1
80400dc0:	00158593          	addi	a1,a1,1
80400dc4:	fee78fa3          	sb	a4,-1(a5)
80400dc8:	00070863          	beqz	a4,80400dd8 <strncat+0xa4>
80400dcc:	fef696e3          	bne	a3,a5,80400db8 <strncat+0x84>
80400dd0:	00068023          	sb	zero,0(a3)
80400dd4:	00008067          	ret
80400dd8:	00008067          	ret
80400ddc:	00008067          	ret

80400de0 <memset>:
memset():
80400de0:	00f00313          	li	t1,15
80400de4:	00050713          	mv	a4,a0
80400de8:	02c37e63          	bgeu	t1,a2,80400e24 <memset+0x44>
80400dec:	00f77793          	andi	a5,a4,15
80400df0:	0a079063          	bnez	a5,80400e90 <memset+0xb0>
80400df4:	08059263          	bnez	a1,80400e78 <memset+0x98>
80400df8:	ff067693          	andi	a3,a2,-16
80400dfc:	00f67613          	andi	a2,a2,15
80400e00:	00e686b3          	add	a3,a3,a4
80400e04:	00b72023          	sw	a1,0(a4)
80400e08:	00b72223          	sw	a1,4(a4)
80400e0c:	00b72423          	sw	a1,8(a4)
80400e10:	00b72623          	sw	a1,12(a4)
80400e14:	01070713          	addi	a4,a4,16
80400e18:	fed766e3          	bltu	a4,a3,80400e04 <memset+0x24>
80400e1c:	00061463          	bnez	a2,80400e24 <memset+0x44>
80400e20:	00008067          	ret
80400e24:	40c306b3          	sub	a3,t1,a2
80400e28:	00269693          	slli	a3,a3,0x2
80400e2c:	00000297          	auipc	t0,0x0
80400e30:	005686b3          	add	a3,a3,t0
80400e34:	00c68067          	jr	12(a3)
80400e38:	00b70723          	sb	a1,14(a4)
80400e3c:	00b706a3          	sb	a1,13(a4)
80400e40:	00b70623          	sb	a1,12(a4)
80400e44:	00b705a3          	sb	a1,11(a4)
80400e48:	00b70523          	sb	a1,10(a4)
80400e4c:	00b704a3          	sb	a1,9(a4)
80400e50:	00b70423          	sb	a1,8(a4)
80400e54:	00b703a3          	sb	a1,7(a4)
80400e58:	00b70323          	sb	a1,6(a4)
80400e5c:	00b702a3          	sb	a1,5(a4)
80400e60:	00b70223          	sb	a1,4(a4)
80400e64:	00b701a3          	sb	a1,3(a4)
80400e68:	00b70123          	sb	a1,2(a4)
80400e6c:	00b700a3          	sb	a1,1(a4)
80400e70:	00b70023          	sb	a1,0(a4)
80400e74:	00008067          	ret
80400e78:	0ff5f593          	zext.b	a1,a1
80400e7c:	00859693          	slli	a3,a1,0x8
80400e80:	00d5e5b3          	or	a1,a1,a3
80400e84:	01059693          	slli	a3,a1,0x10
80400e88:	00d5e5b3          	or	a1,a1,a3
80400e8c:	f6dff06f          	j	80400df8 <memset+0x18>
80400e90:	00279693          	slli	a3,a5,0x2
80400e94:	00000297          	auipc	t0,0x0
80400e98:	005686b3          	add	a3,a3,t0
80400e9c:	00008293          	mv	t0,ra
80400ea0:	fa0680e7          	jalr	-96(a3)
80400ea4:	00028093          	mv	ra,t0
80400ea8:	ff078793          	addi	a5,a5,-16
80400eac:	40f70733          	sub	a4,a4,a5
80400eb0:	00f60633          	add	a2,a2,a5
80400eb4:	f6c378e3          	bgeu	t1,a2,80400e24 <memset+0x44>
80400eb8:	f3dff06f          	j	80400df4 <memset+0x14>

80400ebc <memcpy>:
memcpy():
80400ebc:	00a5c7b3          	xor	a5,a1,a0
80400ec0:	0037f793          	andi	a5,a5,3
80400ec4:	00c508b3          	add	a7,a0,a2
80400ec8:	06079663          	bnez	a5,80400f34 <memcpy+0x78>
80400ecc:	00300793          	li	a5,3
80400ed0:	06c7f263          	bgeu	a5,a2,80400f34 <memcpy+0x78>
80400ed4:	00357793          	andi	a5,a0,3
80400ed8:	00050713          	mv	a4,a0
80400edc:	0c079a63          	bnez	a5,80400fb0 <memcpy+0xf4>
80400ee0:	ffc8f613          	andi	a2,a7,-4
80400ee4:	40e606b3          	sub	a3,a2,a4
80400ee8:	02000793          	li	a5,32
80400eec:	06d7c463          	blt	a5,a3,80400f54 <memcpy+0x98>
80400ef0:	00058693          	mv	a3,a1
80400ef4:	00070793          	mv	a5,a4
80400ef8:	02c77a63          	bgeu	a4,a2,80400f2c <memcpy+0x70>
80400efc:	0006a803          	lw	a6,0(a3)
80400f00:	00478793          	addi	a5,a5,4
80400f04:	00468693          	addi	a3,a3,4
80400f08:	ff07ae23          	sw	a6,-4(a5)
80400f0c:	fec7e8e3          	bltu	a5,a2,80400efc <memcpy+0x40>
80400f10:	fff60613          	addi	a2,a2,-1
80400f14:	40e60633          	sub	a2,a2,a4
80400f18:	ffc67613          	andi	a2,a2,-4
80400f1c:	00458593          	addi	a1,a1,4
80400f20:	00470713          	addi	a4,a4,4
80400f24:	00c585b3          	add	a1,a1,a2
80400f28:	00c70733          	add	a4,a4,a2
80400f2c:	01176863          	bltu	a4,a7,80400f3c <memcpy+0x80>
80400f30:	00008067          	ret
80400f34:	00050713          	mv	a4,a0
80400f38:	ff157ce3          	bgeu	a0,a7,80400f30 <memcpy+0x74>
80400f3c:	0005c783          	lbu	a5,0(a1)
80400f40:	00170713          	addi	a4,a4,1
80400f44:	00158593          	addi	a1,a1,1
80400f48:	fef70fa3          	sb	a5,-1(a4)
80400f4c:	fee898e3          	bne	a7,a4,80400f3c <memcpy+0x80>
80400f50:	00008067          	ret
80400f54:	0205a683          	lw	a3,32(a1)
80400f58:	0005a383          	lw	t2,0(a1)
80400f5c:	0045a283          	lw	t0,4(a1)
80400f60:	0085af83          	lw	t6,8(a1)
80400f64:	00c5af03          	lw	t5,12(a1)
80400f68:	0105ae83          	lw	t4,16(a1)
80400f6c:	0145ae03          	lw	t3,20(a1)
80400f70:	0185a303          	lw	t1,24(a1)
80400f74:	01c5a803          	lw	a6,28(a1)
80400f78:	02470713          	addi	a4,a4,36
80400f7c:	fed72e23          	sw	a3,-4(a4)
80400f80:	fc772e23          	sw	t2,-36(a4)
80400f84:	40e606b3          	sub	a3,a2,a4
80400f88:	fe572023          	sw	t0,-32(a4)
80400f8c:	fff72223          	sw	t6,-28(a4)
80400f90:	ffe72423          	sw	t5,-24(a4)
80400f94:	ffd72623          	sw	t4,-20(a4)
80400f98:	ffc72823          	sw	t3,-16(a4)
80400f9c:	fe672a23          	sw	t1,-12(a4)
80400fa0:	ff072c23          	sw	a6,-8(a4)
80400fa4:	02458593          	addi	a1,a1,36
80400fa8:	fad7c6e3          	blt	a5,a3,80400f54 <memcpy+0x98>
80400fac:	f45ff06f          	j	80400ef0 <memcpy+0x34>
80400fb0:	0005c683          	lbu	a3,0(a1)
80400fb4:	00170713          	addi	a4,a4,1
80400fb8:	00377793          	andi	a5,a4,3
80400fbc:	fed70fa3          	sb	a3,-1(a4)
80400fc0:	00158593          	addi	a1,a1,1
80400fc4:	f0078ee3          	beqz	a5,80400ee0 <memcpy+0x24>
80400fc8:	0005c683          	lbu	a3,0(a1)
80400fcc:	00170713          	addi	a4,a4,1
80400fd0:	00377793          	andi	a5,a4,3
80400fd4:	fed70fa3          	sb	a3,-1(a4)
80400fd8:	00158593          	addi	a1,a1,1
80400fdc:	fc079ae3          	bnez	a5,80400fb0 <memcpy+0xf4>
80400fe0:	f01ff06f          	j	80400ee0 <memcpy+0x24>

80400fe4 <strlen>:
strlen():
80400fe4:	00357793          	andi	a5,a0,3
80400fe8:	00050713          	mv	a4,a0
80400fec:	04079c63          	bnez	a5,80401044 <strlen+0x60>
80400ff0:	7f7f86b7          	lui	a3,0x7f7f8
80400ff4:	f7f68693          	addi	a3,a3,-129 # 7f7f7f7f <app_entry-0xc08081>
80400ff8:	fff00593          	li	a1,-1
80400ffc:	00072603          	lw	a2,0(a4)
80401000:	00470713          	addi	a4,a4,4
80401004:	00d677b3          	and	a5,a2,a3
80401008:	00d787b3          	add	a5,a5,a3
8040100c:	00c7e7b3          	or	a5,a5,a2
80401010:	00d7e7b3          	or	a5,a5,a3
80401014:	feb784e3          	beq	a5,a1,80400ffc <strlen+0x18>
80401018:	ffc74683          	lbu	a3,-4(a4)
8040101c:	40a707b3          	sub	a5,a4,a0
80401020:	04068463          	beqz	a3,80401068 <strlen+0x84>
80401024:	ffd74683          	lbu	a3,-3(a4)
80401028:	02068c63          	beqz	a3,80401060 <strlen+0x7c>
8040102c:	ffe74503          	lbu	a0,-2(a4)
80401030:	00a03533          	snez	a0,a0
80401034:	00f50533          	add	a0,a0,a5
80401038:	ffe50513          	addi	a0,a0,-2
8040103c:	00008067          	ret
80401040:	fa0688e3          	beqz	a3,80400ff0 <strlen+0xc>
80401044:	00074783          	lbu	a5,0(a4)
80401048:	00170713          	addi	a4,a4,1
8040104c:	00377693          	andi	a3,a4,3
80401050:	fe0798e3          	bnez	a5,80401040 <strlen+0x5c>
80401054:	40a70733          	sub	a4,a4,a0
80401058:	fff70513          	addi	a0,a4,-1
8040105c:	00008067          	ret
80401060:	ffd78513          	addi	a0,a5,-3
80401064:	00008067          	ret
80401068:	ffc78513          	addi	a0,a5,-4
8040106c:	00008067          	ret

80401070 <strcpy>:
strcpy():
80401070:	00b567b3          	or	a5,a0,a1
80401074:	0037f793          	andi	a5,a5,3
80401078:	08079063          	bnez	a5,804010f8 <strcpy+0x88>
8040107c:	0005a703          	lw	a4,0(a1)
80401080:	7f7f86b7          	lui	a3,0x7f7f8
80401084:	f7f68693          	addi	a3,a3,-129 # 7f7f7f7f <app_entry-0xc08081>
80401088:	00d77833          	and	a6,a4,a3
8040108c:	00d80833          	add	a6,a6,a3
80401090:	00e86833          	or	a6,a6,a4
80401094:	00d86833          	or	a6,a6,a3
80401098:	fff00793          	li	a5,-1
8040109c:	00050613          	mv	a2,a0
804010a0:	02f81463          	bne	a6,a5,804010c8 <strcpy+0x58>
804010a4:	00458593          	addi	a1,a1,4
804010a8:	00e62023          	sw	a4,0(a2)
804010ac:	0005a703          	lw	a4,0(a1)
804010b0:	00460613          	addi	a2,a2,4
804010b4:	00d777b3          	and	a5,a4,a3
804010b8:	00d787b3          	add	a5,a5,a3
804010bc:	00e7e7b3          	or	a5,a5,a4
804010c0:	00d7e7b3          	or	a5,a5,a3
804010c4:	ff0780e3          	beq	a5,a6,804010a4 <strcpy+0x34>
804010c8:	0005c783          	lbu	a5,0(a1)
804010cc:	0015c703          	lbu	a4,1(a1)
804010d0:	0025c683          	lbu	a3,2(a1)
804010d4:	00f60023          	sb	a5,0(a2)
804010d8:	00078a63          	beqz	a5,804010ec <strcpy+0x7c>
804010dc:	00e600a3          	sb	a4,1(a2)
804010e0:	00070663          	beqz	a4,804010ec <strcpy+0x7c>
804010e4:	00d60123          	sb	a3,2(a2)
804010e8:	00069463          	bnez	a3,804010f0 <strcpy+0x80>
804010ec:	00008067          	ret
804010f0:	000601a3          	sb	zero,3(a2)
804010f4:	00008067          	ret
804010f8:	00050793          	mv	a5,a0
804010fc:	0005c703          	lbu	a4,0(a1)
80401100:	00178793          	addi	a5,a5,1
80401104:	00158593          	addi	a1,a1,1
80401108:	fee78fa3          	sb	a4,-1(a5)
8040110c:	fe0718e3          	bnez	a4,804010fc <strcpy+0x8c>
80401110:	00008067          	ret

80401114 <__divsi3>:
__divsi3():
80401114:	06054063          	bltz	a0,80401174 <__umodsi3+0x10>
80401118:	0605c663          	bltz	a1,80401184 <__umodsi3+0x20>

8040111c <__hidden___udivsi3>:
8040111c:	00058613          	mv	a2,a1
80401120:	00050593          	mv	a1,a0
80401124:	fff00513          	li	a0,-1
80401128:	02060c63          	beqz	a2,80401160 <__hidden___udivsi3+0x44>
8040112c:	00100693          	li	a3,1
80401130:	00b67a63          	bgeu	a2,a1,80401144 <__hidden___udivsi3+0x28>
80401134:	00c05863          	blez	a2,80401144 <__hidden___udivsi3+0x28>
80401138:	00161613          	slli	a2,a2,0x1
8040113c:	00169693          	slli	a3,a3,0x1
80401140:	feb66ae3          	bltu	a2,a1,80401134 <__hidden___udivsi3+0x18>
80401144:	00000513          	li	a0,0
80401148:	00c5e663          	bltu	a1,a2,80401154 <__hidden___udivsi3+0x38>
8040114c:	40c585b3          	sub	a1,a1,a2
80401150:	00d56533          	or	a0,a0,a3
80401154:	0016d693          	srli	a3,a3,0x1
80401158:	00165613          	srli	a2,a2,0x1
8040115c:	fe0696e3          	bnez	a3,80401148 <__hidden___udivsi3+0x2c>
80401160:	00008067          	ret

80401164 <__umodsi3>:
80401164:	00008293          	mv	t0,ra
80401168:	fb5ff0ef          	jal	8040111c <__hidden___udivsi3>
8040116c:	00058513          	mv	a0,a1
80401170:	00028067          	jr	t0 # 80400e94 <memset+0xb4>
80401174:	40a00533          	neg	a0,a0
80401178:	00b04863          	bgtz	a1,80401188 <__umodsi3+0x24>
8040117c:	40b005b3          	neg	a1,a1
80401180:	f9dff06f          	j	8040111c <__hidden___udivsi3>
80401184:	40b005b3          	neg	a1,a1
80401188:	00008293          	mv	t0,ra
8040118c:	f91ff0ef          	jal	8040111c <__hidden___udivsi3>
80401190:	40a00533          	neg	a0,a0
80401194:	00028067          	jr	t0

80401198 <__modsi3>:
__modsi3():
80401198:	00008293          	mv	t0,ra
8040119c:	0005ca63          	bltz	a1,804011b0 <__modsi3+0x18>
804011a0:	00054c63          	bltz	a0,804011b8 <__modsi3+0x20>
804011a4:	f79ff0ef          	jal	8040111c <__hidden___udivsi3>
804011a8:	00058513          	mv	a0,a1
804011ac:	00028067          	jr	t0
804011b0:	40b005b3          	neg	a1,a1
804011b4:	fe0558e3          	bgez	a0,804011a4 <__modsi3+0xc>
804011b8:	40a00533          	neg	a0,a0
804011bc:	f61ff0ef          	jal	8040111c <__hidden___udivsi3>
804011c0:	40b00533          	neg	a0,a1
804011c4:	00028067          	jr	t0
